<html>
<head>
<title>TestNG:  Default test</title>
<link href="../testng.css" rel="stylesheet" type="text/css" />
<link href="../my-testng.css" rel="stylesheet" type="text/css" />

<style type="text/css">
.log { display: none;} 
.stack-trace { display: none;} 
</style>
<script type="text/javascript">
<!--
function flip(e) {
  current = e.style.display;
  if (current == 'block') {
    e.style.display = 'none';
    return 0;
  }
  else {
    e.style.display = 'block';
    return 1;
  }
}

function toggleBox(szDivId, elem, msg1, msg2)
{
  var res = -1;  if (document.getElementById) {
    res = flip(document.getElementById(szDivId));
  }
  else if (document.all) {
    // this is the way old msie versions work
    res = flip(document.all[szDivId]);
  }
  if(elem) {
    if(res == 0) elem.innerHTML = msg1; else elem.innerHTML = msg2;
  }

}

function toggleAllBoxes() {
  if (document.getElementsByTagName) {
    d = document.getElementsByTagName('div');
    for (i = 0; i < d.length; i++) {
      if (d[i].className == 'log') {
        flip(d[i]);
      }
    }
  }
}

// -->
</script>

</head>
<body>
<h2 align='center'>Default test</h2><table border='1' align="center">
<tr>
<td>Tests passed/Failed/Skipped:</td><td>24/4/0</td>
</tr><tr>
<td>Started on:</td><td>Tue Aug 26 14:56:19 IST 2025</td>
</tr>
<tr><td>Total time:</td><td>1745 seconds (1745657 ms)</td>
</tr><tr>
<td>Included groups:</td><td></td>
</tr><tr>
<td>Excluded groups:</td><td></td>
</tr>
</table><p/>
<small><i>(Hover the method name to see the test class name)</i></small><p/>
<table width='100%' border='1' class='invocation-failed'>
<tr><td colspan='4' align='center'><b>FAILED TESTS</b></td></tr>
<tr><td><b>Test method</b></td>
<td><b>Attribute(s)</b></td>
<td width="30%"><b>Exception</b></td>
<td width="10%"><b>Time (seconds)</b></td>
<td><b>Instance</b></td>
</tr>
<tr>
<td title='com.Capium365.RunnerFiles.Capium365_Dashboard_Runner.runScenario()'><b>runScenario</b><br>Test class: com.Capium365.RunnerFiles.Capium365_Dashboard_Runner<br>Test method: Runs Cucumber Scenarios<br>Parameters: "Verify Top Earners "<Time Filter>" donut chart displays correct data for selected time filter", "Dashboard Chart Validation"</td>
<td><div><pre>org.openqa.selenium.TimeoutException: Expected condition failed: waiting for visibility of element located by By.xpath: //span[normalize-space()=&apos;Top Earners&apos;]/ancestor::div[contains(@class,&apos;chart-wrapper&apos;)] (tried for 10 second(s) with 500 milliseconds interval)
Build info: version: &apos;4.23.0&apos;, revision: &apos;4df0a231af&apos;
System info: os.name: &apos;Windows Server 2019&apos;, os.arch: &apos;amd64&apos;, os.version: &apos;10.0&apos;, java.version: &apos;17.0.12&apos;
Driver info: org.openqa.selenium.chrome.ChromeDriver
Capabilities {acceptInsecureCerts: false, browserName: chrome, browserVersion: 139.0.7258.139, chrome: {chromedriverVersion: 139.0.7258.138 (884e54ea8d4..., userDataDir: C:\Users\LOCAL_~1.SIL\Temp\...}, fedcm:accounts: true, goog:chromeOptions: {debuggerAddress: localhost:62958}, networkConnectionEnabled: false, pageLoadStrategy: normal, platformName: windows, proxy: Proxy(), se:cdp: ws://localhost:62958/devtoo..., se:cdpVersion: 139.0.7258.139, setWindowRect: true, strictFileInteractability: false, timeouts: {implicit: 0, pageLoad: 300000, script: 30000}, unhandledPromptBehavior: dismiss and notify, webauthn:extension:credBlob: true, webauthn:extension:largeBlob: true, webauthn:extension:minPinLength: true, webauthn:extension:prf: true, webauthn:virtualAuthenticators: true}
Session ID: 27532a1814c58f3784fb50d0690b3e56
	at org.openqa.selenium.support.ui.WebDriverWait.timeoutException(WebDriverWait.java:84)
	at org.openqa.selenium.support.ui.FluentWait.until(FluentWait.java:228)
	at com.Capium365.Actions.Capium365_Dashboard_Actions.ScrollToTopEarners(Capium365_Dashboard_Actions.java:413)
	at com.Capium365.StepDefination.Capium365_Dashboardsteps_stepdefination.user_is_on_the_top_earners_dashboard(Capium365_Dashboardsteps_stepdefination.java:342)
	at ✽.user is on the Top Earners dashboard(file:///C:/Users/satishkumar.silphoz/Documents/2024Automation/2025/Capium365/src/test/resources/Capium365FeatureFiles/Capium365_Dashboard.feature:170)
</pre></div><a href='#' onClick='toggleBox("stack-trace1813410454", this, "Click to show all stack frames", "Click to hide stack frames")'>Click to show all stack frames</a>
<div class='stack-trace' id='stack-trace1813410454'><pre>org.openqa.selenium.TimeoutException: Expected condition failed: waiting for visibility of element located by By.xpath: //span[normalize-space()=&apos;Top Earners&apos;]/ancestor::div[contains(@class,&apos;chart-wrapper&apos;)] (tried for 10 second(s) with 500 milliseconds interval)
Build info: version: &apos;4.23.0&apos;, revision: &apos;4df0a231af&apos;
System info: os.name: &apos;Windows Server 2019&apos;, os.arch: &apos;amd64&apos;, os.version: &apos;10.0&apos;, java.version: &apos;17.0.12&apos;
Driver info: org.openqa.selenium.chrome.ChromeDriver
Capabilities {acceptInsecureCerts: false, browserName: chrome, browserVersion: 139.0.7258.139, chrome: {chromedriverVersion: 139.0.7258.138 (884e54ea8d4..., userDataDir: C:\Users\LOCAL_~1.SIL\Temp\...}, fedcm:accounts: true, goog:chromeOptions: {debuggerAddress: localhost:62958}, networkConnectionEnabled: false, pageLoadStrategy: normal, platformName: windows, proxy: Proxy(), se:cdp: ws://localhost:62958/devtoo..., se:cdpVersion: 139.0.7258.139, setWindowRect: true, strictFileInteractability: false, timeouts: {implicit: 0, pageLoad: 300000, script: 30000}, unhandledPromptBehavior: dismiss and notify, webauthn:extension:credBlob: true, webauthn:extension:largeBlob: true, webauthn:extension:minPinLength: true, webauthn:extension:prf: true, webauthn:virtualAuthenticators: true}
Session ID: 27532a1814c58f3784fb50d0690b3e56
	at org.openqa.selenium.support.ui.WebDriverWait.timeoutException(WebDriverWait.java:84)
	at org.openqa.selenium.support.ui.FluentWait.until(FluentWait.java:228)
	at com.Capium365.Actions.Capium365_Dashboard_Actions.ScrollToTopEarners(Capium365_Dashboard_Actions.java:413)
	at com.Capium365.StepDefination.Capium365_Dashboardsteps_stepdefination.user_is_on_the_top_earners_dashboard(Capium365_Dashboardsteps_stepdefination.java:342)
	at ✽.user is on the Top Earners dashboard(file:///C:/Users/satishkumar.silphoz/Documents/2024Automation/2025/Capium365/src/test/resources/Capium365FeatureFiles/Capium365_Dashboard.feature:170)
</pre></div></td>
<td>114</td>
<td>com.Capium365.RunnerFiles.Capium365_Dashboard_Runner@8c3b9d</td></tr>
<tr>
<td title='com.Capium365.RunnerFiles.Capium365_Dashboard_Runner.runScenario()'><b>runScenario</b><br>Test class: com.Capium365.RunnerFiles.Capium365_Dashboard_Runner<br>Test method: Runs Cucumber Scenarios<br>Parameters: "Select a different theme color "Blue"", "Dashboard Chart Validation"</td>
<td><div><pre>org.openqa.selenium.NoSuchElementException: no such element: Unable to locate element: {&quot;method&quot;:&quot;xpath&quot;,&quot;selector&quot;:&quot;//h6[normalize-space()=&apos;365&apos;]&quot;}
  (Session info: chrome=139.0.7258.139)
For documentation on this error, please visit: https://www.selenium.dev/documentation/webdriver/troubleshooting/errors#no-such-element-exception
Build info: version: &apos;4.23.0&apos;, revision: &apos;4df0a231af&apos;
System info: os.name: &apos;Windows Server 2019&apos;, os.arch: &apos;amd64&apos;, os.version: &apos;10.0&apos;, java.version: &apos;17.0.12&apos;
Driver info: org.openqa.selenium.chrome.ChromeDriver
Command: [4f0379871b25c7a59d4f1f1b9ac051cd, findElement {value=//h6[normalize-space()=&apos;365&apos;], using=xpath}]
Capabilities {acceptInsecureCerts: false, browserName: chrome, browserVersion: 139.0.7258.139, chrome: {chromedriverVersion: 139.0.7258.138 (884e54ea8d4..., userDataDir: C:\Users\LOCAL_~1.SIL\Temp\...}, fedcm:accounts: true, goog:chromeOptions: {debuggerAddress: localhost:65188}, networkConnectionEnabled: false, pageLoadStrategy: normal, platformName: windows, proxy: Proxy(), se:cdp: ws://localhost:65188/devtoo..., se:cdpVersion: 139.0.7258.139, setWindowRect: true, strictFileInteractability: false, timeouts: {implicit: 0, pageLoad: 300000, script: 30000}, unhandledPromptBehavior: dismiss and notify, webauthn:extension:credBlob: true, webauthn:extension:largeBlob: true, webauthn:extension:minPinLength: true, webauthn:extension:prf: true, webauthn:virtualAuthenticators: true}
Session ID: 4f0379871b25c7a59d4f1f1b9ac051cd
	at jdk.internal.reflect.GeneratedConstructorAccessor28.newInstance(Unknown Source)
	at java.base/jdk.internal.reflect.DelegatingConstructorAccessorImpl.newInstance(DelegatingConstructorAccessorImpl.java:45)
	at java.base/java.lang.reflect.Constructor.newInstanceWithCaller(Constructor.java:499)
	at java.base/java.lang.reflect.Constructor.newInstance(Constructor.java:480)
	at org.openqa.selenium.remote.ErrorCodec.decode(ErrorCodec.java:167)
	at org.openqa.selenium.remote.codec.w3c.W3CHttpResponseCodec.decode(W3CHttpResponseCodec.java:138)
	at org.openqa.selenium.remote.codec.w3c.W3CHttpResponseCodec.decode(W3CHttpResponseCodec.java:50)
	at org.openqa.selenium.remote.HttpCommandExecutor.execute(HttpCommandExecutor.java:190)
	at org.openqa.selenium.remote.service.DriverCommandExecutor.invokeExecute(DriverCommandExecutor.java:216)
	at org.openqa.selenium.remote.service.DriverCommandExecutor.execute(DriverCommandExecutor.java:174)
	at org.openqa.selenium.remote.RemoteWebDriver.execute(RemoteWebDriver.java:527)
	at org.openqa.selenium.remote.ElementLocation$ElementFinder$2.findElement(ElementLocation.java:165)
	at org.openqa.selenium.remote.ElementLocation.findElement(ElementLocation.java:59)
	at org.openqa.selenium.remote.RemoteWebDriver.findElement(RemoteWebDriver.java:357)
	at org.openqa.selenium.remote.RemoteWebDriver.findElement(RemoteWebDriver.java:351)
	at com.Capium.Utilites.HelperClass.isElementPresent(HelperClass.java:238)
	at com.Capium365.Actions.LoginActions.clickCapium365ClientLogin(LoginActions.java:159)
	at com.Capium365.StepDefination.LoginStepDefination.click_on_capium365_client_login(LoginStepDefination.java:34)
	at ✽.Click on Capium365 Client login(file:///C:/Users/satishkumar.silphoz/Documents/2024Automation/2025/Capium365/src/test/resources/Capium365FeatureFiles/Capium365_Dashboard.feature:6)
</pre></div><a href='#' onClick='toggleBox("stack-trace483052300", this, "Click to show all stack frames", "Click to hide stack frames")'>Click to show all stack frames</a>
<div class='stack-trace' id='stack-trace483052300'><pre>org.openqa.selenium.NoSuchElementException: no such element: Unable to locate element: {&quot;method&quot;:&quot;xpath&quot;,&quot;selector&quot;:&quot;//h6[normalize-space()=&apos;365&apos;]&quot;}
  (Session info: chrome=139.0.7258.139)
For documentation on this error, please visit: https://www.selenium.dev/documentation/webdriver/troubleshooting/errors#no-such-element-exception
Build info: version: &apos;4.23.0&apos;, revision: &apos;4df0a231af&apos;
System info: os.name: &apos;Windows Server 2019&apos;, os.arch: &apos;amd64&apos;, os.version: &apos;10.0&apos;, java.version: &apos;17.0.12&apos;
Driver info: org.openqa.selenium.chrome.ChromeDriver
Command: [4f0379871b25c7a59d4f1f1b9ac051cd, findElement {value=//h6[normalize-space()=&apos;365&apos;], using=xpath}]
Capabilities {acceptInsecureCerts: false, browserName: chrome, browserVersion: 139.0.7258.139, chrome: {chromedriverVersion: 139.0.7258.138 (884e54ea8d4..., userDataDir: C:\Users\LOCAL_~1.SIL\Temp\...}, fedcm:accounts: true, goog:chromeOptions: {debuggerAddress: localhost:65188}, networkConnectionEnabled: false, pageLoadStrategy: normal, platformName: windows, proxy: Proxy(), se:cdp: ws://localhost:65188/devtoo..., se:cdpVersion: 139.0.7258.139, setWindowRect: true, strictFileInteractability: false, timeouts: {implicit: 0, pageLoad: 300000, script: 30000}, unhandledPromptBehavior: dismiss and notify, webauthn:extension:credBlob: true, webauthn:extension:largeBlob: true, webauthn:extension:minPinLength: true, webauthn:extension:prf: true, webauthn:virtualAuthenticators: true}
Session ID: 4f0379871b25c7a59d4f1f1b9ac051cd
	at jdk.internal.reflect.GeneratedConstructorAccessor28.newInstance(Unknown Source)
	at java.base/jdk.internal.reflect.DelegatingConstructorAccessorImpl.newInstance(DelegatingConstructorAccessorImpl.java:45)
	at java.base/java.lang.reflect.Constructor.newInstanceWithCaller(Constructor.java:499)
	at java.base/java.lang.reflect.Constructor.newInstance(Constructor.java:480)
	at org.openqa.selenium.remote.ErrorCodec.decode(ErrorCodec.java:167)
	at org.openqa.selenium.remote.codec.w3c.W3CHttpResponseCodec.decode(W3CHttpResponseCodec.java:138)
	at org.openqa.selenium.remote.codec.w3c.W3CHttpResponseCodec.decode(W3CHttpResponseCodec.java:50)
	at org.openqa.selenium.remote.HttpCommandExecutor.execute(HttpCommandExecutor.java:190)
	at org.openqa.selenium.remote.service.DriverCommandExecutor.invokeExecute(DriverCommandExecutor.java:216)
	at org.openqa.selenium.remote.service.DriverCommandExecutor.execute(DriverCommandExecutor.java:174)
	at org.openqa.selenium.remote.RemoteWebDriver.execute(RemoteWebDriver.java:527)
	at org.openqa.selenium.remote.ElementLocation$ElementFinder$2.findElement(ElementLocation.java:165)
	at org.openqa.selenium.remote.ElementLocation.findElement(ElementLocation.java:59)
	at org.openqa.selenium.remote.RemoteWebDriver.findElement(RemoteWebDriver.java:357)
	at org.openqa.selenium.remote.RemoteWebDriver.findElement(RemoteWebDriver.java:351)
	at com.Capium.Utilites.HelperClass.isElementPresent(HelperClass.java:238)
	at com.Capium365.Actions.LoginActions.clickCapium365ClientLogin(LoginActions.java:159)
	at com.Capium365.StepDefination.LoginStepDefination.click_on_capium365_client_login(LoginStepDefination.java:34)
	at ✽.Click on Capium365 Client login(file:///C:/Users/satishkumar.silphoz/Documents/2024Automation/2025/Capium365/src/test/resources/Capium365FeatureFiles/Capium365_Dashboard.feature:6)
</pre></div></td>
<td>85</td>
<td>com.Capium365.RunnerFiles.Capium365_Dashboard_Runner@8c3b9d</td></tr>
<tr>
<td title='com.Capium365.RunnerFiles.Capium365_Dashboard_Runner.runScenario()'><b>runScenario</b><br>Test class: com.Capium365.RunnerFiles.Capium365_Dashboard_Runner<br>Test method: Runs Cucumber Scenarios<br>Parameters: "Select a different theme color "Sky Blue"", "Dashboard Chart Validation"</td>
<td><div><pre>org.openqa.selenium.NoSuchElementException: no such element: Unable to locate element: {&quot;method&quot;:&quot;xpath&quot;,&quot;selector&quot;:&quot;//input[@type=&apos;text&apos;]&quot;}
  (Session info: chrome=139.0.7258.139)
For documentation on this error, please visit: https://www.selenium.dev/documentation/webdriver/troubleshooting/errors#no-such-element-exception
Build info: version: &apos;4.23.0&apos;, revision: &apos;4df0a231af&apos;
System info: os.name: &apos;Windows Server 2019&apos;, os.arch: &apos;amd64&apos;, os.version: &apos;10.0&apos;, java.version: &apos;17.0.12&apos;
Driver info: org.openqa.selenium.chrome.ChromeDriver
Command: [8c9856e44420a8ecee19f3d697b49ebf, findElement {value=//input[@type=&apos;text&apos;], using=xpath}]
Capabilities {acceptInsecureCerts: false, browserName: chrome, browserVersion: 139.0.7258.139, chrome: {chromedriverVersion: 139.0.7258.138 (884e54ea8d4..., userDataDir: C:\Users\LOCAL_~1.SIL\Temp\...}, fedcm:accounts: true, goog:chromeOptions: {debuggerAddress: localhost:65041}, networkConnectionEnabled: false, pageLoadStrategy: normal, platformName: windows, proxy: Proxy(), se:cdp: ws://localhost:65041/devtoo..., se:cdpVersion: 139.0.7258.139, setWindowRect: true, strictFileInteractability: false, timeouts: {implicit: 0, pageLoad: 300000, script: 30000}, unhandledPromptBehavior: dismiss and notify, webauthn:extension:credBlob: true, webauthn:extension:largeBlob: true, webauthn:extension:minPinLength: true, webauthn:extension:prf: true, webauthn:virtualAuthenticators: true}
Session ID: 8c9856e44420a8ecee19f3d697b49ebf
	at jdk.internal.reflect.GeneratedConstructorAccessor28.newInstance(Unknown Source)
	at java.base/jdk.internal.reflect.DelegatingConstructorAccessorImpl.newInstance(DelegatingConstructorAccessorImpl.java:45)
	at java.base/java.lang.reflect.Constructor.newInstanceWithCaller(Constructor.java:499)
	at java.base/java.lang.reflect.Constructor.newInstance(Constructor.java:480)
	at org.openqa.selenium.remote.ErrorCodec.decode(ErrorCodec.java:167)
	at org.openqa.selenium.remote.codec.w3c.W3CHttpResponseCodec.decode(W3CHttpResponseCodec.java:138)
	at org.openqa.selenium.remote.codec.w3c.W3CHttpResponseCodec.decode(W3CHttpResponseCodec.java:50)
	at org.openqa.selenium.remote.HttpCommandExecutor.execute(HttpCommandExecutor.java:190)
	at org.openqa.selenium.remote.service.DriverCommandExecutor.invokeExecute(DriverCommandExecutor.java:216)
	at org.openqa.selenium.remote.service.DriverCommandExecutor.execute(DriverCommandExecutor.java:174)
	at org.openqa.selenium.remote.RemoteWebDriver.execute(RemoteWebDriver.java:527)
	at org.openqa.selenium.remote.ElementLocation$ElementFinder$2.findElement(ElementLocation.java:165)
	at org.openqa.selenium.remote.ElementLocation.findElement(ElementLocation.java:59)
	at org.openqa.selenium.remote.RemoteWebDriver.findElement(RemoteWebDriver.java:357)
	at org.openqa.selenium.remote.RemoteWebDriver.findElement(RemoteWebDriver.java:351)
	at org.openqa.selenium.support.pagefactory.DefaultElementLocator.findElement(DefaultElementLocator.java:68)
	at org.openqa.selenium.support.pagefactory.internal.LocatingElementHandler.invoke(LocatingElementHandler.java:38)
	at jdk.proxy2/jdk.proxy2.$Proxy43.clear(Unknown Source)
	at com.Capium365.Actions.LoginActions.EnterUsername(LoginActions.java:34)
	at com.Capium365.StepDefination.LoginStepDefination.user_enter_username(LoginStepDefination.java:42)
	at ✽.User Enter username(file:///C:/Users/satishkumar.silphoz/Documents/2024Automation/2025/Capium365/src/test/resources/Capium365FeatureFiles/Capium365_Dashboard.feature:7)
</pre></div><a href='#' onClick='toggleBox("stack-trace197551453", this, "Click to show all stack frames", "Click to hide stack frames")'>Click to show all stack frames</a>
<div class='stack-trace' id='stack-trace197551453'><pre>org.openqa.selenium.NoSuchElementException: no such element: Unable to locate element: {&quot;method&quot;:&quot;xpath&quot;,&quot;selector&quot;:&quot;//input[@type=&apos;text&apos;]&quot;}
  (Session info: chrome=139.0.7258.139)
For documentation on this error, please visit: https://www.selenium.dev/documentation/webdriver/troubleshooting/errors#no-such-element-exception
Build info: version: &apos;4.23.0&apos;, revision: &apos;4df0a231af&apos;
System info: os.name: &apos;Windows Server 2019&apos;, os.arch: &apos;amd64&apos;, os.version: &apos;10.0&apos;, java.version: &apos;17.0.12&apos;
Driver info: org.openqa.selenium.chrome.ChromeDriver
Command: [8c9856e44420a8ecee19f3d697b49ebf, findElement {value=//input[@type=&apos;text&apos;], using=xpath}]
Capabilities {acceptInsecureCerts: false, browserName: chrome, browserVersion: 139.0.7258.139, chrome: {chromedriverVersion: 139.0.7258.138 (884e54ea8d4..., userDataDir: C:\Users\LOCAL_~1.SIL\Temp\...}, fedcm:accounts: true, goog:chromeOptions: {debuggerAddress: localhost:65041}, networkConnectionEnabled: false, pageLoadStrategy: normal, platformName: windows, proxy: Proxy(), se:cdp: ws://localhost:65041/devtoo..., se:cdpVersion: 139.0.7258.139, setWindowRect: true, strictFileInteractability: false, timeouts: {implicit: 0, pageLoad: 300000, script: 30000}, unhandledPromptBehavior: dismiss and notify, webauthn:extension:credBlob: true, webauthn:extension:largeBlob: true, webauthn:extension:minPinLength: true, webauthn:extension:prf: true, webauthn:virtualAuthenticators: true}
Session ID: 8c9856e44420a8ecee19f3d697b49ebf
	at jdk.internal.reflect.GeneratedConstructorAccessor28.newInstance(Unknown Source)
	at java.base/jdk.internal.reflect.DelegatingConstructorAccessorImpl.newInstance(DelegatingConstructorAccessorImpl.java:45)
	at java.base/java.lang.reflect.Constructor.newInstanceWithCaller(Constructor.java:499)
	at java.base/java.lang.reflect.Constructor.newInstance(Constructor.java:480)
	at org.openqa.selenium.remote.ErrorCodec.decode(ErrorCodec.java:167)
	at org.openqa.selenium.remote.codec.w3c.W3CHttpResponseCodec.decode(W3CHttpResponseCodec.java:138)
	at org.openqa.selenium.remote.codec.w3c.W3CHttpResponseCodec.decode(W3CHttpResponseCodec.java:50)
	at org.openqa.selenium.remote.HttpCommandExecutor.execute(HttpCommandExecutor.java:190)
	at org.openqa.selenium.remote.service.DriverCommandExecutor.invokeExecute(DriverCommandExecutor.java:216)
	at org.openqa.selenium.remote.service.DriverCommandExecutor.execute(DriverCommandExecutor.java:174)
	at org.openqa.selenium.remote.RemoteWebDriver.execute(RemoteWebDriver.java:527)
	at org.openqa.selenium.remote.ElementLocation$ElementFinder$2.findElement(ElementLocation.java:165)
	at org.openqa.selenium.remote.ElementLocation.findElement(ElementLocation.java:59)
	at org.openqa.selenium.remote.RemoteWebDriver.findElement(RemoteWebDriver.java:357)
	at org.openqa.selenium.remote.RemoteWebDriver.findElement(RemoteWebDriver.java:351)
	at org.openqa.selenium.support.pagefactory.DefaultElementLocator.findElement(DefaultElementLocator.java:68)
	at org.openqa.selenium.support.pagefactory.internal.LocatingElementHandler.invoke(LocatingElementHandler.java:38)
	at jdk.proxy2/jdk.proxy2.$Proxy43.clear(Unknown Source)
	at com.Capium365.Actions.LoginActions.EnterUsername(LoginActions.java:34)
	at com.Capium365.StepDefination.LoginStepDefination.user_enter_username(LoginStepDefination.java:42)
	at ✽.User Enter username(file:///C:/Users/satishkumar.silphoz/Documents/2024Automation/2025/Capium365/src/test/resources/Capium365FeatureFiles/Capium365_Dashboard.feature:7)
</pre></div></td>
<td>84</td>
<td>com.Capium365.RunnerFiles.Capium365_Dashboard_Runner@8c3b9d</td></tr>
<tr>
<td title='com.Capium365.RunnerFiles.Capium365_Dashboard_Runner.runScenario()'><b>runScenario</b><br>Test class: com.Capium365.RunnerFiles.Capium365_Dashboard_Runner<br>Test method: Runs Cucumber Scenarios<br>Parameters: "Validate Transactions dashboard chart for 'This Year'", "Dashboard Chart Validation"</td>
<td><div><pre>org.openqa.selenium.TimeoutException: Expected condition failed: waiting for visibility of element located by By.xpath: //span[normalize-space()=&apos;Transactions&apos;]/ancestor::div[contains(@class,&apos;chart-wrapper&apos;)] (tried for 10 second(s) with 500 milliseconds interval)
Build info: version: &apos;4.23.0&apos;, revision: &apos;4df0a231af&apos;
System info: os.name: &apos;Windows Server 2019&apos;, os.arch: &apos;amd64&apos;, os.version: &apos;10.0&apos;, java.version: &apos;17.0.12&apos;
Driver info: org.openqa.selenium.chrome.ChromeDriver
Capabilities {acceptInsecureCerts: false, browserName: chrome, browserVersion: 139.0.7258.139, chrome: {chromedriverVersion: 139.0.7258.138 (884e54ea8d4..., userDataDir: C:\Users\LOCAL_~1.SIL\Temp\...}, fedcm:accounts: true, goog:chromeOptions: {debuggerAddress: localhost:62256}, networkConnectionEnabled: false, pageLoadStrategy: normal, platformName: windows, proxy: Proxy(), se:cdp: ws://localhost:62256/devtoo..., se:cdpVersion: 139.0.7258.139, setWindowRect: true, strictFileInteractability: false, timeouts: {implicit: 0, pageLoad: 300000, script: 30000}, unhandledPromptBehavior: dismiss and notify, webauthn:extension:credBlob: true, webauthn:extension:largeBlob: true, webauthn:extension:minPinLength: true, webauthn:extension:prf: true, webauthn:virtualAuthenticators: true}
Session ID: c51c95fe13c7b5f031591d640870a03c
	at org.openqa.selenium.support.ui.WebDriverWait.timeoutException(WebDriverWait.java:84)
	at org.openqa.selenium.support.ui.FluentWait.until(FluentWait.java:228)
	at com.Capium365.Actions.Capium365_Dashboard_Actions.ScrollToTransactionsDashboard(Capium365_Dashboard_Actions.java:227)
	at com.Capium365.StepDefination.Capium365_Dashboardsteps_stepdefination.the_user_selects_this_year_from_the_transactions_filter_dropdown(Capium365_Dashboardsteps_stepdefination.java:162)
	at ✽.the user selects This Year from the Transactions filter dropdown(file:///C:/Users/satishkumar.silphoz/Documents/2024Automation/2025/Capium365/src/test/resources/Capium365FeatureFiles/Capium365_Dashboard.feature:50)
</pre></div><a href='#' onClick='toggleBox("stack-trace952833542", this, "Click to show all stack frames", "Click to hide stack frames")'>Click to show all stack frames</a>
<div class='stack-trace' id='stack-trace952833542'><pre>org.openqa.selenium.TimeoutException: Expected condition failed: waiting for visibility of element located by By.xpath: //span[normalize-space()=&apos;Transactions&apos;]/ancestor::div[contains(@class,&apos;chart-wrapper&apos;)] (tried for 10 second(s) with 500 milliseconds interval)
Build info: version: &apos;4.23.0&apos;, revision: &apos;4df0a231af&apos;
System info: os.name: &apos;Windows Server 2019&apos;, os.arch: &apos;amd64&apos;, os.version: &apos;10.0&apos;, java.version: &apos;17.0.12&apos;
Driver info: org.openqa.selenium.chrome.ChromeDriver
Capabilities {acceptInsecureCerts: false, browserName: chrome, browserVersion: 139.0.7258.139, chrome: {chromedriverVersion: 139.0.7258.138 (884e54ea8d4..., userDataDir: C:\Users\LOCAL_~1.SIL\Temp\...}, fedcm:accounts: true, goog:chromeOptions: {debuggerAddress: localhost:62256}, networkConnectionEnabled: false, pageLoadStrategy: normal, platformName: windows, proxy: Proxy(), se:cdp: ws://localhost:62256/devtoo..., se:cdpVersion: 139.0.7258.139, setWindowRect: true, strictFileInteractability: false, timeouts: {implicit: 0, pageLoad: 300000, script: 30000}, unhandledPromptBehavior: dismiss and notify, webauthn:extension:credBlob: true, webauthn:extension:largeBlob: true, webauthn:extension:minPinLength: true, webauthn:extension:prf: true, webauthn:virtualAuthenticators: true}
Session ID: c51c95fe13c7b5f031591d640870a03c
	at org.openqa.selenium.support.ui.WebDriverWait.timeoutException(WebDriverWait.java:84)
	at org.openqa.selenium.support.ui.FluentWait.until(FluentWait.java:228)
	at com.Capium365.Actions.Capium365_Dashboard_Actions.ScrollToTransactionsDashboard(Capium365_Dashboard_Actions.java:227)
	at com.Capium365.StepDefination.Capium365_Dashboardsteps_stepdefination.the_user_selects_this_year_from_the_transactions_filter_dropdown(Capium365_Dashboardsteps_stepdefination.java:162)
	at ✽.the user selects This Year from the Transactions filter dropdown(file:///C:/Users/satishkumar.silphoz/Documents/2024Automation/2025/Capium365/src/test/resources/Capium365FeatureFiles/Capium365_Dashboard.feature:50)
</pre></div></td>
<td>107</td>
<td>com.Capium365.RunnerFiles.Capium365_Dashboard_Runner@8c3b9d</td></tr>
</table><p>
<table width='100%' border='1' class='invocation-passed'>
<tr><td colspan='4' align='center'><b>PASSED TESTS</b></td></tr>
<tr><td><b>Test method</b></td>
<td><b>Attribute(s)</b></td>
<td width="30%"><b>Exception</b></td>
<td width="10%"><b>Time (seconds)</b></td>
<td><b>Instance</b></td>
</tr>
<tr>
<td title='com.Capium365.RunnerFiles.Capium365_Dashboard_Runner.runScenario()'><b>runScenario</b><br>Test class: com.Capium365.RunnerFiles.Capium365_Dashboard_Runner<br>Test method: Runs Cucumber Scenarios<br>Parameters: "Validate Invoice dashboard chart for 'Time Filter'", "Dashboard Chart Validation"</td>
<td></td>
<td>81</td>
<td>com.Capium365.RunnerFiles.Capium365_Dashboard_Runner@8c3b9d</td></tr>
<tr>
<td title='com.Capium365.RunnerFiles.Capium365_Dashboard_Runner.runScenario()'><b>runScenario</b><br>Test class: com.Capium365.RunnerFiles.Capium365_Dashboard_Runner<br>Test method: Runs Cucumber Scenarios<br>Parameters: "Verify Sales Flow "<Time Filter>" donut chart displays correct data for selected time filter", "Dashboard Chart Validation"</td>
<td></td>
<td>57</td>
<td>com.Capium365.RunnerFiles.Capium365_Dashboard_Runner@8c3b9d</td></tr>
<tr>
<td title='com.Capium365.RunnerFiles.Capium365_Dashboard_Runner.runScenario()'><b>runScenario</b><br>Test class: com.Capium365.RunnerFiles.Capium365_Dashboard_Runner<br>Test method: Runs Cucumber Scenarios<br>Parameters: "Select a different theme color "Purple"", "Dashboard Chart Validation"</td>
<td></td>
<td>41</td>
<td>com.Capium365.RunnerFiles.Capium365_Dashboard_Runner@8c3b9d</td></tr>
<tr>
<td title='com.Capium365.RunnerFiles.Capium365_Dashboard_Runner.runScenario()'><b>runScenario</b><br>Test class: com.Capium365.RunnerFiles.Capium365_Dashboard_Runner<br>Test method: Runs Cucumber Scenarios<br>Parameters: "Close profile popup by clicking outside", "Dashboard Chart Validation"</td>
<td></td>
<td>51</td>
<td>com.Capium365.RunnerFiles.Capium365_Dashboard_Runner@8c3b9d</td></tr>
<tr>
<td title='com.Capium365.RunnerFiles.Capium365_Dashboard_Runner.runScenario()'><b>runScenario</b><br>Test class: com.Capium365.RunnerFiles.Capium365_Dashboard_Runner<br>Test method: Runs Cucumber Scenarios<br>Parameters: "Add a new bank under My Business settings", "Dashboard Chart Validation"</td>
<td></td>
<td>46</td>
<td>com.Capium365.RunnerFiles.Capium365_Dashboard_Runner@8c3b9d</td></tr>
<tr>
<td title='com.Capium365.RunnerFiles.Capium365_Dashboard_Runner.runScenario()'><b>runScenario</b><br>Test class: com.Capium365.RunnerFiles.Capium365_Dashboard_Runner<br>Test method: Runs Cucumber Scenarios<br>Parameters: "Select a different theme color "Teal"", "Dashboard Chart Validation"</td>
<td></td>
<td>42</td>
<td>com.Capium365.RunnerFiles.Capium365_Dashboard_Runner@8c3b9d</td></tr>
<tr>
<td title='com.Capium365.RunnerFiles.Capium365_Dashboard_Runner.runScenario()'><b>runScenario</b><br>Test class: com.Capium365.RunnerFiles.Capium365_Dashboard_Runner<br>Test method: Runs Cucumber Scenarios<br>Parameters: "Default filter selection on Activity tab", "Dashboard Chart Validation"</td>
<td></td>
<td>46</td>
<td>com.Capium365.RunnerFiles.Capium365_Dashboard_Runner@8c3b9d</td></tr>
<tr>
<td title='com.Capium365.RunnerFiles.Capium365_Dashboard_Runner.runScenario()'><b>runScenario</b><br>Test class: com.Capium365.RunnerFiles.Capium365_Dashboard_Runner<br>Test method: Runs Cucumber Scenarios<br>Parameters: "Select a different theme color "Black"", "Dashboard Chart Validation"</td>
<td></td>
<td>39</td>
<td>com.Capium365.RunnerFiles.Capium365_Dashboard_Runner@8c3b9d</td></tr>
<tr>
<td title='com.Capium365.RunnerFiles.Capium365_Dashboard_Runner.runScenario()'><b>runScenario</b><br>Test class: com.Capium365.RunnerFiles.Capium365_Dashboard_Runner<br>Test method: Runs Cucumber Scenarios<br>Parameters: "Select a different theme color "Dark Blue"", "Dashboard Chart Validation"</td>
<td></td>
<td>40</td>
<td>com.Capium365.RunnerFiles.Capium365_Dashboard_Runner@8c3b9d</td></tr>
<tr>
<td title='com.Capium365.RunnerFiles.Capium365_Dashboard_Runner.runScenario()'><b>runScenario</b><br>Test class: com.Capium365.RunnerFiles.Capium365_Dashboard_Runner<br>Test method: Runs Cucumber Scenarios<br>Parameters: "Sign out using the profile popup", "Dashboard Chart Validation"</td>
<td></td>
<td>99</td>
<td>com.Capium365.RunnerFiles.Capium365_Dashboard_Runner@8c3b9d</td></tr>
<tr>
<td title='com.Capium365.RunnerFiles.Capium365_Dashboard_Runner.runScenario()'><b>runScenario</b><br>Test class: com.Capium365.RunnerFiles.Capium365_Dashboard_Runner<br>Test method: Runs Cucumber Scenarios<br>Parameters: "Add a new support ticket", "Dashboard Chart Validation"</td>
<td></td>
<td>56</td>
<td>com.Capium365.RunnerFiles.Capium365_Dashboard_Runner@8c3b9d</td></tr>
<tr>
<td title='com.Capium365.RunnerFiles.Capium365_Dashboard_Runner.runScenario()'><b>runScenario</b><br>Test class: com.Capium365.RunnerFiles.Capium365_Dashboard_Runner<br>Test method: Runs Cucumber Scenarios<br>Parameters: "Filter Activity by "All Invoices"", "Dashboard Chart Validation"</td>
<td></td>
<td>74</td>
<td>com.Capium365.RunnerFiles.Capium365_Dashboard_Runner@8c3b9d</td></tr>
<tr>
<td title='com.Capium365.RunnerFiles.Capium365_Dashboard_Runner.runScenario()'><b>runScenario</b><br>Test class: com.Capium365.RunnerFiles.Capium365_Dashboard_Runner<br>Test method: Runs Cucumber Scenarios<br>Parameters: "Select a different theme color "Red"", "Dashboard Chart Validation"</td>
<td></td>
<td>39</td>
<td>com.Capium365.RunnerFiles.Capium365_Dashboard_Runner@8c3b9d</td></tr>
<tr>
<td title='com.Capium365.RunnerFiles.Capium365_Dashboard_Runner.runScenario()'><b>runScenario</b><br>Test class: com.Capium365.RunnerFiles.Capium365_Dashboard_Runner<br>Test method: Runs Cucumber Scenarios<br>Parameters: "Verify Top Account Names "<Time Filter>" donut chart displays correct data for selected time filter", "Dashboard Chart Validation"</td>
<td></td>
<td>113</td>
<td>com.Capium365.RunnerFiles.Capium365_Dashboard_Runner@8c3b9d</td></tr>
<tr>
<td title='com.Capium365.RunnerFiles.Capium365_Dashboard_Runner.runScenario()'><b>runScenario</b><br>Test class: com.Capium365.RunnerFiles.Capium365_Dashboard_Runner<br>Test method: Runs Cucumber Scenarios<br>Parameters: "Verify Help tab in dashboard", "Dashboard Chart Validation"</td>
<td></td>
<td>40</td>
<td>com.Capium365.RunnerFiles.Capium365_Dashboard_Runner@8c3b9d</td></tr>
<tr>
<td title='com.Capium365.RunnerFiles.Capium365_Dashboard_Runner.runScenario()'><b>runScenario</b><br>Test class: com.Capium365.RunnerFiles.Capium365_Dashboard_Runner<br>Test method: Runs Cucumber Scenarios<br>Parameters: "Select a different theme color "Green"", "Dashboard Chart Validation"</td>
<td></td>
<td>39</td>
<td>com.Capium365.RunnerFiles.Capium365_Dashboard_Runner@8c3b9d</td></tr>
<tr>
<td title='com.Capium365.RunnerFiles.Capium365_Dashboard_Runner.runScenario()'><b>runScenario</b><br>Test class: com.Capium365.RunnerFiles.Capium365_Dashboard_Runner<br>Test method: Runs Cucumber Scenarios<br>Parameters: "Verify Announcement tab in dashborad", "Dashboard Chart Validation"</td>
<td></td>
<td>37</td>
<td>com.Capium365.RunnerFiles.Capium365_Dashboard_Runner@8c3b9d</td></tr>
<tr>
<td title='com.Capium365.RunnerFiles.Capium365_Dashboard_Runner.runScenario()'><b>runScenario</b><br>Test class: com.Capium365.RunnerFiles.Capium365_Dashboard_Runner<br>Test method: Runs Cucumber Scenarios<br>Parameters: "Click + and Select "Invoices"", "Dashboard Chart Validation"</td>
<td></td>
<td>105</td>
<td>com.Capium365.RunnerFiles.Capium365_Dashboard_Runner@8c3b9d</td></tr>
<tr>
<td title='com.Capium365.RunnerFiles.Capium365_Dashboard_Runner.runScenario()'><b>runScenario</b><br>Test class: com.Capium365.RunnerFiles.Capium365_Dashboard_Runner<br>Test method: Runs Cucumber Scenarios<br>Parameters: "Verify activity logs are filtered correctly by time range", "Dashboard Chart Validation"</td>
<td></td>
<td>60</td>
<td>com.Capium365.RunnerFiles.Capium365_Dashboard_Runner@8c3b9d</td></tr>
<tr>
<td title='com.Capium365.RunnerFiles.Capium365_Dashboard_Runner.runScenario()'><b>runScenario</b><br>Test class: com.Capium365.RunnerFiles.Capium365_Dashboard_Runner<br>Test method: Runs Cucumber Scenarios<br>Parameters: "Open profile popup", "Dashboard Chart Validation"</td>
<td></td>
<td>42</td>
<td>com.Capium365.RunnerFiles.Capium365_Dashboard_Runner@8c3b9d</td></tr>
<tr>
<td title='com.Capium365.RunnerFiles.Capium365_Dashboard_Runner.runScenario()'><b>runScenario</b><br>Test class: com.Capium365.RunnerFiles.Capium365_Dashboard_Runner<br>Test method: Runs Cucumber Scenarios<br>Parameters: "Verify Expenses "<Time Filter>" Flow donut chart displays correct data for selected time filter", "Dashboard Chart Validation"</td>
<td></td>
<td>58</td>
<td>com.Capium365.RunnerFiles.Capium365_Dashboard_Runner@8c3b9d</td></tr>
<tr>
<td title='com.Capium365.RunnerFiles.Capium365_Dashboard_Runner.runScenario()'><b>runScenario</b><br>Test class: com.Capium365.RunnerFiles.Capium365_Dashboard_Runner<br>Test method: Runs Cucumber Scenarios<br>Parameters: "Select a different theme color "Yellow"", "Dashboard Chart Validation"</td>
<td></td>
<td>39</td>
<td>com.Capium365.RunnerFiles.Capium365_Dashboard_Runner@8c3b9d</td></tr>
<tr>
<td title='com.Capium365.RunnerFiles.Capium365_Dashboard_Runner.runScenario()'><b>runScenario</b><br>Test class: com.Capium365.RunnerFiles.Capium365_Dashboard_Runner<br>Test method: Runs Cucumber Scenarios<br>Parameters: "User selects each account from the dropdown and verifies transaction data", "Dashboard Chart Validation"</td>
<td></td>
<td>51</td>
<td>com.Capium365.RunnerFiles.Capium365_Dashboard_Runner@8c3b9d</td></tr>
<tr>
<td title='com.Capium365.RunnerFiles.Capium365_Dashboard_Runner.runScenario()'><b>runScenario</b><br>Test class: com.Capium365.RunnerFiles.Capium365_Dashboard_Runner<br>Test method: Runs Cucumber Scenarios<br>Parameters: "Verify essential UI elements are present", "Dashboard Chart Validation"</td>
<td></td>
<td>40</td>
<td>com.Capium365.RunnerFiles.Capium365_Dashboard_Runner@8c3b9d</td></tr>
</table><p>
</body>
</html>