<html>
<head>
<title>TestNG:  Test</title>
<link href="../testng.css" rel="stylesheet" type="text/css" />
<link href="../my-testng.css" rel="stylesheet" type="text/css" />

<style type="text/css">
.log { display: none;} 
.stack-trace { display: none;} 
</style>
<script type="text/javascript">
<!--
function flip(e) {
  current = e.style.display;
  if (current == 'block') {
    e.style.display = 'none';
    return 0;
  }
  else {
    e.style.display = 'block';
    return 1;
  }
}

function toggleBox(szDivId, elem, msg1, msg2)
{
  var res = -1;  if (document.getElementById) {
    res = flip(document.getElementById(szDivId));
  }
  else if (document.all) {
    // this is the way old msie versions work
    res = flip(document.all[szDivId]);
  }
  if(elem) {
    if(res == 0) elem.innerHTML = msg1; else elem.innerHTML = msg2;
  }

}

function toggleAllBoxes() {
  if (document.getElementsByTagName) {
    d = document.getElementsByTagName('div');
    for (i = 0; i < d.length; i++) {
      if (d[i].className == 'log') {
        flip(d[i]);
      }
    }
  }
}

// -->
</script>

</head>
<body>
<h2 align='center'>Test</h2><table border='1' align="center">
<tr>
<td>Tests passed/Failed/Skipped:</td><td>137/17/0</td>
</tr><tr>
<td>Started on:</td><td>Thu Aug 21 19:17:39 IST 2025</td>
</tr>
<tr><td>Total time:</td><td>8092 seconds (8092496 ms)</td>
</tr><tr>
<td>Included groups:</td><td></td>
</tr><tr>
<td>Excluded groups:</td><td></td>
</tr>
</table><p/>
<small><i>(Hover the method name to see the test class name)</i></small><p/>
<table width='100%' border='1' class='invocation-failed'>
<tr><td colspan='4' align='center'><b>FAILED TESTS</b></td></tr>
<tr><td><b>Test method</b></td>
<td><b>Attribute(s)</b></td>
<td width="30%"><b>Exception</b></td>
<td width="10%"><b>Time (seconds)</b></td>
<td><b>Instance</b></td>
</tr>
<tr>
<td title='com.Capium365.RunnerFiles.Capium365_Receipts_PurchaseInvoice_Runner.runScenario()'><b>runScenario</b><br>Test class: com.Capium365.RunnerFiles.Capium365_Receipts_PurchaseInvoice_Runner<br>Test method: Runs Cucumber Scenarios<br>Parameters: "Valdidate Duplicate popup", "Validating Purchase Invoice under Receipts tab"</td>
<td><div><pre>org.openqa.selenium.NoSuchElementException: no such element: Unable to locate element: {&quot;method&quot;:&quot;xpath&quot;,&quot;selector&quot;:&quot;//span[text()=&apos; Upload Purchase Invoices &apos;]&quot;}
  (Session info: chrome=138.0.7204.184)
For documentation on this error, please visit: https://www.selenium.dev/documentation/webdriver/troubleshooting/errors#no-such-element-exception
Build info: version: &apos;4.23.0&apos;, revision: &apos;4df0a231af&apos;
System info: os.name: &apos;Windows Server 2019&apos;, os.arch: &apos;amd64&apos;, os.version: &apos;10.0&apos;, java.version: &apos;17.0.12&apos;
Driver info: org.openqa.selenium.chrome.ChromeDriver
Command: [4b0251b3f64962b1ead06e0ac1af0bd0, findElement {value=//span[text()=&apos; Upload Purchase Invoices &apos;], using=xpath}]
Capabilities {acceptInsecureCerts: false, browserName: chrome, browserVersion: 138.0.7204.184, chrome: {chromedriverVersion: 138.0.7204.183 (e90faf484dd..., userDataDir: C:\Users\LOCAL_~1.SIL\Temp\...}, fedcm:accounts: true, goog:chromeOptions: {debuggerAddress: localhost:63647}, networkConnectionEnabled: false, pageLoadStrategy: normal, platformName: windows, proxy: Proxy(), se:cdp: ws://localhost:63647/devtoo..., se:cdpVersion: 138.0.7204.184, setWindowRect: true, strictFileInteractability: false, timeouts: {implicit: 0, pageLoad: 300000, script: 30000}, unhandledPromptBehavior: dismiss and notify, webauthn:extension:credBlob: true, webauthn:extension:largeBlob: true, webauthn:extension:minPinLength: true, webauthn:extension:prf: true, webauthn:virtualAuthenticators: true}
Session ID: 4b0251b3f64962b1ead06e0ac1af0bd0
	at org.openqa.selenium.remote.ErrorCodec.decode(ErrorCodec.java:167)
	at org.openqa.selenium.remote.codec.w3c.W3CHttpResponseCodec.decode(W3CHttpResponseCodec.java:138)
	at org.openqa.selenium.remote.codec.w3c.W3CHttpResponseCodec.decode(W3CHttpResponseCodec.java:50)
	at org.openqa.selenium.remote.HttpCommandExecutor.execute(HttpCommandExecutor.java:190)
	at org.openqa.selenium.remote.service.DriverCommandExecutor.invokeExecute(DriverCommandExecutor.java:216)
	at org.openqa.selenium.remote.service.DriverCommandExecutor.execute(DriverCommandExecutor.java:174)
	at org.openqa.selenium.remote.RemoteWebDriver.execute(RemoteWebDriver.java:527)
	at org.openqa.selenium.remote.ElementLocation$ElementFinder$2.findElement(ElementLocation.java:165)
	at org.openqa.selenium.remote.ElementLocation.findElement(ElementLocation.java:59)
	at org.openqa.selenium.remote.RemoteWebDriver.findElement(RemoteWebDriver.java:357)
	at org.openqa.selenium.remote.RemoteWebDriver.findElement(RemoteWebDriver.java:351)
	at org.openqa.selenium.support.pagefactory.DefaultElementLocator.findElement(DefaultElementLocator.java:68)
	at org.openqa.selenium.support.pagefactory.internal.LocatingElementHandler.invoke(LocatingElementHandler.java:38)
	at jdk.proxy2/jdk.proxy2.$Proxy43.click(Unknown Source)
	at com.Capium365.Actions.Capium365_Receipts_PurchaseInvoice_Actions.ClickonUploadpurchaseInvoice2Button(Capium365_Receipts_PurchaseInvoice_Actions.java:59)
	at com.Capium365.StepDefination.Capium365_Receipts_PurchaseInvoice_Stepdefination.click_on_upload_purchase_invoice2buttton(Capium365_Receipts_PurchaseInvoice_Stepdefination.java:55)
	at ✽.Click on uploadPurchaseInvoice2Buttton(file:///C:/Users/satishkumar.silphoz/Documents/2024Automation/2025/Capium365/src/test/resources/Capium365FeatureFiles/Capium365_Receipts_PurchaseInvoice.feature:41)
... Removed 4 stack frames</pre></div><a href='#' onClick='toggleBox("stack-trace1968423891", this, "Click to show all stack frames", "Click to hide stack frames")'>Click to show all stack frames</a>
<div class='stack-trace' id='stack-trace1968423891'><pre>org.openqa.selenium.NoSuchElementException: no such element: Unable to locate element: {&quot;method&quot;:&quot;xpath&quot;,&quot;selector&quot;:&quot;//span[text()=&apos; Upload Purchase Invoices &apos;]&quot;}
  (Session info: chrome=138.0.7204.184)
For documentation on this error, please visit: https://www.selenium.dev/documentation/webdriver/troubleshooting/errors#no-such-element-exception
Build info: version: &apos;4.23.0&apos;, revision: &apos;4df0a231af&apos;
System info: os.name: &apos;Windows Server 2019&apos;, os.arch: &apos;amd64&apos;, os.version: &apos;10.0&apos;, java.version: &apos;17.0.12&apos;
Driver info: org.openqa.selenium.chrome.ChromeDriver
Command: [4b0251b3f64962b1ead06e0ac1af0bd0, findElement {value=//span[text()=&apos; Upload Purchase Invoices &apos;], using=xpath}]
Capabilities {acceptInsecureCerts: false, browserName: chrome, browserVersion: 138.0.7204.184, chrome: {chromedriverVersion: 138.0.7204.183 (e90faf484dd..., userDataDir: C:\Users\LOCAL_~1.SIL\Temp\...}, fedcm:accounts: true, goog:chromeOptions: {debuggerAddress: localhost:63647}, networkConnectionEnabled: false, pageLoadStrategy: normal, platformName: windows, proxy: Proxy(), se:cdp: ws://localhost:63647/devtoo..., se:cdpVersion: 138.0.7204.184, setWindowRect: true, strictFileInteractability: false, timeouts: {implicit: 0, pageLoad: 300000, script: 30000}, unhandledPromptBehavior: dismiss and notify, webauthn:extension:credBlob: true, webauthn:extension:largeBlob: true, webauthn:extension:minPinLength: true, webauthn:extension:prf: true, webauthn:virtualAuthenticators: true}
Session ID: 4b0251b3f64962b1ead06e0ac1af0bd0
	at jdk.internal.reflect.GeneratedConstructorAccessor28.newInstance(Unknown Source)
	at java.base/jdk.internal.reflect.DelegatingConstructorAccessorImpl.newInstance(DelegatingConstructorAccessorImpl.java:45)
	at java.base/java.lang.reflect.Constructor.newInstanceWithCaller(Constructor.java:499)
	at java.base/java.lang.reflect.Constructor.newInstance(Constructor.java:480)
	at org.openqa.selenium.remote.ErrorCodec.decode(ErrorCodec.java:167)
	at org.openqa.selenium.remote.codec.w3c.W3CHttpResponseCodec.decode(W3CHttpResponseCodec.java:138)
	at org.openqa.selenium.remote.codec.w3c.W3CHttpResponseCodec.decode(W3CHttpResponseCodec.java:50)
	at org.openqa.selenium.remote.HttpCommandExecutor.execute(HttpCommandExecutor.java:190)
	at org.openqa.selenium.remote.service.DriverCommandExecutor.invokeExecute(DriverCommandExecutor.java:216)
	at org.openqa.selenium.remote.service.DriverCommandExecutor.execute(DriverCommandExecutor.java:174)
	at org.openqa.selenium.remote.RemoteWebDriver.execute(RemoteWebDriver.java:527)
	at org.openqa.selenium.remote.ElementLocation$ElementFinder$2.findElement(ElementLocation.java:165)
	at org.openqa.selenium.remote.ElementLocation.findElement(ElementLocation.java:59)
	at org.openqa.selenium.remote.RemoteWebDriver.findElement(RemoteWebDriver.java:357)
	at org.openqa.selenium.remote.RemoteWebDriver.findElement(RemoteWebDriver.java:351)
	at org.openqa.selenium.support.pagefactory.DefaultElementLocator.findElement(DefaultElementLocator.java:68)
	at org.openqa.selenium.support.pagefactory.internal.LocatingElementHandler.invoke(LocatingElementHandler.java:38)
	at jdk.proxy2/jdk.proxy2.$Proxy43.click(Unknown Source)
	at com.Capium365.Actions.Capium365_Receipts_PurchaseInvoice_Actions.ClickonUploadpurchaseInvoice2Button(Capium365_Receipts_PurchaseInvoice_Actions.java:59)
	at com.Capium365.StepDefination.Capium365_Receipts_PurchaseInvoice_Stepdefination.click_on_upload_purchase_invoice2buttton(Capium365_Receipts_PurchaseInvoice_Stepdefination.java:55)
	at ✽.Click on uploadPurchaseInvoice2Buttton(file:///C:/Users/satishkumar.silphoz/Documents/2024Automation/2025/Capium365/src/test/resources/Capium365FeatureFiles/Capium365_Receipts_PurchaseInvoice.feature:41)
</pre></div></td>
<td>50</td>
<td>com.Capium365.RunnerFiles.Capium365_Receipts_PurchaseInvoice_Runner@7494f96a</td></tr>
<tr>
<td title='com.Capium365.RunnerFiles.Capium365_Receipts_CreditNotes_Runner.runScenario()'><b>runScenario</b><br>Test class: com.Capium365.RunnerFiles.Capium365_Receipts_CreditNotes_Runner<br>Test method: Runs Cucumber Scenarios<br>Parameters: "Validate Process Duplicate Upload popup with Yes button", "Capium365 Receipts under Credit Notes"</td>
<td><div><pre>org.openqa.selenium.NoSuchElementException: no such element: Unable to locate element: {&quot;method&quot;:&quot;xpath&quot;,&quot;selector&quot;:&quot;//span[normalize-space()=&apos;Upload Credit Notes&apos;]&quot;}
  (Session info: chrome=138.0.7204.184)
For documentation on this error, please visit: https://www.selenium.dev/documentation/webdriver/troubleshooting/errors#no-such-element-exception
Build info: version: &apos;4.23.0&apos;, revision: &apos;4df0a231af&apos;
System info: os.name: &apos;Windows Server 2019&apos;, os.arch: &apos;amd64&apos;, os.version: &apos;10.0&apos;, java.version: &apos;17.0.12&apos;
Driver info: org.openqa.selenium.chrome.ChromeDriver
Command: [799ccad1efc86a5a8ab52271f167e28e, findElement {value=//span[normalize-space()=&apos;Upload Credit Notes&apos;], using=xpath}]
Capabilities {acceptInsecureCerts: false, browserName: chrome, browserVersion: 138.0.7204.184, chrome: {chromedriverVersion: 138.0.7204.183 (e90faf484dd..., userDataDir: C:\Users\LOCAL_~1.SIL\Temp\...}, fedcm:accounts: true, goog:chromeOptions: {debuggerAddress: localhost:56297}, networkConnectionEnabled: false, pageLoadStrategy: normal, platformName: windows, proxy: Proxy(), se:cdp: ws://localhost:56297/devtoo..., se:cdpVersion: 138.0.7204.184, setWindowRect: true, strictFileInteractability: false, timeouts: {implicit: 0, pageLoad: 300000, script: 30000}, unhandledPromptBehavior: dismiss and notify, webauthn:extension:credBlob: true, webauthn:extension:largeBlob: true, webauthn:extension:minPinLength: true, webauthn:extension:prf: true, webauthn:virtualAuthenticators: true}
Session ID: 799ccad1efc86a5a8ab52271f167e28e
	at org.openqa.selenium.remote.ErrorCodec.decode(ErrorCodec.java:167)
	at org.openqa.selenium.remote.codec.w3c.W3CHttpResponseCodec.decode(W3CHttpResponseCodec.java:138)
	at org.openqa.selenium.remote.codec.w3c.W3CHttpResponseCodec.decode(W3CHttpResponseCodec.java:50)
	at org.openqa.selenium.remote.HttpCommandExecutor.execute(HttpCommandExecutor.java:190)
	at org.openqa.selenium.remote.service.DriverCommandExecutor.invokeExecute(DriverCommandExecutor.java:216)
	at org.openqa.selenium.remote.service.DriverCommandExecutor.execute(DriverCommandExecutor.java:174)
	at org.openqa.selenium.remote.RemoteWebDriver.execute(RemoteWebDriver.java:527)
	at org.openqa.selenium.remote.ElementLocation$ElementFinder$2.findElement(ElementLocation.java:165)
	at org.openqa.selenium.remote.ElementLocation.findElement(ElementLocation.java:59)
	at org.openqa.selenium.remote.RemoteWebDriver.findElement(RemoteWebDriver.java:357)
	at org.openqa.selenium.remote.RemoteWebDriver.findElement(RemoteWebDriver.java:351)
	at org.openqa.selenium.support.pagefactory.DefaultElementLocator.findElement(DefaultElementLocator.java:68)
	at org.openqa.selenium.support.pagefactory.internal.LocatingElementHandler.invoke(LocatingElementHandler.java:38)
	at jdk.proxy2/jdk.proxy2.$Proxy43.click(Unknown Source)
	at com.Capium365.Actions.Capium365_Receipts_CreditNotes_Actions.ClickonUploadCreditNotes2Button(Capium365_Receipts_CreditNotes_Actions.java:222)
	at com.Capium365.StepDefination.Capium365_Receipts_CreditNotes_Stepdefination.click_on_upload_credit_notes2buttton(Capium365_Receipts_CreditNotes_Stepdefination.java:82)
	at ✽.Click on uploadCreditNotes2Buttton(file:///C:/Users/satishkumar.silphoz/Documents/2024Automation/2025/Capium365/src/test/resources/Capium365FeatureFiles/Capium365_Receipts_CreditNotes.feature:230)
... Removed 4 stack frames</pre></div><a href='#' onClick='toggleBox("stack-trace1549975265", this, "Click to show all stack frames", "Click to hide stack frames")'>Click to show all stack frames</a>
<div class='stack-trace' id='stack-trace1549975265'><pre>org.openqa.selenium.NoSuchElementException: no such element: Unable to locate element: {&quot;method&quot;:&quot;xpath&quot;,&quot;selector&quot;:&quot;//span[normalize-space()=&apos;Upload Credit Notes&apos;]&quot;}
  (Session info: chrome=138.0.7204.184)
For documentation on this error, please visit: https://www.selenium.dev/documentation/webdriver/troubleshooting/errors#no-such-element-exception
Build info: version: &apos;4.23.0&apos;, revision: &apos;4df0a231af&apos;
System info: os.name: &apos;Windows Server 2019&apos;, os.arch: &apos;amd64&apos;, os.version: &apos;10.0&apos;, java.version: &apos;17.0.12&apos;
Driver info: org.openqa.selenium.chrome.ChromeDriver
Command: [799ccad1efc86a5a8ab52271f167e28e, findElement {value=//span[normalize-space()=&apos;Upload Credit Notes&apos;], using=xpath}]
Capabilities {acceptInsecureCerts: false, browserName: chrome, browserVersion: 138.0.7204.184, chrome: {chromedriverVersion: 138.0.7204.183 (e90faf484dd..., userDataDir: C:\Users\LOCAL_~1.SIL\Temp\...}, fedcm:accounts: true, goog:chromeOptions: {debuggerAddress: localhost:56297}, networkConnectionEnabled: false, pageLoadStrategy: normal, platformName: windows, proxy: Proxy(), se:cdp: ws://localhost:56297/devtoo..., se:cdpVersion: 138.0.7204.184, setWindowRect: true, strictFileInteractability: false, timeouts: {implicit: 0, pageLoad: 300000, script: 30000}, unhandledPromptBehavior: dismiss and notify, webauthn:extension:credBlob: true, webauthn:extension:largeBlob: true, webauthn:extension:minPinLength: true, webauthn:extension:prf: true, webauthn:virtualAuthenticators: true}
Session ID: 799ccad1efc86a5a8ab52271f167e28e
	at jdk.internal.reflect.GeneratedConstructorAccessor28.newInstance(Unknown Source)
	at java.base/jdk.internal.reflect.DelegatingConstructorAccessorImpl.newInstance(DelegatingConstructorAccessorImpl.java:45)
	at java.base/java.lang.reflect.Constructor.newInstanceWithCaller(Constructor.java:499)
	at java.base/java.lang.reflect.Constructor.newInstance(Constructor.java:480)
	at org.openqa.selenium.remote.ErrorCodec.decode(ErrorCodec.java:167)
	at org.openqa.selenium.remote.codec.w3c.W3CHttpResponseCodec.decode(W3CHttpResponseCodec.java:138)
	at org.openqa.selenium.remote.codec.w3c.W3CHttpResponseCodec.decode(W3CHttpResponseCodec.java:50)
	at org.openqa.selenium.remote.HttpCommandExecutor.execute(HttpCommandExecutor.java:190)
	at org.openqa.selenium.remote.service.DriverCommandExecutor.invokeExecute(DriverCommandExecutor.java:216)
	at org.openqa.selenium.remote.service.DriverCommandExecutor.execute(DriverCommandExecutor.java:174)
	at org.openqa.selenium.remote.RemoteWebDriver.execute(RemoteWebDriver.java:527)
	at org.openqa.selenium.remote.ElementLocation$ElementFinder$2.findElement(ElementLocation.java:165)
	at org.openqa.selenium.remote.ElementLocation.findElement(ElementLocation.java:59)
	at org.openqa.selenium.remote.RemoteWebDriver.findElement(RemoteWebDriver.java:357)
	at org.openqa.selenium.remote.RemoteWebDriver.findElement(RemoteWebDriver.java:351)
	at org.openqa.selenium.support.pagefactory.DefaultElementLocator.findElement(DefaultElementLocator.java:68)
	at org.openqa.selenium.support.pagefactory.internal.LocatingElementHandler.invoke(LocatingElementHandler.java:38)
	at jdk.proxy2/jdk.proxy2.$Proxy43.click(Unknown Source)
	at com.Capium365.Actions.Capium365_Receipts_CreditNotes_Actions.ClickonUploadCreditNotes2Button(Capium365_Receipts_CreditNotes_Actions.java:222)
	at com.Capium365.StepDefination.Capium365_Receipts_CreditNotes_Stepdefination.click_on_upload_credit_notes2buttton(Capium365_Receipts_CreditNotes_Stepdefination.java:82)
	at ✽.Click on uploadCreditNotes2Buttton(file:///C:/Users/satishkumar.silphoz/Documents/2024Automation/2025/Capium365/src/test/resources/Capium365FeatureFiles/Capium365_Receipts_CreditNotes.feature:230)
</pre></div></td>
<td>61</td>
<td>com.Capium365.RunnerFiles.Capium365_Receipts_CreditNotes_Runner@2e377400</td></tr>
<tr>
<td title='com.Capium365.RunnerFiles.Capium365_Receipts_CreditNotes_Runner.runScenario()'><b>runScenario</b><br>Test class: com.Capium365.RunnerFiles.Capium365_Receipts_CreditNotes_Runner<br>Test method: Runs Cucumber Scenarios<br>Parameters: "Validate cancel button in Upload CreditNotes Page", "Capium365 Receipts under Credit Notes"</td>
<td><div><pre>org.openqa.selenium.ElementNotInteractableException: element not interactable
  (Session info: chrome=138.0.7204.184)
Build info: version: &apos;4.23.0&apos;, revision: &apos;4df0a231af&apos;
System info: os.name: &apos;Windows Server 2019&apos;, os.arch: &apos;amd64&apos;, os.version: &apos;10.0&apos;, java.version: &apos;17.0.12&apos;
Driver info: org.openqa.selenium.chrome.ChromeDriver
Command: [fd9774e2db2ab31141ffac8ff9d3fa5e, clickElement {id=f.8ED67E2C0118D4AACE119FB50AC501CB.d.8AA6952C6CC69F9F266E437CDF0D0F55.e.379}]
Capabilities {acceptInsecureCerts: false, browserName: chrome, browserVersion: 138.0.7204.184, chrome: {chromedriverVersion: 138.0.7204.183 (e90faf484dd..., userDataDir: C:\Users\LOCAL_~1.SIL\Temp\...}, fedcm:accounts: true, goog:chromeOptions: {debuggerAddress: localhost:56505}, networkConnectionEnabled: false, pageLoadStrategy: normal, platformName: windows, proxy: Proxy(), se:cdp: ws://localhost:56505/devtoo..., se:cdpVersion: 138.0.7204.184, setWindowRect: true, strictFileInteractability: false, timeouts: {implicit: 0, pageLoad: 300000, script: 30000}, unhandledPromptBehavior: dismiss and notify, webauthn:extension:credBlob: true, webauthn:extension:largeBlob: true, webauthn:extension:minPinLength: true, webauthn:extension:prf: true, webauthn:virtualAuthenticators: true}
Element: [[ChromeDriver: chrome on windows (fd9774e2db2ab31141ffac8ff9d3fa5e)] -&gt; xpath: (//span[normalize-space()=&apos;Cancel&apos;])[1]]
Session ID: fd9774e2db2ab31141ffac8ff9d3fa5e
	at org.openqa.selenium.remote.ErrorCodec.decode(ErrorCodec.java:167)
	at org.openqa.selenium.remote.codec.w3c.W3CHttpResponseCodec.decode(W3CHttpResponseCodec.java:138)
	at org.openqa.selenium.remote.codec.w3c.W3CHttpResponseCodec.decode(W3CHttpResponseCodec.java:50)
	at org.openqa.selenium.remote.HttpCommandExecutor.execute(HttpCommandExecutor.java:190)
	at org.openqa.selenium.remote.service.DriverCommandExecutor.invokeExecute(DriverCommandExecutor.java:216)
	at org.openqa.selenium.remote.service.DriverCommandExecutor.execute(DriverCommandExecutor.java:174)
	at org.openqa.selenium.remote.RemoteWebDriver.execute(RemoteWebDriver.java:527)
	at org.openqa.selenium.remote.RemoteWebElement.execute(RemoteWebElement.java:223)
	at org.openqa.selenium.remote.RemoteWebElement.click(RemoteWebElement.java:76)
	at org.openqa.selenium.support.pagefactory.internal.LocatingElementHandler.invoke(LocatingElementHandler.java:51)
	at jdk.proxy2/jdk.proxy2.$Proxy43.click(Unknown Source)
	at com.Capium365.Actions.Capium365_Receipts_CreditNotes_Actions.ClickOnCancelButtonUploadPurchaseInvoice(Capium365_Receipts_CreditNotes_Actions.java:227)
	at com.Capium365.StepDefination.Capium365_Receipts_CreditNotes_Stepdefination.click_on_cancel_button(Capium365_Receipts_CreditNotes_Stepdefination.java:95)
	at ✽.Click on Cancel Button(file:///C:/Users/satishkumar.silphoz/Documents/2024Automation/2025/Capium365/src/test/resources/Capium365FeatureFiles/Capium365_Receipts_CreditNotes.feature:258)
... Removed 8 stack frames</pre></div><a href='#' onClick='toggleBox("stack-trace2017361658", this, "Click to show all stack frames", "Click to hide stack frames")'>Click to show all stack frames</a>
<div class='stack-trace' id='stack-trace2017361658'><pre>org.openqa.selenium.ElementNotInteractableException: element not interactable
  (Session info: chrome=138.0.7204.184)
Build info: version: &apos;4.23.0&apos;, revision: &apos;4df0a231af&apos;
System info: os.name: &apos;Windows Server 2019&apos;, os.arch: &apos;amd64&apos;, os.version: &apos;10.0&apos;, java.version: &apos;17.0.12&apos;
Driver info: org.openqa.selenium.chrome.ChromeDriver
Command: [fd9774e2db2ab31141ffac8ff9d3fa5e, clickElement {id=f.8ED67E2C0118D4AACE119FB50AC501CB.d.8AA6952C6CC69F9F266E437CDF0D0F55.e.379}]
Capabilities {acceptInsecureCerts: false, browserName: chrome, browserVersion: 138.0.7204.184, chrome: {chromedriverVersion: 138.0.7204.183 (e90faf484dd..., userDataDir: C:\Users\LOCAL_~1.SIL\Temp\...}, fedcm:accounts: true, goog:chromeOptions: {debuggerAddress: localhost:56505}, networkConnectionEnabled: false, pageLoadStrategy: normal, platformName: windows, proxy: Proxy(), se:cdp: ws://localhost:56505/devtoo..., se:cdpVersion: 138.0.7204.184, setWindowRect: true, strictFileInteractability: false, timeouts: {implicit: 0, pageLoad: 300000, script: 30000}, unhandledPromptBehavior: dismiss and notify, webauthn:extension:credBlob: true, webauthn:extension:largeBlob: true, webauthn:extension:minPinLength: true, webauthn:extension:prf: true, webauthn:virtualAuthenticators: true}
Element: [[ChromeDriver: chrome on windows (fd9774e2db2ab31141ffac8ff9d3fa5e)] -&gt; xpath: (//span[normalize-space()=&apos;Cancel&apos;])[1]]
Session ID: fd9774e2db2ab31141ffac8ff9d3fa5e
	at java.base/jdk.internal.reflect.NativeConstructorAccessorImpl.newInstance0(Native Method)
	at java.base/jdk.internal.reflect.NativeConstructorAccessorImpl.newInstance(NativeConstructorAccessorImpl.java:77)
	at java.base/jdk.internal.reflect.DelegatingConstructorAccessorImpl.newInstance(DelegatingConstructorAccessorImpl.java:45)
	at java.base/java.lang.reflect.Constructor.newInstanceWithCaller(Constructor.java:499)
	at java.base/java.lang.reflect.Constructor.newInstance(Constructor.java:480)
	at org.openqa.selenium.remote.ErrorCodec.decode(ErrorCodec.java:167)
	at org.openqa.selenium.remote.codec.w3c.W3CHttpResponseCodec.decode(W3CHttpResponseCodec.java:138)
	at org.openqa.selenium.remote.codec.w3c.W3CHttpResponseCodec.decode(W3CHttpResponseCodec.java:50)
	at org.openqa.selenium.remote.HttpCommandExecutor.execute(HttpCommandExecutor.java:190)
	at org.openqa.selenium.remote.service.DriverCommandExecutor.invokeExecute(DriverCommandExecutor.java:216)
	at org.openqa.selenium.remote.service.DriverCommandExecutor.execute(DriverCommandExecutor.java:174)
	at org.openqa.selenium.remote.RemoteWebDriver.execute(RemoteWebDriver.java:527)
	at org.openqa.selenium.remote.RemoteWebElement.execute(RemoteWebElement.java:223)
	at org.openqa.selenium.remote.RemoteWebElement.click(RemoteWebElement.java:76)
	at jdk.internal.reflect.GeneratedMethodAccessor161.invoke(Unknown Source)
	at java.base/jdk.internal.reflect.DelegatingMethodAccessorImpl.invoke(DelegatingMethodAccessorImpl.java:43)
	at java.base/java.lang.reflect.Method.invoke(Method.java:568)
	at org.openqa.selenium.support.pagefactory.internal.LocatingElementHandler.invoke(LocatingElementHandler.java:51)
	at jdk.proxy2/jdk.proxy2.$Proxy43.click(Unknown Source)
	at com.Capium365.Actions.Capium365_Receipts_CreditNotes_Actions.ClickOnCancelButtonUploadPurchaseInvoice(Capium365_Receipts_CreditNotes_Actions.java:227)
	at com.Capium365.StepDefination.Capium365_Receipts_CreditNotes_Stepdefination.click_on_cancel_button(Capium365_Receipts_CreditNotes_Stepdefination.java:95)
	at ✽.Click on Cancel Button(file:///C:/Users/satishkumar.silphoz/Documents/2024Automation/2025/Capium365/src/test/resources/Capium365FeatureFiles/Capium365_Receipts_CreditNotes.feature:258)
</pre></div></td>
<td>62</td>
<td>com.Capium365.RunnerFiles.Capium365_Receipts_CreditNotes_Runner@2e377400</td></tr>
<tr>
<td title='com.Capium365.RunnerFiles.Capium365_Receipts_PurchaseInvoice_Runner.runScenario()'><b>runScenario</b><br>Test class: com.Capium365.RunnerFiles.Capium365_Receipts_PurchaseInvoice_Runner<br>Test method: Runs Cucumber Scenarios<br>Parameters: "Validate Duplicate buttom in the main Grid", "Validating Purchase Invoice under Receipts tab"</td>
<td><div><pre>org.openqa.selenium.NoSuchElementException: no such element: Unable to locate element: {&quot;method&quot;:&quot;xpath&quot;,&quot;selector&quot;:&quot;//span[text()=&apos; Upload Purchase Invoices &apos;]&quot;}
  (Session info: chrome=138.0.7204.184)
For documentation on this error, please visit: https://www.selenium.dev/documentation/webdriver/troubleshooting/errors#no-such-element-exception
Build info: version: &apos;4.23.0&apos;, revision: &apos;4df0a231af&apos;
System info: os.name: &apos;Windows Server 2019&apos;, os.arch: &apos;amd64&apos;, os.version: &apos;10.0&apos;, java.version: &apos;17.0.12&apos;
Driver info: org.openqa.selenium.chrome.ChromeDriver
Command: [d5045c6099ec968cf763709de62ede76, findElement {value=//span[text()=&apos; Upload Purchase Invoices &apos;], using=xpath}]
Capabilities {acceptInsecureCerts: false, browserName: chrome, browserVersion: 138.0.7204.184, chrome: {chromedriverVersion: 138.0.7204.183 (e90faf484dd..., userDataDir: C:\Users\LOCAL_~1.SIL\Temp\...}, fedcm:accounts: true, goog:chromeOptions: {debuggerAddress: localhost:63542}, networkConnectionEnabled: false, pageLoadStrategy: normal, platformName: windows, proxy: Proxy(), se:cdp: ws://localhost:63542/devtoo..., se:cdpVersion: 138.0.7204.184, setWindowRect: true, strictFileInteractability: false, timeouts: {implicit: 0, pageLoad: 300000, script: 30000}, unhandledPromptBehavior: dismiss and notify, webauthn:extension:credBlob: true, webauthn:extension:largeBlob: true, webauthn:extension:minPinLength: true, webauthn:extension:prf: true, webauthn:virtualAuthenticators: true}
Session ID: d5045c6099ec968cf763709de62ede76
	at org.openqa.selenium.remote.ErrorCodec.decode(ErrorCodec.java:167)
	at org.openqa.selenium.remote.codec.w3c.W3CHttpResponseCodec.decode(W3CHttpResponseCodec.java:138)
	at org.openqa.selenium.remote.codec.w3c.W3CHttpResponseCodec.decode(W3CHttpResponseCodec.java:50)
	at org.openqa.selenium.remote.HttpCommandExecutor.execute(HttpCommandExecutor.java:190)
	at org.openqa.selenium.remote.service.DriverCommandExecutor.invokeExecute(DriverCommandExecutor.java:216)
	at org.openqa.selenium.remote.service.DriverCommandExecutor.execute(DriverCommandExecutor.java:174)
	at org.openqa.selenium.remote.RemoteWebDriver.execute(RemoteWebDriver.java:527)
	at org.openqa.selenium.remote.ElementLocation$ElementFinder$2.findElement(ElementLocation.java:165)
	at org.openqa.selenium.remote.ElementLocation.findElement(ElementLocation.java:59)
	at org.openqa.selenium.remote.RemoteWebDriver.findElement(RemoteWebDriver.java:357)
	at org.openqa.selenium.remote.RemoteWebDriver.findElement(RemoteWebDriver.java:351)
	at org.openqa.selenium.support.pagefactory.DefaultElementLocator.findElement(DefaultElementLocator.java:68)
	at org.openqa.selenium.support.pagefactory.internal.LocatingElementHandler.invoke(LocatingElementHandler.java:38)
	at jdk.proxy2/jdk.proxy2.$Proxy43.click(Unknown Source)
	at com.Capium365.Actions.Capium365_Receipts_PurchaseInvoice_Actions.ClickonUploadpurchaseInvoice2Button(Capium365_Receipts_PurchaseInvoice_Actions.java:59)
	at com.Capium365.StepDefination.Capium365_Receipts_PurchaseInvoice_Stepdefination.click_on_upload_purchase_invoice2buttton(Capium365_Receipts_PurchaseInvoice_Stepdefination.java:55)
	at ✽.Click on uploadPurchaseInvoice2Buttton(file:///C:/Users/satishkumar.silphoz/Documents/2024Automation/2025/Capium365/src/test/resources/Capium365FeatureFiles/Capium365_Receipts_PurchaseInvoice.feature:29)
... Removed 4 stack frames</pre></div><a href='#' onClick='toggleBox("stack-trace816279983", this, "Click to show all stack frames", "Click to hide stack frames")'>Click to show all stack frames</a>
<div class='stack-trace' id='stack-trace816279983'><pre>org.openqa.selenium.NoSuchElementException: no such element: Unable to locate element: {&quot;method&quot;:&quot;xpath&quot;,&quot;selector&quot;:&quot;//span[text()=&apos; Upload Purchase Invoices &apos;]&quot;}
  (Session info: chrome=138.0.7204.184)
For documentation on this error, please visit: https://www.selenium.dev/documentation/webdriver/troubleshooting/errors#no-such-element-exception
Build info: version: &apos;4.23.0&apos;, revision: &apos;4df0a231af&apos;
System info: os.name: &apos;Windows Server 2019&apos;, os.arch: &apos;amd64&apos;, os.version: &apos;10.0&apos;, java.version: &apos;17.0.12&apos;
Driver info: org.openqa.selenium.chrome.ChromeDriver
Command: [d5045c6099ec968cf763709de62ede76, findElement {value=//span[text()=&apos; Upload Purchase Invoices &apos;], using=xpath}]
Capabilities {acceptInsecureCerts: false, browserName: chrome, browserVersion: 138.0.7204.184, chrome: {chromedriverVersion: 138.0.7204.183 (e90faf484dd..., userDataDir: C:\Users\LOCAL_~1.SIL\Temp\...}, fedcm:accounts: true, goog:chromeOptions: {debuggerAddress: localhost:63542}, networkConnectionEnabled: false, pageLoadStrategy: normal, platformName: windows, proxy: Proxy(), se:cdp: ws://localhost:63542/devtoo..., se:cdpVersion: 138.0.7204.184, setWindowRect: true, strictFileInteractability: false, timeouts: {implicit: 0, pageLoad: 300000, script: 30000}, unhandledPromptBehavior: dismiss and notify, webauthn:extension:credBlob: true, webauthn:extension:largeBlob: true, webauthn:extension:minPinLength: true, webauthn:extension:prf: true, webauthn:virtualAuthenticators: true}
Session ID: d5045c6099ec968cf763709de62ede76
	at jdk.internal.reflect.GeneratedConstructorAccessor28.newInstance(Unknown Source)
	at java.base/jdk.internal.reflect.DelegatingConstructorAccessorImpl.newInstance(DelegatingConstructorAccessorImpl.java:45)
	at java.base/java.lang.reflect.Constructor.newInstanceWithCaller(Constructor.java:499)
	at java.base/java.lang.reflect.Constructor.newInstance(Constructor.java:480)
	at org.openqa.selenium.remote.ErrorCodec.decode(ErrorCodec.java:167)
	at org.openqa.selenium.remote.codec.w3c.W3CHttpResponseCodec.decode(W3CHttpResponseCodec.java:138)
	at org.openqa.selenium.remote.codec.w3c.W3CHttpResponseCodec.decode(W3CHttpResponseCodec.java:50)
	at org.openqa.selenium.remote.HttpCommandExecutor.execute(HttpCommandExecutor.java:190)
	at org.openqa.selenium.remote.service.DriverCommandExecutor.invokeExecute(DriverCommandExecutor.java:216)
	at org.openqa.selenium.remote.service.DriverCommandExecutor.execute(DriverCommandExecutor.java:174)
	at org.openqa.selenium.remote.RemoteWebDriver.execute(RemoteWebDriver.java:527)
	at org.openqa.selenium.remote.ElementLocation$ElementFinder$2.findElement(ElementLocation.java:165)
	at org.openqa.selenium.remote.ElementLocation.findElement(ElementLocation.java:59)
	at org.openqa.selenium.remote.RemoteWebDriver.findElement(RemoteWebDriver.java:357)
	at org.openqa.selenium.remote.RemoteWebDriver.findElement(RemoteWebDriver.java:351)
	at org.openqa.selenium.support.pagefactory.DefaultElementLocator.findElement(DefaultElementLocator.java:68)
	at org.openqa.selenium.support.pagefactory.internal.LocatingElementHandler.invoke(LocatingElementHandler.java:38)
	at jdk.proxy2/jdk.proxy2.$Proxy43.click(Unknown Source)
	at com.Capium365.Actions.Capium365_Receipts_PurchaseInvoice_Actions.ClickonUploadpurchaseInvoice2Button(Capium365_Receipts_PurchaseInvoice_Actions.java:59)
	at com.Capium365.StepDefination.Capium365_Receipts_PurchaseInvoice_Stepdefination.click_on_upload_purchase_invoice2buttton(Capium365_Receipts_PurchaseInvoice_Stepdefination.java:55)
	at ✽.Click on uploadPurchaseInvoice2Buttton(file:///C:/Users/satishkumar.silphoz/Documents/2024Automation/2025/Capium365/src/test/resources/Capium365FeatureFiles/Capium365_Receipts_PurchaseInvoice.feature:29)
</pre></div></td>
<td>51</td>
<td>com.Capium365.RunnerFiles.Capium365_Receipts_PurchaseInvoice_Runner@7494f96a</td></tr>
<tr>
<td title='com.Capium365.RunnerFiles.Capium365_BankTab_Runner.runScenario()'><b>runScenario</b><br>Test class: com.Capium365.RunnerFiles.Capium365_BankTab_Runner<br>Test method: Runs Cucumber Scenarios<br>Parameters: "Verify search bar in expand arrow", "Validate bank tab"</td>
<td><div><pre>org.openqa.selenium.TimeoutException: Expected condition failed: waiting for visibility of element located by By.xpath: //span[@title=&apos;TRANSACTION ACCOUNT 1 (0000)&apos;] (tried for 10 second(s) with 500 milliseconds interval)
Build info: version: &apos;4.23.0&apos;, revision: &apos;4df0a231af&apos;
System info: os.name: &apos;Windows Server 2019&apos;, os.arch: &apos;amd64&apos;, os.version: &apos;10.0&apos;, java.version: &apos;17.0.12&apos;
Driver info: org.openqa.selenium.chrome.ChromeDriver
Capabilities {acceptInsecureCerts: false, browserName: chrome, browserVersion: 138.0.7204.184, chrome: {chromedriverVersion: 138.0.7204.183 (e90faf484dd..., userDataDir: C:\Users\LOCAL_~1.SIL\Temp\...}, fedcm:accounts: true, goog:chromeOptions: {debuggerAddress: localhost:62325}, networkConnectionEnabled: false, pageLoadStrategy: normal, platformName: windows, proxy: Proxy(), se:cdp: ws://localhost:62325/devtoo..., se:cdpVersion: 138.0.7204.184, setWindowRect: true, strictFileInteractability: false, timeouts: {implicit: 0, pageLoad: 300000, script: 30000}, unhandledPromptBehavior: dismiss and notify, webauthn:extension:credBlob: true, webauthn:extension:largeBlob: true, webauthn:extension:minPinLength: true, webauthn:extension:prf: true, webauthn:virtualAuthenticators: true}
Session ID: 48c85357cc8a410b27498b5a216b5593
	at org.openqa.selenium.support.ui.WebDriverWait.timeoutException(WebDriverWait.java:84)
	at org.openqa.selenium.support.ui.FluentWait.until(FluentWait.java:228)
	at com.Capium365.Actions.Capium365_BankTab_Actions.entertextinsearchtextfieldandverify(Capium365_BankTab_Actions.java:390)
	at com.Capium365.StepDefination.Capium365_BankTab_Stepdefination.enter_in_text_in_search_text_field_and_verify(Capium365_BankTab_Stepdefination.java:175)
	at ✽.enter text in search text field and verify(file:///C:/Users/satishkumar.silphoz/Documents/2024Automation/2025/Capium365/src/test/resources/Capium365FeatureFiles/Capium365_BankTab.feature:106)
</pre></div><a href='#' onClick='toggleBox("stack-trace523603423", this, "Click to show all stack frames", "Click to hide stack frames")'>Click to show all stack frames</a>
<div class='stack-trace' id='stack-trace523603423'><pre>org.openqa.selenium.TimeoutException: Expected condition failed: waiting for visibility of element located by By.xpath: //span[@title=&apos;TRANSACTION ACCOUNT 1 (0000)&apos;] (tried for 10 second(s) with 500 milliseconds interval)
Build info: version: &apos;4.23.0&apos;, revision: &apos;4df0a231af&apos;
System info: os.name: &apos;Windows Server 2019&apos;, os.arch: &apos;amd64&apos;, os.version: &apos;10.0&apos;, java.version: &apos;17.0.12&apos;
Driver info: org.openqa.selenium.chrome.ChromeDriver
Capabilities {acceptInsecureCerts: false, browserName: chrome, browserVersion: 138.0.7204.184, chrome: {chromedriverVersion: 138.0.7204.183 (e90faf484dd..., userDataDir: C:\Users\LOCAL_~1.SIL\Temp\...}, fedcm:accounts: true, goog:chromeOptions: {debuggerAddress: localhost:62325}, networkConnectionEnabled: false, pageLoadStrategy: normal, platformName: windows, proxy: Proxy(), se:cdp: ws://localhost:62325/devtoo..., se:cdpVersion: 138.0.7204.184, setWindowRect: true, strictFileInteractability: false, timeouts: {implicit: 0, pageLoad: 300000, script: 30000}, unhandledPromptBehavior: dismiss and notify, webauthn:extension:credBlob: true, webauthn:extension:largeBlob: true, webauthn:extension:minPinLength: true, webauthn:extension:prf: true, webauthn:virtualAuthenticators: true}
Session ID: 48c85357cc8a410b27498b5a216b5593
	at org.openqa.selenium.support.ui.WebDriverWait.timeoutException(WebDriverWait.java:84)
	at org.openqa.selenium.support.ui.FluentWait.until(FluentWait.java:228)
	at com.Capium365.Actions.Capium365_BankTab_Actions.entertextinsearchtextfieldandverify(Capium365_BankTab_Actions.java:390)
	at com.Capium365.StepDefination.Capium365_BankTab_Stepdefination.enter_in_text_in_search_text_field_and_verify(Capium365_BankTab_Stepdefination.java:175)
	at ✽.enter text in search text field and verify(file:///C:/Users/satishkumar.silphoz/Documents/2024Automation/2025/Capium365/src/test/resources/Capium365FeatureFiles/Capium365_BankTab.feature:106)
</pre></div></td>
<td>45</td>
<td>com.Capium365.RunnerFiles.Capium365_BankTab_Runner@192c3f1e</td></tr>
<tr>
<td title='com.Capium365.RunnerFiles.Capium365_Dashboard_Runner.runScenario()'><b>runScenario</b><br>Test class: com.Capium365.RunnerFiles.Capium365_Dashboard_Runner<br>Test method: Runs Cucumber Scenarios<br>Parameters: "Add a new support ticket", "Dashboard Chart Validation"</td>
<td><div><pre>java.io.IOException: Cannot run program &quot;D:\Autoit\TicketUpload.exe&quot;: CreateProcess error=2, The system cannot find the file specified
	at java.base/java.lang.ProcessBuilder.start(ProcessBuilder.java:1143)
	at java.base/java.lang.ProcessBuilder.start(ProcessBuilder.java:1073)
	at java.base/java.lang.Runtime.exec(Runtime.java:594)
	at java.base/java.lang.Runtime.exec(Runtime.java:418)
	at java.base/java.lang.Runtime.exec(Runtime.java:315)
	at com.Capium365.Actions.Capium365_Dashboard_Actions.EnetrValidTicketDetails(Capium365_Dashboard_Actions.java:926)
	at com.Capium365.StepDefination.Capium365_Dashboardsteps_stepdefination.the_user_enters_valid_ticket_details(Capium365_Dashboardsteps_stepdefination.java:939)
	at ✽.the user enters valid ticket details(file:///C:/Users/satishkumar.silphoz/Documents/2024Automation/2025/Capium365/src/test/resources/Capium365FeatureFiles/Capium365_Dashboard.feature:377)
Caused by: java.io.IOException: CreateProcess error=2, The system cannot find the file specified
	at java.base/java.lang.ProcessImpl.create(Native Method)
	at java.base/java.lang.ProcessImpl.&lt;init&gt;(ProcessImpl.java:499)
	at java.base/java.lang.ProcessImpl.start(ProcessImpl.java:158)
	at java.base/java.lang.ProcessBuilder.start(ProcessBuilder.java:1110)
	at java.base/java.lang.ProcessBuilder.start(ProcessBuilder.java:1073)
	at java.base/java.lang.Runtime.exec(Runtime.java:594)
	at java.base/java.lang.Runtime.exec(Runtime.java:418)
	at java.base/java.lang.Runtime.exec(Runtime.java:315)
	at com.Capium365.Actions.Capium365_Dashboard_Actions.EnetrValidTicketDetails(Capium365_Dashboard_Actions.java:926)
	at com.Capium365.StepDefination.Capium365_Dashboardsteps_stepdefination.the_user_enters_valid_ticket_details(Capium365_Dashboardsteps_stepdefination.java:939)
	at io.cucumber.java.Invoker.doInvoke(Invoker.java:66)
	at io.cucumber.java.Invoker.invoke(Invoker.java:24)
	at io.cucumber.java.AbstractGlueDefinition.invokeMethod(AbstractGlueDefinition.java:47)
	at io.cucumber.java.JavaStepDefinition.execute(JavaStepDefinition.java:29)
	at io.cucumber.core.runner.CoreStepDefinition.execute(CoreStepDefinition.java:66)
	at io.cucumber.core.runner.PickleStepDefinitionMatch.runStep(PickleStepDefinitionMatch.java:63)
	at io.cucumber.core.runner.ExecutionMode$1.execute(ExecutionMode.java:10)
	at io.cucumber.core.runner.TestStep.executeStep(TestStep.java:81)
	at io.cucumber.core.runner.TestStep.run(TestStep.java:53)
	at io.cucumber.core.runner.PickleStepTestStep.run(PickleStepTestStep.java:51)
	at io.cucumber.core.runner.TestCase.run(TestCase.java:84)
	at io.cucumber.core.runner.Runner.runPickle(Runner.java:75)
	at io.cucumber.testng.TestNGCucumberRunner.lambda$runScenario$1(TestNGCucumberRunner.java:132)
	at io.cucumber.core.runtime.CucumberExecutionContext.lambda$runTestCase$5(CucumberExecutionContext.java:136)
	at io.cucumber.core.runtime.RethrowingThrowableCollector.executeAndThrow(RethrowingThrowableCollector.java:23)
	at io.cucumber.core.runtime.CucumberExecutionContext.runTestCase(CucumberExecutionContext.java:136)
	at io.cucumber.testng.TestNGCucumberRunner.runScenario(TestNGCucumberRunner.java:129)
	at io.cucumber.testng.AbstractTestNGCucumberTests.runScenario(AbstractTestNGCucumberTests.java:35)
	at java.base/java.util.ArrayList.forEach(ArrayList.java:1511)
... Removed 31 stack frames</pre></div><a href='#' onClick='toggleBox("stack-trace168060110", this, "Click to show all stack frames", "Click to hide stack frames")'>Click to show all stack frames</a>
<div class='stack-trace' id='stack-trace168060110'><pre>java.io.IOException: Cannot run program &quot;D:\Autoit\TicketUpload.exe&quot;: CreateProcess error=2, The system cannot find the file specified
	at java.base/java.lang.ProcessBuilder.start(ProcessBuilder.java:1143)
	at java.base/java.lang.ProcessBuilder.start(ProcessBuilder.java:1073)
	at java.base/java.lang.Runtime.exec(Runtime.java:594)
	at java.base/java.lang.Runtime.exec(Runtime.java:418)
	at java.base/java.lang.Runtime.exec(Runtime.java:315)
	at com.Capium365.Actions.Capium365_Dashboard_Actions.EnetrValidTicketDetails(Capium365_Dashboard_Actions.java:926)
	at com.Capium365.StepDefination.Capium365_Dashboardsteps_stepdefination.the_user_enters_valid_ticket_details(Capium365_Dashboardsteps_stepdefination.java:939)
	at ✽.the user enters valid ticket details(file:///C:/Users/satishkumar.silphoz/Documents/2024Automation/2025/Capium365/src/test/resources/Capium365FeatureFiles/Capium365_Dashboard.feature:377)
Caused by: java.io.IOException: CreateProcess error=2, The system cannot find the file specified
	at java.base/java.lang.ProcessImpl.create(Native Method)
	at java.base/java.lang.ProcessImpl.&lt;init&gt;(ProcessImpl.java:499)
	at java.base/java.lang.ProcessImpl.start(ProcessImpl.java:158)
	at java.base/java.lang.ProcessBuilder.start(ProcessBuilder.java:1110)
	at java.base/java.lang.ProcessBuilder.start(ProcessBuilder.java:1073)
	at java.base/java.lang.Runtime.exec(Runtime.java:594)
	at java.base/java.lang.Runtime.exec(Runtime.java:418)
	at java.base/java.lang.Runtime.exec(Runtime.java:315)
	at com.Capium365.Actions.Capium365_Dashboard_Actions.EnetrValidTicketDetails(Capium365_Dashboard_Actions.java:926)
	at com.Capium365.StepDefination.Capium365_Dashboardsteps_stepdefination.the_user_enters_valid_ticket_details(Capium365_Dashboardsteps_stepdefination.java:939)
	at java.base/jdk.internal.reflect.NativeMethodAccessorImpl.invoke0(Native Method)
	at java.base/jdk.internal.reflect.NativeMethodAccessorImpl.invoke(NativeMethodAccessorImpl.java:77)
	at java.base/jdk.internal.reflect.DelegatingMethodAccessorImpl.invoke(DelegatingMethodAccessorImpl.java:43)
	at java.base/java.lang.reflect.Method.invoke(Method.java:568)
	at io.cucumber.java.Invoker.doInvoke(Invoker.java:66)
	at io.cucumber.java.Invoker.invoke(Invoker.java:24)
	at io.cucumber.java.AbstractGlueDefinition.invokeMethod(AbstractGlueDefinition.java:47)
	at io.cucumber.java.JavaStepDefinition.execute(JavaStepDefinition.java:29)
	at io.cucumber.core.runner.CoreStepDefinition.execute(CoreStepDefinition.java:66)
	at io.cucumber.core.runner.PickleStepDefinitionMatch.runStep(PickleStepDefinitionMatch.java:63)
	at io.cucumber.core.runner.ExecutionMode$1.execute(ExecutionMode.java:10)
	at io.cucumber.core.runner.TestStep.executeStep(TestStep.java:81)
	at io.cucumber.core.runner.TestStep.run(TestStep.java:53)
	at io.cucumber.core.runner.PickleStepTestStep.run(PickleStepTestStep.java:51)
	at io.cucumber.core.runner.TestCase.run(TestCase.java:84)
	at io.cucumber.core.runner.Runner.runPickle(Runner.java:75)
	at io.cucumber.testng.TestNGCucumberRunner.lambda$runScenario$1(TestNGCucumberRunner.java:132)
	at io.cucumber.core.runtime.CucumberExecutionContext.lambda$runTestCase$5(CucumberExecutionContext.java:136)
	at io.cucumber.core.runtime.RethrowingThrowableCollector.executeAndThrow(RethrowingThrowableCollector.java:23)
	at io.cucumber.core.runtime.CucumberExecutionContext.runTestCase(CucumberExecutionContext.java:136)
	at io.cucumber.testng.TestNGCucumberRunner.runScenario(TestNGCucumberRunner.java:129)
	at io.cucumber.testng.AbstractTestNGCucumberTests.runScenario(AbstractTestNGCucumberTests.java:35)
	at java.base/jdk.internal.reflect.NativeMethodAccessorImpl.invoke0(Native Method)
	at java.base/jdk.internal.reflect.NativeMethodAccessorImpl.invoke(NativeMethodAccessorImpl.java:77)
	at java.base/jdk.internal.reflect.DelegatingMethodAccessorImpl.invoke(DelegatingMethodAccessorImpl.java:43)
	at java.base/java.lang.reflect.Method.invoke(Method.java:568)
	at org.testng.internal.invokers.MethodInvocationHelper.invokeMethod(MethodInvocationHelper.java:141)
	at org.testng.internal.invokers.TestInvoker.invokeMethod(TestInvoker.java:686)
	at org.testng.internal.invokers.TestInvoker.invokeTestMethod(TestInvoker.java:230)
	at org.testng.internal.invokers.MethodRunner.runInSequence(MethodRunner.java:63)
	at org.testng.internal.invokers.TestInvoker$MethodInvocationAgent.invoke(TestInvoker.java:992)
	at org.testng.internal.invokers.TestInvoker.invokeTestMethods(TestInvoker.java:203)
	at org.testng.internal.invokers.TestMethodWorker.invokeTestMethods(TestMethodWorker.java:154)
	at org.testng.internal.invokers.TestMethodWorker.run(TestMethodWorker.java:134)
	at java.base/java.util.ArrayList.forEach(ArrayList.java:1511)
	at org.testng.TestRunner.privateRun(TestRunner.java:739)
	at org.testng.TestRunner.run(TestRunner.java:614)
	at org.testng.SuiteRunner.runTest(SuiteRunner.java:421)
	at org.testng.SuiteRunner.runSequentially(SuiteRunner.java:413)
	at org.testng.SuiteRunner.privateRun(SuiteRunner.java:373)
	at org.testng.SuiteRunner.run(SuiteRunner.java:312)
	at org.testng.SuiteRunnerWorker.runSuite(SuiteRunnerWorker.java:52)
	at org.testng.SuiteRunnerWorker.run(SuiteRunnerWorker.java:95)
	at org.testng.TestNG.runSuitesSequentially(TestNG.java:1274)
	at org.testng.TestNG.runSuitesLocally(TestNG.java:1208)
	at org.testng.TestNG.runSuites(TestNG.java:1112)
	at org.testng.TestNG.run(TestNG.java:1079)
	at org.testng.remote.AbstractRemoteTestNG.run(AbstractRemoteTestNG.java:115)
	at org.testng.remote.RemoteTestNG.initAndRun(RemoteTestNG.java:293)
	at org.testng.remote.RemoteTestNG.main(RemoteTestNG.java:91)
</pre></div></td>
<td>81</td>
<td>com.Capium365.RunnerFiles.Capium365_Dashboard_Runner@8c3b9d</td></tr>
<tr>
<td title='com.Capium365.RunnerFiles.Capium365_Receipts_PurchaseInvoice_Runner.runScenario()'><b>runScenario</b><br>Test class: com.Capium365.RunnerFiles.Capium365_Receipts_PurchaseInvoice_Runner<br>Test method: Runs Cucumber Scenarios<br>Parameters: "Validate Process Duplicate Upload popup with Yes button", "Validating Purchase Invoice under Receipts tab"</td>
<td><div><pre>org.openqa.selenium.NoSuchElementException: no such element: Unable to locate element: {&quot;method&quot;:&quot;xpath&quot;,&quot;selector&quot;:&quot;//span[text()=&apos; Upload Purchase Invoices &apos;]&quot;}
  (Session info: chrome=138.0.7204.184)
For documentation on this error, please visit: https://www.selenium.dev/documentation/webdriver/troubleshooting/errors#no-such-element-exception
Build info: version: &apos;4.23.0&apos;, revision: &apos;4df0a231af&apos;
System info: os.name: &apos;Windows Server 2019&apos;, os.arch: &apos;amd64&apos;, os.version: &apos;10.0&apos;, java.version: &apos;17.0.12&apos;
Driver info: org.openqa.selenium.chrome.ChromeDriver
Command: [09ea1e6a7ea888832a463142a07331fe, findElement {value=//span[text()=&apos; Upload Purchase Invoices &apos;], using=xpath}]
Capabilities {acceptInsecureCerts: false, browserName: chrome, browserVersion: 138.0.7204.184, chrome: {chromedriverVersion: 138.0.7204.183 (e90faf484dd..., userDataDir: C:\Users\LOCAL_~1.SIL\Temp\...}, fedcm:accounts: true, goog:chromeOptions: {debuggerAddress: localhost:63744}, networkConnectionEnabled: false, pageLoadStrategy: normal, platformName: windows, proxy: Proxy(), se:cdp: ws://localhost:63744/devtoo..., se:cdpVersion: 138.0.7204.184, setWindowRect: true, strictFileInteractability: false, timeouts: {implicit: 0, pageLoad: 300000, script: 30000}, unhandledPromptBehavior: dismiss and notify, webauthn:extension:credBlob: true, webauthn:extension:largeBlob: true, webauthn:extension:minPinLength: true, webauthn:extension:prf: true, webauthn:virtualAuthenticators: true}
Session ID: 09ea1e6a7ea888832a463142a07331fe
	at org.openqa.selenium.remote.ErrorCodec.decode(ErrorCodec.java:167)
	at org.openqa.selenium.remote.codec.w3c.W3CHttpResponseCodec.decode(W3CHttpResponseCodec.java:138)
	at org.openqa.selenium.remote.codec.w3c.W3CHttpResponseCodec.decode(W3CHttpResponseCodec.java:50)
	at org.openqa.selenium.remote.HttpCommandExecutor.execute(HttpCommandExecutor.java:190)
	at org.openqa.selenium.remote.service.DriverCommandExecutor.invokeExecute(DriverCommandExecutor.java:216)
	at org.openqa.selenium.remote.service.DriverCommandExecutor.execute(DriverCommandExecutor.java:174)
	at org.openqa.selenium.remote.RemoteWebDriver.execute(RemoteWebDriver.java:527)
	at org.openqa.selenium.remote.ElementLocation$ElementFinder$2.findElement(ElementLocation.java:165)
	at org.openqa.selenium.remote.ElementLocation.findElement(ElementLocation.java:59)
	at org.openqa.selenium.remote.RemoteWebDriver.findElement(RemoteWebDriver.java:357)
	at org.openqa.selenium.remote.RemoteWebDriver.findElement(RemoteWebDriver.java:351)
	at org.openqa.selenium.support.pagefactory.DefaultElementLocator.findElement(DefaultElementLocator.java:68)
	at org.openqa.selenium.support.pagefactory.internal.LocatingElementHandler.invoke(LocatingElementHandler.java:38)
	at jdk.proxy2/jdk.proxy2.$Proxy43.click(Unknown Source)
	at com.Capium365.Actions.Capium365_Receipts_PurchaseInvoice_Actions.ClickonUploadpurchaseInvoice2Button(Capium365_Receipts_PurchaseInvoice_Actions.java:59)
	at com.Capium365.StepDefination.Capium365_Receipts_PurchaseInvoice_Stepdefination.click_on_upload_purchase_invoice2buttton(Capium365_Receipts_PurchaseInvoice_Stepdefination.java:55)
	at ✽.Click on uploadPurchaseInvoice2Buttton(file:///C:/Users/satishkumar.silphoz/Documents/2024Automation/2025/Capium365/src/test/resources/Capium365FeatureFiles/Capium365_Receipts_PurchaseInvoice.feature:54)
... Removed 4 stack frames</pre></div><a href='#' onClick='toggleBox("stack-trace1165336537", this, "Click to show all stack frames", "Click to hide stack frames")'>Click to show all stack frames</a>
<div class='stack-trace' id='stack-trace1165336537'><pre>org.openqa.selenium.NoSuchElementException: no such element: Unable to locate element: {&quot;method&quot;:&quot;xpath&quot;,&quot;selector&quot;:&quot;//span[text()=&apos; Upload Purchase Invoices &apos;]&quot;}
  (Session info: chrome=138.0.7204.184)
For documentation on this error, please visit: https://www.selenium.dev/documentation/webdriver/troubleshooting/errors#no-such-element-exception
Build info: version: &apos;4.23.0&apos;, revision: &apos;4df0a231af&apos;
System info: os.name: &apos;Windows Server 2019&apos;, os.arch: &apos;amd64&apos;, os.version: &apos;10.0&apos;, java.version: &apos;17.0.12&apos;
Driver info: org.openqa.selenium.chrome.ChromeDriver
Command: [09ea1e6a7ea888832a463142a07331fe, findElement {value=//span[text()=&apos; Upload Purchase Invoices &apos;], using=xpath}]
Capabilities {acceptInsecureCerts: false, browserName: chrome, browserVersion: 138.0.7204.184, chrome: {chromedriverVersion: 138.0.7204.183 (e90faf484dd..., userDataDir: C:\Users\LOCAL_~1.SIL\Temp\...}, fedcm:accounts: true, goog:chromeOptions: {debuggerAddress: localhost:63744}, networkConnectionEnabled: false, pageLoadStrategy: normal, platformName: windows, proxy: Proxy(), se:cdp: ws://localhost:63744/devtoo..., se:cdpVersion: 138.0.7204.184, setWindowRect: true, strictFileInteractability: false, timeouts: {implicit: 0, pageLoad: 300000, script: 30000}, unhandledPromptBehavior: dismiss and notify, webauthn:extension:credBlob: true, webauthn:extension:largeBlob: true, webauthn:extension:minPinLength: true, webauthn:extension:prf: true, webauthn:virtualAuthenticators: true}
Session ID: 09ea1e6a7ea888832a463142a07331fe
	at jdk.internal.reflect.GeneratedConstructorAccessor28.newInstance(Unknown Source)
	at java.base/jdk.internal.reflect.DelegatingConstructorAccessorImpl.newInstance(DelegatingConstructorAccessorImpl.java:45)
	at java.base/java.lang.reflect.Constructor.newInstanceWithCaller(Constructor.java:499)
	at java.base/java.lang.reflect.Constructor.newInstance(Constructor.java:480)
	at org.openqa.selenium.remote.ErrorCodec.decode(ErrorCodec.java:167)
	at org.openqa.selenium.remote.codec.w3c.W3CHttpResponseCodec.decode(W3CHttpResponseCodec.java:138)
	at org.openqa.selenium.remote.codec.w3c.W3CHttpResponseCodec.decode(W3CHttpResponseCodec.java:50)
	at org.openqa.selenium.remote.HttpCommandExecutor.execute(HttpCommandExecutor.java:190)
	at org.openqa.selenium.remote.service.DriverCommandExecutor.invokeExecute(DriverCommandExecutor.java:216)
	at org.openqa.selenium.remote.service.DriverCommandExecutor.execute(DriverCommandExecutor.java:174)
	at org.openqa.selenium.remote.RemoteWebDriver.execute(RemoteWebDriver.java:527)
	at org.openqa.selenium.remote.ElementLocation$ElementFinder$2.findElement(ElementLocation.java:165)
	at org.openqa.selenium.remote.ElementLocation.findElement(ElementLocation.java:59)
	at org.openqa.selenium.remote.RemoteWebDriver.findElement(RemoteWebDriver.java:357)
	at org.openqa.selenium.remote.RemoteWebDriver.findElement(RemoteWebDriver.java:351)
	at org.openqa.selenium.support.pagefactory.DefaultElementLocator.findElement(DefaultElementLocator.java:68)
	at org.openqa.selenium.support.pagefactory.internal.LocatingElementHandler.invoke(LocatingElementHandler.java:38)
	at jdk.proxy2/jdk.proxy2.$Proxy43.click(Unknown Source)
	at com.Capium365.Actions.Capium365_Receipts_PurchaseInvoice_Actions.ClickonUploadpurchaseInvoice2Button(Capium365_Receipts_PurchaseInvoice_Actions.java:59)
	at com.Capium365.StepDefination.Capium365_Receipts_PurchaseInvoice_Stepdefination.click_on_upload_purchase_invoice2buttton(Capium365_Receipts_PurchaseInvoice_Stepdefination.java:55)
	at ✽.Click on uploadPurchaseInvoice2Buttton(file:///C:/Users/satishkumar.silphoz/Documents/2024Automation/2025/Capium365/src/test/resources/Capium365FeatureFiles/Capium365_Receipts_PurchaseInvoice.feature:54)
</pre></div></td>
<td>50</td>
<td>com.Capium365.RunnerFiles.Capium365_Receipts_PurchaseInvoice_Runner@7494f96a</td></tr>
<tr>
<td title='com.Capium365.RunnerFiles.Capium365_BankTab_Runner.runScenario()'><b>runScenario</b><br>Test class: com.Capium365.RunnerFiles.Capium365_BankTab_Runner<br>Test method: Runs Cucumber Scenarios<br>Parameters: "Validate bank accounts from bussiness tab", "Validate bank tab"</td>
<td><div><pre>org.openqa.selenium.TimeoutException: Expected condition failed: waiting for visibility of element located by By.xpath: //span[@title=&apos;TRANSACTION ACCOUNT 1 (0000)&apos;] (tried for 10 second(s) with 500 milliseconds interval)
Build info: version: &apos;4.23.0&apos;, revision: &apos;4df0a231af&apos;
System info: os.name: &apos;Windows Server 2019&apos;, os.arch: &apos;amd64&apos;, os.version: &apos;10.0&apos;, java.version: &apos;17.0.12&apos;
Driver info: org.openqa.selenium.chrome.ChromeDriver
Capabilities {acceptInsecureCerts: false, browserName: chrome, browserVersion: 138.0.7204.184, chrome: {chromedriverVersion: 138.0.7204.183 (e90faf484dd..., userDataDir: C:\Users\LOCAL_~1.SIL\Temp\...}, fedcm:accounts: true, goog:chromeOptions: {debuggerAddress: localhost:61874}, networkConnectionEnabled: false, pageLoadStrategy: normal, platformName: windows, proxy: Proxy(), se:cdp: ws://localhost:61874/devtoo..., se:cdpVersion: 138.0.7204.184, setWindowRect: true, strictFileInteractability: false, timeouts: {implicit: 0, pageLoad: 300000, script: 30000}, unhandledPromptBehavior: dismiss and notify, webauthn:extension:credBlob: true, webauthn:extension:largeBlob: true, webauthn:extension:minPinLength: true, webauthn:extension:prf: true, webauthn:virtualAuthenticators: true}
Session ID: 94226ac5e9453e1e529929692b552d8c
	at org.openqa.selenium.support.ui.WebDriverWait.timeoutException(WebDriverWait.java:84)
	at org.openqa.selenium.support.ui.FluentWait.until(FluentWait.java:228)
	at com.Capium365.Actions.Capium365_BankTab_Actions.Comparethebankaccountsinbanktabandbussinesstab(Capium365_BankTab_Actions.java:302)
	at com.Capium365.StepDefination.Capium365_BankTab_Stepdefination.get_the_data_of_bank_account_and_store(Capium365_BankTab_Stepdefination.java:144)
	at ✽.Compare the bank accounts in bank tab and bussiness tab(file:///C:/Users/satishkumar.silphoz/Documents/2024Automation/2025/Capium365/src/test/resources/Capium365FeatureFiles/Capium365_BankTab.feature:78)
</pre></div><a href='#' onClick='toggleBox("stack-trace285269196", this, "Click to show all stack frames", "Click to hide stack frames")'>Click to show all stack frames</a>
<div class='stack-trace' id='stack-trace285269196'><pre>org.openqa.selenium.TimeoutException: Expected condition failed: waiting for visibility of element located by By.xpath: //span[@title=&apos;TRANSACTION ACCOUNT 1 (0000)&apos;] (tried for 10 second(s) with 500 milliseconds interval)
Build info: version: &apos;4.23.0&apos;, revision: &apos;4df0a231af&apos;
System info: os.name: &apos;Windows Server 2019&apos;, os.arch: &apos;amd64&apos;, os.version: &apos;10.0&apos;, java.version: &apos;17.0.12&apos;
Driver info: org.openqa.selenium.chrome.ChromeDriver
Capabilities {acceptInsecureCerts: false, browserName: chrome, browserVersion: 138.0.7204.184, chrome: {chromedriverVersion: 138.0.7204.183 (e90faf484dd..., userDataDir: C:\Users\LOCAL_~1.SIL\Temp\...}, fedcm:accounts: true, goog:chromeOptions: {debuggerAddress: localhost:61874}, networkConnectionEnabled: false, pageLoadStrategy: normal, platformName: windows, proxy: Proxy(), se:cdp: ws://localhost:61874/devtoo..., se:cdpVersion: 138.0.7204.184, setWindowRect: true, strictFileInteractability: false, timeouts: {implicit: 0, pageLoad: 300000, script: 30000}, unhandledPromptBehavior: dismiss and notify, webauthn:extension:credBlob: true, webauthn:extension:largeBlob: true, webauthn:extension:minPinLength: true, webauthn:extension:prf: true, webauthn:virtualAuthenticators: true}
Session ID: 94226ac5e9453e1e529929692b552d8c
	at org.openqa.selenium.support.ui.WebDriverWait.timeoutException(WebDriverWait.java:84)
	at org.openqa.selenium.support.ui.FluentWait.until(FluentWait.java:228)
	at com.Capium365.Actions.Capium365_BankTab_Actions.Comparethebankaccountsinbanktabandbussinesstab(Capium365_BankTab_Actions.java:302)
	at com.Capium365.StepDefination.Capium365_BankTab_Stepdefination.get_the_data_of_bank_account_and_store(Capium365_BankTab_Stepdefination.java:144)
	at ✽.Compare the bank accounts in bank tab and bussiness tab(file:///C:/Users/satishkumar.silphoz/Documents/2024Automation/2025/Capium365/src/test/resources/Capium365FeatureFiles/Capium365_BankTab.feature:78)
</pre></div></td>
<td>48</td>
<td>com.Capium365.RunnerFiles.Capium365_BankTab_Runner@192c3f1e</td></tr>
<tr>
<td title='com.Capium365.RunnerFiles.Capium365_Dashboard_Runner.runScenario()'><b>runScenario</b><br>Test class: com.Capium365.RunnerFiles.Capium365_Dashboard_Runner<br>Test method: Runs Cucumber Scenarios<br>Parameters: "Verify Expenses "<Time Filter>" Flow donut chart displays correct data for selected time filter", "Dashboard Chart Validation"</td>
<td><div><pre>org.openqa.selenium.TimeoutException: Expected condition failed: waiting for visibility of element located by By.xpath: //span[normalize-space()=&apos;Expense Flow&apos;]/ancestor::div[contains(@class,&apos;chart-wrapper&apos;)] (tried for 10 second(s) with 500 milliseconds interval)
Build info: version: &apos;4.23.0&apos;, revision: &apos;4df0a231af&apos;
System info: os.name: &apos;Windows Server 2019&apos;, os.arch: &apos;amd64&apos;, os.version: &apos;10.0&apos;, java.version: &apos;17.0.12&apos;
Driver info: org.openqa.selenium.chrome.ChromeDriver
Capabilities {acceptInsecureCerts: false, browserName: chrome, browserVersion: 138.0.7204.184, chrome: {chromedriverVersion: 138.0.7204.183 (e90faf484dd..., userDataDir: C:\Users\LOCAL_~1.SIL\Temp\...}, fedcm:accounts: true, goog:chromeOptions: {debuggerAddress: localhost:58459}, networkConnectionEnabled: false, pageLoadStrategy: normal, platformName: windows, proxy: Proxy(), se:cdp: ws://localhost:58459/devtoo..., se:cdpVersion: 138.0.7204.184, setWindowRect: true, strictFileInteractability: false, timeouts: {implicit: 0, pageLoad: 300000, script: 30000}, unhandledPromptBehavior: dismiss and notify, webauthn:extension:credBlob: true, webauthn:extension:largeBlob: true, webauthn:extension:minPinLength: true, webauthn:extension:prf: true, webauthn:virtualAuthenticators: true}
Session ID: 23f9bba94d79fd41d74d0317d7680665
	at org.openqa.selenium.support.ui.WebDriverWait.timeoutException(WebDriverWait.java:84)
	at org.openqa.selenium.support.ui.FluentWait.until(FluentWait.java:228)
	at com.Capium365.Actions.Capium365_Dashboard_Actions.ScrollToExpensesFlow(Capium365_Dashboard_Actions.java:371)
	at com.Capium365.StepDefination.Capium365_Dashboardsteps_stepdefination.user_is_on_the_expenses_flow_dashboard(Capium365_Dashboardsteps_stepdefination.java:322)
	at ✽.user is on the Expenses Flow dashboard(file:///C:/Users/satishkumar.silphoz/Documents/2024Automation/2025/Capium365/src/test/resources/Capium365FeatureFiles/Capium365_Dashboard.feature:131)
</pre></div><a href='#' onClick='toggleBox("stack-trace2078248082", this, "Click to show all stack frames", "Click to hide stack frames")'>Click to show all stack frames</a>
<div class='stack-trace' id='stack-trace2078248082'><pre>org.openqa.selenium.TimeoutException: Expected condition failed: waiting for visibility of element located by By.xpath: //span[normalize-space()=&apos;Expense Flow&apos;]/ancestor::div[contains(@class,&apos;chart-wrapper&apos;)] (tried for 10 second(s) with 500 milliseconds interval)
Build info: version: &apos;4.23.0&apos;, revision: &apos;4df0a231af&apos;
System info: os.name: &apos;Windows Server 2019&apos;, os.arch: &apos;amd64&apos;, os.version: &apos;10.0&apos;, java.version: &apos;17.0.12&apos;
Driver info: org.openqa.selenium.chrome.ChromeDriver
Capabilities {acceptInsecureCerts: false, browserName: chrome, browserVersion: 138.0.7204.184, chrome: {chromedriverVersion: 138.0.7204.183 (e90faf484dd..., userDataDir: C:\Users\LOCAL_~1.SIL\Temp\...}, fedcm:accounts: true, goog:chromeOptions: {debuggerAddress: localhost:58459}, networkConnectionEnabled: false, pageLoadStrategy: normal, platformName: windows, proxy: Proxy(), se:cdp: ws://localhost:58459/devtoo..., se:cdpVersion: 138.0.7204.184, setWindowRect: true, strictFileInteractability: false, timeouts: {implicit: 0, pageLoad: 300000, script: 30000}, unhandledPromptBehavior: dismiss and notify, webauthn:extension:credBlob: true, webauthn:extension:largeBlob: true, webauthn:extension:minPinLength: true, webauthn:extension:prf: true, webauthn:virtualAuthenticators: true}
Session ID: 23f9bba94d79fd41d74d0317d7680665
	at org.openqa.selenium.support.ui.WebDriverWait.timeoutException(WebDriverWait.java:84)
	at org.openqa.selenium.support.ui.FluentWait.until(FluentWait.java:228)
	at com.Capium365.Actions.Capium365_Dashboard_Actions.ScrollToExpensesFlow(Capium365_Dashboard_Actions.java:371)
	at com.Capium365.StepDefination.Capium365_Dashboardsteps_stepdefination.user_is_on_the_expenses_flow_dashboard(Capium365_Dashboardsteps_stepdefination.java:322)
	at ✽.user is on the Expenses Flow dashboard(file:///C:/Users/satishkumar.silphoz/Documents/2024Automation/2025/Capium365/src/test/resources/Capium365FeatureFiles/Capium365_Dashboard.feature:131)
</pre></div></td>
<td>102</td>
<td>com.Capium365.RunnerFiles.Capium365_Dashboard_Runner@8c3b9d</td></tr>
<tr>
<td title='com.Capium365.RunnerFiles.Capium365_Receipts_PurchaseInvoice_Runner.runScenario()'><b>runScenario</b><br>Test class: com.Capium365.RunnerFiles.Capium365_Receipts_PurchaseInvoice_Runner<br>Test method: Runs Cucumber Scenarios<br>Parameters: "Validate Process Duplicate Upload popup with No button", "Validating Purchase Invoice under Receipts tab"</td>
<td><div><pre>org.openqa.selenium.NoSuchElementException: no such element: Unable to locate element: {&quot;method&quot;:&quot;xpath&quot;,&quot;selector&quot;:&quot;//span[text()=&apos; Upload Purchase Invoices &apos;]&quot;}
  (Session info: chrome=138.0.7204.184)
For documentation on this error, please visit: https://www.selenium.dev/documentation/webdriver/troubleshooting/errors#no-such-element-exception
Build info: version: &apos;4.23.0&apos;, revision: &apos;4df0a231af&apos;
System info: os.name: &apos;Windows Server 2019&apos;, os.arch: &apos;amd64&apos;, os.version: &apos;10.0&apos;, java.version: &apos;17.0.12&apos;
Driver info: org.openqa.selenium.chrome.ChromeDriver
Command: [67ad9fab721b22a78c4da13a523a85d1, findElement {value=//span[text()=&apos; Upload Purchase Invoices &apos;], using=xpath}]
Capabilities {acceptInsecureCerts: false, browserName: chrome, browserVersion: 138.0.7204.184, chrome: {chromedriverVersion: 138.0.7204.183 (e90faf484dd..., userDataDir: C:\Users\LOCAL_~1.SIL\Temp\...}, fedcm:accounts: true, goog:chromeOptions: {debuggerAddress: localhost:63854}, networkConnectionEnabled: false, pageLoadStrategy: normal, platformName: windows, proxy: Proxy(), se:cdp: ws://localhost:63854/devtoo..., se:cdpVersion: 138.0.7204.184, setWindowRect: true, strictFileInteractability: false, timeouts: {implicit: 0, pageLoad: 300000, script: 30000}, unhandledPromptBehavior: dismiss and notify, webauthn:extension:credBlob: true, webauthn:extension:largeBlob: true, webauthn:extension:minPinLength: true, webauthn:extension:prf: true, webauthn:virtualAuthenticators: true}
Session ID: 67ad9fab721b22a78c4da13a523a85d1
	at org.openqa.selenium.remote.ErrorCodec.decode(ErrorCodec.java:167)
	at org.openqa.selenium.remote.codec.w3c.W3CHttpResponseCodec.decode(W3CHttpResponseCodec.java:138)
	at org.openqa.selenium.remote.codec.w3c.W3CHttpResponseCodec.decode(W3CHttpResponseCodec.java:50)
	at org.openqa.selenium.remote.HttpCommandExecutor.execute(HttpCommandExecutor.java:190)
	at org.openqa.selenium.remote.service.DriverCommandExecutor.invokeExecute(DriverCommandExecutor.java:216)
	at org.openqa.selenium.remote.service.DriverCommandExecutor.execute(DriverCommandExecutor.java:174)
	at org.openqa.selenium.remote.RemoteWebDriver.execute(RemoteWebDriver.java:527)
	at org.openqa.selenium.remote.ElementLocation$ElementFinder$2.findElement(ElementLocation.java:165)
	at org.openqa.selenium.remote.ElementLocation.findElement(ElementLocation.java:59)
	at org.openqa.selenium.remote.RemoteWebDriver.findElement(RemoteWebDriver.java:357)
	at org.openqa.selenium.remote.RemoteWebDriver.findElement(RemoteWebDriver.java:351)
	at org.openqa.selenium.support.pagefactory.DefaultElementLocator.findElement(DefaultElementLocator.java:68)
	at org.openqa.selenium.support.pagefactory.internal.LocatingElementHandler.invoke(LocatingElementHandler.java:38)
	at jdk.proxy2/jdk.proxy2.$Proxy43.click(Unknown Source)
	at com.Capium365.Actions.Capium365_Receipts_PurchaseInvoice_Actions.ClickonUploadpurchaseInvoice2Button(Capium365_Receipts_PurchaseInvoice_Actions.java:59)
	at com.Capium365.StepDefination.Capium365_Receipts_PurchaseInvoice_Stepdefination.click_on_upload_purchase_invoice2buttton(Capium365_Receipts_PurchaseInvoice_Stepdefination.java:55)
	at ✽.Click on uploadPurchaseInvoice2Buttton(file:///C:/Users/satishkumar.silphoz/Documents/2024Automation/2025/Capium365/src/test/resources/Capium365FeatureFiles/Capium365_Receipts_PurchaseInvoice.feature:67)
... Removed 4 stack frames</pre></div><a href='#' onClick='toggleBox("stack-trace530522674", this, "Click to show all stack frames", "Click to hide stack frames")'>Click to show all stack frames</a>
<div class='stack-trace' id='stack-trace530522674'><pre>org.openqa.selenium.NoSuchElementException: no such element: Unable to locate element: {&quot;method&quot;:&quot;xpath&quot;,&quot;selector&quot;:&quot;//span[text()=&apos; Upload Purchase Invoices &apos;]&quot;}
  (Session info: chrome=138.0.7204.184)
For documentation on this error, please visit: https://www.selenium.dev/documentation/webdriver/troubleshooting/errors#no-such-element-exception
Build info: version: &apos;4.23.0&apos;, revision: &apos;4df0a231af&apos;
System info: os.name: &apos;Windows Server 2019&apos;, os.arch: &apos;amd64&apos;, os.version: &apos;10.0&apos;, java.version: &apos;17.0.12&apos;
Driver info: org.openqa.selenium.chrome.ChromeDriver
Command: [67ad9fab721b22a78c4da13a523a85d1, findElement {value=//span[text()=&apos; Upload Purchase Invoices &apos;], using=xpath}]
Capabilities {acceptInsecureCerts: false, browserName: chrome, browserVersion: 138.0.7204.184, chrome: {chromedriverVersion: 138.0.7204.183 (e90faf484dd..., userDataDir: C:\Users\LOCAL_~1.SIL\Temp\...}, fedcm:accounts: true, goog:chromeOptions: {debuggerAddress: localhost:63854}, networkConnectionEnabled: false, pageLoadStrategy: normal, platformName: windows, proxy: Proxy(), se:cdp: ws://localhost:63854/devtoo..., se:cdpVersion: 138.0.7204.184, setWindowRect: true, strictFileInteractability: false, timeouts: {implicit: 0, pageLoad: 300000, script: 30000}, unhandledPromptBehavior: dismiss and notify, webauthn:extension:credBlob: true, webauthn:extension:largeBlob: true, webauthn:extension:minPinLength: true, webauthn:extension:prf: true, webauthn:virtualAuthenticators: true}
Session ID: 67ad9fab721b22a78c4da13a523a85d1
	at jdk.internal.reflect.GeneratedConstructorAccessor28.newInstance(Unknown Source)
	at java.base/jdk.internal.reflect.DelegatingConstructorAccessorImpl.newInstance(DelegatingConstructorAccessorImpl.java:45)
	at java.base/java.lang.reflect.Constructor.newInstanceWithCaller(Constructor.java:499)
	at java.base/java.lang.reflect.Constructor.newInstance(Constructor.java:480)
	at org.openqa.selenium.remote.ErrorCodec.decode(ErrorCodec.java:167)
	at org.openqa.selenium.remote.codec.w3c.W3CHttpResponseCodec.decode(W3CHttpResponseCodec.java:138)
	at org.openqa.selenium.remote.codec.w3c.W3CHttpResponseCodec.decode(W3CHttpResponseCodec.java:50)
	at org.openqa.selenium.remote.HttpCommandExecutor.execute(HttpCommandExecutor.java:190)
	at org.openqa.selenium.remote.service.DriverCommandExecutor.invokeExecute(DriverCommandExecutor.java:216)
	at org.openqa.selenium.remote.service.DriverCommandExecutor.execute(DriverCommandExecutor.java:174)
	at org.openqa.selenium.remote.RemoteWebDriver.execute(RemoteWebDriver.java:527)
	at org.openqa.selenium.remote.ElementLocation$ElementFinder$2.findElement(ElementLocation.java:165)
	at org.openqa.selenium.remote.ElementLocation.findElement(ElementLocation.java:59)
	at org.openqa.selenium.remote.RemoteWebDriver.findElement(RemoteWebDriver.java:357)
	at org.openqa.selenium.remote.RemoteWebDriver.findElement(RemoteWebDriver.java:351)
	at org.openqa.selenium.support.pagefactory.DefaultElementLocator.findElement(DefaultElementLocator.java:68)
	at org.openqa.selenium.support.pagefactory.internal.LocatingElementHandler.invoke(LocatingElementHandler.java:38)
	at jdk.proxy2/jdk.proxy2.$Proxy43.click(Unknown Source)
	at com.Capium365.Actions.Capium365_Receipts_PurchaseInvoice_Actions.ClickonUploadpurchaseInvoice2Button(Capium365_Receipts_PurchaseInvoice_Actions.java:59)
	at com.Capium365.StepDefination.Capium365_Receipts_PurchaseInvoice_Stepdefination.click_on_upload_purchase_invoice2buttton(Capium365_Receipts_PurchaseInvoice_Stepdefination.java:55)
	at ✽.Click on uploadPurchaseInvoice2Buttton(file:///C:/Users/satishkumar.silphoz/Documents/2024Automation/2025/Capium365/src/test/resources/Capium365FeatureFiles/Capium365_Receipts_PurchaseInvoice.feature:67)
</pre></div></td>
<td>50</td>
<td>com.Capium365.RunnerFiles.Capium365_Receipts_PurchaseInvoice_Runner@7494f96a</td></tr>
<tr>
<td title='com.Capium365.RunnerFiles.Capium365_Receipts_CreditNotes_Runner.runScenario()'><b>runScenario</b><br>Test class: com.Capium365.RunnerFiles.Capium365_Receipts_CreditNotes_Runner<br>Test method: Runs Cucumber Scenarios<br>Parameters: "Valdidate Duplicate popup", "Capium365 Receipts under Credit Notes"</td>
<td><div><pre>org.openqa.selenium.NoSuchElementException: no such element: Unable to locate element: {&quot;method&quot;:&quot;xpath&quot;,&quot;selector&quot;:&quot;//span[normalize-space()=&apos;Upload Credit Notes&apos;]&quot;}
  (Session info: chrome=138.0.7204.184)
For documentation on this error, please visit: https://www.selenium.dev/documentation/webdriver/troubleshooting/errors#no-such-element-exception
Build info: version: &apos;4.23.0&apos;, revision: &apos;4df0a231af&apos;
System info: os.name: &apos;Windows Server 2019&apos;, os.arch: &apos;amd64&apos;, os.version: &apos;10.0&apos;, java.version: &apos;17.0.12&apos;
Driver info: org.openqa.selenium.chrome.ChromeDriver
Command: [f83653d502f1825ef0765946d6254558, findElement {value=//span[normalize-space()=&apos;Upload Credit Notes&apos;], using=xpath}]
Capabilities {acceptInsecureCerts: false, browserName: chrome, browserVersion: 138.0.7204.184, chrome: {chromedriverVersion: 138.0.7204.183 (e90faf484dd..., userDataDir: C:\Users\LOCAL_~1.SIL\Temp\...}, fedcm:accounts: true, goog:chromeOptions: {debuggerAddress: localhost:56183}, networkConnectionEnabled: false, pageLoadStrategy: normal, platformName: windows, proxy: Proxy(), se:cdp: ws://localhost:56183/devtoo..., se:cdpVersion: 138.0.7204.184, setWindowRect: true, strictFileInteractability: false, timeouts: {implicit: 0, pageLoad: 300000, script: 30000}, unhandledPromptBehavior: dismiss and notify, webauthn:extension:credBlob: true, webauthn:extension:largeBlob: true, webauthn:extension:minPinLength: true, webauthn:extension:prf: true, webauthn:virtualAuthenticators: true}
Session ID: f83653d502f1825ef0765946d6254558
	at org.openqa.selenium.remote.ErrorCodec.decode(ErrorCodec.java:167)
	at org.openqa.selenium.remote.codec.w3c.W3CHttpResponseCodec.decode(W3CHttpResponseCodec.java:138)
	at org.openqa.selenium.remote.codec.w3c.W3CHttpResponseCodec.decode(W3CHttpResponseCodec.java:50)
	at org.openqa.selenium.remote.HttpCommandExecutor.execute(HttpCommandExecutor.java:190)
	at org.openqa.selenium.remote.service.DriverCommandExecutor.invokeExecute(DriverCommandExecutor.java:216)
	at org.openqa.selenium.remote.service.DriverCommandExecutor.execute(DriverCommandExecutor.java:174)
	at org.openqa.selenium.remote.RemoteWebDriver.execute(RemoteWebDriver.java:527)
	at org.openqa.selenium.remote.ElementLocation$ElementFinder$2.findElement(ElementLocation.java:165)
	at org.openqa.selenium.remote.ElementLocation.findElement(ElementLocation.java:59)
	at org.openqa.selenium.remote.RemoteWebDriver.findElement(RemoteWebDriver.java:357)
	at org.openqa.selenium.remote.RemoteWebDriver.findElement(RemoteWebDriver.java:351)
	at org.openqa.selenium.support.pagefactory.DefaultElementLocator.findElement(DefaultElementLocator.java:68)
	at org.openqa.selenium.support.pagefactory.internal.LocatingElementHandler.invoke(LocatingElementHandler.java:38)
	at jdk.proxy2/jdk.proxy2.$Proxy43.click(Unknown Source)
	at com.Capium365.Actions.Capium365_Receipts_CreditNotes_Actions.ClickonUploadCreditNotes2Button(Capium365_Receipts_CreditNotes_Actions.java:222)
	at com.Capium365.StepDefination.Capium365_Receipts_CreditNotes_Stepdefination.click_on_upload_credit_notes2buttton(Capium365_Receipts_CreditNotes_Stepdefination.java:82)
	at ✽.Click on uploadCreditNotes2Buttton(file:///C:/Users/satishkumar.silphoz/Documents/2024Automation/2025/Capium365/src/test/resources/Capium365FeatureFiles/Capium365_Receipts_CreditNotes.feature:217)
... Removed 4 stack frames</pre></div><a href='#' onClick='toggleBox("stack-trace2012830583", this, "Click to show all stack frames", "Click to hide stack frames")'>Click to show all stack frames</a>
<div class='stack-trace' id='stack-trace2012830583'><pre>org.openqa.selenium.NoSuchElementException: no such element: Unable to locate element: {&quot;method&quot;:&quot;xpath&quot;,&quot;selector&quot;:&quot;//span[normalize-space()=&apos;Upload Credit Notes&apos;]&quot;}
  (Session info: chrome=138.0.7204.184)
For documentation on this error, please visit: https://www.selenium.dev/documentation/webdriver/troubleshooting/errors#no-such-element-exception
Build info: version: &apos;4.23.0&apos;, revision: &apos;4df0a231af&apos;
System info: os.name: &apos;Windows Server 2019&apos;, os.arch: &apos;amd64&apos;, os.version: &apos;10.0&apos;, java.version: &apos;17.0.12&apos;
Driver info: org.openqa.selenium.chrome.ChromeDriver
Command: [f83653d502f1825ef0765946d6254558, findElement {value=//span[normalize-space()=&apos;Upload Credit Notes&apos;], using=xpath}]
Capabilities {acceptInsecureCerts: false, browserName: chrome, browserVersion: 138.0.7204.184, chrome: {chromedriverVersion: 138.0.7204.183 (e90faf484dd..., userDataDir: C:\Users\LOCAL_~1.SIL\Temp\...}, fedcm:accounts: true, goog:chromeOptions: {debuggerAddress: localhost:56183}, networkConnectionEnabled: false, pageLoadStrategy: normal, platformName: windows, proxy: Proxy(), se:cdp: ws://localhost:56183/devtoo..., se:cdpVersion: 138.0.7204.184, setWindowRect: true, strictFileInteractability: false, timeouts: {implicit: 0, pageLoad: 300000, script: 30000}, unhandledPromptBehavior: dismiss and notify, webauthn:extension:credBlob: true, webauthn:extension:largeBlob: true, webauthn:extension:minPinLength: true, webauthn:extension:prf: true, webauthn:virtualAuthenticators: true}
Session ID: f83653d502f1825ef0765946d6254558
	at jdk.internal.reflect.GeneratedConstructorAccessor28.newInstance(Unknown Source)
	at java.base/jdk.internal.reflect.DelegatingConstructorAccessorImpl.newInstance(DelegatingConstructorAccessorImpl.java:45)
	at java.base/java.lang.reflect.Constructor.newInstanceWithCaller(Constructor.java:499)
	at java.base/java.lang.reflect.Constructor.newInstance(Constructor.java:480)
	at org.openqa.selenium.remote.ErrorCodec.decode(ErrorCodec.java:167)
	at org.openqa.selenium.remote.codec.w3c.W3CHttpResponseCodec.decode(W3CHttpResponseCodec.java:138)
	at org.openqa.selenium.remote.codec.w3c.W3CHttpResponseCodec.decode(W3CHttpResponseCodec.java:50)
	at org.openqa.selenium.remote.HttpCommandExecutor.execute(HttpCommandExecutor.java:190)
	at org.openqa.selenium.remote.service.DriverCommandExecutor.invokeExecute(DriverCommandExecutor.java:216)
	at org.openqa.selenium.remote.service.DriverCommandExecutor.execute(DriverCommandExecutor.java:174)
	at org.openqa.selenium.remote.RemoteWebDriver.execute(RemoteWebDriver.java:527)
	at org.openqa.selenium.remote.ElementLocation$ElementFinder$2.findElement(ElementLocation.java:165)
	at org.openqa.selenium.remote.ElementLocation.findElement(ElementLocation.java:59)
	at org.openqa.selenium.remote.RemoteWebDriver.findElement(RemoteWebDriver.java:357)
	at org.openqa.selenium.remote.RemoteWebDriver.findElement(RemoteWebDriver.java:351)
	at org.openqa.selenium.support.pagefactory.DefaultElementLocator.findElement(DefaultElementLocator.java:68)
	at org.openqa.selenium.support.pagefactory.internal.LocatingElementHandler.invoke(LocatingElementHandler.java:38)
	at jdk.proxy2/jdk.proxy2.$Proxy43.click(Unknown Source)
	at com.Capium365.Actions.Capium365_Receipts_CreditNotes_Actions.ClickonUploadCreditNotes2Button(Capium365_Receipts_CreditNotes_Actions.java:222)
	at com.Capium365.StepDefination.Capium365_Receipts_CreditNotes_Stepdefination.click_on_upload_credit_notes2buttton(Capium365_Receipts_CreditNotes_Stepdefination.java:82)
	at ✽.Click on uploadCreditNotes2Buttton(file:///C:/Users/satishkumar.silphoz/Documents/2024Automation/2025/Capium365/src/test/resources/Capium365FeatureFiles/Capium365_Receipts_CreditNotes.feature:217)
</pre></div></td>
<td>61</td>
<td>com.Capium365.RunnerFiles.Capium365_Receipts_CreditNotes_Runner@2e377400</td></tr>
<tr>
<td title='com.Capium365.RunnerFiles.Capium365_Receipts_CreditNotes_Runner.runScenario()'><b>runScenario</b><br>Test class: com.Capium365.RunnerFiles.Capium365_Receipts_CreditNotes_Runner<br>Test method: Runs Cucumber Scenarios<br>Parameters: "Validate Duplicate buttom in the main Grid", "Capium365 Receipts under Credit Notes"</td>
<td><div><pre>org.openqa.selenium.NoSuchElementException: no such element: Unable to locate element: {&quot;method&quot;:&quot;xpath&quot;,&quot;selector&quot;:&quot;//span[normalize-space()=&apos;Upload Credit Notes&apos;]&quot;}
  (Session info: chrome=138.0.7204.184)
For documentation on this error, please visit: https://www.selenium.dev/documentation/webdriver/troubleshooting/errors#no-such-element-exception
Build info: version: &apos;4.23.0&apos;, revision: &apos;4df0a231af&apos;
System info: os.name: &apos;Windows Server 2019&apos;, os.arch: &apos;amd64&apos;, os.version: &apos;10.0&apos;, java.version: &apos;17.0.12&apos;
Driver info: org.openqa.selenium.chrome.ChromeDriver
Command: [8ab7a2257aa75f2269166324bd69c786, findElement {value=//span[normalize-space()=&apos;Upload Credit Notes&apos;], using=xpath}]
Capabilities {acceptInsecureCerts: false, browserName: chrome, browserVersion: 138.0.7204.184, chrome: {chromedriverVersion: 138.0.7204.183 (e90faf484dd..., userDataDir: C:\Users\LOCAL_~1.SIL\Temp\...}, fedcm:accounts: true, goog:chromeOptions: {debuggerAddress: localhost:56079}, networkConnectionEnabled: false, pageLoadStrategy: normal, platformName: windows, proxy: Proxy(), se:cdp: ws://localhost:56079/devtoo..., se:cdpVersion: 138.0.7204.184, setWindowRect: true, strictFileInteractability: false, timeouts: {implicit: 0, pageLoad: 300000, script: 30000}, unhandledPromptBehavior: dismiss and notify, webauthn:extension:credBlob: true, webauthn:extension:largeBlob: true, webauthn:extension:minPinLength: true, webauthn:extension:prf: true, webauthn:virtualAuthenticators: true}
Session ID: 8ab7a2257aa75f2269166324bd69c786
	at org.openqa.selenium.remote.ErrorCodec.decode(ErrorCodec.java:167)
	at org.openqa.selenium.remote.codec.w3c.W3CHttpResponseCodec.decode(W3CHttpResponseCodec.java:138)
	at org.openqa.selenium.remote.codec.w3c.W3CHttpResponseCodec.decode(W3CHttpResponseCodec.java:50)
	at org.openqa.selenium.remote.HttpCommandExecutor.execute(HttpCommandExecutor.java:190)
	at org.openqa.selenium.remote.service.DriverCommandExecutor.invokeExecute(DriverCommandExecutor.java:216)
	at org.openqa.selenium.remote.service.DriverCommandExecutor.execute(DriverCommandExecutor.java:174)
	at org.openqa.selenium.remote.RemoteWebDriver.execute(RemoteWebDriver.java:527)
	at org.openqa.selenium.remote.ElementLocation$ElementFinder$2.findElement(ElementLocation.java:165)
	at org.openqa.selenium.remote.ElementLocation.findElement(ElementLocation.java:59)
	at org.openqa.selenium.remote.RemoteWebDriver.findElement(RemoteWebDriver.java:357)
	at org.openqa.selenium.remote.RemoteWebDriver.findElement(RemoteWebDriver.java:351)
	at org.openqa.selenium.support.pagefactory.DefaultElementLocator.findElement(DefaultElementLocator.java:68)
	at org.openqa.selenium.support.pagefactory.internal.LocatingElementHandler.invoke(LocatingElementHandler.java:38)
	at jdk.proxy2/jdk.proxy2.$Proxy43.click(Unknown Source)
	at com.Capium365.Actions.Capium365_Receipts_CreditNotes_Actions.ClickonUploadCreditNotes2Button(Capium365_Receipts_CreditNotes_Actions.java:222)
	at com.Capium365.StepDefination.Capium365_Receipts_CreditNotes_Stepdefination.click_on_upload_credit_notes2buttton(Capium365_Receipts_CreditNotes_Stepdefination.java:82)
	at ✽.Click on uploadCreditNotes2Buttton(file:///C:/Users/satishkumar.silphoz/Documents/2024Automation/2025/Capium365/src/test/resources/Capium365FeatureFiles/Capium365_Receipts_CreditNotes.feature:204)
... Removed 4 stack frames</pre></div><a href='#' onClick='toggleBox("stack-trace107196978", this, "Click to show all stack frames", "Click to hide stack frames")'>Click to show all stack frames</a>
<div class='stack-trace' id='stack-trace107196978'><pre>org.openqa.selenium.NoSuchElementException: no such element: Unable to locate element: {&quot;method&quot;:&quot;xpath&quot;,&quot;selector&quot;:&quot;//span[normalize-space()=&apos;Upload Credit Notes&apos;]&quot;}
  (Session info: chrome=138.0.7204.184)
For documentation on this error, please visit: https://www.selenium.dev/documentation/webdriver/troubleshooting/errors#no-such-element-exception
Build info: version: &apos;4.23.0&apos;, revision: &apos;4df0a231af&apos;
System info: os.name: &apos;Windows Server 2019&apos;, os.arch: &apos;amd64&apos;, os.version: &apos;10.0&apos;, java.version: &apos;17.0.12&apos;
Driver info: org.openqa.selenium.chrome.ChromeDriver
Command: [8ab7a2257aa75f2269166324bd69c786, findElement {value=//span[normalize-space()=&apos;Upload Credit Notes&apos;], using=xpath}]
Capabilities {acceptInsecureCerts: false, browserName: chrome, browserVersion: 138.0.7204.184, chrome: {chromedriverVersion: 138.0.7204.183 (e90faf484dd..., userDataDir: C:\Users\LOCAL_~1.SIL\Temp\...}, fedcm:accounts: true, goog:chromeOptions: {debuggerAddress: localhost:56079}, networkConnectionEnabled: false, pageLoadStrategy: normal, platformName: windows, proxy: Proxy(), se:cdp: ws://localhost:56079/devtoo..., se:cdpVersion: 138.0.7204.184, setWindowRect: true, strictFileInteractability: false, timeouts: {implicit: 0, pageLoad: 300000, script: 30000}, unhandledPromptBehavior: dismiss and notify, webauthn:extension:credBlob: true, webauthn:extension:largeBlob: true, webauthn:extension:minPinLength: true, webauthn:extension:prf: true, webauthn:virtualAuthenticators: true}
Session ID: 8ab7a2257aa75f2269166324bd69c786
	at jdk.internal.reflect.GeneratedConstructorAccessor28.newInstance(Unknown Source)
	at java.base/jdk.internal.reflect.DelegatingConstructorAccessorImpl.newInstance(DelegatingConstructorAccessorImpl.java:45)
	at java.base/java.lang.reflect.Constructor.newInstanceWithCaller(Constructor.java:499)
	at java.base/java.lang.reflect.Constructor.newInstance(Constructor.java:480)
	at org.openqa.selenium.remote.ErrorCodec.decode(ErrorCodec.java:167)
	at org.openqa.selenium.remote.codec.w3c.W3CHttpResponseCodec.decode(W3CHttpResponseCodec.java:138)
	at org.openqa.selenium.remote.codec.w3c.W3CHttpResponseCodec.decode(W3CHttpResponseCodec.java:50)
	at org.openqa.selenium.remote.HttpCommandExecutor.execute(HttpCommandExecutor.java:190)
	at org.openqa.selenium.remote.service.DriverCommandExecutor.invokeExecute(DriverCommandExecutor.java:216)
	at org.openqa.selenium.remote.service.DriverCommandExecutor.execute(DriverCommandExecutor.java:174)
	at org.openqa.selenium.remote.RemoteWebDriver.execute(RemoteWebDriver.java:527)
	at org.openqa.selenium.remote.ElementLocation$ElementFinder$2.findElement(ElementLocation.java:165)
	at org.openqa.selenium.remote.ElementLocation.findElement(ElementLocation.java:59)
	at org.openqa.selenium.remote.RemoteWebDriver.findElement(RemoteWebDriver.java:357)
	at org.openqa.selenium.remote.RemoteWebDriver.findElement(RemoteWebDriver.java:351)
	at org.openqa.selenium.support.pagefactory.DefaultElementLocator.findElement(DefaultElementLocator.java:68)
	at org.openqa.selenium.support.pagefactory.internal.LocatingElementHandler.invoke(LocatingElementHandler.java:38)
	at jdk.proxy2/jdk.proxy2.$Proxy43.click(Unknown Source)
	at com.Capium365.Actions.Capium365_Receipts_CreditNotes_Actions.ClickonUploadCreditNotes2Button(Capium365_Receipts_CreditNotes_Actions.java:222)
	at com.Capium365.StepDefination.Capium365_Receipts_CreditNotes_Stepdefination.click_on_upload_credit_notes2buttton(Capium365_Receipts_CreditNotes_Stepdefination.java:82)
	at ✽.Click on uploadCreditNotes2Buttton(file:///C:/Users/satishkumar.silphoz/Documents/2024Automation/2025/Capium365/src/test/resources/Capium365FeatureFiles/Capium365_Receipts_CreditNotes.feature:204)
</pre></div></td>
<td>61</td>
<td>com.Capium365.RunnerFiles.Capium365_Receipts_CreditNotes_Runner@2e377400</td></tr>
<tr>
<td title='com.Capium365.RunnerFiles.Capium365_Receipts_PurchaseInvoice_Runner.runScenario()'><b>runScenario</b><br>Test class: com.Capium365.RunnerFiles.Capium365_Receipts_PurchaseInvoice_Runner<br>Test method: Runs Cucumber Scenarios<br>Parameters: "Verify PurchaseInvoice MainGrid", "Validating Purchase Invoice under Receipts tab"</td>
<td><div><pre>org.openqa.selenium.NoSuchElementException: no such element: Unable to locate element: {&quot;method&quot;:&quot;xpath&quot;,&quot;selector&quot;:&quot;//span[text()=&apos; Upload Purchase Invoices &apos;]&quot;}
  (Session info: chrome=138.0.7204.184)
For documentation on this error, please visit: https://www.selenium.dev/documentation/webdriver/troubleshooting/errors#no-such-element-exception
Build info: version: &apos;4.23.0&apos;, revision: &apos;4df0a231af&apos;
System info: os.name: &apos;Windows Server 2019&apos;, os.arch: &apos;amd64&apos;, os.version: &apos;10.0&apos;, java.version: &apos;17.0.12&apos;
Driver info: org.openqa.selenium.chrome.ChromeDriver
Command: [519516b1d53eccf6e4f3e2ab8fd892db, findElement {value=//span[text()=&apos; Upload Purchase Invoices &apos;], using=xpath}]
Capabilities {acceptInsecureCerts: false, browserName: chrome, browserVersion: 138.0.7204.184, chrome: {chromedriverVersion: 138.0.7204.183 (e90faf484dd..., userDataDir: C:\Users\LOCAL_~1.SIL\Temp\...}, fedcm:accounts: true, goog:chromeOptions: {debuggerAddress: localhost:63437}, networkConnectionEnabled: false, pageLoadStrategy: normal, platformName: windows, proxy: Proxy(), se:cdp: ws://localhost:63437/devtoo..., se:cdpVersion: 138.0.7204.184, setWindowRect: true, strictFileInteractability: false, timeouts: {implicit: 0, pageLoad: 300000, script: 30000}, unhandledPromptBehavior: dismiss and notify, webauthn:extension:credBlob: true, webauthn:extension:largeBlob: true, webauthn:extension:minPinLength: true, webauthn:extension:prf: true, webauthn:virtualAuthenticators: true}
Session ID: 519516b1d53eccf6e4f3e2ab8fd892db
	at org.openqa.selenium.remote.ErrorCodec.decode(ErrorCodec.java:167)
	at org.openqa.selenium.remote.codec.w3c.W3CHttpResponseCodec.decode(W3CHttpResponseCodec.java:138)
	at org.openqa.selenium.remote.codec.w3c.W3CHttpResponseCodec.decode(W3CHttpResponseCodec.java:50)
	at org.openqa.selenium.remote.HttpCommandExecutor.execute(HttpCommandExecutor.java:190)
	at org.openqa.selenium.remote.service.DriverCommandExecutor.invokeExecute(DriverCommandExecutor.java:216)
	at org.openqa.selenium.remote.service.DriverCommandExecutor.execute(DriverCommandExecutor.java:174)
	at org.openqa.selenium.remote.RemoteWebDriver.execute(RemoteWebDriver.java:527)
	at org.openqa.selenium.remote.ElementLocation$ElementFinder$2.findElement(ElementLocation.java:165)
	at org.openqa.selenium.remote.ElementLocation.findElement(ElementLocation.java:59)
	at org.openqa.selenium.remote.RemoteWebDriver.findElement(RemoteWebDriver.java:357)
	at org.openqa.selenium.remote.RemoteWebDriver.findElement(RemoteWebDriver.java:351)
	at org.openqa.selenium.support.pagefactory.DefaultElementLocator.findElement(DefaultElementLocator.java:68)
	at org.openqa.selenium.support.pagefactory.internal.LocatingElementHandler.invoke(LocatingElementHandler.java:38)
	at jdk.proxy2/jdk.proxy2.$Proxy43.click(Unknown Source)
	at com.Capium365.Actions.Capium365_Receipts_PurchaseInvoice_Actions.ClickonUploadpurchaseInvoice2Button(Capium365_Receipts_PurchaseInvoice_Actions.java:59)
	at com.Capium365.StepDefination.Capium365_Receipts_PurchaseInvoice_Stepdefination.click_on_upload_purchase_invoice2buttton(Capium365_Receipts_PurchaseInvoice_Stepdefination.java:55)
	at ✽.Click on uploadPurchaseInvoice2Buttton(file:///C:/Users/satishkumar.silphoz/Documents/2024Automation/2025/Capium365/src/test/resources/Capium365FeatureFiles/Capium365_Receipts_PurchaseInvoice.feature:19)
... Removed 4 stack frames</pre></div><a href='#' onClick='toggleBox("stack-trace777011267", this, "Click to show all stack frames", "Click to hide stack frames")'>Click to show all stack frames</a>
<div class='stack-trace' id='stack-trace777011267'><pre>org.openqa.selenium.NoSuchElementException: no such element: Unable to locate element: {&quot;method&quot;:&quot;xpath&quot;,&quot;selector&quot;:&quot;//span[text()=&apos; Upload Purchase Invoices &apos;]&quot;}
  (Session info: chrome=138.0.7204.184)
For documentation on this error, please visit: https://www.selenium.dev/documentation/webdriver/troubleshooting/errors#no-such-element-exception
Build info: version: &apos;4.23.0&apos;, revision: &apos;4df0a231af&apos;
System info: os.name: &apos;Windows Server 2019&apos;, os.arch: &apos;amd64&apos;, os.version: &apos;10.0&apos;, java.version: &apos;17.0.12&apos;
Driver info: org.openqa.selenium.chrome.ChromeDriver
Command: [519516b1d53eccf6e4f3e2ab8fd892db, findElement {value=//span[text()=&apos; Upload Purchase Invoices &apos;], using=xpath}]
Capabilities {acceptInsecureCerts: false, browserName: chrome, browserVersion: 138.0.7204.184, chrome: {chromedriverVersion: 138.0.7204.183 (e90faf484dd..., userDataDir: C:\Users\LOCAL_~1.SIL\Temp\...}, fedcm:accounts: true, goog:chromeOptions: {debuggerAddress: localhost:63437}, networkConnectionEnabled: false, pageLoadStrategy: normal, platformName: windows, proxy: Proxy(), se:cdp: ws://localhost:63437/devtoo..., se:cdpVersion: 138.0.7204.184, setWindowRect: true, strictFileInteractability: false, timeouts: {implicit: 0, pageLoad: 300000, script: 30000}, unhandledPromptBehavior: dismiss and notify, webauthn:extension:credBlob: true, webauthn:extension:largeBlob: true, webauthn:extension:minPinLength: true, webauthn:extension:prf: true, webauthn:virtualAuthenticators: true}
Session ID: 519516b1d53eccf6e4f3e2ab8fd892db
	at jdk.internal.reflect.GeneratedConstructorAccessor28.newInstance(Unknown Source)
	at java.base/jdk.internal.reflect.DelegatingConstructorAccessorImpl.newInstance(DelegatingConstructorAccessorImpl.java:45)
	at java.base/java.lang.reflect.Constructor.newInstanceWithCaller(Constructor.java:499)
	at java.base/java.lang.reflect.Constructor.newInstance(Constructor.java:480)
	at org.openqa.selenium.remote.ErrorCodec.decode(ErrorCodec.java:167)
	at org.openqa.selenium.remote.codec.w3c.W3CHttpResponseCodec.decode(W3CHttpResponseCodec.java:138)
	at org.openqa.selenium.remote.codec.w3c.W3CHttpResponseCodec.decode(W3CHttpResponseCodec.java:50)
	at org.openqa.selenium.remote.HttpCommandExecutor.execute(HttpCommandExecutor.java:190)
	at org.openqa.selenium.remote.service.DriverCommandExecutor.invokeExecute(DriverCommandExecutor.java:216)
	at org.openqa.selenium.remote.service.DriverCommandExecutor.execute(DriverCommandExecutor.java:174)
	at org.openqa.selenium.remote.RemoteWebDriver.execute(RemoteWebDriver.java:527)
	at org.openqa.selenium.remote.ElementLocation$ElementFinder$2.findElement(ElementLocation.java:165)
	at org.openqa.selenium.remote.ElementLocation.findElement(ElementLocation.java:59)
	at org.openqa.selenium.remote.RemoteWebDriver.findElement(RemoteWebDriver.java:357)
	at org.openqa.selenium.remote.RemoteWebDriver.findElement(RemoteWebDriver.java:351)
	at org.openqa.selenium.support.pagefactory.DefaultElementLocator.findElement(DefaultElementLocator.java:68)
	at org.openqa.selenium.support.pagefactory.internal.LocatingElementHandler.invoke(LocatingElementHandler.java:38)
	at jdk.proxy2/jdk.proxy2.$Proxy43.click(Unknown Source)
	at com.Capium365.Actions.Capium365_Receipts_PurchaseInvoice_Actions.ClickonUploadpurchaseInvoice2Button(Capium365_Receipts_PurchaseInvoice_Actions.java:59)
	at com.Capium365.StepDefination.Capium365_Receipts_PurchaseInvoice_Stepdefination.click_on_upload_purchase_invoice2buttton(Capium365_Receipts_PurchaseInvoice_Stepdefination.java:55)
	at ✽.Click on uploadPurchaseInvoice2Buttton(file:///C:/Users/satishkumar.silphoz/Documents/2024Automation/2025/Capium365/src/test/resources/Capium365FeatureFiles/Capium365_Receipts_PurchaseInvoice.feature:19)
</pre></div></td>
<td>50</td>
<td>com.Capium365.RunnerFiles.Capium365_Receipts_PurchaseInvoice_Runner@7494f96a</td></tr>
<tr>
<td title='com.Capium365.RunnerFiles.Capium365_Receipts_CreditNotes_Runner.runScenario()'><b>runScenario</b><br>Test class: com.Capium365.RunnerFiles.Capium365_Receipts_CreditNotes_Runner<br>Test method: Runs Cucumber Scenarios<br>Parameters: "Verify UploadCreditNotes button MainGrid", "Capium365 Receipts under Credit Notes"</td>
<td><div><pre>org.openqa.selenium.NoSuchElementException: no such element: Unable to locate element: {&quot;method&quot;:&quot;xpath&quot;,&quot;selector&quot;:&quot;//span[normalize-space()=&apos;Upload Credit Notes&apos;]&quot;}
  (Session info: chrome=138.0.7204.184)
For documentation on this error, please visit: https://www.selenium.dev/documentation/webdriver/troubleshooting/errors#no-such-element-exception
Build info: version: &apos;4.23.0&apos;, revision: &apos;4df0a231af&apos;
System info: os.name: &apos;Windows Server 2019&apos;, os.arch: &apos;amd64&apos;, os.version: &apos;10.0&apos;, java.version: &apos;17.0.12&apos;
Driver info: org.openqa.selenium.chrome.ChromeDriver
Command: [c2fe0b993cc2b4fcb128343d6094af77, findElement {value=//span[normalize-space()=&apos;Upload Credit Notes&apos;], using=xpath}]
Capabilities {acceptInsecureCerts: false, browserName: chrome, browserVersion: 138.0.7204.184, chrome: {chromedriverVersion: 138.0.7204.183 (e90faf484dd..., userDataDir: C:\Users\LOCAL_~1.SIL\Temp\...}, fedcm:accounts: true, goog:chromeOptions: {debuggerAddress: localhost:55966}, networkConnectionEnabled: false, pageLoadStrategy: normal, platformName: windows, proxy: Proxy(), se:cdp: ws://localhost:55966/devtoo..., se:cdpVersion: 138.0.7204.184, setWindowRect: true, strictFileInteractability: false, timeouts: {implicit: 0, pageLoad: 300000, script: 30000}, unhandledPromptBehavior: dismiss and notify, webauthn:extension:credBlob: true, webauthn:extension:largeBlob: true, webauthn:extension:minPinLength: true, webauthn:extension:prf: true, webauthn:virtualAuthenticators: true}
Session ID: c2fe0b993cc2b4fcb128343d6094af77
	at org.openqa.selenium.remote.ErrorCodec.decode(ErrorCodec.java:167)
	at org.openqa.selenium.remote.codec.w3c.W3CHttpResponseCodec.decode(W3CHttpResponseCodec.java:138)
	at org.openqa.selenium.remote.codec.w3c.W3CHttpResponseCodec.decode(W3CHttpResponseCodec.java:50)
	at org.openqa.selenium.remote.HttpCommandExecutor.execute(HttpCommandExecutor.java:190)
	at org.openqa.selenium.remote.service.DriverCommandExecutor.invokeExecute(DriverCommandExecutor.java:216)
	at org.openqa.selenium.remote.service.DriverCommandExecutor.execute(DriverCommandExecutor.java:174)
	at org.openqa.selenium.remote.RemoteWebDriver.execute(RemoteWebDriver.java:527)
	at org.openqa.selenium.remote.ElementLocation$ElementFinder$2.findElement(ElementLocation.java:165)
	at org.openqa.selenium.remote.ElementLocation.findElement(ElementLocation.java:59)
	at org.openqa.selenium.remote.RemoteWebDriver.findElement(RemoteWebDriver.java:357)
	at org.openqa.selenium.remote.RemoteWebDriver.findElement(RemoteWebDriver.java:351)
	at org.openqa.selenium.support.pagefactory.DefaultElementLocator.findElement(DefaultElementLocator.java:68)
	at org.openqa.selenium.support.pagefactory.internal.LocatingElementHandler.invoke(LocatingElementHandler.java:38)
	at jdk.proxy2/jdk.proxy2.$Proxy43.click(Unknown Source)
	at com.Capium365.Actions.Capium365_Receipts_CreditNotes_Actions.ClickonUploadCreditNotes2Button(Capium365_Receipts_CreditNotes_Actions.java:222)
	at com.Capium365.StepDefination.Capium365_Receipts_CreditNotes_Stepdefination.click_on_upload_credit_notes2buttton(Capium365_Receipts_CreditNotes_Stepdefination.java:82)
	at ✽.Click on uploadCreditNotes2Buttton(file:///C:/Users/satishkumar.silphoz/Documents/2024Automation/2025/Capium365/src/test/resources/Capium365FeatureFiles/Capium365_Receipts_CreditNotes.feature:195)
... Removed 4 stack frames</pre></div><a href='#' onClick='toggleBox("stack-trace666841676", this, "Click to show all stack frames", "Click to hide stack frames")'>Click to show all stack frames</a>
<div class='stack-trace' id='stack-trace666841676'><pre>org.openqa.selenium.NoSuchElementException: no such element: Unable to locate element: {&quot;method&quot;:&quot;xpath&quot;,&quot;selector&quot;:&quot;//span[normalize-space()=&apos;Upload Credit Notes&apos;]&quot;}
  (Session info: chrome=138.0.7204.184)
For documentation on this error, please visit: https://www.selenium.dev/documentation/webdriver/troubleshooting/errors#no-such-element-exception
Build info: version: &apos;4.23.0&apos;, revision: &apos;4df0a231af&apos;
System info: os.name: &apos;Windows Server 2019&apos;, os.arch: &apos;amd64&apos;, os.version: &apos;10.0&apos;, java.version: &apos;17.0.12&apos;
Driver info: org.openqa.selenium.chrome.ChromeDriver
Command: [c2fe0b993cc2b4fcb128343d6094af77, findElement {value=//span[normalize-space()=&apos;Upload Credit Notes&apos;], using=xpath}]
Capabilities {acceptInsecureCerts: false, browserName: chrome, browserVersion: 138.0.7204.184, chrome: {chromedriverVersion: 138.0.7204.183 (e90faf484dd..., userDataDir: C:\Users\LOCAL_~1.SIL\Temp\...}, fedcm:accounts: true, goog:chromeOptions: {debuggerAddress: localhost:55966}, networkConnectionEnabled: false, pageLoadStrategy: normal, platformName: windows, proxy: Proxy(), se:cdp: ws://localhost:55966/devtoo..., se:cdpVersion: 138.0.7204.184, setWindowRect: true, strictFileInteractability: false, timeouts: {implicit: 0, pageLoad: 300000, script: 30000}, unhandledPromptBehavior: dismiss and notify, webauthn:extension:credBlob: true, webauthn:extension:largeBlob: true, webauthn:extension:minPinLength: true, webauthn:extension:prf: true, webauthn:virtualAuthenticators: true}
Session ID: c2fe0b993cc2b4fcb128343d6094af77
	at jdk.internal.reflect.GeneratedConstructorAccessor28.newInstance(Unknown Source)
	at java.base/jdk.internal.reflect.DelegatingConstructorAccessorImpl.newInstance(DelegatingConstructorAccessorImpl.java:45)
	at java.base/java.lang.reflect.Constructor.newInstanceWithCaller(Constructor.java:499)
	at java.base/java.lang.reflect.Constructor.newInstance(Constructor.java:480)
	at org.openqa.selenium.remote.ErrorCodec.decode(ErrorCodec.java:167)
	at org.openqa.selenium.remote.codec.w3c.W3CHttpResponseCodec.decode(W3CHttpResponseCodec.java:138)
	at org.openqa.selenium.remote.codec.w3c.W3CHttpResponseCodec.decode(W3CHttpResponseCodec.java:50)
	at org.openqa.selenium.remote.HttpCommandExecutor.execute(HttpCommandExecutor.java:190)
	at org.openqa.selenium.remote.service.DriverCommandExecutor.invokeExecute(DriverCommandExecutor.java:216)
	at org.openqa.selenium.remote.service.DriverCommandExecutor.execute(DriverCommandExecutor.java:174)
	at org.openqa.selenium.remote.RemoteWebDriver.execute(RemoteWebDriver.java:527)
	at org.openqa.selenium.remote.ElementLocation$ElementFinder$2.findElement(ElementLocation.java:165)
	at org.openqa.selenium.remote.ElementLocation.findElement(ElementLocation.java:59)
	at org.openqa.selenium.remote.RemoteWebDriver.findElement(RemoteWebDriver.java:357)
	at org.openqa.selenium.remote.RemoteWebDriver.findElement(RemoteWebDriver.java:351)
	at org.openqa.selenium.support.pagefactory.DefaultElementLocator.findElement(DefaultElementLocator.java:68)
	at org.openqa.selenium.support.pagefactory.internal.LocatingElementHandler.invoke(LocatingElementHandler.java:38)
	at jdk.proxy2/jdk.proxy2.$Proxy43.click(Unknown Source)
	at com.Capium365.Actions.Capium365_Receipts_CreditNotes_Actions.ClickonUploadCreditNotes2Button(Capium365_Receipts_CreditNotes_Actions.java:222)
	at com.Capium365.StepDefination.Capium365_Receipts_CreditNotes_Stepdefination.click_on_upload_credit_notes2buttton(Capium365_Receipts_CreditNotes_Stepdefination.java:82)
	at ✽.Click on uploadCreditNotes2Buttton(file:///C:/Users/satishkumar.silphoz/Documents/2024Automation/2025/Capium365/src/test/resources/Capium365FeatureFiles/Capium365_Receipts_CreditNotes.feature:195)
</pre></div></td>
<td>61</td>
<td>com.Capium365.RunnerFiles.Capium365_Receipts_CreditNotes_Runner@2e377400</td></tr>
<tr>
<td title='com.Capium365.RunnerFiles.Capium365_Receipts_CreditNotes_Runner.runScenario()'><b>runScenario</b><br>Test class: com.Capium365.RunnerFiles.Capium365_Receipts_CreditNotes_Runner<br>Test method: Runs Cucumber Scenarios<br>Parameters: "Validate Process Duplicate Upload popup with No button", "Capium365 Receipts under Credit Notes"</td>
<td><div><pre>org.openqa.selenium.NoSuchElementException: no such element: Unable to locate element: {&quot;method&quot;:&quot;xpath&quot;,&quot;selector&quot;:&quot;//span[normalize-space()=&apos;Upload Credit Notes&apos;]&quot;}
  (Session info: chrome=138.0.7204.184)
For documentation on this error, please visit: https://www.selenium.dev/documentation/webdriver/troubleshooting/errors#no-such-element-exception
Build info: version: &apos;4.23.0&apos;, revision: &apos;4df0a231af&apos;
System info: os.name: &apos;Windows Server 2019&apos;, os.arch: &apos;amd64&apos;, os.version: &apos;10.0&apos;, java.version: &apos;17.0.12&apos;
Driver info: org.openqa.selenium.chrome.ChromeDriver
Command: [da8c8efe1f5cd01387a21128f8eb6365, findElement {value=//span[normalize-space()=&apos;Upload Credit Notes&apos;], using=xpath}]
Capabilities {acceptInsecureCerts: false, browserName: chrome, browserVersion: 138.0.7204.184, chrome: {chromedriverVersion: 138.0.7204.183 (e90faf484dd..., userDataDir: C:\Users\LOCAL_~1.SIL\Temp\...}, fedcm:accounts: true, goog:chromeOptions: {debuggerAddress: localhost:56393}, networkConnectionEnabled: false, pageLoadStrategy: normal, platformName: windows, proxy: Proxy(), se:cdp: ws://localhost:56393/devtoo..., se:cdpVersion: 138.0.7204.184, setWindowRect: true, strictFileInteractability: false, timeouts: {implicit: 0, pageLoad: 300000, script: 30000}, unhandledPromptBehavior: dismiss and notify, webauthn:extension:credBlob: true, webauthn:extension:largeBlob: true, webauthn:extension:minPinLength: true, webauthn:extension:prf: true, webauthn:virtualAuthenticators: true}
Session ID: da8c8efe1f5cd01387a21128f8eb6365
	at org.openqa.selenium.remote.ErrorCodec.decode(ErrorCodec.java:167)
	at org.openqa.selenium.remote.codec.w3c.W3CHttpResponseCodec.decode(W3CHttpResponseCodec.java:138)
	at org.openqa.selenium.remote.codec.w3c.W3CHttpResponseCodec.decode(W3CHttpResponseCodec.java:50)
	at org.openqa.selenium.remote.HttpCommandExecutor.execute(HttpCommandExecutor.java:190)
	at org.openqa.selenium.remote.service.DriverCommandExecutor.invokeExecute(DriverCommandExecutor.java:216)
	at org.openqa.selenium.remote.service.DriverCommandExecutor.execute(DriverCommandExecutor.java:174)
	at org.openqa.selenium.remote.RemoteWebDriver.execute(RemoteWebDriver.java:527)
	at org.openqa.selenium.remote.ElementLocation$ElementFinder$2.findElement(ElementLocation.java:165)
	at org.openqa.selenium.remote.ElementLocation.findElement(ElementLocation.java:59)
	at org.openqa.selenium.remote.RemoteWebDriver.findElement(RemoteWebDriver.java:357)
	at org.openqa.selenium.remote.RemoteWebDriver.findElement(RemoteWebDriver.java:351)
	at org.openqa.selenium.support.pagefactory.DefaultElementLocator.findElement(DefaultElementLocator.java:68)
	at org.openqa.selenium.support.pagefactory.internal.LocatingElementHandler.invoke(LocatingElementHandler.java:38)
	at jdk.proxy2/jdk.proxy2.$Proxy43.click(Unknown Source)
	at com.Capium365.Actions.Capium365_Receipts_CreditNotes_Actions.ClickonUploadCreditNotes2Button(Capium365_Receipts_CreditNotes_Actions.java:222)
	at com.Capium365.StepDefination.Capium365_Receipts_CreditNotes_Stepdefination.click_on_upload_credit_notes2buttton(Capium365_Receipts_CreditNotes_Stepdefination.java:82)
	at ✽.Click on uploadCreditNotes2Buttton(file:///C:/Users/satishkumar.silphoz/Documents/2024Automation/2025/Capium365/src/test/resources/Capium365FeatureFiles/Capium365_Receipts_CreditNotes.feature:243)
... Removed 4 stack frames</pre></div><a href='#' onClick='toggleBox("stack-trace1887034958", this, "Click to show all stack frames", "Click to hide stack frames")'>Click to show all stack frames</a>
<div class='stack-trace' id='stack-trace1887034958'><pre>org.openqa.selenium.NoSuchElementException: no such element: Unable to locate element: {&quot;method&quot;:&quot;xpath&quot;,&quot;selector&quot;:&quot;//span[normalize-space()=&apos;Upload Credit Notes&apos;]&quot;}
  (Session info: chrome=138.0.7204.184)
For documentation on this error, please visit: https://www.selenium.dev/documentation/webdriver/troubleshooting/errors#no-such-element-exception
Build info: version: &apos;4.23.0&apos;, revision: &apos;4df0a231af&apos;
System info: os.name: &apos;Windows Server 2019&apos;, os.arch: &apos;amd64&apos;, os.version: &apos;10.0&apos;, java.version: &apos;17.0.12&apos;
Driver info: org.openqa.selenium.chrome.ChromeDriver
Command: [da8c8efe1f5cd01387a21128f8eb6365, findElement {value=//span[normalize-space()=&apos;Upload Credit Notes&apos;], using=xpath}]
Capabilities {acceptInsecureCerts: false, browserName: chrome, browserVersion: 138.0.7204.184, chrome: {chromedriverVersion: 138.0.7204.183 (e90faf484dd..., userDataDir: C:\Users\LOCAL_~1.SIL\Temp\...}, fedcm:accounts: true, goog:chromeOptions: {debuggerAddress: localhost:56393}, networkConnectionEnabled: false, pageLoadStrategy: normal, platformName: windows, proxy: Proxy(), se:cdp: ws://localhost:56393/devtoo..., se:cdpVersion: 138.0.7204.184, setWindowRect: true, strictFileInteractability: false, timeouts: {implicit: 0, pageLoad: 300000, script: 30000}, unhandledPromptBehavior: dismiss and notify, webauthn:extension:credBlob: true, webauthn:extension:largeBlob: true, webauthn:extension:minPinLength: true, webauthn:extension:prf: true, webauthn:virtualAuthenticators: true}
Session ID: da8c8efe1f5cd01387a21128f8eb6365
	at jdk.internal.reflect.GeneratedConstructorAccessor28.newInstance(Unknown Source)
	at java.base/jdk.internal.reflect.DelegatingConstructorAccessorImpl.newInstance(DelegatingConstructorAccessorImpl.java:45)
	at java.base/java.lang.reflect.Constructor.newInstanceWithCaller(Constructor.java:499)
	at java.base/java.lang.reflect.Constructor.newInstance(Constructor.java:480)
	at org.openqa.selenium.remote.ErrorCodec.decode(ErrorCodec.java:167)
	at org.openqa.selenium.remote.codec.w3c.W3CHttpResponseCodec.decode(W3CHttpResponseCodec.java:138)
	at org.openqa.selenium.remote.codec.w3c.W3CHttpResponseCodec.decode(W3CHttpResponseCodec.java:50)
	at org.openqa.selenium.remote.HttpCommandExecutor.execute(HttpCommandExecutor.java:190)
	at org.openqa.selenium.remote.service.DriverCommandExecutor.invokeExecute(DriverCommandExecutor.java:216)
	at org.openqa.selenium.remote.service.DriverCommandExecutor.execute(DriverCommandExecutor.java:174)
	at org.openqa.selenium.remote.RemoteWebDriver.execute(RemoteWebDriver.java:527)
	at org.openqa.selenium.remote.ElementLocation$ElementFinder$2.findElement(ElementLocation.java:165)
	at org.openqa.selenium.remote.ElementLocation.findElement(ElementLocation.java:59)
	at org.openqa.selenium.remote.RemoteWebDriver.findElement(RemoteWebDriver.java:357)
	at org.openqa.selenium.remote.RemoteWebDriver.findElement(RemoteWebDriver.java:351)
	at org.openqa.selenium.support.pagefactory.DefaultElementLocator.findElement(DefaultElementLocator.java:68)
	at org.openqa.selenium.support.pagefactory.internal.LocatingElementHandler.invoke(LocatingElementHandler.java:38)
	at jdk.proxy2/jdk.proxy2.$Proxy43.click(Unknown Source)
	at com.Capium365.Actions.Capium365_Receipts_CreditNotes_Actions.ClickonUploadCreditNotes2Button(Capium365_Receipts_CreditNotes_Actions.java:222)
	at com.Capium365.StepDefination.Capium365_Receipts_CreditNotes_Stepdefination.click_on_upload_credit_notes2buttton(Capium365_Receipts_CreditNotes_Stepdefination.java:82)
	at ✽.Click on uploadCreditNotes2Buttton(file:///C:/Users/satishkumar.silphoz/Documents/2024Automation/2025/Capium365/src/test/resources/Capium365FeatureFiles/Capium365_Receipts_CreditNotes.feature:243)
</pre></div></td>
<td>62</td>
<td>com.Capium365.RunnerFiles.Capium365_Receipts_CreditNotes_Runner@2e377400</td></tr>
<tr>
<td title='com.Capium365.RunnerFiles.Capium365_Receipts_Receipts_Runner.runScenario()'><b>runScenario</b><br>Test class: com.Capium365.RunnerFiles.Capium365_Receipts_Receipts_Runner<br>Test method: Runs Cucumber Scenarios<br>Parameters: "Validate Upload Receipts functionality in Receipts tab", "Receipts"</td>
<td><div><pre>org.openqa.selenium.TimeoutException: Expected condition failed: waiting for element to be clickable: Proxy element for: DefaultElementLocator &apos;By.xpath: //button/span[normalize-space()=&apos;Upload Receipts&apos;]&apos; (tried for 10 second(s) with 500 milliseconds interval)
	at org.openqa.selenium.support.ui.WebDriverWait.timeoutException(WebDriverWait.java:84)
	at org.openqa.selenium.support.ui.FluentWait.until(FluentWait.java:228)
	at com.Capium.Utilites.HelperClass.clickWithRetry(HelperClass.java:373)
	at com.Capium365.Actions.Capium365_Receipts_Receipts_Actions.ClickOnUploadReceiptsbutton(Capium365_Receipts_Receipts_Actions.java:359)
	at com.Capium365.StepDefination.Capium365_Receipts_Receipts_Stepdefination.user_select_upload_receipt_button(Capium365_Receipts_Receipts_Stepdefination.java:168)
	at ✽.user select upload receipt button(file:///C:/Users/satishkumar.silphoz/Documents/2024Automation/2025/Capium365/src/test/resources/Capium365FeatureFiles/Capium365_Recepits_Receipts.feature:101)
Caused by: org.openqa.selenium.NoSuchElementException: no such element: Unable to locate element: {&quot;method&quot;:&quot;xpath&quot;,&quot;selector&quot;:&quot;//button/span[normalize-space()=&apos;Upload Receipts&apos;]&quot;}
  (Session info: chrome=138.0.7204.184)
For documentation on this error, please visit: https://www.selenium.dev/documentation/webdriver/troubleshooting/errors#no-such-element-exception
Build info: version: &apos;4.23.0&apos;, revision: &apos;4df0a231af&apos;
System info: os.name: &apos;Windows Server 2019&apos;, os.arch: &apos;amd64&apos;, os.version: &apos;10.0&apos;, java.version: &apos;17.0.12&apos;
Driver info: org.openqa.selenium.chrome.ChromeDriver
Command: [47778e5b06a77a97f3889683248eceba, findElement {value=//button/span[normalize-space()=&apos;Upload Receipts&apos;], using=xpath}]
Capabilities {acceptInsecureCerts: false, browserName: chrome, browserVersion: 138.0.7204.184, chrome: {chromedriverVersion: 138.0.7204.183 (e90faf484dd..., userDataDir: C:\Users\LOCAL_~1.SIL\Temp\...}, fedcm:accounts: true, goog:chromeOptions: {debuggerAddress: localhost:52321}, networkConnectionEnabled: false, pageLoadStrategy: normal, platformName: windows, proxy: Proxy(), se:cdp: ws://localhost:52321/devtoo..., se:cdpVersion: 138.0.7204.184, setWindowRect: true, strictFileInteractability: false, timeouts: {implicit: 0, pageLoad: 300000, script: 30000}, unhandledPromptBehavior: dismiss and notify, webauthn:extension:credBlob: true, webauthn:extension:largeBlob: true, webauthn:extension:minPinLength: true, webauthn:extension:prf: true, webauthn:virtualAuthenticators: true}
Session ID: 47778e5b06a77a97f3889683248eceba
	at org.openqa.selenium.remote.ErrorCodec.decode(ErrorCodec.java:167)
	at org.openqa.selenium.remote.codec.w3c.W3CHttpResponseCodec.decode(W3CHttpResponseCodec.java:138)
	at org.openqa.selenium.remote.codec.w3c.W3CHttpResponseCodec.decode(W3CHttpResponseCodec.java:50)
	at org.openqa.selenium.remote.HttpCommandExecutor.execute(HttpCommandExecutor.java:190)
	at org.openqa.selenium.remote.service.DriverCommandExecutor.invokeExecute(DriverCommandExecutor.java:216)
	at org.openqa.selenium.remote.service.DriverCommandExecutor.execute(DriverCommandExecutor.java:174)
	at org.openqa.selenium.remote.RemoteWebDriver.execute(RemoteWebDriver.java:527)
	at org.openqa.selenium.remote.ElementLocation$ElementFinder$2.findElement(ElementLocation.java:165)
	at org.openqa.selenium.remote.ElementLocation.findElement(ElementLocation.java:59)
	at org.openqa.selenium.remote.RemoteWebDriver.findElement(RemoteWebDriver.java:357)
	at org.openqa.selenium.remote.RemoteWebDriver.findElement(RemoteWebDriver.java:351)
	at org.openqa.selenium.support.pagefactory.DefaultElementLocator.findElement(DefaultElementLocator.java:68)
	at org.openqa.selenium.support.pagefactory.internal.LocatingElementHandler.invoke(LocatingElementHandler.java:38)
	at jdk.proxy2/jdk.proxy2.$Proxy43.isDisplayed(Unknown Source)
	at org.openqa.selenium.support.ui.ExpectedConditions.elementIfVisible(ExpectedConditions.java:304)
	at org.openqa.selenium.support.ui.ExpectedConditions$10.apply(ExpectedConditions.java:290)
	at org.openqa.selenium.support.ui.ExpectedConditions$10.apply(ExpectedConditions.java:287)
	at org.openqa.selenium.support.ui.ExpectedConditions$23.apply(ExpectedConditions.java:656)
	at org.openqa.selenium.support.ui.ExpectedConditions$23.apply(ExpectedConditions.java:652)
	at org.openqa.selenium.support.ui.FluentWait.until(FluentWait.java:203)
	at com.Capium.Utilites.HelperClass.clickWithRetry(HelperClass.java:373)
	at com.Capium365.Actions.Capium365_Receipts_Receipts_Actions.ClickOnUploadReceiptsbutton(Capium365_Receipts_Receipts_Actions.java:359)
	at com.Capium365.StepDefination.Capium365_Receipts_Receipts_Stepdefination.user_select_upload_receipt_button(Capium365_Receipts_Receipts_Stepdefination.java:168)
	at io.cucumber.java.Invoker.doInvoke(Invoker.java:66)
	at io.cucumber.java.Invoker.invoke(Invoker.java:24)
	at io.cucumber.java.AbstractGlueDefinition.invokeMethod(AbstractGlueDefinition.java:47)
	at io.cucumber.java.JavaStepDefinition.execute(JavaStepDefinition.java:29)
	at io.cucumber.core.runner.CoreStepDefinition.execute(CoreStepDefinition.java:66)
	at io.cucumber.core.runner.PickleStepDefinitionMatch.runStep(PickleStepDefinitionMatch.java:63)
	at io.cucumber.core.runner.ExecutionMode$1.execute(ExecutionMode.java:10)
	at io.cucumber.core.runner.TestStep.executeStep(TestStep.java:81)
	at io.cucumber.core.runner.TestStep.run(TestStep.java:53)
	at io.cucumber.core.runner.PickleStepTestStep.run(PickleStepTestStep.java:51)
	at io.cucumber.core.runner.TestCase.run(TestCase.java:84)
	at io.cucumber.core.runner.Runner.runPickle(Runner.java:75)
	at io.cucumber.testng.TestNGCucumberRunner.lambda$runScenario$1(TestNGCucumberRunner.java:132)
	at io.cucumber.core.runtime.CucumberExecutionContext.lambda$runTestCase$5(CucumberExecutionContext.java:136)
	at io.cucumber.core.runtime.RethrowingThrowableCollector.executeAndThrow(RethrowingThrowableCollector.java:23)
	at io.cucumber.core.runtime.CucumberExecutionContext.runTestCase(CucumberExecutionContext.java:136)
	at io.cucumber.testng.TestNGCucumberRunner.runScenario(TestNGCucumberRunner.java:129)
	at io.cucumber.testng.AbstractTestNGCucumberTests.runScenario(AbstractTestNGCucumberTests.java:35)
	at java.base/java.util.ArrayList.forEach(ArrayList.java:1511)
... Removed 34 stack frames</pre></div><a href='#' onClick='toggleBox("stack-trace1731153077", this, "Click to show all stack frames", "Click to hide stack frames")'>Click to show all stack frames</a>
<div class='stack-trace' id='stack-trace1731153077'><pre>org.openqa.selenium.TimeoutException: Expected condition failed: waiting for element to be clickable: Proxy element for: DefaultElementLocator &apos;By.xpath: //button/span[normalize-space()=&apos;Upload Receipts&apos;]&apos; (tried for 10 second(s) with 500 milliseconds interval)
	at org.openqa.selenium.support.ui.WebDriverWait.timeoutException(WebDriverWait.java:84)
	at org.openqa.selenium.support.ui.FluentWait.until(FluentWait.java:228)
	at com.Capium.Utilites.HelperClass.clickWithRetry(HelperClass.java:373)
	at com.Capium365.Actions.Capium365_Receipts_Receipts_Actions.ClickOnUploadReceiptsbutton(Capium365_Receipts_Receipts_Actions.java:359)
	at com.Capium365.StepDefination.Capium365_Receipts_Receipts_Stepdefination.user_select_upload_receipt_button(Capium365_Receipts_Receipts_Stepdefination.java:168)
	at ✽.user select upload receipt button(file:///C:/Users/satishkumar.silphoz/Documents/2024Automation/2025/Capium365/src/test/resources/Capium365FeatureFiles/Capium365_Recepits_Receipts.feature:101)
Caused by: org.openqa.selenium.NoSuchElementException: no such element: Unable to locate element: {&quot;method&quot;:&quot;xpath&quot;,&quot;selector&quot;:&quot;//button/span[normalize-space()=&apos;Upload Receipts&apos;]&quot;}
  (Session info: chrome=138.0.7204.184)
For documentation on this error, please visit: https://www.selenium.dev/documentation/webdriver/troubleshooting/errors#no-such-element-exception
Build info: version: &apos;4.23.0&apos;, revision: &apos;4df0a231af&apos;
System info: os.name: &apos;Windows Server 2019&apos;, os.arch: &apos;amd64&apos;, os.version: &apos;10.0&apos;, java.version: &apos;17.0.12&apos;
Driver info: org.openqa.selenium.chrome.ChromeDriver
Command: [47778e5b06a77a97f3889683248eceba, findElement {value=//button/span[normalize-space()=&apos;Upload Receipts&apos;], using=xpath}]
Capabilities {acceptInsecureCerts: false, browserName: chrome, browserVersion: 138.0.7204.184, chrome: {chromedriverVersion: 138.0.7204.183 (e90faf484dd..., userDataDir: C:\Users\LOCAL_~1.SIL\Temp\...}, fedcm:accounts: true, goog:chromeOptions: {debuggerAddress: localhost:52321}, networkConnectionEnabled: false, pageLoadStrategy: normal, platformName: windows, proxy: Proxy(), se:cdp: ws://localhost:52321/devtoo..., se:cdpVersion: 138.0.7204.184, setWindowRect: true, strictFileInteractability: false, timeouts: {implicit: 0, pageLoad: 300000, script: 30000}, unhandledPromptBehavior: dismiss and notify, webauthn:extension:credBlob: true, webauthn:extension:largeBlob: true, webauthn:extension:minPinLength: true, webauthn:extension:prf: true, webauthn:virtualAuthenticators: true}
Session ID: 47778e5b06a77a97f3889683248eceba
	at jdk.internal.reflect.GeneratedConstructorAccessor28.newInstance(Unknown Source)
	at java.base/jdk.internal.reflect.DelegatingConstructorAccessorImpl.newInstance(DelegatingConstructorAccessorImpl.java:45)
	at java.base/java.lang.reflect.Constructor.newInstanceWithCaller(Constructor.java:499)
	at java.base/java.lang.reflect.Constructor.newInstance(Constructor.java:480)
	at org.openqa.selenium.remote.ErrorCodec.decode(ErrorCodec.java:167)
	at org.openqa.selenium.remote.codec.w3c.W3CHttpResponseCodec.decode(W3CHttpResponseCodec.java:138)
	at org.openqa.selenium.remote.codec.w3c.W3CHttpResponseCodec.decode(W3CHttpResponseCodec.java:50)
	at org.openqa.selenium.remote.HttpCommandExecutor.execute(HttpCommandExecutor.java:190)
	at org.openqa.selenium.remote.service.DriverCommandExecutor.invokeExecute(DriverCommandExecutor.java:216)
	at org.openqa.selenium.remote.service.DriverCommandExecutor.execute(DriverCommandExecutor.java:174)
	at org.openqa.selenium.remote.RemoteWebDriver.execute(RemoteWebDriver.java:527)
	at org.openqa.selenium.remote.ElementLocation$ElementFinder$2.findElement(ElementLocation.java:165)
	at org.openqa.selenium.remote.ElementLocation.findElement(ElementLocation.java:59)
	at org.openqa.selenium.remote.RemoteWebDriver.findElement(RemoteWebDriver.java:357)
	at org.openqa.selenium.remote.RemoteWebDriver.findElement(RemoteWebDriver.java:351)
	at org.openqa.selenium.support.pagefactory.DefaultElementLocator.findElement(DefaultElementLocator.java:68)
	at org.openqa.selenium.support.pagefactory.internal.LocatingElementHandler.invoke(LocatingElementHandler.java:38)
	at jdk.proxy2/jdk.proxy2.$Proxy43.isDisplayed(Unknown Source)
	at org.openqa.selenium.support.ui.ExpectedConditions.elementIfVisible(ExpectedConditions.java:304)
	at org.openqa.selenium.support.ui.ExpectedConditions$10.apply(ExpectedConditions.java:290)
	at org.openqa.selenium.support.ui.ExpectedConditions$10.apply(ExpectedConditions.java:287)
	at org.openqa.selenium.support.ui.ExpectedConditions$23.apply(ExpectedConditions.java:656)
	at org.openqa.selenium.support.ui.ExpectedConditions$23.apply(ExpectedConditions.java:652)
	at org.openqa.selenium.support.ui.FluentWait.until(FluentWait.java:203)
	at com.Capium.Utilites.HelperClass.clickWithRetry(HelperClass.java:373)
	at com.Capium365.Actions.Capium365_Receipts_Receipts_Actions.ClickOnUploadReceiptsbutton(Capium365_Receipts_Receipts_Actions.java:359)
	at com.Capium365.StepDefination.Capium365_Receipts_Receipts_Stepdefination.user_select_upload_receipt_button(Capium365_Receipts_Receipts_Stepdefination.java:168)
	at java.base/jdk.internal.reflect.NativeMethodAccessorImpl.invoke0(Native Method)
	at java.base/jdk.internal.reflect.NativeMethodAccessorImpl.invoke(NativeMethodAccessorImpl.java:77)
	at java.base/jdk.internal.reflect.DelegatingMethodAccessorImpl.invoke(DelegatingMethodAccessorImpl.java:43)
	at java.base/java.lang.reflect.Method.invoke(Method.java:568)
	at io.cucumber.java.Invoker.doInvoke(Invoker.java:66)
	at io.cucumber.java.Invoker.invoke(Invoker.java:24)
	at io.cucumber.java.AbstractGlueDefinition.invokeMethod(AbstractGlueDefinition.java:47)
	at io.cucumber.java.JavaStepDefinition.execute(JavaStepDefinition.java:29)
	at io.cucumber.core.runner.CoreStepDefinition.execute(CoreStepDefinition.java:66)
	at io.cucumber.core.runner.PickleStepDefinitionMatch.runStep(PickleStepDefinitionMatch.java:63)
	at io.cucumber.core.runner.ExecutionMode$1.execute(ExecutionMode.java:10)
	at io.cucumber.core.runner.TestStep.executeStep(TestStep.java:81)
	at io.cucumber.core.runner.TestStep.run(TestStep.java:53)
	at io.cucumber.core.runner.PickleStepTestStep.run(PickleStepTestStep.java:51)
	at io.cucumber.core.runner.TestCase.run(TestCase.java:84)
	at io.cucumber.core.runner.Runner.runPickle(Runner.java:75)
	at io.cucumber.testng.TestNGCucumberRunner.lambda$runScenario$1(TestNGCucumberRunner.java:132)
	at io.cucumber.core.runtime.CucumberExecutionContext.lambda$runTestCase$5(CucumberExecutionContext.java:136)
	at io.cucumber.core.runtime.RethrowingThrowableCollector.executeAndThrow(RethrowingThrowableCollector.java:23)
	at io.cucumber.core.runtime.CucumberExecutionContext.runTestCase(CucumberExecutionContext.java:136)
	at io.cucumber.testng.TestNGCucumberRunner.runScenario(TestNGCucumberRunner.java:129)
	at io.cucumber.testng.AbstractTestNGCucumberTests.runScenario(AbstractTestNGCucumberTests.java:35)
	at jdk.internal.reflect.GeneratedMethodAccessor185.invoke(Unknown Source)
	at java.base/jdk.internal.reflect.DelegatingMethodAccessorImpl.invoke(DelegatingMethodAccessorImpl.java:43)
	at java.base/java.lang.reflect.Method.invoke(Method.java:568)
	at org.testng.internal.invokers.MethodInvocationHelper.invokeMethod(MethodInvocationHelper.java:141)
	at org.testng.internal.invokers.TestInvoker.invokeMethod(TestInvoker.java:686)
	at org.testng.internal.invokers.TestInvoker.invokeTestMethod(TestInvoker.java:230)
	at org.testng.internal.invokers.MethodRunner.runInSequence(MethodRunner.java:63)
	at org.testng.internal.invokers.TestInvoker$MethodInvocationAgent.invoke(TestInvoker.java:992)
	at org.testng.internal.invokers.TestInvoker.invokeTestMethods(TestInvoker.java:203)
	at org.testng.internal.invokers.TestMethodWorker.invokeTestMethods(TestMethodWorker.java:154)
	at org.testng.internal.invokers.TestMethodWorker.run(TestMethodWorker.java:134)
	at java.base/java.util.ArrayList.forEach(ArrayList.java:1511)
	at org.testng.TestRunner.privateRun(TestRunner.java:739)
	at org.testng.TestRunner.run(TestRunner.java:614)
	at org.testng.SuiteRunner.runTest(SuiteRunner.java:421)
	at org.testng.SuiteRunner.runSequentially(SuiteRunner.java:413)
	at org.testng.SuiteRunner.privateRun(SuiteRunner.java:373)
	at org.testng.SuiteRunner.run(SuiteRunner.java:312)
	at org.testng.SuiteRunnerWorker.runSuite(SuiteRunnerWorker.java:52)
	at org.testng.SuiteRunnerWorker.run(SuiteRunnerWorker.java:95)
	at org.testng.TestNG.runSuitesSequentially(TestNG.java:1274)
	at org.testng.TestNG.runSuitesLocally(TestNG.java:1208)
	at org.testng.TestNG.runSuites(TestNG.java:1112)
	at org.testng.TestNG.run(TestNG.java:1079)
	at org.testng.remote.AbstractRemoteTestNG.run(AbstractRemoteTestNG.java:115)
	at org.testng.remote.RemoteTestNG.initAndRun(RemoteTestNG.java:293)
	at org.testng.remote.RemoteTestNG.main(RemoteTestNG.java:91)
</pre></div></td>
<td>65</td>
<td>com.Capium365.RunnerFiles.Capium365_Receipts_Receipts_Runner@561b6512</td></tr>
<tr>
<td title='com.Capium365.RunnerFiles.Capium365_Receipts_PurchaseInvoice_Runner.runScenario()'><b>runScenario</b><br>Test class: com.Capium365.RunnerFiles.Capium365_Receipts_PurchaseInvoice_Runner<br>Test method: Runs Cucumber Scenarios<br>Parameters: "Validate Pagination", "Validating Purchase Invoice under Receipts tab"</td>
<td><div><pre>org.openqa.selenium.ElementClickInterceptedException: element click intercepted: Element &lt;span class=&quot;mat-checkbox-inner-container mat-checkbox-inner-container-no-side-margin&quot;&gt;...&lt;/span&gt; is not clickable at point (149, 185). Other element would receive the click: &lt;div _ngcontent-amy-c77=&quot;&quot; class=&quot;ngx-spinner-overlay ng-tns-c77-0 ng-trigger ng-trigger-fadeIn ng-star-inserted ng-animating&quot; style=&quot;background-color: rgba(51, 51, 51, 0.8); z-index: 99999; position: fixed;&quot;&gt;...&lt;/div&gt;
  (Session info: chrome=138.0.7204.184)
Build info: version: &apos;4.23.0&apos;, revision: &apos;4df0a231af&apos;
System info: os.name: &apos;Windows Server 2019&apos;, os.arch: &apos;amd64&apos;, os.version: &apos;10.0&apos;, java.version: &apos;17.0.12&apos;
Driver info: org.openqa.selenium.chrome.ChromeDriver
Command: [62aa4e49fbb31b8b5b2e019f06ee2cf6, clickElement {id=f.7AFA04DE16D33FCF0DC4DB4A3C7F6000.d.6617DFF4886F04F9F43653C52DC88328.e.297}]
Capabilities {acceptInsecureCerts: false, browserName: chrome, browserVersion: 138.0.7204.184, chrome: {chromedriverVersion: 138.0.7204.183 (e90faf484dd..., userDataDir: C:\Users\LOCAL_~1.SIL\Temp\...}, fedcm:accounts: true, goog:chromeOptions: {debuggerAddress: localhost:64795}, networkConnectionEnabled: false, pageLoadStrategy: normal, platformName: windows, proxy: Proxy(), se:cdp: ws://localhost:64795/devtoo..., se:cdpVersion: 138.0.7204.184, setWindowRect: true, strictFileInteractability: false, timeouts: {implicit: 0, pageLoad: 300000, script: 30000}, unhandledPromptBehavior: dismiss and notify, webauthn:extension:credBlob: true, webauthn:extension:largeBlob: true, webauthn:extension:minPinLength: true, webauthn:extension:prf: true, webauthn:virtualAuthenticators: true}
Element: [[ChromeDriver: chrome on windows (62aa4e49fbb31b8b5b2e019f06ee2cf6)] -&gt; xpath: (//span[@class=&apos;mat-checkbox-inner-container mat-checkbox-inner-container-no-side-margin&apos;])[1]]
Session ID: 62aa4e49fbb31b8b5b2e019f06ee2cf6
	at org.openqa.selenium.remote.ErrorCodec.decode(ErrorCodec.java:167)
	at org.openqa.selenium.remote.codec.w3c.W3CHttpResponseCodec.decode(W3CHttpResponseCodec.java:138)
	at org.openqa.selenium.remote.codec.w3c.W3CHttpResponseCodec.decode(W3CHttpResponseCodec.java:50)
	at org.openqa.selenium.remote.HttpCommandExecutor.execute(HttpCommandExecutor.java:190)
	at org.openqa.selenium.remote.service.DriverCommandExecutor.invokeExecute(DriverCommandExecutor.java:216)
	at org.openqa.selenium.remote.service.DriverCommandExecutor.execute(DriverCommandExecutor.java:174)
	at org.openqa.selenium.remote.RemoteWebDriver.execute(RemoteWebDriver.java:527)
	at org.openqa.selenium.remote.RemoteWebElement.execute(RemoteWebElement.java:223)
	at org.openqa.selenium.remote.RemoteWebElement.click(RemoteWebElement.java:76)
	at org.openqa.selenium.support.pagefactory.internal.LocatingElementHandler.invoke(LocatingElementHandler.java:51)
	at jdk.proxy2/jdk.proxy2.$Proxy43.click(Unknown Source)
	at com.Capium365.Actions.Capium365_Receipts_PurchaseInvoice_Actions.ClickonPagiantionDropdownandValidteCount(Capium365_Receipts_PurchaseInvoice_Actions.java:502)
	at com.Capium365.StepDefination.Capium365_Receipts_PurchaseInvoice_Stepdefination.select_pagination_dropdown_in_purchase_tab_and_validate(Capium365_Receipts_PurchaseInvoice_Stepdefination.java:215)
	at ✽.Select pagination dropdown in Purchase tab and Validate(file:///C:/Users/satishkumar.silphoz/Documents/2024Automation/2025/Capium365/src/test/resources/Capium365FeatureFiles/Capium365_Receipts_PurchaseInvoice.feature:143)
... Removed 7 stack frames</pre></div><a href='#' onClick='toggleBox("stack-trace1660569254", this, "Click to show all stack frames", "Click to hide stack frames")'>Click to show all stack frames</a>
<div class='stack-trace' id='stack-trace1660569254'><pre>org.openqa.selenium.ElementClickInterceptedException: element click intercepted: Element &lt;span class=&quot;mat-checkbox-inner-container mat-checkbox-inner-container-no-side-margin&quot;&gt;...&lt;/span&gt; is not clickable at point (149, 185). Other element would receive the click: &lt;div _ngcontent-amy-c77=&quot;&quot; class=&quot;ngx-spinner-overlay ng-tns-c77-0 ng-trigger ng-trigger-fadeIn ng-star-inserted ng-animating&quot; style=&quot;background-color: rgba(51, 51, 51, 0.8); z-index: 99999; position: fixed;&quot;&gt;...&lt;/div&gt;
  (Session info: chrome=138.0.7204.184)
Build info: version: &apos;4.23.0&apos;, revision: &apos;4df0a231af&apos;
System info: os.name: &apos;Windows Server 2019&apos;, os.arch: &apos;amd64&apos;, os.version: &apos;10.0&apos;, java.version: &apos;17.0.12&apos;
Driver info: org.openqa.selenium.chrome.ChromeDriver
Command: [62aa4e49fbb31b8b5b2e019f06ee2cf6, clickElement {id=f.7AFA04DE16D33FCF0DC4DB4A3C7F6000.d.6617DFF4886F04F9F43653C52DC88328.e.297}]
Capabilities {acceptInsecureCerts: false, browserName: chrome, browserVersion: 138.0.7204.184, chrome: {chromedriverVersion: 138.0.7204.183 (e90faf484dd..., userDataDir: C:\Users\LOCAL_~1.SIL\Temp\...}, fedcm:accounts: true, goog:chromeOptions: {debuggerAddress: localhost:64795}, networkConnectionEnabled: false, pageLoadStrategy: normal, platformName: windows, proxy: Proxy(), se:cdp: ws://localhost:64795/devtoo..., se:cdpVersion: 138.0.7204.184, setWindowRect: true, strictFileInteractability: false, timeouts: {implicit: 0, pageLoad: 300000, script: 30000}, unhandledPromptBehavior: dismiss and notify, webauthn:extension:credBlob: true, webauthn:extension:largeBlob: true, webauthn:extension:minPinLength: true, webauthn:extension:prf: true, webauthn:virtualAuthenticators: true}
Element: [[ChromeDriver: chrome on windows (62aa4e49fbb31b8b5b2e019f06ee2cf6)] -&gt; xpath: (//span[@class=&apos;mat-checkbox-inner-container mat-checkbox-inner-container-no-side-margin&apos;])[1]]
Session ID: 62aa4e49fbb31b8b5b2e019f06ee2cf6
	at jdk.internal.reflect.GeneratedConstructorAccessor55.newInstance(Unknown Source)
	at java.base/jdk.internal.reflect.DelegatingConstructorAccessorImpl.newInstance(DelegatingConstructorAccessorImpl.java:45)
	at java.base/java.lang.reflect.Constructor.newInstanceWithCaller(Constructor.java:499)
	at java.base/java.lang.reflect.Constructor.newInstance(Constructor.java:480)
	at org.openqa.selenium.remote.ErrorCodec.decode(ErrorCodec.java:167)
	at org.openqa.selenium.remote.codec.w3c.W3CHttpResponseCodec.decode(W3CHttpResponseCodec.java:138)
	at org.openqa.selenium.remote.codec.w3c.W3CHttpResponseCodec.decode(W3CHttpResponseCodec.java:50)
	at org.openqa.selenium.remote.HttpCommandExecutor.execute(HttpCommandExecutor.java:190)
	at org.openqa.selenium.remote.service.DriverCommandExecutor.invokeExecute(DriverCommandExecutor.java:216)
	at org.openqa.selenium.remote.service.DriverCommandExecutor.execute(DriverCommandExecutor.java:174)
	at org.openqa.selenium.remote.RemoteWebDriver.execute(RemoteWebDriver.java:527)
	at org.openqa.selenium.remote.RemoteWebElement.execute(RemoteWebElement.java:223)
	at org.openqa.selenium.remote.RemoteWebElement.click(RemoteWebElement.java:76)
	at jdk.internal.reflect.GeneratedMethodAccessor161.invoke(Unknown Source)
	at java.base/jdk.internal.reflect.DelegatingMethodAccessorImpl.invoke(DelegatingMethodAccessorImpl.java:43)
	at java.base/java.lang.reflect.Method.invoke(Method.java:568)
	at org.openqa.selenium.support.pagefactory.internal.LocatingElementHandler.invoke(LocatingElementHandler.java:51)
	at jdk.proxy2/jdk.proxy2.$Proxy43.click(Unknown Source)
	at com.Capium365.Actions.Capium365_Receipts_PurchaseInvoice_Actions.ClickonPagiantionDropdownandValidteCount(Capium365_Receipts_PurchaseInvoice_Actions.java:502)
	at com.Capium365.StepDefination.Capium365_Receipts_PurchaseInvoice_Stepdefination.select_pagination_dropdown_in_purchase_tab_and_validate(Capium365_Receipts_PurchaseInvoice_Stepdefination.java:215)
	at ✽.Select pagination dropdown in Purchase tab and Validate(file:///C:/Users/satishkumar.silphoz/Documents/2024Automation/2025/Capium365/src/test/resources/Capium365FeatureFiles/Capium365_Receipts_PurchaseInvoice.feature:143)
</pre></div></td>
<td>81</td>
<td>com.Capium365.RunnerFiles.Capium365_Receipts_PurchaseInvoice_Runner@7494f96a</td></tr>
</table><p>
<table width='100%' border='1' class='invocation-passed'>
<tr><td colspan='4' align='center'><b>PASSED TESTS</b></td></tr>
<tr><td><b>Test method</b></td>
<td><b>Attribute(s)</b></td>
<td width="30%"><b>Exception</b></td>
<td width="10%"><b>Time (seconds)</b></td>
<td><b>Instance</b></td>
</tr>
<tr>
<td title='com.Capium365.RunnerFiles.Capium365_BankTab_Runner.runScenario()'><b>runScenario</b><br>Test class: com.Capium365.RunnerFiles.Capium365_BankTab_Runner<br>Test method: Runs Cucumber Scenarios<br>Parameters: "Validate goto page", "Validate bank tab"</td>
<td></td>
<td>37</td>
<td>com.Capium365.RunnerFiles.Capium365_BankTab_Runner@192c3f1e</td></tr>
<tr>
<td title='com.Capium365.RunnerFiles.Capium365_Users_Runner.runScenario()'><b>runScenario</b><br>Test class: com.Capium365.RunnerFiles.Capium365_Users_Runner<br>Test method: Runs Cucumber Scenarios<br>Parameters: "Validate Export to excel", "Validate users tab"</td>
<td></td>
<td>58</td>
<td>com.Capium365.RunnerFiles.Capium365_Users_Runner@26b3fd41</td></tr>
<tr>
<td title='com.Capium365.RunnerFiles.Capium365_Receipts_PurchaseInvoice_Runner.runScenario()'><b>runScenario</b><br>Test class: com.Capium365.RunnerFiles.Capium365_Receipts_PurchaseInvoice_Runner<br>Test method: Runs Cucumber Scenarios<br>Parameters: "Validate Supplier dropdown bulkEdit popup with save Button", "Validating Purchase Invoice under Receipts tab"</td>
<td></td>
<td>87</td>
<td>com.Capium365.RunnerFiles.Capium365_Receipts_PurchaseInvoice_Runner@7494f96a</td></tr>
<tr>
<td title='com.Capium365.RunnerFiles.Capium365_Dashboard_Runner.runScenario()'><b>runScenario</b><br>Test class: com.Capium365.RunnerFiles.Capium365_Dashboard_Runner<br>Test method: Runs Cucumber Scenarios<br>Parameters: "Select a different theme color "Dark Blue"", "Dashboard Chart Validation"</td>
<td></td>
<td>37</td>
<td>com.Capium365.RunnerFiles.Capium365_Dashboard_Runner@8c3b9d</td></tr>
<tr>
<td title='com.Capium365.RunnerFiles.Capium365_Receipts_PurchaseInvoice_Runner.runScenario()'><b>runScenario</b><br>Test class: com.Capium365.RunnerFiles.Capium365_Receipts_PurchaseInvoice_Runner<br>Test method: Runs Cucumber Scenarios<br>Parameters: "Validate MousehoverEditIcon", "Validating Purchase Invoice under Receipts tab"</td>
<td></td>
<td>41</td>
<td>com.Capium365.RunnerFiles.Capium365_Receipts_PurchaseInvoice_Runner@7494f96a</td></tr>
<tr>
<td title='com.Capium365.RunnerFiles.Capium365_Receipts_PurchaseInvoice_Runner.runScenario()'><b>runScenario</b><br>Test class: com.Capium365.RunnerFiles.Capium365_Receipts_PurchaseInvoice_Runner<br>Test method: Runs Cucumber Scenarios<br>Parameters: "Validate Archive button in Footer", "Validating Purchase Invoice under Receipts tab"</td>
<td></td>
<td>45</td>
<td>com.Capium365.RunnerFiles.Capium365_Receipts_PurchaseInvoice_Runner@7494f96a</td></tr>
<tr>
<td title='com.Capium365.RunnerFiles.Capium365_Receipts_Receipts_Runner.runScenario()'><b>runScenario</b><br>Test class: com.Capium365.RunnerFiles.Capium365_Receipts_Receipts_Runner<br>Test method: Runs Cucumber Scenarios<br>Parameters: "Validate Export functionality in Receipts Tab", "Receipts"</td>
<td></td>
<td>50</td>
<td>com.Capium365.RunnerFiles.Capium365_Receipts_Receipts_Runner@561b6512</td></tr>
<tr>
<td title='com.Capium365.RunnerFiles.Capium365_Receipts_Receipts_Runner.runScenario()'><b>runScenario</b><br>Test class: com.Capium365.RunnerFiles.Capium365_Receipts_Receipts_Runner<br>Test method: Runs Cucumber Scenarios<br>Parameters: "User clicks on three dots for a receipt and selects history option", "Receipts"</td>
<td></td>
<td>72</td>
<td>com.Capium365.RunnerFiles.Capium365_Receipts_Receipts_Runner@561b6512</td></tr>
<tr>
<td title='com.Capium365.RunnerFiles.Capium365_Dashboard_Runner.runScenario()'><b>runScenario</b><br>Test class: com.Capium365.RunnerFiles.Capium365_Dashboard_Runner<br>Test method: Runs Cucumber Scenarios<br>Parameters: "Select a different theme color "Blue"", "Dashboard Chart Validation"</td>
<td></td>
<td>36</td>
<td>com.Capium365.RunnerFiles.Capium365_Dashboard_Runner@8c3b9d</td></tr>
<tr>
<td title='com.Capium365.RunnerFiles.Capium365_Receipts_CreditNotes_Runner.runScenario()'><b>runScenario</b><br>Test class: com.Capium365.RunnerFiles.Capium365_Receipts_CreditNotes_Runner<br>Test method: Runs Cucumber Scenarios<br>Parameters: "Validate Export to Excel", "Capium365 Receipts under Credit Notes"</td>
<td></td>
<td>66</td>
<td>com.Capium365.RunnerFiles.Capium365_Receipts_CreditNotes_Runner@2e377400</td></tr>
<tr>
<td title='com.Capium365.RunnerFiles.Capium365_Receipts_PurchaseInvoice_Runner.runScenario()'><b>runScenario</b><br>Test class: com.Capium365.RunnerFiles.Capium365_Receipts_PurchaseInvoice_Runner<br>Test method: Runs Cucumber Scenarios<br>Parameters: "Validate CofirmaArchiveButton with yes button", "Validating Purchase Invoice under Receipts tab"</td>
<td></td>
<td>49</td>
<td>com.Capium365.RunnerFiles.Capium365_Receipts_PurchaseInvoice_Runner@7494f96a</td></tr>
<tr>
<td title='com.Capium365.RunnerFiles.Capium365_Receipts_PurchaseInvoice_Runner.runScenario()'><b>runScenario</b><br>Test class: com.Capium365.RunnerFiles.Capium365_Receipts_PurchaseInvoice_Runner<br>Test method: Runs Cucumber Scenarios<br>Parameters: "Validate CrossButton in Bulk Edit popup", "Validating Purchase Invoice under Receipts tab"</td>
<td></td>
<td>40</td>
<td>com.Capium365.RunnerFiles.Capium365_Receipts_PurchaseInvoice_Runner@7494f96a</td></tr>
<tr>
<td title='com.Capium365.RunnerFiles.Capium365_Dashboard_Runner.runScenario()'><b>runScenario</b><br>Test class: com.Capium365.RunnerFiles.Capium365_Dashboard_Runner<br>Test method: Runs Cucumber Scenarios<br>Parameters: "Select a different theme color "Yellow"", "Dashboard Chart Validation"</td>
<td></td>
<td>34</td>
<td>com.Capium365.RunnerFiles.Capium365_Dashboard_Runner@8c3b9d</td></tr>
<tr>
<td title='com.Capium365.RunnerFiles.Capium365_Receipts_PurchaseInvoice_Runner.runScenario()'><b>runScenario</b><br>Test class: com.Capium365.RunnerFiles.Capium365_Receipts_PurchaseInvoice_Runner<br>Test method: Runs Cucumber Scenarios<br>Parameters: "Validate Footer Cancel button", "Validating Purchase Invoice under Receipts tab"</td>
<td></td>
<td>41</td>
<td>com.Capium365.RunnerFiles.Capium365_Receipts_PurchaseInvoice_Runner@7494f96a</td></tr>
<tr>
<td title='com.Capium365.RunnerFiles.Capium365_BankTab_Runner.runScenario()'><b>runScenario</b><br>Test class: com.Capium365.RunnerFiles.Capium365_BankTab_Runner<br>Test method: Runs Cucumber Scenarios<br>Parameters: "Validate delete bank account", "Validate bank tab"</td>
<td></td>
<td>37</td>
<td>com.Capium365.RunnerFiles.Capium365_BankTab_Runner@192c3f1e</td></tr>
<tr>
<td title='com.Capium365.RunnerFiles.Capium365_BankTab_Runner.runScenario()'><b>runScenario</b><br>Test class: com.Capium365.RunnerFiles.Capium365_BankTab_Runner<br>Test method: Runs Cucumber Scenarios<br>Parameters: "Validate next arrow", "Validate bank tab"</td>
<td></td>
<td>39</td>
<td>com.Capium365.RunnerFiles.Capium365_BankTab_Runner@192c3f1e</td></tr>
<tr>
<td title='com.Capium365.RunnerFiles.Capium365_Receipts_PurchaseInvoice_Runner.runScenario()'><b>runScenario</b><br>Test class: com.Capium365.RunnerFiles.Capium365_Receipts_PurchaseInvoice_Runner<br>Test method: Runs Cucumber Scenarios<br>Parameters: "Validate Export to Excel Functionlity", "Validating Purchase Invoice under Receipts tab"</td>
<td></td>
<td>54</td>
<td>com.Capium365.RunnerFiles.Capium365_Receipts_PurchaseInvoice_Runner@7494f96a</td></tr>
<tr>
<td title='com.Capium365.RunnerFiles.Capium365_Receipts_CreditNotes_Runner.runScenario()'><b>runScenario</b><br>Test class: com.Capium365.RunnerFiles.Capium365_Receipts_CreditNotes_Runner<br>Test method: Runs Cucumber Scenarios<br>Parameters: "Validate Confirm Delete button in CreditNote", "Capium365 Receipts under Credit Notes"</td>
<td></td>
<td>88</td>
<td>com.Capium365.RunnerFiles.Capium365_Receipts_CreditNotes_Runner@2e377400</td></tr>
<tr>
<td title='com.Capium365.RunnerFiles.Capium365_Receipts_PurchaseInvoice_Runner.runScenario()'><b>runScenario</b><br>Test class: com.Capium365.RunnerFiles.Capium365_Receipts_PurchaseInvoice_Runner<br>Test method: Runs Cucumber Scenarios<br>Parameters: "Validate search bar", "Validating Purchase Invoice under Receipts tab"</td>
<td></td>
<td>46</td>
<td>com.Capium365.RunnerFiles.Capium365_Receipts_PurchaseInvoice_Runner@7494f96a</td></tr>
<tr>
<td title='com.Capium365.RunnerFiles.Capium365_BankTab_Runner.runScenario()'><b>runScenario</b><br>Test class: com.Capium365.RunnerFiles.Capium365_BankTab_Runner<br>Test method: Runs Cucumber Scenarios<br>Parameters: "Validate date dropdown", "Validate bank tab"</td>
<td></td>
<td>35</td>
<td>com.Capium365.RunnerFiles.Capium365_BankTab_Runner@192c3f1e</td></tr>
<tr>
<td title='com.Capium365.RunnerFiles.Capium365_Receipts_PurchaseInvoice_Runner.runScenario()'><b>runScenario</b><br>Test class: com.Capium365.RunnerFiles.Capium365_Receipts_PurchaseInvoice_Runner<br>Test method: Runs Cucumber Scenarios<br>Parameters: "Validate Confirm Delete No button in Popup", "Validating Purchase Invoice under Receipts tab"</td>
<td></td>
<td>50</td>
<td>com.Capium365.RunnerFiles.Capium365_Receipts_PurchaseInvoice_Runner@7494f96a</td></tr>
<tr>
<td title='com.Capium365.RunnerFiles.Capium365_Receipts_CreditNotes_Runner.runScenario()'><b>runScenario</b><br>Test class: com.Capium365.RunnerFiles.Capium365_Receipts_CreditNotes_Runner<br>Test method: Runs Cucumber Scenarios<br>Parameters: "Validate File Icon In CreditNote Main Grid", "Capium365 Receipts under Credit Notes"</td>
<td></td>
<td>48</td>
<td>com.Capium365.RunnerFiles.Capium365_Receipts_CreditNotes_Runner@2e377400</td></tr>
<tr>
<td title='com.Capium365.RunnerFiles.Capium365_Receipts_CreditNotes_Runner.runScenario()'><b>runScenario</b><br>Test class: com.Capium365.RunnerFiles.Capium365_Receipts_CreditNotes_Runner<br>Test method: Runs Cucumber Scenarios<br>Parameters: "Validate GotoPage Purchase CreditNote Screen", "Capium365 Receipts under Credit Notes"</td>
<td></td>
<td>40</td>
<td>com.Capium365.RunnerFiles.Capium365_Receipts_CreditNotes_Runner@2e377400</td></tr>
<tr>
<td title='com.Capium365.RunnerFiles.Capium365_Dashboard_Runner.runScenario()'><b>runScenario</b><br>Test class: com.Capium365.RunnerFiles.Capium365_Dashboard_Runner<br>Test method: Runs Cucumber Scenarios<br>Parameters: "Select a different theme color "Teal"", "Dashboard Chart Validation"</td>
<td></td>
<td>35</td>
<td>com.Capium365.RunnerFiles.Capium365_Dashboard_Runner@8c3b9d</td></tr>
<tr>
<td title='com.Capium365.RunnerFiles.Capium365_Receipts_PurchaseInvoice_Runner.runScenario()'><b>runScenario</b><br>Test class: com.Capium365.RunnerFiles.Capium365_Receipts_PurchaseInvoice_Runner<br>Test method: Runs Cucumber Scenarios<br>Parameters: "Validate Mousehover Three dot in purchaseInvoice", "Validating Purchase Invoice under Receipts tab"</td>
<td></td>
<td>44</td>
<td>com.Capium365.RunnerFiles.Capium365_Receipts_PurchaseInvoice_Runner@7494f96a</td></tr>
<tr>
<td title='com.Capium365.RunnerFiles.Capium365_Dashboard_Runner.runScenario()'><b>runScenario</b><br>Test class: com.Capium365.RunnerFiles.Capium365_Dashboard_Runner<br>Test method: Runs Cucumber Scenarios<br>Parameters: "Click + and Select "Invoices"", "Dashboard Chart Validation"</td>
<td></td>
<td>106</td>
<td>com.Capium365.RunnerFiles.Capium365_Dashboard_Runner@8c3b9d</td></tr>
<tr>
<td title='com.Capium365.RunnerFiles.Capium365_Receipts_PurchaseInvoice_Runner.runScenario()'><b>runScenario</b><br>Test class: com.Capium365.RunnerFiles.Capium365_Receipts_PurchaseInvoice_Runner<br>Test method: Runs Cucumber Scenarios<br>Parameters: "Valdiate Footer Options", "Validating Purchase Invoice under Receipts tab"</td>
<td></td>
<td>35</td>
<td>com.Capium365.RunnerFiles.Capium365_Receipts_PurchaseInvoice_Runner@7494f96a</td></tr>
<tr>
<td title='com.Capium365.RunnerFiles.Capium365_Receipts_Receipts_Runner.runScenario()'><b>runScenario</b><br>Test class: com.Capium365.RunnerFiles.Capium365_Receipts_Receipts_Runner<br>Test method: Runs Cucumber Scenarios<br>Parameters: "User clicks the Delete button for a receipt", "Receipts"</td>
<td></td>
<td>52</td>
<td>com.Capium365.RunnerFiles.Capium365_Receipts_Receipts_Runner@561b6512</td></tr>
<tr>
<td title='com.Capium365.RunnerFiles.Capium365_Dashboard_Runner.runScenario()'><b>runScenario</b><br>Test class: com.Capium365.RunnerFiles.Capium365_Dashboard_Runner<br>Test method: Runs Cucumber Scenarios<br>Parameters: "Select a different theme color "Red"", "Dashboard Chart Validation"</td>
<td></td>
<td>36</td>
<td>com.Capium365.RunnerFiles.Capium365_Dashboard_Runner@8c3b9d</td></tr>
<tr>
<td title='com.Capium365.RunnerFiles.Capium365_Receipts_CreditNotes_Runner.runScenario()'><b>runScenario</b><br>Test class: com.Capium365.RunnerFiles.Capium365_Receipts_CreditNotes_Runner<br>Test method: Runs Cucumber Scenarios<br>Parameters: "Validate History popup Closed button", "Capium365 Receipts under Credit Notes"</td>
<td></td>
<td>43</td>
<td>com.Capium365.RunnerFiles.Capium365_Receipts_CreditNotes_Runner@2e377400</td></tr>
<tr>
<td title='com.Capium365.RunnerFiles.Capium365_Receipts_CreditNotes_Runner.runScenario()'><b>runScenario</b><br>Test class: com.Capium365.RunnerFiles.Capium365_Receipts_CreditNotes_Runner<br>Test method: Runs Cucumber Scenarios<br>Parameters: "Validate Mousehover EditIcon", "Capium365 Receipts under Credit Notes"</td>
<td></td>
<td>44</td>
<td>com.Capium365.RunnerFiles.Capium365_Receipts_CreditNotes_Runner@2e377400</td></tr>
<tr>
<td title='com.Capium365.RunnerFiles.Capium365_Receipts_Receipts_Runner.runScenario()'><b>runScenario</b><br>Test class: com.Capium365.RunnerFiles.Capium365_Receipts_Receipts_Runner<br>Test method: Runs Cucumber Scenarios<br>Parameters: "Edit selected invoice using Bulk Edit", "Receipts"</td>
<td></td>
<td>58</td>
<td>com.Capium365.RunnerFiles.Capium365_Receipts_Receipts_Runner@561b6512</td></tr>
<tr>
<td title='com.Capium365.RunnerFiles.Capium365_Users_Runner.runScenario()'><b>runScenario</b><br>Test class: com.Capium365.RunnerFiles.Capium365_Users_Runner<br>Test method: Runs Cucumber Scenarios<br>Parameters: "Validate status dropdown", "Validate users tab"</td>
<td></td>
<td>46</td>
<td>com.Capium365.RunnerFiles.Capium365_Users_Runner@26b3fd41</td></tr>
<tr>
<td title='com.Capium365.RunnerFiles.Capium365_Receipts_PurchaseInvoice_Runner.runScenario()'><b>runScenario</b><br>Test class: com.Capium365.RunnerFiles.Capium365_Receipts_PurchaseInvoice_Runner<br>Test method: Runs Cucumber Scenarios<br>Parameters: "Validate File Icon Donwload Logo", "Validating Purchase Invoice under Receipts tab"</td>
<td></td>
<td>37</td>
<td>com.Capium365.RunnerFiles.Capium365_Receipts_PurchaseInvoice_Runner@7494f96a</td></tr>
<tr>
<td title='com.Capium365.RunnerFiles.Capium365_Dashboard_Runner.runScenario()'><b>runScenario</b><br>Test class: com.Capium365.RunnerFiles.Capium365_Dashboard_Runner<br>Test method: Runs Cucumber Scenarios<br>Parameters: "Default filter selection on Activity tab", "Dashboard Chart Validation"</td>
<td></td>
<td>43</td>
<td>com.Capium365.RunnerFiles.Capium365_Dashboard_Runner@8c3b9d</td></tr>
<tr>
<td title='com.Capium365.RunnerFiles.Capium365_Users_Runner.runScenario()'><b>runScenario</b><br>Test class: com.Capium365.RunnerFiles.Capium365_Users_Runner<br>Test method: Runs Cucumber Scenarios<br>Parameters: "Validate add user button with unmandatory fields", "Validate users tab"</td>
<td></td>
<td>54</td>
<td>com.Capium365.RunnerFiles.Capium365_Users_Runner@26b3fd41</td></tr>
<tr>
<td title='com.Capium365.RunnerFiles.Capium365_Receipts_PurchaseInvoice_Runner.runScenario()'><b>runScenario</b><br>Test class: com.Capium365.RunnerFiles.Capium365_Receipts_PurchaseInvoice_Runner<br>Test method: Runs Cucumber Scenarios<br>Parameters: "Validate Confirm Delete button in Purchase Invoice", "Validating Purchase Invoice under Receipts tab"</td>
<td></td>
<td>44</td>
<td>com.Capium365.RunnerFiles.Capium365_Receipts_PurchaseInvoice_Runner@7494f96a</td></tr>
<tr>
<td title='com.Capium365.RunnerFiles.Capium365_BankTab_Runner.runScenario()'><b>runScenario</b><br>Test class: com.Capium365.RunnerFiles.Capium365_BankTab_Runner<br>Test method: Runs Cucumber Scenarios<br>Parameters: "Validate bank accounts tab", "Validate bank tab"</td>
<td></td>
<td>36</td>
<td>com.Capium365.RunnerFiles.Capium365_BankTab_Runner@192c3f1e</td></tr>
<tr>
<td title='com.Capium365.RunnerFiles.Capium365_Receipts_PurchaseInvoice_Runner.runScenario()'><b>runScenario</b><br>Test class: com.Capium365.RunnerFiles.Capium365_Receipts_PurchaseInvoice_Runner<br>Test method: Runs Cucumber Scenarios<br>Parameters: "Validate File Icon", "Validating Purchase Invoice under Receipts tab"</td>
<td></td>
<td>39</td>
<td>com.Capium365.RunnerFiles.Capium365_Receipts_PurchaseInvoice_Runner@7494f96a</td></tr>
<tr>
<td title='com.Capium365.RunnerFiles.Capium365_Receipts_Suppliers_Runner.runScenario()'><b>runScenario</b><br>Test class: com.Capium365.RunnerFiles.Capium365_Receipts_Suppliers_Runner<br>Test method: Runs Cucumber Scenarios<br>Parameters: "Validate PaymentAccountDropdown In Add New Supplier Page", "Verify Suppliers in Receipts tab"</td>
<td></td>
<td>52</td>
<td>com.Capium365.RunnerFiles.Capium365_Receipts_Suppliers_Runner@1757cd72</td></tr>
<tr>
<td title='com.Capium365.RunnerFiles.Capium365_Receipts_PurchaseInvoice_Runner.runScenario()'><b>runScenario</b><br>Test class: com.Capium365.RunnerFiles.Capium365_Receipts_PurchaseInvoice_Runner<br>Test method: Runs Cucumber Scenarios<br>Parameters: "Validate VAT Rate Dropdown bulkEdit popup with Save button", "Validating Purchase Invoice under Receipts tab"</td>
<td></td>
<td>60</td>
<td>com.Capium365.RunnerFiles.Capium365_Receipts_PurchaseInvoice_Runner@7494f96a</td></tr>
<tr>
<td title='com.Capium365.RunnerFiles.Capium365_Receipts_PurchaseInvoice_Runner.runScenario()'><b>runScenario</b><br>Test class: com.Capium365.RunnerFiles.Capium365_Receipts_PurchaseInvoice_Runner<br>Test method: Runs Cucumber Scenarios<br>Parameters: "Validate Currency dropdown EditPurchaseInvoice Page using save button", "Validating Purchase Invoice under Receipts tab"</td>
<td></td>
<td>46</td>
<td>com.Capium365.RunnerFiles.Capium365_Receipts_PurchaseInvoice_Runner@7494f96a</td></tr>
<tr>
<td title='com.Capium365.RunnerFiles.Capium365_BankTab_Runner.runScenario()'><b>runScenario</b><br>Test class: com.Capium365.RunnerFiles.Capium365_BankTab_Runner<br>Test method: Runs Cucumber Scenarios<br>Parameters: "Validate page numbers", "Validate bank tab"</td>
<td></td>
<td>42</td>
<td>com.Capium365.RunnerFiles.Capium365_BankTab_Runner@192c3f1e</td></tr>
<tr>
<td title='com.Capium365.RunnerFiles.Capium365_Receipts_CreditNotes_Runner.runScenario()'><b>runScenario</b><br>Test class: com.Capium365.RunnerFiles.Capium365_Receipts_CreditNotes_Runner<br>Test method: Runs Cucumber Scenarios<br>Parameters: "Validate Confirm Restore button in CreditNote", "Capium365 Receipts under Credit Notes"</td>
<td></td>
<td>54</td>
<td>com.Capium365.RunnerFiles.Capium365_Receipts_CreditNotes_Runner@2e377400</td></tr>
<tr>
<td title='com.Capium365.RunnerFiles.Capium365_Receipts_Receipts_Runner.runScenario()'><b>runScenario</b><br>Test class: com.Capium365.RunnerFiles.Capium365_Receipts_Receipts_Runner<br>Test method: Runs Cucumber Scenarios<br>Parameters: "Verify Receipts Tab data displays correct data for selected "<Time Filter>"", "Receipts"</td>
<td></td>
<td>132</td>
<td>com.Capium365.RunnerFiles.Capium365_Receipts_Receipts_Runner@561b6512</td></tr>
<tr>
<td title='com.Capium365.RunnerFiles.Capium365_Receipts_PurchaseInvoice_Runner.runScenario()'><b>runScenario</b><br>Test class: com.Capium365.RunnerFiles.Capium365_Receipts_PurchaseInvoice_Runner<br>Test method: Runs Cucumber Scenarios<br>Parameters: "Validate Edit Supplier button in Edit Purchase Invoice Page", "Validating Purchase Invoice under Receipts tab"</td>
<td></td>
<td>44</td>
<td>com.Capium365.RunnerFiles.Capium365_Receipts_PurchaseInvoice_Runner@7494f96a</td></tr>
<tr>
<td title='com.Capium365.RunnerFiles.Capium365_BankTab_Runner.runScenario()'><b>runScenario</b><br>Test class: com.Capium365.RunnerFiles.Capium365_BankTab_Runner<br>Test method: Runs Cucumber Scenarios<br>Parameters: "Verify cross mark on down right side after clicking on ID check box", "Validate bank tab"</td>
<td></td>
<td>36</td>
<td>com.Capium365.RunnerFiles.Capium365_BankTab_Runner@192c3f1e</td></tr>
<tr>
<td title='com.Capium365.RunnerFiles.Capium365_Dashboard_Runner.runScenario()'><b>runScenario</b><br>Test class: com.Capium365.RunnerFiles.Capium365_Dashboard_Runner<br>Test method: Runs Cucumber Scenarios<br>Parameters: "Verify Help tab in dashboard", "Dashboard Chart Validation"</td>
<td></td>
<td>37</td>
<td>com.Capium365.RunnerFiles.Capium365_Dashboard_Runner@8c3b9d</td></tr>
<tr>
<td title='com.Capium365.RunnerFiles.Capium365_BankTab_Runner.runScenario()'><b>runScenario</b><br>Test class: com.Capium365.RunnerFiles.Capium365_BankTab_Runner<br>Test method: Runs Cucumber Scenarios<br>Parameters: "Validate export excel option in the down", "Validate bank tab"</td>
<td></td>
<td>42</td>
<td>com.Capium365.RunnerFiles.Capium365_BankTab_Runner@192c3f1e</td></tr>
<tr>
<td title='com.Capium365.RunnerFiles.Capium365_Receipts_Receipts_Runner.runScenario()'><b>runScenario</b><br>Test class: com.Capium365.RunnerFiles.Capium365_Receipts_Receipts_Runner<br>Test method: Runs Cucumber Scenarios<br>Parameters: "Action buttons appear on row hover", "Receipts"</td>
<td></td>
<td>73</td>
<td>com.Capium365.RunnerFiles.Capium365_Receipts_Receipts_Runner@561b6512</td></tr>
<tr>
<td title='com.Capium365.RunnerFiles.Capium365_Dashboard_Runner.runScenario()'><b>runScenario</b><br>Test class: com.Capium365.RunnerFiles.Capium365_Dashboard_Runner<br>Test method: Runs Cucumber Scenarios<br>Parameters: "User selects each account from the dropdown and verifies transaction data", "Dashboard Chart Validation"</td>
<td></td>
<td>47</td>
<td>com.Capium365.RunnerFiles.Capium365_Dashboard_Runner@8c3b9d</td></tr>
<tr>
<td title='com.Capium365.RunnerFiles.Capium365_Receipts_PurchaseInvoice_Runner.runScenario()'><b>runScenario</b><br>Test class: com.Capium365.RunnerFiles.Capium365_Receipts_PurchaseInvoice_Runner<br>Test method: Runs Cucumber Scenarios<br>Parameters: "Validate HisroryTab Close button in Edit supplier Page", "Validating Purchase Invoice under Receipts tab"</td>
<td></td>
<td>45</td>
<td>com.Capium365.RunnerFiles.Capium365_Receipts_PurchaseInvoice_Runner@7494f96a</td></tr>
<tr>
<td title='com.Capium365.RunnerFiles.Capium365_Receipts_CreditNotes_Runner.runScenario()'><b>runScenario</b><br>Test class: com.Capium365.RunnerFiles.Capium365_Receipts_CreditNotes_Runner<br>Test method: Runs Cucumber Scenarios<br>Parameters: "Validate SettingsIcon in Edit Purchase CreditNote Page", "Capium365 Receipts under Credit Notes"</td>
<td></td>
<td>59</td>
<td>com.Capium365.RunnerFiles.Capium365_Receipts_CreditNotes_Runner@2e377400</td></tr>
<tr>
<td title='com.Capium365.RunnerFiles.Capium365_Receipts_CreditNotes_Runner.runScenario()'><b>runScenario</b><br>Test class: com.Capium365.RunnerFiles.Capium365_Receipts_CreditNotes_Runner<br>Test method: Runs Cucumber Scenarios<br>Parameters: "Validate Confirm Delete button in CreditNote", "Capium365 Receipts under Credit Notes"</td>
<td></td>
<td>52</td>
<td>com.Capium365.RunnerFiles.Capium365_Receipts_CreditNotes_Runner@2e377400</td></tr>
<tr>
<td title='com.Capium365.RunnerFiles.Capium365_Receipts_Receipts_Runner.runScenario()'><b>runScenario</b><br>Test class: com.Capium365.RunnerFiles.Capium365_Receipts_Receipts_Runner<br>Test method: Runs Cucumber Scenarios<br>Parameters: "Delete selected invoice using Delete action", "Receipts"</td>
<td></td>
<td>62</td>
<td>com.Capium365.RunnerFiles.Capium365_Receipts_Receipts_Runner@561b6512</td></tr>
<tr>
<td title='com.Capium365.RunnerFiles.Capium365_Dashboard_Runner.runScenario()'><b>runScenario</b><br>Test class: com.Capium365.RunnerFiles.Capium365_Dashboard_Runner<br>Test method: Runs Cucumber Scenarios<br>Parameters: "Verify Announcement tab in dashborad", "Dashboard Chart Validation"</td>
<td></td>
<td>35</td>
<td>com.Capium365.RunnerFiles.Capium365_Dashboard_Runner@8c3b9d</td></tr>
<tr>
<td title='com.Capium365.RunnerFiles.Capium365_Dashboard_Runner.runScenario()'><b>runScenario</b><br>Test class: com.Capium365.RunnerFiles.Capium365_Dashboard_Runner<br>Test method: Runs Cucumber Scenarios<br>Parameters: "Open profile popup", "Dashboard Chart Validation"</td>
<td></td>
<td>43</td>
<td>com.Capium365.RunnerFiles.Capium365_Dashboard_Runner@8c3b9d</td></tr>
<tr>
<td title='com.Capium365.RunnerFiles.Capium365_Receipts_PurchaseInvoice_Runner.runScenario()'><b>runScenario</b><br>Test class: com.Capium365.RunnerFiles.Capium365_Receipts_PurchaseInvoice_Runner<br>Test method: Runs Cucumber Scenarios<br>Parameters: "Validate Confirm Delete Popup", "Validating Purchase Invoice under Receipts tab"</td>
<td></td>
<td>45</td>
<td>com.Capium365.RunnerFiles.Capium365_Receipts_PurchaseInvoice_Runner@7494f96a</td></tr>
<tr>
<td title='com.Capium365.RunnerFiles.Capium365_Receipts_PurchaseInvoice_Runner.runScenario()'><b>runScenario</b><br>Test class: com.Capium365.RunnerFiles.Capium365_Receipts_PurchaseInvoice_Runner<br>Test method: Runs Cucumber Scenarios<br>Parameters: "Validate Restore button in Footer", "Validating Purchase Invoice under Receipts tab"</td>
<td></td>
<td>44</td>
<td>com.Capium365.RunnerFiles.Capium365_Receipts_PurchaseInvoice_Runner@7494f96a</td></tr>
<tr>
<td title='com.Capium365.RunnerFiles.Capium365_Users_Runner.runScenario()'><b>runScenario</b><br>Test class: com.Capium365.RunnerFiles.Capium365_Users_Runner<br>Test method: Runs Cucumber Scenarios<br>Parameters: "Validate edit icon in the row", "Validate users tab"</td>
<td></td>
<td>43</td>
<td>com.Capium365.RunnerFiles.Capium365_Users_Runner@26b3fd41</td></tr>
<tr>
<td title='com.Capium365.RunnerFiles.Capium365_Receipts_Receipts_Runner.runScenario()'><b>runScenario</b><br>Test class: com.Capium365.RunnerFiles.Capium365_Receipts_Receipts_Runner<br>Test method: Runs Cucumber Scenarios<br>Parameters: "Restore an archived invoice", "Receipts"</td>
<td></td>
<td>61</td>
<td>com.Capium365.RunnerFiles.Capium365_Receipts_Receipts_Runner@561b6512</td></tr>
<tr>
<td title='com.Capium365.RunnerFiles.Capium365_Dashboard_Runner.runScenario()'><b>runScenario</b><br>Test class: com.Capium365.RunnerFiles.Capium365_Dashboard_Runner<br>Test method: Runs Cucumber Scenarios<br>Parameters: "Verify Top Account Names "<Time Filter>" donut chart displays correct data for selected time filter", "Dashboard Chart Validation"</td>
<td></td>
<td>168</td>
<td>com.Capium365.RunnerFiles.Capium365_Dashboard_Runner@8c3b9d</td></tr>
<tr>
<td title='com.Capium365.RunnerFiles.Capium365_Receipts_PurchaseInvoice_Runner.runScenario()'><b>runScenario</b><br>Test class: com.Capium365.RunnerFiles.Capium365_Receipts_PurchaseInvoice_Runner<br>Test method: Runs Cucumber Scenarios<br>Parameters: "Validate Add Suplier EditPurchaseInvoicePage cancel changes", "Validating Purchase Invoice under Receipts tab"</td>
<td></td>
<td>57</td>
<td>com.Capium365.RunnerFiles.Capium365_Receipts_PurchaseInvoice_Runner@7494f96a</td></tr>
<tr>
<td title='com.Capium365.RunnerFiles.Capium365_Dashboard_Runner.runScenario()'><b>runScenario</b><br>Test class: com.Capium365.RunnerFiles.Capium365_Dashboard_Runner<br>Test method: Runs Cucumber Scenarios<br>Parameters: "Validate Transactions dashboard chart for 'This Year'", "Dashboard Chart Validation"</td>
<td></td>
<td>74</td>
<td>com.Capium365.RunnerFiles.Capium365_Dashboard_Runner@8c3b9d</td></tr>
<tr>
<td title='com.Capium365.RunnerFiles.Capium365_Dashboard_Runner.runScenario()'><b>runScenario</b><br>Test class: com.Capium365.RunnerFiles.Capium365_Dashboard_Runner<br>Test method: Runs Cucumber Scenarios<br>Parameters: "Verify activity logs are filtered correctly by time range", "Dashboard Chart Validation"</td>
<td></td>
<td>55</td>
<td>com.Capium365.RunnerFiles.Capium365_Dashboard_Runner@8c3b9d</td></tr>
<tr>
<td title='com.Capium365.RunnerFiles.Capium365_Receipts_Receipts_Runner.runScenario()'><b>runScenario</b><br>Test class: com.Capium365.RunnerFiles.Capium365_Receipts_Receipts_Runner<br>Test method: Runs Cucumber Scenarios<br>Parameters: "Archive selected invoice", "Receipts"</td>
<td></td>
<td>75</td>
<td>com.Capium365.RunnerFiles.Capium365_Receipts_Receipts_Runner@561b6512</td></tr>
<tr>
<td title='com.Capium365.RunnerFiles.Capium365_Receipts_PurchaseInvoice_Runner.runScenario()'><b>runScenario</b><br>Test class: com.Capium365.RunnerFiles.Capium365_Receipts_PurchaseInvoice_Runner<br>Test method: Runs Cucumber Scenarios<br>Parameters: "Validate Back to Purchase Invoices link Edit Supplier Page", "Validating Purchase Invoice under Receipts tab"</td>
<td></td>
<td>46</td>
<td>com.Capium365.RunnerFiles.Capium365_Receipts_PurchaseInvoice_Runner@7494f96a</td></tr>
<tr>
<td title='com.Capium365.RunnerFiles.Capium365_Receipts_PurchaseInvoice_Runner.runScenario()'><b>runScenario</b><br>Test class: com.Capium365.RunnerFiles.Capium365_Receipts_PurchaseInvoice_Runner<br>Test method: Runs Cucumber Scenarios<br>Parameters: "Valdiate Edit Purchase Invoice Page Through ID", "Validating Purchase Invoice under Receipts tab"</td>
<td></td>
<td>36</td>
<td>com.Capium365.RunnerFiles.Capium365_Receipts_PurchaseInvoice_Runner@7494f96a</td></tr>
<tr>
<td title='com.Capium365.RunnerFiles.Capium365_Receipts_CreditNotes_Runner.runScenario()'><b>runScenario</b><br>Test class: com.Capium365.RunnerFiles.Capium365_Receipts_CreditNotes_Runner<br>Test method: Runs Cucumber Scenarios<br>Parameters: "Validate NextButton Purchase CreditNote Menu", "Capium365 Receipts under Credit Notes"</td>
<td></td>
<td>40</td>
<td>com.Capium365.RunnerFiles.Capium365_Receipts_CreditNotes_Runner@2e377400</td></tr>
<tr>
<td title='com.Capium365.RunnerFiles.Capium365_Receipts_CreditNotes_Runner.runScenario()'><b>runScenario</b><br>Test class: com.Capium365.RunnerFiles.Capium365_Receipts_CreditNotes_Runner<br>Test method: Runs Cucumber Scenarios<br>Parameters: "Validating Export from Footer", "Capium365 Receipts under Credit Notes"</td>
<td></td>
<td>41</td>
<td>com.Capium365.RunnerFiles.Capium365_Receipts_CreditNotes_Runner@2e377400</td></tr>
<tr>
<td title='com.Capium365.RunnerFiles.Capium365_Receipts_Receipts_Runner.runScenario()'><b>runScenario</b><br>Test class: com.Capium365.RunnerFiles.Capium365_Receipts_Receipts_Runner<br>Test method: Runs Cucumber Scenarios<br>Parameters: "User clicks the Edit button for a receipt", "Receipts"</td>
<td></td>
<td>67</td>
<td>com.Capium365.RunnerFiles.Capium365_Receipts_Receipts_Runner@561b6512</td></tr>
<tr>
<td title='com.Capium365.RunnerFiles.Capium365_Dashboard_Runner.runScenario()'><b>runScenario</b><br>Test class: com.Capium365.RunnerFiles.Capium365_Dashboard_Runner<br>Test method: Runs Cucumber Scenarios<br>Parameters: "Select a different theme color "Green"", "Dashboard Chart Validation"</td>
<td></td>
<td>35</td>
<td>com.Capium365.RunnerFiles.Capium365_Dashboard_Runner@8c3b9d</td></tr>
<tr>
<td title='com.Capium365.RunnerFiles.Capium365_Receipts_PurchaseInvoice_Runner.runScenario()'><b>runScenario</b><br>Test class: com.Capium365.RunnerFiles.Capium365_Receipts_PurchaseInvoice_Runner<br>Test method: Runs Cucumber Scenarios<br>Parameters: "Validate Confirm Archive button in PurchaseInvoice", "Validating Purchase Invoice under Receipts tab"</td>
<td></td>
<td>42</td>
<td>com.Capium365.RunnerFiles.Capium365_Receipts_PurchaseInvoice_Runner@7494f96a</td></tr>
<tr>
<td title='com.Capium365.RunnerFiles.Capium365_Receipts_PurchaseInvoice_Runner.runScenario()'><b>runScenario</b><br>Test class: com.Capium365.RunnerFiles.Capium365_Receipts_PurchaseInvoice_Runner<br>Test method: Runs Cucumber Scenarios<br>Parameters: "Validate Statusdropdown and Verify Column", "Validating Purchase Invoice under Receipts tab"</td>
<td></td>
<td>36</td>
<td>com.Capium365.RunnerFiles.Capium365_Receipts_PurchaseInvoice_Runner@7494f96a</td></tr>
<tr>
<td title='com.Capium365.RunnerFiles.Capium365_BankTab_Runner.runScenario()'><b>runScenario</b><br>Test class: com.Capium365.RunnerFiles.Capium365_BankTab_Runner<br>Test method: Runs Cucumber Scenarios<br>Parameters: "Validate add new account", "Validate bank tab"</td>
<td></td>
<td>51</td>
<td>com.Capium365.RunnerFiles.Capium365_BankTab_Runner@192c3f1e</td></tr>
<tr>
<td title='com.Capium365.RunnerFiles.Capium365_Receipts_CreditNotes_Runner.runScenario()'><b>runScenario</b><br>Test class: com.Capium365.RunnerFiles.Capium365_Receipts_CreditNotes_Runner<br>Test method: Runs Cucumber Scenarios<br>Parameters: "Validate Three dot in CreditNote MainGrid", "Capium365 Receipts under Credit Notes"</td>
<td></td>
<td>42</td>
<td>com.Capium365.RunnerFiles.Capium365_Receipts_CreditNotes_Runner@2e377400</td></tr>
<tr>
<td title='com.Capium365.RunnerFiles.Capium365_Receipts_CreditNotes_Runner.runScenario()'><b>runScenario</b><br>Test class: com.Capium365.RunnerFiles.Capium365_Receipts_CreditNotes_Runner<br>Test method: Runs Cucumber Scenarios<br>Parameters: "Validate plus Icon Edit Purchase CreditNote Page", "Capium365 Receipts under Credit Notes"</td>
<td></td>
<td>64</td>
<td>com.Capium365.RunnerFiles.Capium365_Receipts_CreditNotes_Runner@2e377400</td></tr>
<tr>
<td title='com.Capium365.RunnerFiles.Capium365_Receipts_PurchaseInvoice_Runner.runScenario()'><b>runScenario</b><br>Test class: com.Capium365.RunnerFiles.Capium365_Receipts_PurchaseInvoice_Runner<br>Test method: Runs Cucumber Scenarios<br>Parameters: "Validate Close Supplier button in Edit Purchase Invoice Page", "Validating Purchase Invoice under Receipts tab"</td>
<td></td>
<td>45</td>
<td>com.Capium365.RunnerFiles.Capium365_Receipts_PurchaseInvoice_Runner@7494f96a</td></tr>
<tr>
<td title='com.Capium365.RunnerFiles.Capium365_Users_Runner.runScenario()'><b>runScenario</b><br>Test class: com.Capium365.RunnerFiles.Capium365_Users_Runner<br>Test method: Runs Cucumber Scenarios<br>Parameters: "Validate add user button with mandatory fields", "Validate users tab"</td>
<td></td>
<td>40</td>
<td>com.Capium365.RunnerFiles.Capium365_Users_Runner@26b3fd41</td></tr>
<tr>
<td title='com.Capium365.RunnerFiles.Capium365_Users_Runner.runScenario()'><b>runScenario</b><br>Test class: com.Capium365.RunnerFiles.Capium365_Users_Runner<br>Test method: Runs Cucumber Scenarios<br>Parameters: "Validate the edit user page", "Validate users tab"</td>
<td></td>
<td>46</td>
<td>com.Capium365.RunnerFiles.Capium365_Users_Runner@26b3fd41</td></tr>
<tr>
<td title='com.Capium365.RunnerFiles.Capium365_BankTab_Runner.runScenario()'><b>runScenario</b><br>Test class: com.Capium365.RunnerFiles.Capium365_BankTab_Runner<br>Test method: Runs Cucumber Scenarios<br>Parameters: "Validate search bar", "Validate bank tab"</td>
<td></td>
<td>38</td>
<td>com.Capium365.RunnerFiles.Capium365_BankTab_Runner@192c3f1e</td></tr>
<tr>
<td title='com.Capium365.RunnerFiles.Capium365_BankTab_Runner.runScenario()'><b>runScenario</b><br>Test class: com.Capium365.RunnerFiles.Capium365_BankTab_Runner<br>Test method: Runs Cucumber Scenarios<br>Parameters: "Validate bank tab", "Validate bank tab"</td>
<td></td>
<td>35</td>
<td>com.Capium365.RunnerFiles.Capium365_BankTab_Runner@192c3f1e</td></tr>
<tr>
<td title='com.Capium365.RunnerFiles.Capium365_Receipts_PurchaseInvoice_Runner.runScenario()'><b>runScenario</b><br>Test class: com.Capium365.RunnerFiles.Capium365_Receipts_PurchaseInvoice_Runner<br>Test method: Runs Cucumber Scenarios<br>Parameters: "Valdiate Discount type Edit Purchase Invoice Page", "Validating Purchase Invoice under Receipts tab"</td>
<td></td>
<td>46</td>
<td>com.Capium365.RunnerFiles.Capium365_Receipts_PurchaseInvoice_Runner@7494f96a</td></tr>
<tr>
<td title='com.Capium365.RunnerFiles.Capium365_Users_Runner.runScenario()'><b>runScenario</b><br>Test class: com.Capium365.RunnerFiles.Capium365_Users_Runner<br>Test method: Runs Cucumber Scenarios<br>Parameters: "Validate the excel export by clicking the check box", "Validate users tab"</td>
<td></td>
<td>48</td>
<td>com.Capium365.RunnerFiles.Capium365_Users_Runner@26b3fd41</td></tr>
<tr>
<td title='com.Capium365.RunnerFiles.Capium365_Receipts_CreditNotes_Runner.runScenario()'><b>runScenario</b><br>Test class: com.Capium365.RunnerFiles.Capium365_Receipts_CreditNotes_Runner<br>Test method: Runs Cucumber Scenarios<br>Parameters: "Validate VATRate Dropdown in Settings popup", "Capium365 Receipts under Credit Notes"</td>
<td></td>
<td>67</td>
<td>com.Capium365.RunnerFiles.Capium365_Receipts_CreditNotes_Runner@2e377400</td></tr>
<tr>
<td title='com.Capium365.RunnerFiles.Capium365_Receipts_PurchaseInvoice_Runner.runScenario()'><b>runScenario</b><br>Test class: com.Capium365.RunnerFiles.Capium365_Receipts_PurchaseInvoice_Runner<br>Test method: Runs Cucumber Scenarios<br>Parameters: "Validate Add Suplier EditPurchaseInvoicePage", "Validating Purchase Invoice under Receipts tab"</td>
<td></td>
<td>53</td>
<td>com.Capium365.RunnerFiles.Capium365_Receipts_PurchaseInvoice_Runner@7494f96a</td></tr>
<tr>
<td title='com.Capium365.RunnerFiles.Capium365_Receipts_CreditNotes_Runner.runScenario()'><b>runScenario</b><br>Test class: com.Capium365.RunnerFiles.Capium365_Receipts_CreditNotes_Runner<br>Test method: Runs Cucumber Scenarios<br>Parameters: "Validate Suplier Dropdown in Edit Purchase CreditNote Page", "Capium365 Receipts under Credit Notes"</td>
<td></td>
<td>61</td>
<td>com.Capium365.RunnerFiles.Capium365_Receipts_CreditNotes_Runner@2e377400</td></tr>
<tr>
<td title='com.Capium365.RunnerFiles.Capium365_Receipts_PurchaseInvoice_Runner.runScenario()'><b>runScenario</b><br>Test class: com.Capium365.RunnerFiles.Capium365_Receipts_PurchaseInvoice_Runner<br>Test method: Runs Cucumber Scenarios<br>Parameters: "Validate File without Change any data and Save", "Validating Purchase Invoice under Receipts tab"</td>
<td></td>
<td>37</td>
<td>com.Capium365.RunnerFiles.Capium365_Receipts_PurchaseInvoice_Runner@7494f96a</td></tr>
<tr>
<td title='com.Capium365.RunnerFiles.Capium365_Receipts_CreditNotes_Runner.runScenario()'><b>runScenario</b><br>Test class: com.Capium365.RunnerFiles.Capium365_Receipts_CreditNotes_Runner<br>Test method: Runs Cucumber Scenarios<br>Parameters: "Validate Three dot in CreditNote MainGrid History Button", "Capium365 Receipts under Credit Notes"</td>
<td></td>
<td>47</td>
<td>com.Capium365.RunnerFiles.Capium365_Receipts_CreditNotes_Runner@2e377400</td></tr>
<tr>
<td title='com.Capium365.RunnerFiles.Capium365_Receipts_PurchaseInvoice_Runner.runScenario()'><b>runScenario</b><br>Test class: com.Capium365.RunnerFiles.Capium365_Receipts_PurchaseInvoice_Runner<br>Test method: Runs Cucumber Scenarios<br>Parameters: "Validate Cross button in Add new Supplier in Edit Purchase Invoice Screen", "Validating Purchase Invoice under Receipts tab"</td>
<td></td>
<td>51</td>
<td>com.Capium365.RunnerFiles.Capium365_Receipts_PurchaseInvoice_Runner@7494f96a</td></tr>
<tr>
<td title='com.Capium365.RunnerFiles.Capium365_Users_Runner.runScenario()'><b>runScenario</b><br>Test class: com.Capium365.RunnerFiles.Capium365_Users_Runner<br>Test method: Runs Cucumber Scenarios<br>Parameters: "Validate search bar", "Validate users tab"</td>
<td></td>
<td>41</td>
<td>com.Capium365.RunnerFiles.Capium365_Users_Runner@26b3fd41</td></tr>
<tr>
<td title='com.Capium365.RunnerFiles.Capium365_Receipts_PurchaseInvoice_Runner.runScenario()'><b>runScenario</b><br>Test class: com.Capium365.RunnerFiles.Capium365_Receipts_PurchaseInvoice_Runner<br>Test method: Runs Cucumber Scenarios<br>Parameters: "Validate NoofSuppliers", "Validating Purchase Invoice under Receipts tab"</td>
<td></td>
<td>72</td>
<td>com.Capium365.RunnerFiles.Capium365_Receipts_PurchaseInvoice_Runner@7494f96a</td></tr>
<tr>
<td title='com.Capium365.RunnerFiles.Capium365_Receipts_PurchaseInvoice_Runner.runScenario()'><b>runScenario</b><br>Test class: com.Capium365.RunnerFiles.Capium365_Receipts_PurchaseInvoice_Runner<br>Test method: Runs Cucumber Scenarios<br>Parameters: "Validate Footer Delete button", "Validating Purchase Invoice under Receipts tab"</td>
<td></td>
<td>44</td>
<td>com.Capium365.RunnerFiles.Capium365_Receipts_PurchaseInvoice_Runner@7494f96a</td></tr>
<tr>
<td title='com.Capium365.RunnerFiles.Capium365_Receipts_PurchaseInvoice_Runner.runScenario()'><b>runScenario</b><br>Test class: com.Capium365.RunnerFiles.Capium365_Receipts_PurchaseInvoice_Runner<br>Test method: Runs Cucumber Scenarios<br>Parameters: "Validate settings icon in Edit purchase Invoices page", "Validating Purchase Invoice under Receipts tab"</td>
<td></td>
<td>56</td>
<td>com.Capium365.RunnerFiles.Capium365_Receipts_PurchaseInvoice_Runner@7494f96a</td></tr>
<tr>
<td title='com.Capium365.RunnerFiles.Capium365_Receipts_Receipts_Runner.runScenario()'><b>runScenario</b><br>Test class: com.Capium365.RunnerFiles.Capium365_Receipts_Receipts_Runner<br>Test method: Runs Cucumber Scenarios<br>Parameters: "User clicks the View button for a receipt", "Receipts"</td>
<td></td>
<td>44</td>
<td>com.Capium365.RunnerFiles.Capium365_Receipts_Receipts_Runner@561b6512</td></tr>
<tr>
<td title='com.Capium365.RunnerFiles.Capium365_BankTab_Runner.runScenario()'><b>runScenario</b><br>Test class: com.Capium365.RunnerFiles.Capium365_BankTab_Runner<br>Test method: Runs Cucumber Scenarios<br>Parameters: "Validate pagination", "Validate bank tab"</td>
<td></td>
<td>55</td>
<td>com.Capium365.RunnerFiles.Capium365_BankTab_Runner@192c3f1e</td></tr>
<tr>
<td title='com.Capium365.RunnerFiles.Capium365_Receipts_CreditNotes_Runner.runScenario()'><b>runScenario</b><br>Test class: com.Capium365.RunnerFiles.Capium365_Receipts_CreditNotes_Runner<br>Test method: Runs Cucumber Scenarios<br>Parameters: "Validate EditSupplier button", "Capium365 Receipts under Credit Notes"</td>
<td></td>
<td>48</td>
<td>com.Capium365.RunnerFiles.Capium365_Receipts_CreditNotes_Runner@2e377400</td></tr>
<tr>
<td title='com.Capium365.RunnerFiles.Capium365_Receipts_PurchaseInvoice_Runner.runScenario()'><b>runScenario</b><br>Test class: com.Capium365.RunnerFiles.Capium365_Receipts_PurchaseInvoice_Runner<br>Test method: Runs Cucumber Scenarios<br>Parameters: "Validate Date Dropdown", "Validating Purchase Invoice under Receipts tab"</td>
<td></td>
<td>59</td>
<td>com.Capium365.RunnerFiles.Capium365_Receipts_PurchaseInvoice_Runner@7494f96a</td></tr>
<tr>
<td title='com.Capium365.RunnerFiles.Capium365_Receipts_CreditNotes_Runner.runScenario()'><b>runScenario</b><br>Test class: com.Capium365.RunnerFiles.Capium365_Receipts_CreditNotes_Runner<br>Test method: Runs Cucumber Scenarios<br>Parameters: "Verify All Status Dropdown", "Capium365 Receipts under Credit Notes"</td>
<td></td>
<td>63</td>
<td>com.Capium365.RunnerFiles.Capium365_Receipts_CreditNotes_Runner@2e377400</td></tr>
<tr>
<td title='com.Capium365.RunnerFiles.Capium365_Receipts_CreditNotes_Runner.runScenario()'><b>runScenario</b><br>Test class: com.Capium365.RunnerFiles.Capium365_Receipts_CreditNotes_Runner<br>Test method: Runs Cucumber Scenarios<br>Parameters: "Verify Date Dropdown", "Capium365 Receipts under Credit Notes"</td>
<td></td>
<td>64</td>
<td>com.Capium365.RunnerFiles.Capium365_Receipts_CreditNotes_Runner@2e377400</td></tr>
<tr>
<td title='com.Capium365.RunnerFiles.Capium365_Users_Runner.runScenario()'><b>runScenario</b><br>Test class: com.Capium365.RunnerFiles.Capium365_Users_Runner<br>Test method: Runs Cucumber Scenarios<br>Parameters: "Validate Ckeck box", "Validate users tab"</td>
<td></td>
<td>55</td>
<td>com.Capium365.RunnerFiles.Capium365_Users_Runner@26b3fd41</td></tr>
<tr>
<td title='com.Capium365.RunnerFiles.Capium365_Receipts_CreditNotes_Runner.runScenario()'><b>runScenario</b><br>Test class: com.Capium365.RunnerFiles.Capium365_Receipts_CreditNotes_Runner<br>Test method: Runs Cucumber Scenarios<br>Parameters: "Validate CreditNotes Main Grid", "Capium365 Receipts under Credit Notes"</td>
<td></td>
<td>58</td>
<td>com.Capium365.RunnerFiles.Capium365_Receipts_CreditNotes_Runner@2e377400</td></tr>
<tr>
<td title='com.Capium365.RunnerFiles.Capium365_Dashboard_Runner.runScenario()'><b>runScenario</b><br>Test class: com.Capium365.RunnerFiles.Capium365_Dashboard_Runner<br>Test method: Runs Cucumber Scenarios<br>Parameters: "Sign out using the profile popup", "Dashboard Chart Validation"</td>
<td></td>
<td>96</td>
<td>com.Capium365.RunnerFiles.Capium365_Dashboard_Runner@8c3b9d</td></tr>
<tr>
<td title='com.Capium365.RunnerFiles.Capium365_Receipts_PurchaseInvoice_Runner.runScenario()'><b>runScenario</b><br>Test class: com.Capium365.RunnerFiles.Capium365_Receipts_PurchaseInvoice_Runner<br>Test method: Runs Cucumber Scenarios<br>Parameters: "Validate Footer Excel button", "Validating Purchase Invoice under Receipts tab"</td>
<td></td>
<td>42</td>
<td>com.Capium365.RunnerFiles.Capium365_Receipts_PurchaseInvoice_Runner@7494f96a</td></tr>
<tr>
<td title='com.Capium365.RunnerFiles.Capium365_BankTab_Runner.runScenario()'><b>runScenario</b><br>Test class: com.Capium365.RunnerFiles.Capium365_BankTab_Runner<br>Test method: Runs Cucumber Scenarios<br>Parameters: "Verify refresh account", "Validate bank tab"</td>
<td></td>
<td>36</td>
<td>com.Capium365.RunnerFiles.Capium365_BankTab_Runner@192c3f1e</td></tr>
<tr>
<td title='com.Capium365.RunnerFiles.Capium365_Receipts_CreditNotes_Runner.runScenario()'><b>runScenario</b><br>Test class: com.Capium365.RunnerFiles.Capium365_Receipts_CreditNotes_Runner<br>Test method: Runs Cucumber Scenarios<br>Parameters: "Validate search bar", "Capium365 Receipts under Credit Notes"</td>
<td></td>
<td>40</td>
<td>com.Capium365.RunnerFiles.Capium365_Receipts_CreditNotes_Runner@2e377400</td></tr>
<tr>
<td title='com.Capium365.RunnerFiles.Capium365_Receipts_CreditNotes_Runner.runScenario()'><b>runScenario</b><br>Test class: com.Capium365.RunnerFiles.Capium365_Receipts_CreditNotes_Runner<br>Test method: Runs Cucumber Scenarios<br>Parameters: "Validate plus Icon Edit Purchase CreditNote Page", "Capium365 Receipts under Credit Notes"</td>
<td></td>
<td>53</td>
<td>com.Capium365.RunnerFiles.Capium365_Receipts_CreditNotes_Runner@2e377400</td></tr>
<tr>
<td title='com.Capium365.RunnerFiles.Capium365_Dashboard_Runner.runScenario()'><b>runScenario</b><br>Test class: com.Capium365.RunnerFiles.Capium365_Dashboard_Runner<br>Test method: Runs Cucumber Scenarios<br>Parameters: "Verify essential UI elements are present", "Dashboard Chart Validation"</td>
<td></td>
<td>36</td>
<td>com.Capium365.RunnerFiles.Capium365_Dashboard_Runner@8c3b9d</td></tr>
<tr>
<td title='com.Capium365.RunnerFiles.Capium365_BankTab_Runner.runScenario()'><b>runScenario</b><br>Test class: com.Capium365.RunnerFiles.Capium365_BankTab_Runner<br>Test method: Runs Cucumber Scenarios<br>Parameters: "Validate Export to excel", "Validate bank tab"</td>
<td></td>
<td>35</td>
<td>com.Capium365.RunnerFiles.Capium365_BankTab_Runner@192c3f1e</td></tr>
<tr>
<td title='com.Capium365.RunnerFiles.Capium365_Receipts_PurchaseInvoice_Runner.runScenario()'><b>runScenario</b><br>Test class: com.Capium365.RunnerFiles.Capium365_Receipts_PurchaseInvoice_Runner<br>Test method: Runs Cucumber Scenarios<br>Parameters: "Validate Add AnotherItem without product and Sercice Name in Edit Purchase Invoices", "Validating Purchase Invoice under Receipts tab"</td>
<td></td>
<td>45</td>
<td>com.Capium365.RunnerFiles.Capium365_Receipts_PurchaseInvoice_Runner@7494f96a</td></tr>
<tr>
<td title='com.Capium365.RunnerFiles.Capium365_Users_Runner.runScenario()'><b>runScenario</b><br>Test class: com.Capium365.RunnerFiles.Capium365_Users_Runner<br>Test method: Runs Cucumber Scenarios<br>Parameters: "Validate users tab", "Validate users tab"</td>
<td></td>
<td>33</td>
<td>com.Capium365.RunnerFiles.Capium365_Users_Runner@26b3fd41</td></tr>
<tr>
<td title='com.Capium365.RunnerFiles.Capium365_Receipts_Receipts_Runner.runScenario()'><b>runScenario</b><br>Test class: com.Capium365.RunnerFiles.Capium365_Receipts_Receipts_Runner<br>Test method: Runs Cucumber Scenarios<br>Parameters: "Action panel should appear on selecting a row checkbox", "Receipts"</td>
<td></td>
<td>51</td>
<td>com.Capium365.RunnerFiles.Capium365_Receipts_Receipts_Runner@561b6512</td></tr>
<tr>
<td title='com.Capium365.RunnerFiles.Capium365_Dashboard_Runner.runScenario()'><b>runScenario</b><br>Test class: com.Capium365.RunnerFiles.Capium365_Dashboard_Runner<br>Test method: Runs Cucumber Scenarios<br>Parameters: "Close profile popup by clicking outside", "Dashboard Chart Validation"</td>
<td></td>
<td>47</td>
<td>com.Capium365.RunnerFiles.Capium365_Dashboard_Runner@8c3b9d</td></tr>
<tr>
<td title='com.Capium365.RunnerFiles.Capium365_Dashboard_Runner.runScenario()'><b>runScenario</b><br>Test class: com.Capium365.RunnerFiles.Capium365_Dashboard_Runner<br>Test method: Runs Cucumber Scenarios<br>Parameters: "Select a different theme color "Purple"", "Dashboard Chart Validation"</td>
<td></td>
<td>36</td>
<td>com.Capium365.RunnerFiles.Capium365_Dashboard_Runner@8c3b9d</td></tr>
<tr>
<td title='com.Capium365.RunnerFiles.Capium365_Receipts_Receipts_Runner.runScenario()'><b>runScenario</b><br>Test class: com.Capium365.RunnerFiles.Capium365_Receipts_Receipts_Runner<br>Test method: Runs Cucumber Scenarios<br>Parameters: "Verify All Status dropdown under receipts", "Receipts"</td>
<td></td>
<td>66</td>
<td>com.Capium365.RunnerFiles.Capium365_Receipts_Receipts_Runner@561b6512</td></tr>
<tr>
<td title='com.Capium365.RunnerFiles.Capium365_BankTab_Runner.runScenario()'><b>runScenario</b><br>Test class: com.Capium365.RunnerFiles.Capium365_BankTab_Runner<br>Test method: Runs Cucumber Scenarios<br>Parameters: "Validate previous arrow", "Validate bank tab"</td>
<td></td>
<td>35</td>
<td>com.Capium365.RunnerFiles.Capium365_BankTab_Runner@192c3f1e</td></tr>
<tr>
<td title='com.Capium365.RunnerFiles.Capium365_BankTab_Runner.runScenario()'><b>runScenario</b><br>Test class: com.Capium365.RunnerFiles.Capium365_BankTab_Runner<br>Test method: Runs Cucumber Scenarios<br>Parameters: "Verify headers in bank tab", "Validate bank tab"</td>
<td></td>
<td>35</td>
<td>com.Capium365.RunnerFiles.Capium365_BankTab_Runner@192c3f1e</td></tr>
<tr>
<td title='com.Capium365.RunnerFiles.Capium365_Dashboard_Runner.runScenario()'><b>runScenario</b><br>Test class: com.Capium365.RunnerFiles.Capium365_Dashboard_Runner<br>Test method: Runs Cucumber Scenarios<br>Parameters: "Select a different theme color "Black"", "Dashboard Chart Validation"</td>
<td></td>
<td>36</td>
<td>com.Capium365.RunnerFiles.Capium365_Dashboard_Runner@8c3b9d</td></tr>
<tr>
<td title='com.Capium365.RunnerFiles.Capium365_Dashboard_Runner.runScenario()'><b>runScenario</b><br>Test class: com.Capium365.RunnerFiles.Capium365_Dashboard_Runner<br>Test method: Runs Cucumber Scenarios<br>Parameters: "Validate Invoice dashboard chart for 'Time Filter'", "Dashboard Chart Validation"</td>
<td></td>
<td>55</td>
<td>com.Capium365.RunnerFiles.Capium365_Dashboard_Runner@8c3b9d</td></tr>
<tr>
<td title='com.Capium365.RunnerFiles.Capium365_Receipts_CreditNotes_Runner.runScenario()'><b>runScenario</b><br>Test class: com.Capium365.RunnerFiles.Capium365_Receipts_CreditNotes_Runner<br>Test method: Runs Cucumber Scenarios<br>Parameters: "Validate PreviousButton Purchase CreditNote Menu", "Capium365 Receipts under Credit Notes"</td>
<td></td>
<td>40</td>
<td>com.Capium365.RunnerFiles.Capium365_Receipts_CreditNotes_Runner@2e377400</td></tr>
<tr>
<td title='com.Capium365.RunnerFiles.Capium365_Dashboard_Runner.runScenario()'><b>runScenario</b><br>Test class: com.Capium365.RunnerFiles.Capium365_Dashboard_Runner<br>Test method: Runs Cucumber Scenarios<br>Parameters: "Filter Activity by "All Invoices"", "Dashboard Chart Validation"</td>
<td></td>
<td>63</td>
<td>com.Capium365.RunnerFiles.Capium365_Dashboard_Runner@8c3b9d</td></tr>
<tr>
<td title='com.Capium365.RunnerFiles.Capium365_Receipts_CreditNotes_Runner.runScenario()'><b>runScenario</b><br>Test class: com.Capium365.RunnerFiles.Capium365_Receipts_CreditNotes_Runner<br>Test method: Runs Cucumber Scenarios<br>Parameters: "Valiate Edit CreditNote Page", "Capium365 Receipts under Credit Notes"</td>
<td></td>
<td>45</td>
<td>com.Capium365.RunnerFiles.Capium365_Receipts_CreditNotes_Runner@2e377400</td></tr>
<tr>
<td title='com.Capium365.RunnerFiles.Capium365_Receipts_PurchaseInvoice_Runner.runScenario()'><b>runScenario</b><br>Test class: com.Capium365.RunnerFiles.Capium365_Receipts_PurchaseInvoice_Runner<br>Test method: Runs Cucumber Scenarios<br>Parameters: "Validate NextButton Purchase Invoice Menu", "Validating Purchase Invoice under Receipts tab"</td>
<td></td>
<td>36</td>
<td>com.Capium365.RunnerFiles.Capium365_Receipts_PurchaseInvoice_Runner@7494f96a</td></tr>
<tr>
<td title='com.Capium365.RunnerFiles.Capium365_Receipts_Receipts_Runner.runScenario()'><b>runScenario</b><br>Test class: com.Capium365.RunnerFiles.Capium365_Receipts_Receipts_Runner<br>Test method: Runs Cucumber Scenarios<br>Parameters: "Receipts under receipts", "Receipts"</td>
<td></td>
<td>41</td>
<td>com.Capium365.RunnerFiles.Capium365_Receipts_Receipts_Runner@561b6512</td></tr>
<tr>
<td title='com.Capium365.RunnerFiles.Capium365_Dashboard_Runner.runScenario()'><b>runScenario</b><br>Test class: com.Capium365.RunnerFiles.Capium365_Dashboard_Runner<br>Test method: Runs Cucumber Scenarios<br>Parameters: "Verify Top Earners "<Time Filter>" donut chart displays correct data for selected time filter", "Dashboard Chart Validation"</td>
<td></td>
<td>57</td>
<td>com.Capium365.RunnerFiles.Capium365_Dashboard_Runner@8c3b9d</td></tr>
<tr>
<td title='com.Capium365.RunnerFiles.Capium365_Receipts_PurchaseInvoice_Runner.runScenario()'><b>runScenario</b><br>Test class: com.Capium365.RunnerFiles.Capium365_Receipts_PurchaseInvoice_Runner<br>Test method: Runs Cucumber Scenarios<br>Parameters: "Validate Back to Purchase Invoice Link", "Validating Purchase Invoice under Receipts tab"</td>
<td></td>
<td>50</td>
<td>com.Capium365.RunnerFiles.Capium365_Receipts_PurchaseInvoice_Runner@7494f96a</td></tr>
<tr>
<td title='com.Capium365.RunnerFiles.Capium365_Receipts_Receipts_Runner.runScenario()'><b>runScenario</b><br>Test class: com.Capium365.RunnerFiles.Capium365_Receipts_Receipts_Runner<br>Test method: Runs Cucumber Scenarios<br>Parameters: "Export selected invoice data to "<Format>"", "Receipts"</td>
<td></td>
<td>67</td>
<td>com.Capium365.RunnerFiles.Capium365_Receipts_Receipts_Runner@561b6512</td></tr>
<tr>
<td title='com.Capium365.RunnerFiles.Capium365_Receipts_Receipts_Runner.runScenario()'><b>runScenario</b><br>Test class: com.Capium365.RunnerFiles.Capium365_Receipts_Receipts_Runner<br>Test method: Runs Cucumber Scenarios<br>Parameters: "User clicks on three dots for a receipt and selects Preview option", "Receipts"</td>
<td></td>
<td>43</td>
<td>com.Capium365.RunnerFiles.Capium365_Receipts_Receipts_Runner@561b6512</td></tr>
<tr>
<td title='com.Capium365.RunnerFiles.Capium365_Receipts_PurchaseInvoice_Runner.runScenario()'><b>runScenario</b><br>Test class: com.Capium365.RunnerFiles.Capium365_Receipts_PurchaseInvoice_Runner<br>Test method: Runs Cucumber Scenarios<br>Parameters: "Validate Restore button in Footer with Yes button", "Validating Purchase Invoice under Receipts tab"</td>
<td></td>
<td>42</td>
<td>com.Capium365.RunnerFiles.Capium365_Receipts_PurchaseInvoice_Runner@7494f96a</td></tr>
<tr>
<td title='com.Capium365.RunnerFiles.Capium365_Dashboard_Runner.runScenario()'><b>runScenario</b><br>Test class: com.Capium365.RunnerFiles.Capium365_Dashboard_Runner<br>Test method: Runs Cucumber Scenarios<br>Parameters: "Verify Sales Flow "<Time Filter>" donut chart displays correct data for selected time filter", "Dashboard Chart Validation"</td>
<td></td>
<td>52</td>
<td>com.Capium365.RunnerFiles.Capium365_Dashboard_Runner@8c3b9d</td></tr>
<tr>
<td title='com.Capium365.RunnerFiles.Capium365_Receipts_Receipts_Runner.runScenario()'><b>runScenario</b><br>Test class: com.Capium365.RunnerFiles.Capium365_Receipts_Receipts_Runner<br>Test method: Runs Cucumber Scenarios<br>Parameters: "Validate invoices filtered by "<Status>" match the displayed count", "Receipts"</td>
<td></td>
<td>112</td>
<td>com.Capium365.RunnerFiles.Capium365_Receipts_Receipts_Runner@561b6512</td></tr>
<tr>
<td title='com.Capium365.RunnerFiles.Capium365_Receipts_PurchaseInvoice_Runner.runScenario()'><b>runScenario</b><br>Test class: com.Capium365.RunnerFiles.Capium365_Receipts_PurchaseInvoice_Runner<br>Test method: Runs Cucumber Scenarios<br>Parameters: "Validate History button in Edit Supplier Page", "Validating Purchase Invoice under Receipts tab"</td>
<td></td>
<td>54</td>
<td>com.Capium365.RunnerFiles.Capium365_Receipts_PurchaseInvoice_Runner@7494f96a</td></tr>
<tr>
<td title='com.Capium365.RunnerFiles.Capium365_Dashboard_Runner.runScenario()'><b>runScenario</b><br>Test class: com.Capium365.RunnerFiles.Capium365_Dashboard_Runner<br>Test method: Runs Cucumber Scenarios<br>Parameters: "Select a different theme color "Sky Blue"", "Dashboard Chart Validation"</td>
<td></td>
<td>36</td>
<td>com.Capium365.RunnerFiles.Capium365_Dashboard_Runner@8c3b9d</td></tr>
<tr>
<td title='com.Capium365.RunnerFiles.Capium365_Receipts_PurchaseInvoice_Runner.runScenario()'><b>runScenario</b><br>Test class: com.Capium365.RunnerFiles.Capium365_Receipts_PurchaseInvoice_Runner<br>Test method: Runs Cucumber Scenarios<br>Parameters: "Validate BukEdit in Footer Options", "Validating Purchase Invoice under Receipts tab"</td>
<td></td>
<td>44</td>
<td>com.Capium365.RunnerFiles.Capium365_Receipts_PurchaseInvoice_Runner@7494f96a</td></tr>
<tr>
<td title='com.Capium365.RunnerFiles.Capium365_Dashboard_Runner.runScenario()'><b>runScenario</b><br>Test class: com.Capium365.RunnerFiles.Capium365_Dashboard_Runner<br>Test method: Runs Cucumber Scenarios<br>Parameters: "Add a new bank under My Business settings", "Dashboard Chart Validation"</td>
<td></td>
<td>43</td>
<td>com.Capium365.RunnerFiles.Capium365_Dashboard_Runner@8c3b9d</td></tr>
<tr>
<td title='com.Capium365.RunnerFiles.Capium365_Receipts_CreditNotes_Runner.runScenario()'><b>runScenario</b><br>Test class: com.Capium365.RunnerFiles.Capium365_Receipts_CreditNotes_Runner<br>Test method: Runs Cucumber Scenarios<br>Parameters: "Validate Confirm Archive button in CreditNote", "Capium365 Receipts under Credit Notes"</td>
<td></td>
<td>44</td>
<td>com.Capium365.RunnerFiles.Capium365_Receipts_CreditNotes_Runner@2e377400</td></tr>
<tr>
<td title='com.Capium365.RunnerFiles.Capium365_Receipts_CreditNotes_Runner.runScenario()'><b>runScenario</b><br>Test class: com.Capium365.RunnerFiles.Capium365_Receipts_CreditNotes_Runner<br>Test method: Runs Cucumber Scenarios<br>Parameters: "Validate No of Suppliers in CreditNotes", "Capium365 Receipts under Credit Notes"</td>
<td></td>
<td>77</td>
<td>com.Capium365.RunnerFiles.Capium365_Receipts_CreditNotes_Runner@2e377400</td></tr>
</table><p>
</body>
</html>