<!DOCTYPE html PUBLIC "-//W3C//DTD XHTML 1.1//EN" "https://www.w3.org/TR/xhtml11/DTD/xhtml11.dtd">
<html xmlns="https://www.w3.org/1999/xhtml">
<head>
<meta http-equiv="content-type" content="text/html; charset=UTF-8"/>
<title>TestNG Report</title>
<style type="text/css">table {margin-bottom:10px;border-collapse:collapse;empty-cells:show}th,td {border:1px solid #009;padding:.25em .5em}th {vertical-align:bottom}td {vertical-align:top}table a {font-weight:bold}.stripe td {background-color: #E6EBF9}.num {text-align:right}.passedodd td {background-color: #3F3}.passedeven td {background-color: #0A0}.skippedodd td {background-color: #DDD}.skippedeven td {background-color: #CCC}.failedodd td,.attn {background-color: #F33}.failedeven td,.stripe .attn {background-color: #D00}.stacktrace {white-space:pre;font-family:monospace}.totop {font-size:85%;text-align:center;border-bottom:2px solid #000}.invisible {display:none}</style>
</head>
<body>
<table>
<tr><th>Test</th><th># Passed</th><th># Skipped</th><th># Retried</th><th># Failed</th><th>Time (ms)</th><th>Included Groups</th><th>Excluded Groups</th></tr>
<tr><th colspan="8">Suite</th></tr>
<tr><td><a href="#t0">Test</a></td><td class="num">137</td><td class="num">0</td><td class="num">0</td><td class="num attn">17</td><td class="num">8,092,496</td><td></td><td></td></tr>
</table>
<table id='summary'><thead><tr><th>Class</th><th>Method</th><th>Start</th><th>Time (ms)</th></tr></thead><tbody><tr><th colspan="4">Suite</th></tr></tbody><tbody id="t0"><tr><th colspan="4">Test &#8212; failed</th></tr><tr class="failedeven"><td rowspan="2">com.Capium365.RunnerFiles.Capium365_BankTab_Runner</td><td><a href="#m0">runScenario</a></td><td rowspan="2">1755786283365</td><td rowspan="2">45957</td></tr><tr class="failedeven"><td><a href="#m1">runScenario</a></td></tr><tr class="failedodd"><td rowspan="2">com.Capium365.RunnerFiles.Capium365_Dashboard_Runner</td><td><a href="#m2">runScenario</a></td><td rowspan="2">1755785006784</td><td rowspan="2">81340</td></tr><tr class="failedodd"><td><a href="#m3">runScenario</a></td></tr><tr class="failedeven"><td rowspan="6">com.Capium365.RunnerFiles.Capium365_Receipts_CreditNotes_Runner</td><td><a href="#m4">runScenario</a></td><td rowspan="6">1755791749811</td><td rowspan="6">61359</td></tr><tr class="failedeven"><td><a href="#m5">runScenario</a></td></tr><tr class="failedeven"><td><a href="#m6">runScenario</a></td></tr><tr class="failedeven"><td><a href="#m7">runScenario</a></td></tr><tr class="failedeven"><td><a href="#m8">runScenario</a></td></tr><tr class="failedeven"><td><a href="#m9">runScenario</a></td></tr><tr class="failedodd"><td rowspan="6">com.Capium365.RunnerFiles.Capium365_Receipts_PurchaseInvoice_Runner</td><td><a href="#m10">runScenario</a></td><td rowspan="6">1755786941537</td><td rowspan="6">50584</td></tr><tr class="failedodd"><td><a href="#m11">runScenario</a></td></tr><tr class="failedodd"><td><a href="#m12">runScenario</a></td></tr><tr class="failedodd"><td><a href="#m13">runScenario</a></td></tr><tr class="failedodd"><td><a href="#m14">runScenario</a></td></tr><tr class="failedodd"><td><a href="#m15">runScenario</a></td></tr><tr class="failedeven"><td rowspan="1">com.Capium365.RunnerFiles.Capium365_Receipts_Receipts_Runner</td><td><a href="#m16">runScenario</a></td><td rowspan="1">1755789526214</td><td rowspan="1">65871</td></tr><tr><th colspan="4">Test &#8212; passed</th></tr><tr class="passedeven"><td rowspan="16">com.Capium365.RunnerFiles.Capium365_BankTab_Runner</td><td><a href="#m17">runScenario</a></td><td rowspan="16">1755786046877</td><td rowspan="16">37631</td></tr><tr class="passedeven"><td><a href="#m18">runScenario</a></td></tr><tr class="passedeven"><td><a href="#m19">runScenario</a></td></tr><tr class="passedeven"><td><a href="#m20">runScenario</a></td></tr><tr class="passedeven"><td><a href="#m21">runScenario</a></td></tr><tr class="passedeven"><td><a href="#m22">runScenario</a></td></tr><tr class="passedeven"><td><a href="#m23">runScenario</a></td></tr><tr class="passedeven"><td><a href="#m24">runScenario</a></td></tr><tr class="passedeven"><td><a href="#m25">runScenario</a></td></tr><tr class="passedeven"><td><a href="#m26">runScenario</a></td></tr><tr class="passedeven"><td><a href="#m27">runScenario</a></td></tr><tr class="passedeven"><td><a href="#m28">runScenario</a></td></tr><tr class="passedeven"><td><a href="#m29">runScenario</a></td></tr><tr class="passedeven"><td><a href="#m30">runScenario</a></td></tr><tr class="passedeven"><td><a href="#m31">runScenario</a></td></tr><tr class="passedeven"><td><a href="#m32">runScenario</a></td></tr><tr class="passedodd"><td rowspan="26">com.Capium365.RunnerFiles.Capium365_Dashboard_Runner</td><td><a href="#m33">runScenario</a></td><td rowspan="26">1755785303271</td><td rowspan="26">37115</td></tr><tr class="passedodd"><td><a href="#m34">runScenario</a></td></tr><tr class="passedodd"><td><a href="#m35">runScenario</a></td></tr><tr class="passedodd"><td><a href="#m36">runScenario</a></td></tr><tr class="passedodd"><td><a href="#m37">runScenario</a></td></tr><tr class="passedodd"><td><a href="#m38">runScenario</a></td></tr><tr class="passedodd"><td><a href="#m39">runScenario</a></td></tr><tr class="passedodd"><td><a href="#m40">runScenario</a></td></tr><tr class="passedodd"><td><a href="#m41">runScenario</a></td></tr><tr class="passedodd"><td><a href="#m42">runScenario</a></td></tr><tr class="passedodd"><td><a href="#m43">runScenario</a></td></tr><tr class="passedodd"><td><a href="#m44">runScenario</a></td></tr><tr class="passedodd"><td><a href="#m45">runScenario</a></td></tr><tr class="passedodd"><td><a href="#m46">runScenario</a></td></tr><tr class="passedodd"><td><a href="#m47">runScenario</a></td></tr><tr class="passedodd"><td><a href="#m48">runScenario</a></td></tr><tr class="passedodd"><td><a href="#m49">runScenario</a></td></tr><tr class="passedodd"><td><a href="#m50">runScenario</a></td></tr><tr class="passedodd"><td><a href="#m51">runScenario</a></td></tr><tr class="passedodd"><td><a href="#m52">runScenario</a></td></tr><tr class="passedodd"><td><a href="#m53">runScenario</a></td></tr><tr class="passedodd"><td><a href="#m54">runScenario</a></td></tr><tr class="passedodd"><td><a href="#m55">runScenario</a></td></tr><tr class="passedodd"><td><a href="#m56">runScenario</a></td></tr><tr class="passedodd"><td><a href="#m57">runScenario</a></td></tr><tr class="passedodd"><td><a href="#m58">runScenario</a></td></tr><tr class="passedeven"><td rowspan="26">com.Capium365.RunnerFiles.Capium365_Receipts_CreditNotes_Runner</td><td><a href="#m59">runScenario</a></td><td rowspan="26">1755790631128</td><td rowspan="26">66462</td></tr><tr class="passedeven"><td><a href="#m60">runScenario</a></td></tr><tr class="passedeven"><td><a href="#m61">runScenario</a></td></tr><tr class="passedeven"><td><a href="#m62">runScenario</a></td></tr><tr class="passedeven"><td><a href="#m63">runScenario</a></td></tr><tr class="passedeven"><td><a href="#m64">runScenario</a></td></tr><tr class="passedeven"><td><a href="#m65">runScenario</a></td></tr><tr class="passedeven"><td><a href="#m66">runScenario</a></td></tr><tr class="passedeven"><td><a href="#m67">runScenario</a></td></tr><tr class="passedeven"><td><a href="#m68">runScenario</a></td></tr><tr class="passedeven"><td><a href="#m69">runScenario</a></td></tr><tr class="passedeven"><td><a href="#m70">runScenario</a></td></tr><tr class="passedeven"><td><a href="#m71">runScenario</a></td></tr><tr class="passedeven"><td><a href="#m72">runScenario</a></td></tr><tr class="passedeven"><td><a href="#m73">runScenario</a></td></tr><tr class="passedeven"><td><a href="#m74">runScenario</a></td></tr><tr class="passedeven"><td><a href="#m75">runScenario</a></td></tr><tr class="passedeven"><td><a href="#m76">runScenario</a></td></tr><tr class="passedeven"><td><a href="#m77">runScenario</a></td></tr><tr class="passedeven"><td><a href="#m78">runScenario</a></td></tr><tr class="passedeven"><td><a href="#m79">runScenario</a></td></tr><tr class="passedeven"><td><a href="#m80">runScenario</a></td></tr><tr class="passedeven"><td><a href="#m81">runScenario</a></td></tr><tr class="passedeven"><td><a href="#m82">runScenario</a></td></tr><tr class="passedeven"><td><a href="#m83">runScenario</a></td></tr><tr class="passedeven"><td><a href="#m84">runScenario</a></td></tr><tr class="passedodd"><td rowspan="41">com.Capium365.RunnerFiles.Capium365_Receipts_PurchaseInvoice_Runner</td><td><a href="#m85">runScenario</a></td><td rowspan="41">1755788531342</td><td rowspan="41">87559</td></tr><tr class="passedodd"><td><a href="#m86">runScenario</a></td></tr><tr class="passedodd"><td><a href="#m87">runScenario</a></td></tr><tr class="passedodd"><td><a href="#m88">runScenario</a></td></tr><tr class="passedodd"><td><a href="#m89">runScenario</a></td></tr><tr class="passedodd"><td><a href="#m90">runScenario</a></td></tr><tr class="passedodd"><td><a href="#m91">runScenario</a></td></tr><tr class="passedodd"><td><a href="#m92">runScenario</a></td></tr><tr class="passedodd"><td><a href="#m93">runScenario</a></td></tr><tr class="passedodd"><td><a href="#m94">runScenario</a></td></tr><tr class="passedodd"><td><a href="#m95">runScenario</a></td></tr><tr class="passedodd"><td><a href="#m96">runScenario</a></td></tr><tr class="passedodd"><td><a href="#m97">runScenario</a></td></tr><tr class="passedodd"><td><a href="#m98">runScenario</a></td></tr><tr class="passedodd"><td><a href="#m99">runScenario</a></td></tr><tr class="passedodd"><td><a href="#m100">runScenario</a></td></tr><tr class="passedodd"><td><a href="#m101">runScenario</a></td></tr><tr class="passedodd"><td><a href="#m102">runScenario</a></td></tr><tr class="passedodd"><td><a href="#m103">runScenario</a></td></tr><tr class="passedodd"><td><a href="#m104">runScenario</a></td></tr><tr class="passedodd"><td><a href="#m105">runScenario</a></td></tr><tr class="passedodd"><td><a href="#m106">runScenario</a></td></tr><tr class="passedodd"><td><a href="#m107">runScenario</a></td></tr><tr class="passedodd"><td><a href="#m108">runScenario</a></td></tr><tr class="passedodd"><td><a href="#m109">runScenario</a></td></tr><tr class="passedodd"><td><a href="#m110">runScenario</a></td></tr><tr class="passedodd"><td><a href="#m111">runScenario</a></td></tr><tr class="passedodd"><td><a href="#m112">runScenario</a></td></tr><tr class="passedodd"><td><a href="#m113">runScenario</a></td></tr><tr class="passedodd"><td><a href="#m114">runScenario</a></td></tr><tr class="passedodd"><td><a href="#m115">runScenario</a></td></tr><tr class="passedodd"><td><a href="#m116">runScenario</a></td></tr><tr class="passedodd"><td><a href="#m117">runScenario</a></td></tr><tr class="passedodd"><td><a href="#m118">runScenario</a></td></tr><tr class="passedodd"><td><a href="#m119">runScenario</a></td></tr><tr class="passedodd"><td><a href="#m120">runScenario</a></td></tr><tr class="passedodd"><td><a href="#m121">runScenario</a></td></tr><tr class="passedodd"><td><a href="#m122">runScenario</a></td></tr><tr class="passedodd"><td><a href="#m123">runScenario</a></td></tr><tr class="passedodd"><td><a href="#m124">runScenario</a></td></tr><tr class="passedodd"><td><a href="#m125">runScenario</a></td></tr><tr class="passedeven"><td rowspan="17">com.Capium365.RunnerFiles.Capium365_Receipts_Receipts_Runner</td><td><a href="#m126">runScenario</a></td><td rowspan="17">1755789475320</td><td rowspan="17">50893</td></tr><tr class="passedeven"><td><a href="#m127">runScenario</a></td></tr><tr class="passedeven"><td><a href="#m128">runScenario</a></td></tr><tr class="passedeven"><td><a href="#m129">runScenario</a></td></tr><tr class="passedeven"><td><a href="#m130">runScenario</a></td></tr><tr class="passedeven"><td><a href="#m131">runScenario</a></td></tr><tr class="passedeven"><td><a href="#m132">runScenario</a></td></tr><tr class="passedeven"><td><a href="#m133">runScenario</a></td></tr><tr class="passedeven"><td><a href="#m134">runScenario</a></td></tr><tr class="passedeven"><td><a href="#m135">runScenario</a></td></tr><tr class="passedeven"><td><a href="#m136">runScenario</a></td></tr><tr class="passedeven"><td><a href="#m137">runScenario</a></td></tr><tr class="passedeven"><td><a href="#m138">runScenario</a></td></tr><tr class="passedeven"><td><a href="#m139">runScenario</a></td></tr><tr class="passedeven"><td><a href="#m140">runScenario</a></td></tr><tr class="passedeven"><td><a href="#m141">runScenario</a></td></tr><tr class="passedeven"><td><a href="#m142">runScenario</a></td></tr><tr class="passedodd"><td rowspan="1">com.Capium365.RunnerFiles.Capium365_Receipts_Suppliers_Runner</td><td><a href="#m143">runScenario</a></td><td rowspan="1">1755792099243</td><td rowspan="1">52302</td></tr><tr class="passedeven"><td rowspan="10">com.Capium365.RunnerFiles.Capium365_Users_Runner</td><td><a href="#m144">runScenario</a></td><td rowspan="10">1755786585301</td><td rowspan="10">58988</td></tr><tr class="passedeven"><td><a href="#m145">runScenario</a></td></tr><tr class="passedeven"><td><a href="#m146">runScenario</a></td></tr><tr class="passedeven"><td><a href="#m147">runScenario</a></td></tr><tr class="passedeven"><td><a href="#m148">runScenario</a></td></tr><tr class="passedeven"><td><a href="#m149">runScenario</a></td></tr><tr class="passedeven"><td><a href="#m150">runScenario</a></td></tr><tr class="passedeven"><td><a href="#m151">runScenario</a></td></tr><tr class="passedeven"><td><a href="#m152">runScenario</a></td></tr><tr class="passedeven"><td><a href="#m153">runScenario</a></td></tr></tbody>
</table>
<h2>Test</h2><h3 id="m0">com.Capium365.RunnerFiles.Capium365_BankTab_Runner#runScenario</h3><table class="result"><tr class="param"><th>Parameter #1</th><th>Parameter #2</th></tr><tr class="param stripe"><td>&quot;Verify search bar in expand arrow&quot;</td><td>&quot;Validate bank tab&quot;</td></tr><tr><th colspan="2">Exception</th></tr><tr><td colspan="2"><div class="stacktrace">org.openqa.selenium.TimeoutException: Expected condition failed: waiting for visibility of element located by By.xpath: //span[@title=&apos;TRANSACTION ACCOUNT 1 (0000)&apos;] (tried for 10 second(s) with 500 milliseconds interval)
Build info: version: &apos;4.23.0&apos;, revision: &apos;4df0a231af&apos;
System info: os.name: &apos;Windows Server 2019&apos;, os.arch: &apos;amd64&apos;, os.version: &apos;10.0&apos;, java.version: &apos;17.0.12&apos;
Driver info: org.openqa.selenium.chrome.ChromeDriver
Capabilities {acceptInsecureCerts: false, browserName: chrome, browserVersion: 138.0.7204.184, chrome: {chromedriverVersion: 138.0.7204.183 (e90faf484dd..., userDataDir: C:\Users\LOCAL_~1.SIL\Temp\...}, fedcm:accounts: true, goog:chromeOptions: {debuggerAddress: localhost:62325}, networkConnectionEnabled: false, pageLoadStrategy: normal, platformName: windows, proxy: Proxy(), se:cdp: ws://localhost:62325/devtoo..., se:cdpVersion: 138.0.7204.184, setWindowRect: true, strictFileInteractability: false, timeouts: {implicit: 0, pageLoad: 300000, script: 30000}, unhandledPromptBehavior: dismiss and notify, webauthn:extension:credBlob: true, webauthn:extension:largeBlob: true, webauthn:extension:minPinLength: true, webauthn:extension:prf: true, webauthn:virtualAuthenticators: true}
Session ID: 48c85357cc8a410b27498b5a216b5593
	at org.openqa.selenium.support.ui.WebDriverWait.timeoutException(WebDriverWait.java:84)
	at org.openqa.selenium.support.ui.FluentWait.until(FluentWait.java:228)
	at com.Capium365.Actions.Capium365_BankTab_Actions.entertextinsearchtextfieldandverify(Capium365_BankTab_Actions.java:390)
	at com.Capium365.StepDefination.Capium365_BankTab_Stepdefination.enter_in_text_in_search_text_field_and_verify(Capium365_BankTab_Stepdefination.java:175)
	at ✽.enter text in search text field and verify(file:///C:/Users/satishkumar.silphoz/Documents/2024Automation/2025/Capium365/src/test/resources/Capium365FeatureFiles/Capium365_BankTab.feature:106)
</div></td></tr></table><p class="totop"><a href="#summary">back to summary</a></p>
<h3 id="m1">com.Capium365.RunnerFiles.Capium365_BankTab_Runner#runScenario</h3><table class="result"><tr class="param"><th>Parameter #1</th><th>Parameter #2</th></tr><tr class="param stripe"><td>&quot;Validate bank accounts from bussiness tab&quot;</td><td>&quot;Validate bank tab&quot;</td></tr><tr><th colspan="2">Exception</th></tr><tr><td colspan="2"><div class="stacktrace">org.openqa.selenium.TimeoutException: Expected condition failed: waiting for visibility of element located by By.xpath: //span[@title=&apos;TRANSACTION ACCOUNT 1 (0000)&apos;] (tried for 10 second(s) with 500 milliseconds interval)
Build info: version: &apos;4.23.0&apos;, revision: &apos;4df0a231af&apos;
System info: os.name: &apos;Windows Server 2019&apos;, os.arch: &apos;amd64&apos;, os.version: &apos;10.0&apos;, java.version: &apos;17.0.12&apos;
Driver info: org.openqa.selenium.chrome.ChromeDriver
Capabilities {acceptInsecureCerts: false, browserName: chrome, browserVersion: 138.0.7204.184, chrome: {chromedriverVersion: 138.0.7204.183 (e90faf484dd..., userDataDir: C:\Users\LOCAL_~1.SIL\Temp\...}, fedcm:accounts: true, goog:chromeOptions: {debuggerAddress: localhost:61874}, networkConnectionEnabled: false, pageLoadStrategy: normal, platformName: windows, proxy: Proxy(), se:cdp: ws://localhost:61874/devtoo..., se:cdpVersion: 138.0.7204.184, setWindowRect: true, strictFileInteractability: false, timeouts: {implicit: 0, pageLoad: 300000, script: 30000}, unhandledPromptBehavior: dismiss and notify, webauthn:extension:credBlob: true, webauthn:extension:largeBlob: true, webauthn:extension:minPinLength: true, webauthn:extension:prf: true, webauthn:virtualAuthenticators: true}
Session ID: 94226ac5e9453e1e529929692b552d8c
	at org.openqa.selenium.support.ui.WebDriverWait.timeoutException(WebDriverWait.java:84)
	at org.openqa.selenium.support.ui.FluentWait.until(FluentWait.java:228)
	at com.Capium365.Actions.Capium365_BankTab_Actions.Comparethebankaccountsinbanktabandbussinesstab(Capium365_BankTab_Actions.java:302)
	at com.Capium365.StepDefination.Capium365_BankTab_Stepdefination.get_the_data_of_bank_account_and_store(Capium365_BankTab_Stepdefination.java:144)
	at ✽.Compare the bank accounts in bank tab and bussiness tab(file:///C:/Users/satishkumar.silphoz/Documents/2024Automation/2025/Capium365/src/test/resources/Capium365FeatureFiles/Capium365_BankTab.feature:78)
</div></td></tr></table><p class="totop"><a href="#summary">back to summary</a></p>
<h3 id="m2">com.Capium365.RunnerFiles.Capium365_Dashboard_Runner#runScenario</h3><table class="result"><tr class="param"><th>Parameter #1</th><th>Parameter #2</th></tr><tr class="param stripe"><td>&quot;Add a new support ticket&quot;</td><td>&quot;Dashboard Chart Validation&quot;</td></tr><tr><th colspan="2">Exception</th></tr><tr><td colspan="2"><div class="stacktrace">java.io.IOException: Cannot run program &quot;D:\Autoit\TicketUpload.exe&quot;: CreateProcess error=2, The system cannot find the file specified
	at java.base/java.lang.ProcessBuilder.start(ProcessBuilder.java:1143)
	at java.base/java.lang.ProcessBuilder.start(ProcessBuilder.java:1073)
	at java.base/java.lang.Runtime.exec(Runtime.java:594)
	at java.base/java.lang.Runtime.exec(Runtime.java:418)
	at java.base/java.lang.Runtime.exec(Runtime.java:315)
	at com.Capium365.Actions.Capium365_Dashboard_Actions.EnetrValidTicketDetails(Capium365_Dashboard_Actions.java:926)
	at com.Capium365.StepDefination.Capium365_Dashboardsteps_stepdefination.the_user_enters_valid_ticket_details(Capium365_Dashboardsteps_stepdefination.java:939)
	at ✽.the user enters valid ticket details(file:///C:/Users/satishkumar.silphoz/Documents/2024Automation/2025/Capium365/src/test/resources/Capium365FeatureFiles/Capium365_Dashboard.feature:377)
Caused by: java.io.IOException: CreateProcess error=2, The system cannot find the file specified
	at java.base/java.lang.ProcessImpl.create(Native Method)
	at java.base/java.lang.ProcessImpl.&lt;init&gt;(ProcessImpl.java:499)
	at java.base/java.lang.ProcessImpl.start(ProcessImpl.java:158)
	at java.base/java.lang.ProcessBuilder.start(ProcessBuilder.java:1110)
	at java.base/java.lang.ProcessBuilder.start(ProcessBuilder.java:1073)
	at java.base/java.lang.Runtime.exec(Runtime.java:594)
	at java.base/java.lang.Runtime.exec(Runtime.java:418)
	at java.base/java.lang.Runtime.exec(Runtime.java:315)
	at com.Capium365.Actions.Capium365_Dashboard_Actions.EnetrValidTicketDetails(Capium365_Dashboard_Actions.java:926)
	at com.Capium365.StepDefination.Capium365_Dashboardsteps_stepdefination.the_user_enters_valid_ticket_details(Capium365_Dashboardsteps_stepdefination.java:939)
	at io.cucumber.java.Invoker.doInvoke(Invoker.java:66)
	at io.cucumber.java.Invoker.invoke(Invoker.java:24)
	at io.cucumber.java.AbstractGlueDefinition.invokeMethod(AbstractGlueDefinition.java:47)
	at io.cucumber.java.JavaStepDefinition.execute(JavaStepDefinition.java:29)
	at io.cucumber.core.runner.CoreStepDefinition.execute(CoreStepDefinition.java:66)
	at io.cucumber.core.runner.PickleStepDefinitionMatch.runStep(PickleStepDefinitionMatch.java:63)
	at io.cucumber.core.runner.ExecutionMode$1.execute(ExecutionMode.java:10)
	at io.cucumber.core.runner.TestStep.executeStep(TestStep.java:81)
	at io.cucumber.core.runner.TestStep.run(TestStep.java:53)
	at io.cucumber.core.runner.PickleStepTestStep.run(PickleStepTestStep.java:51)
	at io.cucumber.core.runner.TestCase.run(TestCase.java:84)
	at io.cucumber.core.runner.Runner.runPickle(Runner.java:75)
	at io.cucumber.testng.TestNGCucumberRunner.lambda$runScenario$1(TestNGCucumberRunner.java:132)
	at io.cucumber.core.runtime.CucumberExecutionContext.lambda$runTestCase$5(CucumberExecutionContext.java:136)
	at io.cucumber.core.runtime.RethrowingThrowableCollector.executeAndThrow(RethrowingThrowableCollector.java:23)
	at io.cucumber.core.runtime.CucumberExecutionContext.runTestCase(CucumberExecutionContext.java:136)
	at io.cucumber.testng.TestNGCucumberRunner.runScenario(TestNGCucumberRunner.java:129)
	at io.cucumber.testng.AbstractTestNGCucumberTests.runScenario(AbstractTestNGCucumberTests.java:35)
	at java.base/java.util.ArrayList.forEach(ArrayList.java:1511)
... Removed 31 stack frames</div></td></tr></table><p class="totop"><a href="#summary">back to summary</a></p>
<h3 id="m3">com.Capium365.RunnerFiles.Capium365_Dashboard_Runner#runScenario</h3><table class="result"><tr class="param"><th>Parameter #1</th><th>Parameter #2</th></tr><tr class="param stripe"><td>&quot;Verify Expenses &quot;&lt;Time Filter&gt;&quot; Flow donut chart displays correct data for selected time filter&quot;</td><td>&quot;Dashboard Chart Validation&quot;</td></tr><tr><th colspan="2">Exception</th></tr><tr><td colspan="2"><div class="stacktrace">org.openqa.selenium.TimeoutException: Expected condition failed: waiting for visibility of element located by By.xpath: //span[normalize-space()=&apos;Expense Flow&apos;]/ancestor::div[contains(@class,&apos;chart-wrapper&apos;)] (tried for 10 second(s) with 500 milliseconds interval)
Build info: version: &apos;4.23.0&apos;, revision: &apos;4df0a231af&apos;
System info: os.name: &apos;Windows Server 2019&apos;, os.arch: &apos;amd64&apos;, os.version: &apos;10.0&apos;, java.version: &apos;17.0.12&apos;
Driver info: org.openqa.selenium.chrome.ChromeDriver
Capabilities {acceptInsecureCerts: false, browserName: chrome, browserVersion: 138.0.7204.184, chrome: {chromedriverVersion: 138.0.7204.183 (e90faf484dd..., userDataDir: C:\Users\LOCAL_~1.SIL\Temp\...}, fedcm:accounts: true, goog:chromeOptions: {debuggerAddress: localhost:58459}, networkConnectionEnabled: false, pageLoadStrategy: normal, platformName: windows, proxy: Proxy(), se:cdp: ws://localhost:58459/devtoo..., se:cdpVersion: 138.0.7204.184, setWindowRect: true, strictFileInteractability: false, timeouts: {implicit: 0, pageLoad: 300000, script: 30000}, unhandledPromptBehavior: dismiss and notify, webauthn:extension:credBlob: true, webauthn:extension:largeBlob: true, webauthn:extension:minPinLength: true, webauthn:extension:prf: true, webauthn:virtualAuthenticators: true}
Session ID: 23f9bba94d79fd41d74d0317d7680665
	at org.openqa.selenium.support.ui.WebDriverWait.timeoutException(WebDriverWait.java:84)
	at org.openqa.selenium.support.ui.FluentWait.until(FluentWait.java:228)
	at com.Capium365.Actions.Capium365_Dashboard_Actions.ScrollToExpensesFlow(Capium365_Dashboard_Actions.java:371)
	at com.Capium365.StepDefination.Capium365_Dashboardsteps_stepdefination.user_is_on_the_expenses_flow_dashboard(Capium365_Dashboardsteps_stepdefination.java:322)
	at ✽.user is on the Expenses Flow dashboard(file:///C:/Users/satishkumar.silphoz/Documents/2024Automation/2025/Capium365/src/test/resources/Capium365FeatureFiles/Capium365_Dashboard.feature:131)
</div></td></tr></table><p class="totop"><a href="#summary">back to summary</a></p>
<h3 id="m4">com.Capium365.RunnerFiles.Capium365_Receipts_CreditNotes_Runner#runScenario</h3><table class="result"><tr class="param"><th>Parameter #1</th><th>Parameter #2</th></tr><tr class="param stripe"><td>&quot;Validate Process Duplicate Upload popup with Yes button&quot;</td><td>&quot;Capium365 Receipts under Credit Notes&quot;</td></tr><tr><th colspan="2">Exception</th></tr><tr><td colspan="2"><div class="stacktrace">org.openqa.selenium.NoSuchElementException: no such element: Unable to locate element: {&quot;method&quot;:&quot;xpath&quot;,&quot;selector&quot;:&quot;//span[normalize-space()=&apos;Upload Credit Notes&apos;]&quot;}
  (Session info: chrome=138.0.7204.184)
For documentation on this error, please visit: https://www.selenium.dev/documentation/webdriver/troubleshooting/errors#no-such-element-exception
Build info: version: &apos;4.23.0&apos;, revision: &apos;4df0a231af&apos;
System info: os.name: &apos;Windows Server 2019&apos;, os.arch: &apos;amd64&apos;, os.version: &apos;10.0&apos;, java.version: &apos;17.0.12&apos;
Driver info: org.openqa.selenium.chrome.ChromeDriver
Command: [799ccad1efc86a5a8ab52271f167e28e, findElement {value=//span[normalize-space()=&apos;Upload Credit Notes&apos;], using=xpath}]
Capabilities {acceptInsecureCerts: false, browserName: chrome, browserVersion: 138.0.7204.184, chrome: {chromedriverVersion: 138.0.7204.183 (e90faf484dd..., userDataDir: C:\Users\LOCAL_~1.SIL\Temp\...}, fedcm:accounts: true, goog:chromeOptions: {debuggerAddress: localhost:56297}, networkConnectionEnabled: false, pageLoadStrategy: normal, platformName: windows, proxy: Proxy(), se:cdp: ws://localhost:56297/devtoo..., se:cdpVersion: 138.0.7204.184, setWindowRect: true, strictFileInteractability: false, timeouts: {implicit: 0, pageLoad: 300000, script: 30000}, unhandledPromptBehavior: dismiss and notify, webauthn:extension:credBlob: true, webauthn:extension:largeBlob: true, webauthn:extension:minPinLength: true, webauthn:extension:prf: true, webauthn:virtualAuthenticators: true}
Session ID: 799ccad1efc86a5a8ab52271f167e28e
	at org.openqa.selenium.remote.ErrorCodec.decode(ErrorCodec.java:167)
	at org.openqa.selenium.remote.codec.w3c.W3CHttpResponseCodec.decode(W3CHttpResponseCodec.java:138)
	at org.openqa.selenium.remote.codec.w3c.W3CHttpResponseCodec.decode(W3CHttpResponseCodec.java:50)
	at org.openqa.selenium.remote.HttpCommandExecutor.execute(HttpCommandExecutor.java:190)
	at org.openqa.selenium.remote.service.DriverCommandExecutor.invokeExecute(DriverCommandExecutor.java:216)
	at org.openqa.selenium.remote.service.DriverCommandExecutor.execute(DriverCommandExecutor.java:174)
	at org.openqa.selenium.remote.RemoteWebDriver.execute(RemoteWebDriver.java:527)
	at org.openqa.selenium.remote.ElementLocation$ElementFinder$2.findElement(ElementLocation.java:165)
	at org.openqa.selenium.remote.ElementLocation.findElement(ElementLocation.java:59)
	at org.openqa.selenium.remote.RemoteWebDriver.findElement(RemoteWebDriver.java:357)
	at org.openqa.selenium.remote.RemoteWebDriver.findElement(RemoteWebDriver.java:351)
	at org.openqa.selenium.support.pagefactory.DefaultElementLocator.findElement(DefaultElementLocator.java:68)
	at org.openqa.selenium.support.pagefactory.internal.LocatingElementHandler.invoke(LocatingElementHandler.java:38)
	at jdk.proxy2/jdk.proxy2.$Proxy43.click(Unknown Source)
	at com.Capium365.Actions.Capium365_Receipts_CreditNotes_Actions.ClickonUploadCreditNotes2Button(Capium365_Receipts_CreditNotes_Actions.java:222)
	at com.Capium365.StepDefination.Capium365_Receipts_CreditNotes_Stepdefination.click_on_upload_credit_notes2buttton(Capium365_Receipts_CreditNotes_Stepdefination.java:82)
	at ✽.Click on uploadCreditNotes2Buttton(file:///C:/Users/satishkumar.silphoz/Documents/2024Automation/2025/Capium365/src/test/resources/Capium365FeatureFiles/Capium365_Receipts_CreditNotes.feature:230)
... Removed 4 stack frames</div></td></tr></table><p class="totop"><a href="#summary">back to summary</a></p>
<h3 id="m5">com.Capium365.RunnerFiles.Capium365_Receipts_CreditNotes_Runner#runScenario</h3><table class="result"><tr class="param"><th>Parameter #1</th><th>Parameter #2</th></tr><tr class="param stripe"><td>&quot;Validate cancel button in Upload CreditNotes Page&quot;</td><td>&quot;Capium365 Receipts under Credit Notes&quot;</td></tr><tr><th colspan="2">Exception</th></tr><tr><td colspan="2"><div class="stacktrace">org.openqa.selenium.ElementNotInteractableException: element not interactable
  (Session info: chrome=138.0.7204.184)
Build info: version: &apos;4.23.0&apos;, revision: &apos;4df0a231af&apos;
System info: os.name: &apos;Windows Server 2019&apos;, os.arch: &apos;amd64&apos;, os.version: &apos;10.0&apos;, java.version: &apos;17.0.12&apos;
Driver info: org.openqa.selenium.chrome.ChromeDriver
Command: [fd9774e2db2ab31141ffac8ff9d3fa5e, clickElement {id=f.8ED67E2C0118D4AACE119FB50AC501CB.d.8AA6952C6CC69F9F266E437CDF0D0F55.e.379}]
Capabilities {acceptInsecureCerts: false, browserName: chrome, browserVersion: 138.0.7204.184, chrome: {chromedriverVersion: 138.0.7204.183 (e90faf484dd..., userDataDir: C:\Users\LOCAL_~1.SIL\Temp\...}, fedcm:accounts: true, goog:chromeOptions: {debuggerAddress: localhost:56505}, networkConnectionEnabled: false, pageLoadStrategy: normal, platformName: windows, proxy: Proxy(), se:cdp: ws://localhost:56505/devtoo..., se:cdpVersion: 138.0.7204.184, setWindowRect: true, strictFileInteractability: false, timeouts: {implicit: 0, pageLoad: 300000, script: 30000}, unhandledPromptBehavior: dismiss and notify, webauthn:extension:credBlob: true, webauthn:extension:largeBlob: true, webauthn:extension:minPinLength: true, webauthn:extension:prf: true, webauthn:virtualAuthenticators: true}
Element: [[ChromeDriver: chrome on windows (fd9774e2db2ab31141ffac8ff9d3fa5e)] -&gt; xpath: (//span[normalize-space()=&apos;Cancel&apos;])[1]]
Session ID: fd9774e2db2ab31141ffac8ff9d3fa5e
	at org.openqa.selenium.remote.ErrorCodec.decode(ErrorCodec.java:167)
	at org.openqa.selenium.remote.codec.w3c.W3CHttpResponseCodec.decode(W3CHttpResponseCodec.java:138)
	at org.openqa.selenium.remote.codec.w3c.W3CHttpResponseCodec.decode(W3CHttpResponseCodec.java:50)
	at org.openqa.selenium.remote.HttpCommandExecutor.execute(HttpCommandExecutor.java:190)
	at org.openqa.selenium.remote.service.DriverCommandExecutor.invokeExecute(DriverCommandExecutor.java:216)
	at org.openqa.selenium.remote.service.DriverCommandExecutor.execute(DriverCommandExecutor.java:174)
	at org.openqa.selenium.remote.RemoteWebDriver.execute(RemoteWebDriver.java:527)
	at org.openqa.selenium.remote.RemoteWebElement.execute(RemoteWebElement.java:223)
	at org.openqa.selenium.remote.RemoteWebElement.click(RemoteWebElement.java:76)
	at org.openqa.selenium.support.pagefactory.internal.LocatingElementHandler.invoke(LocatingElementHandler.java:51)
	at jdk.proxy2/jdk.proxy2.$Proxy43.click(Unknown Source)
	at com.Capium365.Actions.Capium365_Receipts_CreditNotes_Actions.ClickOnCancelButtonUploadPurchaseInvoice(Capium365_Receipts_CreditNotes_Actions.java:227)
	at com.Capium365.StepDefination.Capium365_Receipts_CreditNotes_Stepdefination.click_on_cancel_button(Capium365_Receipts_CreditNotes_Stepdefination.java:95)
	at ✽.Click on Cancel Button(file:///C:/Users/satishkumar.silphoz/Documents/2024Automation/2025/Capium365/src/test/resources/Capium365FeatureFiles/Capium365_Receipts_CreditNotes.feature:258)
... Removed 8 stack frames</div></td></tr></table><p class="totop"><a href="#summary">back to summary</a></p>
<h3 id="m6">com.Capium365.RunnerFiles.Capium365_Receipts_CreditNotes_Runner#runScenario</h3><table class="result"><tr class="param"><th>Parameter #1</th><th>Parameter #2</th></tr><tr class="param stripe"><td>&quot;Valdidate Duplicate popup&quot;</td><td>&quot;Capium365 Receipts under Credit Notes&quot;</td></tr><tr><th colspan="2">Exception</th></tr><tr><td colspan="2"><div class="stacktrace">org.openqa.selenium.NoSuchElementException: no such element: Unable to locate element: {&quot;method&quot;:&quot;xpath&quot;,&quot;selector&quot;:&quot;//span[normalize-space()=&apos;Upload Credit Notes&apos;]&quot;}
  (Session info: chrome=138.0.7204.184)
For documentation on this error, please visit: https://www.selenium.dev/documentation/webdriver/troubleshooting/errors#no-such-element-exception
Build info: version: &apos;4.23.0&apos;, revision: &apos;4df0a231af&apos;
System info: os.name: &apos;Windows Server 2019&apos;, os.arch: &apos;amd64&apos;, os.version: &apos;10.0&apos;, java.version: &apos;17.0.12&apos;
Driver info: org.openqa.selenium.chrome.ChromeDriver
Command: [f83653d502f1825ef0765946d6254558, findElement {value=//span[normalize-space()=&apos;Upload Credit Notes&apos;], using=xpath}]
Capabilities {acceptInsecureCerts: false, browserName: chrome, browserVersion: 138.0.7204.184, chrome: {chromedriverVersion: 138.0.7204.183 (e90faf484dd..., userDataDir: C:\Users\LOCAL_~1.SIL\Temp\...}, fedcm:accounts: true, goog:chromeOptions: {debuggerAddress: localhost:56183}, networkConnectionEnabled: false, pageLoadStrategy: normal, platformName: windows, proxy: Proxy(), se:cdp: ws://localhost:56183/devtoo..., se:cdpVersion: 138.0.7204.184, setWindowRect: true, strictFileInteractability: false, timeouts: {implicit: 0, pageLoad: 300000, script: 30000}, unhandledPromptBehavior: dismiss and notify, webauthn:extension:credBlob: true, webauthn:extension:largeBlob: true, webauthn:extension:minPinLength: true, webauthn:extension:prf: true, webauthn:virtualAuthenticators: true}
Session ID: f83653d502f1825ef0765946d6254558
	at org.openqa.selenium.remote.ErrorCodec.decode(ErrorCodec.java:167)
	at org.openqa.selenium.remote.codec.w3c.W3CHttpResponseCodec.decode(W3CHttpResponseCodec.java:138)
	at org.openqa.selenium.remote.codec.w3c.W3CHttpResponseCodec.decode(W3CHttpResponseCodec.java:50)
	at org.openqa.selenium.remote.HttpCommandExecutor.execute(HttpCommandExecutor.java:190)
	at org.openqa.selenium.remote.service.DriverCommandExecutor.invokeExecute(DriverCommandExecutor.java:216)
	at org.openqa.selenium.remote.service.DriverCommandExecutor.execute(DriverCommandExecutor.java:174)
	at org.openqa.selenium.remote.RemoteWebDriver.execute(RemoteWebDriver.java:527)
	at org.openqa.selenium.remote.ElementLocation$ElementFinder$2.findElement(ElementLocation.java:165)
	at org.openqa.selenium.remote.ElementLocation.findElement(ElementLocation.java:59)
	at org.openqa.selenium.remote.RemoteWebDriver.findElement(RemoteWebDriver.java:357)
	at org.openqa.selenium.remote.RemoteWebDriver.findElement(RemoteWebDriver.java:351)
	at org.openqa.selenium.support.pagefactory.DefaultElementLocator.findElement(DefaultElementLocator.java:68)
	at org.openqa.selenium.support.pagefactory.internal.LocatingElementHandler.invoke(LocatingElementHandler.java:38)
	at jdk.proxy2/jdk.proxy2.$Proxy43.click(Unknown Source)
	at com.Capium365.Actions.Capium365_Receipts_CreditNotes_Actions.ClickonUploadCreditNotes2Button(Capium365_Receipts_CreditNotes_Actions.java:222)
	at com.Capium365.StepDefination.Capium365_Receipts_CreditNotes_Stepdefination.click_on_upload_credit_notes2buttton(Capium365_Receipts_CreditNotes_Stepdefination.java:82)
	at ✽.Click on uploadCreditNotes2Buttton(file:///C:/Users/satishkumar.silphoz/Documents/2024Automation/2025/Capium365/src/test/resources/Capium365FeatureFiles/Capium365_Receipts_CreditNotes.feature:217)
... Removed 4 stack frames</div></td></tr></table><p class="totop"><a href="#summary">back to summary</a></p>
<h3 id="m7">com.Capium365.RunnerFiles.Capium365_Receipts_CreditNotes_Runner#runScenario</h3><table class="result"><tr class="param"><th>Parameter #1</th><th>Parameter #2</th></tr><tr class="param stripe"><td>&quot;Validate Duplicate buttom in the main Grid&quot;</td><td>&quot;Capium365 Receipts under Credit Notes&quot;</td></tr><tr><th colspan="2">Exception</th></tr><tr><td colspan="2"><div class="stacktrace">org.openqa.selenium.NoSuchElementException: no such element: Unable to locate element: {&quot;method&quot;:&quot;xpath&quot;,&quot;selector&quot;:&quot;//span[normalize-space()=&apos;Upload Credit Notes&apos;]&quot;}
  (Session info: chrome=138.0.7204.184)
For documentation on this error, please visit: https://www.selenium.dev/documentation/webdriver/troubleshooting/errors#no-such-element-exception
Build info: version: &apos;4.23.0&apos;, revision: &apos;4df0a231af&apos;
System info: os.name: &apos;Windows Server 2019&apos;, os.arch: &apos;amd64&apos;, os.version: &apos;10.0&apos;, java.version: &apos;17.0.12&apos;
Driver info: org.openqa.selenium.chrome.ChromeDriver
Command: [8ab7a2257aa75f2269166324bd69c786, findElement {value=//span[normalize-space()=&apos;Upload Credit Notes&apos;], using=xpath}]
Capabilities {acceptInsecureCerts: false, browserName: chrome, browserVersion: 138.0.7204.184, chrome: {chromedriverVersion: 138.0.7204.183 (e90faf484dd..., userDataDir: C:\Users\LOCAL_~1.SIL\Temp\...}, fedcm:accounts: true, goog:chromeOptions: {debuggerAddress: localhost:56079}, networkConnectionEnabled: false, pageLoadStrategy: normal, platformName: windows, proxy: Proxy(), se:cdp: ws://localhost:56079/devtoo..., se:cdpVersion: 138.0.7204.184, setWindowRect: true, strictFileInteractability: false, timeouts: {implicit: 0, pageLoad: 300000, script: 30000}, unhandledPromptBehavior: dismiss and notify, webauthn:extension:credBlob: true, webauthn:extension:largeBlob: true, webauthn:extension:minPinLength: true, webauthn:extension:prf: true, webauthn:virtualAuthenticators: true}
Session ID: 8ab7a2257aa75f2269166324bd69c786
	at org.openqa.selenium.remote.ErrorCodec.decode(ErrorCodec.java:167)
	at org.openqa.selenium.remote.codec.w3c.W3CHttpResponseCodec.decode(W3CHttpResponseCodec.java:138)
	at org.openqa.selenium.remote.codec.w3c.W3CHttpResponseCodec.decode(W3CHttpResponseCodec.java:50)
	at org.openqa.selenium.remote.HttpCommandExecutor.execute(HttpCommandExecutor.java:190)
	at org.openqa.selenium.remote.service.DriverCommandExecutor.invokeExecute(DriverCommandExecutor.java:216)
	at org.openqa.selenium.remote.service.DriverCommandExecutor.execute(DriverCommandExecutor.java:174)
	at org.openqa.selenium.remote.RemoteWebDriver.execute(RemoteWebDriver.java:527)
	at org.openqa.selenium.remote.ElementLocation$ElementFinder$2.findElement(ElementLocation.java:165)
	at org.openqa.selenium.remote.ElementLocation.findElement(ElementLocation.java:59)
	at org.openqa.selenium.remote.RemoteWebDriver.findElement(RemoteWebDriver.java:357)
	at org.openqa.selenium.remote.RemoteWebDriver.findElement(RemoteWebDriver.java:351)
	at org.openqa.selenium.support.pagefactory.DefaultElementLocator.findElement(DefaultElementLocator.java:68)
	at org.openqa.selenium.support.pagefactory.internal.LocatingElementHandler.invoke(LocatingElementHandler.java:38)
	at jdk.proxy2/jdk.proxy2.$Proxy43.click(Unknown Source)
	at com.Capium365.Actions.Capium365_Receipts_CreditNotes_Actions.ClickonUploadCreditNotes2Button(Capium365_Receipts_CreditNotes_Actions.java:222)
	at com.Capium365.StepDefination.Capium365_Receipts_CreditNotes_Stepdefination.click_on_upload_credit_notes2buttton(Capium365_Receipts_CreditNotes_Stepdefination.java:82)
	at ✽.Click on uploadCreditNotes2Buttton(file:///C:/Users/satishkumar.silphoz/Documents/2024Automation/2025/Capium365/src/test/resources/Capium365FeatureFiles/Capium365_Receipts_CreditNotes.feature:204)
... Removed 4 stack frames</div></td></tr></table><p class="totop"><a href="#summary">back to summary</a></p>
<h3 id="m8">com.Capium365.RunnerFiles.Capium365_Receipts_CreditNotes_Runner#runScenario</h3><table class="result"><tr class="param"><th>Parameter #1</th><th>Parameter #2</th></tr><tr class="param stripe"><td>&quot;Verify UploadCreditNotes button MainGrid&quot;</td><td>&quot;Capium365 Receipts under Credit Notes&quot;</td></tr><tr><th colspan="2">Exception</th></tr><tr><td colspan="2"><div class="stacktrace">org.openqa.selenium.NoSuchElementException: no such element: Unable to locate element: {&quot;method&quot;:&quot;xpath&quot;,&quot;selector&quot;:&quot;//span[normalize-space()=&apos;Upload Credit Notes&apos;]&quot;}
  (Session info: chrome=138.0.7204.184)
For documentation on this error, please visit: https://www.selenium.dev/documentation/webdriver/troubleshooting/errors#no-such-element-exception
Build info: version: &apos;4.23.0&apos;, revision: &apos;4df0a231af&apos;
System info: os.name: &apos;Windows Server 2019&apos;, os.arch: &apos;amd64&apos;, os.version: &apos;10.0&apos;, java.version: &apos;17.0.12&apos;
Driver info: org.openqa.selenium.chrome.ChromeDriver
Command: [c2fe0b993cc2b4fcb128343d6094af77, findElement {value=//span[normalize-space()=&apos;Upload Credit Notes&apos;], using=xpath}]
Capabilities {acceptInsecureCerts: false, browserName: chrome, browserVersion: 138.0.7204.184, chrome: {chromedriverVersion: 138.0.7204.183 (e90faf484dd..., userDataDir: C:\Users\LOCAL_~1.SIL\Temp\...}, fedcm:accounts: true, goog:chromeOptions: {debuggerAddress: localhost:55966}, networkConnectionEnabled: false, pageLoadStrategy: normal, platformName: windows, proxy: Proxy(), se:cdp: ws://localhost:55966/devtoo..., se:cdpVersion: 138.0.7204.184, setWindowRect: true, strictFileInteractability: false, timeouts: {implicit: 0, pageLoad: 300000, script: 30000}, unhandledPromptBehavior: dismiss and notify, webauthn:extension:credBlob: true, webauthn:extension:largeBlob: true, webauthn:extension:minPinLength: true, webauthn:extension:prf: true, webauthn:virtualAuthenticators: true}
Session ID: c2fe0b993cc2b4fcb128343d6094af77
	at org.openqa.selenium.remote.ErrorCodec.decode(ErrorCodec.java:167)
	at org.openqa.selenium.remote.codec.w3c.W3CHttpResponseCodec.decode(W3CHttpResponseCodec.java:138)
	at org.openqa.selenium.remote.codec.w3c.W3CHttpResponseCodec.decode(W3CHttpResponseCodec.java:50)
	at org.openqa.selenium.remote.HttpCommandExecutor.execute(HttpCommandExecutor.java:190)
	at org.openqa.selenium.remote.service.DriverCommandExecutor.invokeExecute(DriverCommandExecutor.java:216)
	at org.openqa.selenium.remote.service.DriverCommandExecutor.execute(DriverCommandExecutor.java:174)
	at org.openqa.selenium.remote.RemoteWebDriver.execute(RemoteWebDriver.java:527)
	at org.openqa.selenium.remote.ElementLocation$ElementFinder$2.findElement(ElementLocation.java:165)
	at org.openqa.selenium.remote.ElementLocation.findElement(ElementLocation.java:59)
	at org.openqa.selenium.remote.RemoteWebDriver.findElement(RemoteWebDriver.java:357)
	at org.openqa.selenium.remote.RemoteWebDriver.findElement(RemoteWebDriver.java:351)
	at org.openqa.selenium.support.pagefactory.DefaultElementLocator.findElement(DefaultElementLocator.java:68)
	at org.openqa.selenium.support.pagefactory.internal.LocatingElementHandler.invoke(LocatingElementHandler.java:38)
	at jdk.proxy2/jdk.proxy2.$Proxy43.click(Unknown Source)
	at com.Capium365.Actions.Capium365_Receipts_CreditNotes_Actions.ClickonUploadCreditNotes2Button(Capium365_Receipts_CreditNotes_Actions.java:222)
	at com.Capium365.StepDefination.Capium365_Receipts_CreditNotes_Stepdefination.click_on_upload_credit_notes2buttton(Capium365_Receipts_CreditNotes_Stepdefination.java:82)
	at ✽.Click on uploadCreditNotes2Buttton(file:///C:/Users/satishkumar.silphoz/Documents/2024Automation/2025/Capium365/src/test/resources/Capium365FeatureFiles/Capium365_Receipts_CreditNotes.feature:195)
... Removed 4 stack frames</div></td></tr></table><p class="totop"><a href="#summary">back to summary</a></p>
<h3 id="m9">com.Capium365.RunnerFiles.Capium365_Receipts_CreditNotes_Runner#runScenario</h3><table class="result"><tr class="param"><th>Parameter #1</th><th>Parameter #2</th></tr><tr class="param stripe"><td>&quot;Validate Process Duplicate Upload popup with No button&quot;</td><td>&quot;Capium365 Receipts under Credit Notes&quot;</td></tr><tr><th colspan="2">Exception</th></tr><tr><td colspan="2"><div class="stacktrace">org.openqa.selenium.NoSuchElementException: no such element: Unable to locate element: {&quot;method&quot;:&quot;xpath&quot;,&quot;selector&quot;:&quot;//span[normalize-space()=&apos;Upload Credit Notes&apos;]&quot;}
  (Session info: chrome=138.0.7204.184)
For documentation on this error, please visit: https://www.selenium.dev/documentation/webdriver/troubleshooting/errors#no-such-element-exception
Build info: version: &apos;4.23.0&apos;, revision: &apos;4df0a231af&apos;
System info: os.name: &apos;Windows Server 2019&apos;, os.arch: &apos;amd64&apos;, os.version: &apos;10.0&apos;, java.version: &apos;17.0.12&apos;
Driver info: org.openqa.selenium.chrome.ChromeDriver
Command: [da8c8efe1f5cd01387a21128f8eb6365, findElement {value=//span[normalize-space()=&apos;Upload Credit Notes&apos;], using=xpath}]
Capabilities {acceptInsecureCerts: false, browserName: chrome, browserVersion: 138.0.7204.184, chrome: {chromedriverVersion: 138.0.7204.183 (e90faf484dd..., userDataDir: C:\Users\LOCAL_~1.SIL\Temp\...}, fedcm:accounts: true, goog:chromeOptions: {debuggerAddress: localhost:56393}, networkConnectionEnabled: false, pageLoadStrategy: normal, platformName: windows, proxy: Proxy(), se:cdp: ws://localhost:56393/devtoo..., se:cdpVersion: 138.0.7204.184, setWindowRect: true, strictFileInteractability: false, timeouts: {implicit: 0, pageLoad: 300000, script: 30000}, unhandledPromptBehavior: dismiss and notify, webauthn:extension:credBlob: true, webauthn:extension:largeBlob: true, webauthn:extension:minPinLength: true, webauthn:extension:prf: true, webauthn:virtualAuthenticators: true}
Session ID: da8c8efe1f5cd01387a21128f8eb6365
	at org.openqa.selenium.remote.ErrorCodec.decode(ErrorCodec.java:167)
	at org.openqa.selenium.remote.codec.w3c.W3CHttpResponseCodec.decode(W3CHttpResponseCodec.java:138)
	at org.openqa.selenium.remote.codec.w3c.W3CHttpResponseCodec.decode(W3CHttpResponseCodec.java:50)
	at org.openqa.selenium.remote.HttpCommandExecutor.execute(HttpCommandExecutor.java:190)
	at org.openqa.selenium.remote.service.DriverCommandExecutor.invokeExecute(DriverCommandExecutor.java:216)
	at org.openqa.selenium.remote.service.DriverCommandExecutor.execute(DriverCommandExecutor.java:174)
	at org.openqa.selenium.remote.RemoteWebDriver.execute(RemoteWebDriver.java:527)
	at org.openqa.selenium.remote.ElementLocation$ElementFinder$2.findElement(ElementLocation.java:165)
	at org.openqa.selenium.remote.ElementLocation.findElement(ElementLocation.java:59)
	at org.openqa.selenium.remote.RemoteWebDriver.findElement(RemoteWebDriver.java:357)
	at org.openqa.selenium.remote.RemoteWebDriver.findElement(RemoteWebDriver.java:351)
	at org.openqa.selenium.support.pagefactory.DefaultElementLocator.findElement(DefaultElementLocator.java:68)
	at org.openqa.selenium.support.pagefactory.internal.LocatingElementHandler.invoke(LocatingElementHandler.java:38)
	at jdk.proxy2/jdk.proxy2.$Proxy43.click(Unknown Source)
	at com.Capium365.Actions.Capium365_Receipts_CreditNotes_Actions.ClickonUploadCreditNotes2Button(Capium365_Receipts_CreditNotes_Actions.java:222)
	at com.Capium365.StepDefination.Capium365_Receipts_CreditNotes_Stepdefination.click_on_upload_credit_notes2buttton(Capium365_Receipts_CreditNotes_Stepdefination.java:82)
	at ✽.Click on uploadCreditNotes2Buttton(file:///C:/Users/satishkumar.silphoz/Documents/2024Automation/2025/Capium365/src/test/resources/Capium365FeatureFiles/Capium365_Receipts_CreditNotes.feature:243)
... Removed 4 stack frames</div></td></tr></table><p class="totop"><a href="#summary">back to summary</a></p>
<h3 id="m10">com.Capium365.RunnerFiles.Capium365_Receipts_PurchaseInvoice_Runner#runScenario</h3><table class="result"><tr class="param"><th>Parameter #1</th><th>Parameter #2</th></tr><tr class="param stripe"><td>&quot;Valdidate Duplicate popup&quot;</td><td>&quot;Validating Purchase Invoice under Receipts tab&quot;</td></tr><tr><th colspan="2">Exception</th></tr><tr><td colspan="2"><div class="stacktrace">org.openqa.selenium.NoSuchElementException: no such element: Unable to locate element: {&quot;method&quot;:&quot;xpath&quot;,&quot;selector&quot;:&quot;//span[text()=&apos; Upload Purchase Invoices &apos;]&quot;}
  (Session info: chrome=138.0.7204.184)
For documentation on this error, please visit: https://www.selenium.dev/documentation/webdriver/troubleshooting/errors#no-such-element-exception
Build info: version: &apos;4.23.0&apos;, revision: &apos;4df0a231af&apos;
System info: os.name: &apos;Windows Server 2019&apos;, os.arch: &apos;amd64&apos;, os.version: &apos;10.0&apos;, java.version: &apos;17.0.12&apos;
Driver info: org.openqa.selenium.chrome.ChromeDriver
Command: [4b0251b3f64962b1ead06e0ac1af0bd0, findElement {value=//span[text()=&apos; Upload Purchase Invoices &apos;], using=xpath}]
Capabilities {acceptInsecureCerts: false, browserName: chrome, browserVersion: 138.0.7204.184, chrome: {chromedriverVersion: 138.0.7204.183 (e90faf484dd..., userDataDir: C:\Users\LOCAL_~1.SIL\Temp\...}, fedcm:accounts: true, goog:chromeOptions: {debuggerAddress: localhost:63647}, networkConnectionEnabled: false, pageLoadStrategy: normal, platformName: windows, proxy: Proxy(), se:cdp: ws://localhost:63647/devtoo..., se:cdpVersion: 138.0.7204.184, setWindowRect: true, strictFileInteractability: false, timeouts: {implicit: 0, pageLoad: 300000, script: 30000}, unhandledPromptBehavior: dismiss and notify, webauthn:extension:credBlob: true, webauthn:extension:largeBlob: true, webauthn:extension:minPinLength: true, webauthn:extension:prf: true, webauthn:virtualAuthenticators: true}
Session ID: 4b0251b3f64962b1ead06e0ac1af0bd0
	at org.openqa.selenium.remote.ErrorCodec.decode(ErrorCodec.java:167)
	at org.openqa.selenium.remote.codec.w3c.W3CHttpResponseCodec.decode(W3CHttpResponseCodec.java:138)
	at org.openqa.selenium.remote.codec.w3c.W3CHttpResponseCodec.decode(W3CHttpResponseCodec.java:50)
	at org.openqa.selenium.remote.HttpCommandExecutor.execute(HttpCommandExecutor.java:190)
	at org.openqa.selenium.remote.service.DriverCommandExecutor.invokeExecute(DriverCommandExecutor.java:216)
	at org.openqa.selenium.remote.service.DriverCommandExecutor.execute(DriverCommandExecutor.java:174)
	at org.openqa.selenium.remote.RemoteWebDriver.execute(RemoteWebDriver.java:527)
	at org.openqa.selenium.remote.ElementLocation$ElementFinder$2.findElement(ElementLocation.java:165)
	at org.openqa.selenium.remote.ElementLocation.findElement(ElementLocation.java:59)
	at org.openqa.selenium.remote.RemoteWebDriver.findElement(RemoteWebDriver.java:357)
	at org.openqa.selenium.remote.RemoteWebDriver.findElement(RemoteWebDriver.java:351)
	at org.openqa.selenium.support.pagefactory.DefaultElementLocator.findElement(DefaultElementLocator.java:68)
	at org.openqa.selenium.support.pagefactory.internal.LocatingElementHandler.invoke(LocatingElementHandler.java:38)
	at jdk.proxy2/jdk.proxy2.$Proxy43.click(Unknown Source)
	at com.Capium365.Actions.Capium365_Receipts_PurchaseInvoice_Actions.ClickonUploadpurchaseInvoice2Button(Capium365_Receipts_PurchaseInvoice_Actions.java:59)
	at com.Capium365.StepDefination.Capium365_Receipts_PurchaseInvoice_Stepdefination.click_on_upload_purchase_invoice2buttton(Capium365_Receipts_PurchaseInvoice_Stepdefination.java:55)
	at ✽.Click on uploadPurchaseInvoice2Buttton(file:///C:/Users/satishkumar.silphoz/Documents/2024Automation/2025/Capium365/src/test/resources/Capium365FeatureFiles/Capium365_Receipts_PurchaseInvoice.feature:41)
... Removed 4 stack frames</div></td></tr></table><p class="totop"><a href="#summary">back to summary</a></p>
<h3 id="m11">com.Capium365.RunnerFiles.Capium365_Receipts_PurchaseInvoice_Runner#runScenario</h3><table class="result"><tr class="param"><th>Parameter #1</th><th>Parameter #2</th></tr><tr class="param stripe"><td>&quot;Validate Duplicate buttom in the main Grid&quot;</td><td>&quot;Validating Purchase Invoice under Receipts tab&quot;</td></tr><tr><th colspan="2">Exception</th></tr><tr><td colspan="2"><div class="stacktrace">org.openqa.selenium.NoSuchElementException: no such element: Unable to locate element: {&quot;method&quot;:&quot;xpath&quot;,&quot;selector&quot;:&quot;//span[text()=&apos; Upload Purchase Invoices &apos;]&quot;}
  (Session info: chrome=138.0.7204.184)
For documentation on this error, please visit: https://www.selenium.dev/documentation/webdriver/troubleshooting/errors#no-such-element-exception
Build info: version: &apos;4.23.0&apos;, revision: &apos;4df0a231af&apos;
System info: os.name: &apos;Windows Server 2019&apos;, os.arch: &apos;amd64&apos;, os.version: &apos;10.0&apos;, java.version: &apos;17.0.12&apos;
Driver info: org.openqa.selenium.chrome.ChromeDriver
Command: [d5045c6099ec968cf763709de62ede76, findElement {value=//span[text()=&apos; Upload Purchase Invoices &apos;], using=xpath}]
Capabilities {acceptInsecureCerts: false, browserName: chrome, browserVersion: 138.0.7204.184, chrome: {chromedriverVersion: 138.0.7204.183 (e90faf484dd..., userDataDir: C:\Users\LOCAL_~1.SIL\Temp\...}, fedcm:accounts: true, goog:chromeOptions: {debuggerAddress: localhost:63542}, networkConnectionEnabled: false, pageLoadStrategy: normal, platformName: windows, proxy: Proxy(), se:cdp: ws://localhost:63542/devtoo..., se:cdpVersion: 138.0.7204.184, setWindowRect: true, strictFileInteractability: false, timeouts: {implicit: 0, pageLoad: 300000, script: 30000}, unhandledPromptBehavior: dismiss and notify, webauthn:extension:credBlob: true, webauthn:extension:largeBlob: true, webauthn:extension:minPinLength: true, webauthn:extension:prf: true, webauthn:virtualAuthenticators: true}
Session ID: d5045c6099ec968cf763709de62ede76
	at org.openqa.selenium.remote.ErrorCodec.decode(ErrorCodec.java:167)
	at org.openqa.selenium.remote.codec.w3c.W3CHttpResponseCodec.decode(W3CHttpResponseCodec.java:138)
	at org.openqa.selenium.remote.codec.w3c.W3CHttpResponseCodec.decode(W3CHttpResponseCodec.java:50)
	at org.openqa.selenium.remote.HttpCommandExecutor.execute(HttpCommandExecutor.java:190)
	at org.openqa.selenium.remote.service.DriverCommandExecutor.invokeExecute(DriverCommandExecutor.java:216)
	at org.openqa.selenium.remote.service.DriverCommandExecutor.execute(DriverCommandExecutor.java:174)
	at org.openqa.selenium.remote.RemoteWebDriver.execute(RemoteWebDriver.java:527)
	at org.openqa.selenium.remote.ElementLocation$ElementFinder$2.findElement(ElementLocation.java:165)
	at org.openqa.selenium.remote.ElementLocation.findElement(ElementLocation.java:59)
	at org.openqa.selenium.remote.RemoteWebDriver.findElement(RemoteWebDriver.java:357)
	at org.openqa.selenium.remote.RemoteWebDriver.findElement(RemoteWebDriver.java:351)
	at org.openqa.selenium.support.pagefactory.DefaultElementLocator.findElement(DefaultElementLocator.java:68)
	at org.openqa.selenium.support.pagefactory.internal.LocatingElementHandler.invoke(LocatingElementHandler.java:38)
	at jdk.proxy2/jdk.proxy2.$Proxy43.click(Unknown Source)
	at com.Capium365.Actions.Capium365_Receipts_PurchaseInvoice_Actions.ClickonUploadpurchaseInvoice2Button(Capium365_Receipts_PurchaseInvoice_Actions.java:59)
	at com.Capium365.StepDefination.Capium365_Receipts_PurchaseInvoice_Stepdefination.click_on_upload_purchase_invoice2buttton(Capium365_Receipts_PurchaseInvoice_Stepdefination.java:55)
	at ✽.Click on uploadPurchaseInvoice2Buttton(file:///C:/Users/satishkumar.silphoz/Documents/2024Automation/2025/Capium365/src/test/resources/Capium365FeatureFiles/Capium365_Receipts_PurchaseInvoice.feature:29)
... Removed 4 stack frames</div></td></tr></table><p class="totop"><a href="#summary">back to summary</a></p>
<h3 id="m12">com.Capium365.RunnerFiles.Capium365_Receipts_PurchaseInvoice_Runner#runScenario</h3><table class="result"><tr class="param"><th>Parameter #1</th><th>Parameter #2</th></tr><tr class="param stripe"><td>&quot;Validate Process Duplicate Upload popup with Yes button&quot;</td><td>&quot;Validating Purchase Invoice under Receipts tab&quot;</td></tr><tr><th colspan="2">Exception</th></tr><tr><td colspan="2"><div class="stacktrace">org.openqa.selenium.NoSuchElementException: no such element: Unable to locate element: {&quot;method&quot;:&quot;xpath&quot;,&quot;selector&quot;:&quot;//span[text()=&apos; Upload Purchase Invoices &apos;]&quot;}
  (Session info: chrome=138.0.7204.184)
For documentation on this error, please visit: https://www.selenium.dev/documentation/webdriver/troubleshooting/errors#no-such-element-exception
Build info: version: &apos;4.23.0&apos;, revision: &apos;4df0a231af&apos;
System info: os.name: &apos;Windows Server 2019&apos;, os.arch: &apos;amd64&apos;, os.version: &apos;10.0&apos;, java.version: &apos;17.0.12&apos;
Driver info: org.openqa.selenium.chrome.ChromeDriver
Command: [09ea1e6a7ea888832a463142a07331fe, findElement {value=//span[text()=&apos; Upload Purchase Invoices &apos;], using=xpath}]
Capabilities {acceptInsecureCerts: false, browserName: chrome, browserVersion: 138.0.7204.184, chrome: {chromedriverVersion: 138.0.7204.183 (e90faf484dd..., userDataDir: C:\Users\LOCAL_~1.SIL\Temp\...}, fedcm:accounts: true, goog:chromeOptions: {debuggerAddress: localhost:63744}, networkConnectionEnabled: false, pageLoadStrategy: normal, platformName: windows, proxy: Proxy(), se:cdp: ws://localhost:63744/devtoo..., se:cdpVersion: 138.0.7204.184, setWindowRect: true, strictFileInteractability: false, timeouts: {implicit: 0, pageLoad: 300000, script: 30000}, unhandledPromptBehavior: dismiss and notify, webauthn:extension:credBlob: true, webauthn:extension:largeBlob: true, webauthn:extension:minPinLength: true, webauthn:extension:prf: true, webauthn:virtualAuthenticators: true}
Session ID: 09ea1e6a7ea888832a463142a07331fe
	at org.openqa.selenium.remote.ErrorCodec.decode(ErrorCodec.java:167)
	at org.openqa.selenium.remote.codec.w3c.W3CHttpResponseCodec.decode(W3CHttpResponseCodec.java:138)
	at org.openqa.selenium.remote.codec.w3c.W3CHttpResponseCodec.decode(W3CHttpResponseCodec.java:50)
	at org.openqa.selenium.remote.HttpCommandExecutor.execute(HttpCommandExecutor.java:190)
	at org.openqa.selenium.remote.service.DriverCommandExecutor.invokeExecute(DriverCommandExecutor.java:216)
	at org.openqa.selenium.remote.service.DriverCommandExecutor.execute(DriverCommandExecutor.java:174)
	at org.openqa.selenium.remote.RemoteWebDriver.execute(RemoteWebDriver.java:527)
	at org.openqa.selenium.remote.ElementLocation$ElementFinder$2.findElement(ElementLocation.java:165)
	at org.openqa.selenium.remote.ElementLocation.findElement(ElementLocation.java:59)
	at org.openqa.selenium.remote.RemoteWebDriver.findElement(RemoteWebDriver.java:357)
	at org.openqa.selenium.remote.RemoteWebDriver.findElement(RemoteWebDriver.java:351)
	at org.openqa.selenium.support.pagefactory.DefaultElementLocator.findElement(DefaultElementLocator.java:68)
	at org.openqa.selenium.support.pagefactory.internal.LocatingElementHandler.invoke(LocatingElementHandler.java:38)
	at jdk.proxy2/jdk.proxy2.$Proxy43.click(Unknown Source)
	at com.Capium365.Actions.Capium365_Receipts_PurchaseInvoice_Actions.ClickonUploadpurchaseInvoice2Button(Capium365_Receipts_PurchaseInvoice_Actions.java:59)
	at com.Capium365.StepDefination.Capium365_Receipts_PurchaseInvoice_Stepdefination.click_on_upload_purchase_invoice2buttton(Capium365_Receipts_PurchaseInvoice_Stepdefination.java:55)
	at ✽.Click on uploadPurchaseInvoice2Buttton(file:///C:/Users/satishkumar.silphoz/Documents/2024Automation/2025/Capium365/src/test/resources/Capium365FeatureFiles/Capium365_Receipts_PurchaseInvoice.feature:54)
... Removed 4 stack frames</div></td></tr></table><p class="totop"><a href="#summary">back to summary</a></p>
<h3 id="m13">com.Capium365.RunnerFiles.Capium365_Receipts_PurchaseInvoice_Runner#runScenario</h3><table class="result"><tr class="param"><th>Parameter #1</th><th>Parameter #2</th></tr><tr class="param stripe"><td>&quot;Validate Process Duplicate Upload popup with No button&quot;</td><td>&quot;Validating Purchase Invoice under Receipts tab&quot;</td></tr><tr><th colspan="2">Exception</th></tr><tr><td colspan="2"><div class="stacktrace">org.openqa.selenium.NoSuchElementException: no such element: Unable to locate element: {&quot;method&quot;:&quot;xpath&quot;,&quot;selector&quot;:&quot;//span[text()=&apos; Upload Purchase Invoices &apos;]&quot;}
  (Session info: chrome=138.0.7204.184)
For documentation on this error, please visit: https://www.selenium.dev/documentation/webdriver/troubleshooting/errors#no-such-element-exception
Build info: version: &apos;4.23.0&apos;, revision: &apos;4df0a231af&apos;
System info: os.name: &apos;Windows Server 2019&apos;, os.arch: &apos;amd64&apos;, os.version: &apos;10.0&apos;, java.version: &apos;17.0.12&apos;
Driver info: org.openqa.selenium.chrome.ChromeDriver
Command: [67ad9fab721b22a78c4da13a523a85d1, findElement {value=//span[text()=&apos; Upload Purchase Invoices &apos;], using=xpath}]
Capabilities {acceptInsecureCerts: false, browserName: chrome, browserVersion: 138.0.7204.184, chrome: {chromedriverVersion: 138.0.7204.183 (e90faf484dd..., userDataDir: C:\Users\LOCAL_~1.SIL\Temp\...}, fedcm:accounts: true, goog:chromeOptions: {debuggerAddress: localhost:63854}, networkConnectionEnabled: false, pageLoadStrategy: normal, platformName: windows, proxy: Proxy(), se:cdp: ws://localhost:63854/devtoo..., se:cdpVersion: 138.0.7204.184, setWindowRect: true, strictFileInteractability: false, timeouts: {implicit: 0, pageLoad: 300000, script: 30000}, unhandledPromptBehavior: dismiss and notify, webauthn:extension:credBlob: true, webauthn:extension:largeBlob: true, webauthn:extension:minPinLength: true, webauthn:extension:prf: true, webauthn:virtualAuthenticators: true}
Session ID: 67ad9fab721b22a78c4da13a523a85d1
	at org.openqa.selenium.remote.ErrorCodec.decode(ErrorCodec.java:167)
	at org.openqa.selenium.remote.codec.w3c.W3CHttpResponseCodec.decode(W3CHttpResponseCodec.java:138)
	at org.openqa.selenium.remote.codec.w3c.W3CHttpResponseCodec.decode(W3CHttpResponseCodec.java:50)
	at org.openqa.selenium.remote.HttpCommandExecutor.execute(HttpCommandExecutor.java:190)
	at org.openqa.selenium.remote.service.DriverCommandExecutor.invokeExecute(DriverCommandExecutor.java:216)
	at org.openqa.selenium.remote.service.DriverCommandExecutor.execute(DriverCommandExecutor.java:174)
	at org.openqa.selenium.remote.RemoteWebDriver.execute(RemoteWebDriver.java:527)
	at org.openqa.selenium.remote.ElementLocation$ElementFinder$2.findElement(ElementLocation.java:165)
	at org.openqa.selenium.remote.ElementLocation.findElement(ElementLocation.java:59)
	at org.openqa.selenium.remote.RemoteWebDriver.findElement(RemoteWebDriver.java:357)
	at org.openqa.selenium.remote.RemoteWebDriver.findElement(RemoteWebDriver.java:351)
	at org.openqa.selenium.support.pagefactory.DefaultElementLocator.findElement(DefaultElementLocator.java:68)
	at org.openqa.selenium.support.pagefactory.internal.LocatingElementHandler.invoke(LocatingElementHandler.java:38)
	at jdk.proxy2/jdk.proxy2.$Proxy43.click(Unknown Source)
	at com.Capium365.Actions.Capium365_Receipts_PurchaseInvoice_Actions.ClickonUploadpurchaseInvoice2Button(Capium365_Receipts_PurchaseInvoice_Actions.java:59)
	at com.Capium365.StepDefination.Capium365_Receipts_PurchaseInvoice_Stepdefination.click_on_upload_purchase_invoice2buttton(Capium365_Receipts_PurchaseInvoice_Stepdefination.java:55)
	at ✽.Click on uploadPurchaseInvoice2Buttton(file:///C:/Users/satishkumar.silphoz/Documents/2024Automation/2025/Capium365/src/test/resources/Capium365FeatureFiles/Capium365_Receipts_PurchaseInvoice.feature:67)
... Removed 4 stack frames</div></td></tr></table><p class="totop"><a href="#summary">back to summary</a></p>
<h3 id="m14">com.Capium365.RunnerFiles.Capium365_Receipts_PurchaseInvoice_Runner#runScenario</h3><table class="result"><tr class="param"><th>Parameter #1</th><th>Parameter #2</th></tr><tr class="param stripe"><td>&quot;Verify PurchaseInvoice MainGrid&quot;</td><td>&quot;Validating Purchase Invoice under Receipts tab&quot;</td></tr><tr><th colspan="2">Exception</th></tr><tr><td colspan="2"><div class="stacktrace">org.openqa.selenium.NoSuchElementException: no such element: Unable to locate element: {&quot;method&quot;:&quot;xpath&quot;,&quot;selector&quot;:&quot;//span[text()=&apos; Upload Purchase Invoices &apos;]&quot;}
  (Session info: chrome=138.0.7204.184)
For documentation on this error, please visit: https://www.selenium.dev/documentation/webdriver/troubleshooting/errors#no-such-element-exception
Build info: version: &apos;4.23.0&apos;, revision: &apos;4df0a231af&apos;
System info: os.name: &apos;Windows Server 2019&apos;, os.arch: &apos;amd64&apos;, os.version: &apos;10.0&apos;, java.version: &apos;17.0.12&apos;
Driver info: org.openqa.selenium.chrome.ChromeDriver
Command: [519516b1d53eccf6e4f3e2ab8fd892db, findElement {value=//span[text()=&apos; Upload Purchase Invoices &apos;], using=xpath}]
Capabilities {acceptInsecureCerts: false, browserName: chrome, browserVersion: 138.0.7204.184, chrome: {chromedriverVersion: 138.0.7204.183 (e90faf484dd..., userDataDir: C:\Users\LOCAL_~1.SIL\Temp\...}, fedcm:accounts: true, goog:chromeOptions: {debuggerAddress: localhost:63437}, networkConnectionEnabled: false, pageLoadStrategy: normal, platformName: windows, proxy: Proxy(), se:cdp: ws://localhost:63437/devtoo..., se:cdpVersion: 138.0.7204.184, setWindowRect: true, strictFileInteractability: false, timeouts: {implicit: 0, pageLoad: 300000, script: 30000}, unhandledPromptBehavior: dismiss and notify, webauthn:extension:credBlob: true, webauthn:extension:largeBlob: true, webauthn:extension:minPinLength: true, webauthn:extension:prf: true, webauthn:virtualAuthenticators: true}
Session ID: 519516b1d53eccf6e4f3e2ab8fd892db
	at org.openqa.selenium.remote.ErrorCodec.decode(ErrorCodec.java:167)
	at org.openqa.selenium.remote.codec.w3c.W3CHttpResponseCodec.decode(W3CHttpResponseCodec.java:138)
	at org.openqa.selenium.remote.codec.w3c.W3CHttpResponseCodec.decode(W3CHttpResponseCodec.java:50)
	at org.openqa.selenium.remote.HttpCommandExecutor.execute(HttpCommandExecutor.java:190)
	at org.openqa.selenium.remote.service.DriverCommandExecutor.invokeExecute(DriverCommandExecutor.java:216)
	at org.openqa.selenium.remote.service.DriverCommandExecutor.execute(DriverCommandExecutor.java:174)
	at org.openqa.selenium.remote.RemoteWebDriver.execute(RemoteWebDriver.java:527)
	at org.openqa.selenium.remote.ElementLocation$ElementFinder$2.findElement(ElementLocation.java:165)
	at org.openqa.selenium.remote.ElementLocation.findElement(ElementLocation.java:59)
	at org.openqa.selenium.remote.RemoteWebDriver.findElement(RemoteWebDriver.java:357)
	at org.openqa.selenium.remote.RemoteWebDriver.findElement(RemoteWebDriver.java:351)
	at org.openqa.selenium.support.pagefactory.DefaultElementLocator.findElement(DefaultElementLocator.java:68)
	at org.openqa.selenium.support.pagefactory.internal.LocatingElementHandler.invoke(LocatingElementHandler.java:38)
	at jdk.proxy2/jdk.proxy2.$Proxy43.click(Unknown Source)
	at com.Capium365.Actions.Capium365_Receipts_PurchaseInvoice_Actions.ClickonUploadpurchaseInvoice2Button(Capium365_Receipts_PurchaseInvoice_Actions.java:59)
	at com.Capium365.StepDefination.Capium365_Receipts_PurchaseInvoice_Stepdefination.click_on_upload_purchase_invoice2buttton(Capium365_Receipts_PurchaseInvoice_Stepdefination.java:55)
	at ✽.Click on uploadPurchaseInvoice2Buttton(file:///C:/Users/satishkumar.silphoz/Documents/2024Automation/2025/Capium365/src/test/resources/Capium365FeatureFiles/Capium365_Receipts_PurchaseInvoice.feature:19)
... Removed 4 stack frames</div></td></tr></table><p class="totop"><a href="#summary">back to summary</a></p>
<h3 id="m15">com.Capium365.RunnerFiles.Capium365_Receipts_PurchaseInvoice_Runner#runScenario</h3><table class="result"><tr class="param"><th>Parameter #1</th><th>Parameter #2</th></tr><tr class="param stripe"><td>&quot;Validate Pagination&quot;</td><td>&quot;Validating Purchase Invoice under Receipts tab&quot;</td></tr><tr><th colspan="2">Exception</th></tr><tr><td colspan="2"><div class="stacktrace">org.openqa.selenium.ElementClickInterceptedException: element click intercepted: Element &lt;span class=&quot;mat-checkbox-inner-container mat-checkbox-inner-container-no-side-margin&quot;&gt;...&lt;/span&gt; is not clickable at point (149, 185). Other element would receive the click: &lt;div _ngcontent-amy-c77=&quot;&quot; class=&quot;ngx-spinner-overlay ng-tns-c77-0 ng-trigger ng-trigger-fadeIn ng-star-inserted ng-animating&quot; style=&quot;background-color: rgba(51, 51, 51, 0.8); z-index: 99999; position: fixed;&quot;&gt;...&lt;/div&gt;
  (Session info: chrome=138.0.7204.184)
Build info: version: &apos;4.23.0&apos;, revision: &apos;4df0a231af&apos;
System info: os.name: &apos;Windows Server 2019&apos;, os.arch: &apos;amd64&apos;, os.version: &apos;10.0&apos;, java.version: &apos;17.0.12&apos;
Driver info: org.openqa.selenium.chrome.ChromeDriver
Command: [62aa4e49fbb31b8b5b2e019f06ee2cf6, clickElement {id=f.7AFA04DE16D33FCF0DC4DB4A3C7F6000.d.6617DFF4886F04F9F43653C52DC88328.e.297}]
Capabilities {acceptInsecureCerts: false, browserName: chrome, browserVersion: 138.0.7204.184, chrome: {chromedriverVersion: 138.0.7204.183 (e90faf484dd..., userDataDir: C:\Users\LOCAL_~1.SIL\Temp\...}, fedcm:accounts: true, goog:chromeOptions: {debuggerAddress: localhost:64795}, networkConnectionEnabled: false, pageLoadStrategy: normal, platformName: windows, proxy: Proxy(), se:cdp: ws://localhost:64795/devtoo..., se:cdpVersion: 138.0.7204.184, setWindowRect: true, strictFileInteractability: false, timeouts: {implicit: 0, pageLoad: 300000, script: 30000}, unhandledPromptBehavior: dismiss and notify, webauthn:extension:credBlob: true, webauthn:extension:largeBlob: true, webauthn:extension:minPinLength: true, webauthn:extension:prf: true, webauthn:virtualAuthenticators: true}
Element: [[ChromeDriver: chrome on windows (62aa4e49fbb31b8b5b2e019f06ee2cf6)] -&gt; xpath: (//span[@class=&apos;mat-checkbox-inner-container mat-checkbox-inner-container-no-side-margin&apos;])[1]]
Session ID: 62aa4e49fbb31b8b5b2e019f06ee2cf6
	at org.openqa.selenium.remote.ErrorCodec.decode(ErrorCodec.java:167)
	at org.openqa.selenium.remote.codec.w3c.W3CHttpResponseCodec.decode(W3CHttpResponseCodec.java:138)
	at org.openqa.selenium.remote.codec.w3c.W3CHttpResponseCodec.decode(W3CHttpResponseCodec.java:50)
	at org.openqa.selenium.remote.HttpCommandExecutor.execute(HttpCommandExecutor.java:190)
	at org.openqa.selenium.remote.service.DriverCommandExecutor.invokeExecute(DriverCommandExecutor.java:216)
	at org.openqa.selenium.remote.service.DriverCommandExecutor.execute(DriverCommandExecutor.java:174)
	at org.openqa.selenium.remote.RemoteWebDriver.execute(RemoteWebDriver.java:527)
	at org.openqa.selenium.remote.RemoteWebElement.execute(RemoteWebElement.java:223)
	at org.openqa.selenium.remote.RemoteWebElement.click(RemoteWebElement.java:76)
	at org.openqa.selenium.support.pagefactory.internal.LocatingElementHandler.invoke(LocatingElementHandler.java:51)
	at jdk.proxy2/jdk.proxy2.$Proxy43.click(Unknown Source)
	at com.Capium365.Actions.Capium365_Receipts_PurchaseInvoice_Actions.ClickonPagiantionDropdownandValidteCount(Capium365_Receipts_PurchaseInvoice_Actions.java:502)
	at com.Capium365.StepDefination.Capium365_Receipts_PurchaseInvoice_Stepdefination.select_pagination_dropdown_in_purchase_tab_and_validate(Capium365_Receipts_PurchaseInvoice_Stepdefination.java:215)
	at ✽.Select pagination dropdown in Purchase tab and Validate(file:///C:/Users/satishkumar.silphoz/Documents/2024Automation/2025/Capium365/src/test/resources/Capium365FeatureFiles/Capium365_Receipts_PurchaseInvoice.feature:143)
... Removed 7 stack frames</div></td></tr></table><p class="totop"><a href="#summary">back to summary</a></p>
<h3 id="m16">com.Capium365.RunnerFiles.Capium365_Receipts_Receipts_Runner#runScenario</h3><table class="result"><tr class="param"><th>Parameter #1</th><th>Parameter #2</th></tr><tr class="param stripe"><td>&quot;Validate Upload Receipts functionality in Receipts tab&quot;</td><td>&quot;Receipts&quot;</td></tr><tr><th colspan="2">Exception</th></tr><tr><td colspan="2"><div class="stacktrace">org.openqa.selenium.TimeoutException: Expected condition failed: waiting for element to be clickable: Proxy element for: DefaultElementLocator &apos;By.xpath: //button/span[normalize-space()=&apos;Upload Receipts&apos;]&apos; (tried for 10 second(s) with 500 milliseconds interval)
	at org.openqa.selenium.support.ui.WebDriverWait.timeoutException(WebDriverWait.java:84)
	at org.openqa.selenium.support.ui.FluentWait.until(FluentWait.java:228)
	at com.Capium.Utilites.HelperClass.clickWithRetry(HelperClass.java:373)
	at com.Capium365.Actions.Capium365_Receipts_Receipts_Actions.ClickOnUploadReceiptsbutton(Capium365_Receipts_Receipts_Actions.java:359)
	at com.Capium365.StepDefination.Capium365_Receipts_Receipts_Stepdefination.user_select_upload_receipt_button(Capium365_Receipts_Receipts_Stepdefination.java:168)
	at ✽.user select upload receipt button(file:///C:/Users/satishkumar.silphoz/Documents/2024Automation/2025/Capium365/src/test/resources/Capium365FeatureFiles/Capium365_Recepits_Receipts.feature:101)
Caused by: org.openqa.selenium.NoSuchElementException: no such element: Unable to locate element: {&quot;method&quot;:&quot;xpath&quot;,&quot;selector&quot;:&quot;//button/span[normalize-space()=&apos;Upload Receipts&apos;]&quot;}
  (Session info: chrome=138.0.7204.184)
For documentation on this error, please visit: https://www.selenium.dev/documentation/webdriver/troubleshooting/errors#no-such-element-exception
Build info: version: &apos;4.23.0&apos;, revision: &apos;4df0a231af&apos;
System info: os.name: &apos;Windows Server 2019&apos;, os.arch: &apos;amd64&apos;, os.version: &apos;10.0&apos;, java.version: &apos;17.0.12&apos;
Driver info: org.openqa.selenium.chrome.ChromeDriver
Command: [47778e5b06a77a97f3889683248eceba, findElement {value=//button/span[normalize-space()=&apos;Upload Receipts&apos;], using=xpath}]
Capabilities {acceptInsecureCerts: false, browserName: chrome, browserVersion: 138.0.7204.184, chrome: {chromedriverVersion: 138.0.7204.183 (e90faf484dd..., userDataDir: C:\Users\LOCAL_~1.SIL\Temp\...}, fedcm:accounts: true, goog:chromeOptions: {debuggerAddress: localhost:52321}, networkConnectionEnabled: false, pageLoadStrategy: normal, platformName: windows, proxy: Proxy(), se:cdp: ws://localhost:52321/devtoo..., se:cdpVersion: 138.0.7204.184, setWindowRect: true, strictFileInteractability: false, timeouts: {implicit: 0, pageLoad: 300000, script: 30000}, unhandledPromptBehavior: dismiss and notify, webauthn:extension:credBlob: true, webauthn:extension:largeBlob: true, webauthn:extension:minPinLength: true, webauthn:extension:prf: true, webauthn:virtualAuthenticators: true}
Session ID: 47778e5b06a77a97f3889683248eceba
	at org.openqa.selenium.remote.ErrorCodec.decode(ErrorCodec.java:167)
	at org.openqa.selenium.remote.codec.w3c.W3CHttpResponseCodec.decode(W3CHttpResponseCodec.java:138)
	at org.openqa.selenium.remote.codec.w3c.W3CHttpResponseCodec.decode(W3CHttpResponseCodec.java:50)
	at org.openqa.selenium.remote.HttpCommandExecutor.execute(HttpCommandExecutor.java:190)
	at org.openqa.selenium.remote.service.DriverCommandExecutor.invokeExecute(DriverCommandExecutor.java:216)
	at org.openqa.selenium.remote.service.DriverCommandExecutor.execute(DriverCommandExecutor.java:174)
	at org.openqa.selenium.remote.RemoteWebDriver.execute(RemoteWebDriver.java:527)
	at org.openqa.selenium.remote.ElementLocation$ElementFinder$2.findElement(ElementLocation.java:165)
	at org.openqa.selenium.remote.ElementLocation.findElement(ElementLocation.java:59)
	at org.openqa.selenium.remote.RemoteWebDriver.findElement(RemoteWebDriver.java:357)
	at org.openqa.selenium.remote.RemoteWebDriver.findElement(RemoteWebDriver.java:351)
	at org.openqa.selenium.support.pagefactory.DefaultElementLocator.findElement(DefaultElementLocator.java:68)
	at org.openqa.selenium.support.pagefactory.internal.LocatingElementHandler.invoke(LocatingElementHandler.java:38)
	at jdk.proxy2/jdk.proxy2.$Proxy43.isDisplayed(Unknown Source)
	at org.openqa.selenium.support.ui.ExpectedConditions.elementIfVisible(ExpectedConditions.java:304)
	at org.openqa.selenium.support.ui.ExpectedConditions$10.apply(ExpectedConditions.java:290)
	at org.openqa.selenium.support.ui.ExpectedConditions$10.apply(ExpectedConditions.java:287)
	at org.openqa.selenium.support.ui.ExpectedConditions$23.apply(ExpectedConditions.java:656)
	at org.openqa.selenium.support.ui.ExpectedConditions$23.apply(ExpectedConditions.java:652)
	at org.openqa.selenium.support.ui.FluentWait.until(FluentWait.java:203)
	at com.Capium.Utilites.HelperClass.clickWithRetry(HelperClass.java:373)
	at com.Capium365.Actions.Capium365_Receipts_Receipts_Actions.ClickOnUploadReceiptsbutton(Capium365_Receipts_Receipts_Actions.java:359)
	at com.Capium365.StepDefination.Capium365_Receipts_Receipts_Stepdefination.user_select_upload_receipt_button(Capium365_Receipts_Receipts_Stepdefination.java:168)
	at io.cucumber.java.Invoker.doInvoke(Invoker.java:66)
	at io.cucumber.java.Invoker.invoke(Invoker.java:24)
	at io.cucumber.java.AbstractGlueDefinition.invokeMethod(AbstractGlueDefinition.java:47)
	at io.cucumber.java.JavaStepDefinition.execute(JavaStepDefinition.java:29)
	at io.cucumber.core.runner.CoreStepDefinition.execute(CoreStepDefinition.java:66)
	at io.cucumber.core.runner.PickleStepDefinitionMatch.runStep(PickleStepDefinitionMatch.java:63)
	at io.cucumber.core.runner.ExecutionMode$1.execute(ExecutionMode.java:10)
	at io.cucumber.core.runner.TestStep.executeStep(TestStep.java:81)
	at io.cucumber.core.runner.TestStep.run(TestStep.java:53)
	at io.cucumber.core.runner.PickleStepTestStep.run(PickleStepTestStep.java:51)
	at io.cucumber.core.runner.TestCase.run(TestCase.java:84)
	at io.cucumber.core.runner.Runner.runPickle(Runner.java:75)
	at io.cucumber.testng.TestNGCucumberRunner.lambda$runScenario$1(TestNGCucumberRunner.java:132)
	at io.cucumber.core.runtime.CucumberExecutionContext.lambda$runTestCase$5(CucumberExecutionContext.java:136)
	at io.cucumber.core.runtime.RethrowingThrowableCollector.executeAndThrow(RethrowingThrowableCollector.java:23)
	at io.cucumber.core.runtime.CucumberExecutionContext.runTestCase(CucumberExecutionContext.java:136)
	at io.cucumber.testng.TestNGCucumberRunner.runScenario(TestNGCucumberRunner.java:129)
	at io.cucumber.testng.AbstractTestNGCucumberTests.runScenario(AbstractTestNGCucumberTests.java:35)
	at java.base/java.util.ArrayList.forEach(ArrayList.java:1511)
... Removed 34 stack frames</div></td></tr></table><p class="totop"><a href="#summary">back to summary</a></p>
<h3 id="m17">com.Capium365.RunnerFiles.Capium365_BankTab_Runner#runScenario</h3><table class="result"><tr class="param"><th>Parameter #1</th><th>Parameter #2</th></tr><tr class="param stripe"><td>&quot;Validate goto page&quot;</td><td>&quot;Validate bank tab&quot;</td></tr></table><p class="totop"><a href="#summary">back to summary</a></p>
<h3 id="m18">com.Capium365.RunnerFiles.Capium365_BankTab_Runner#runScenario</h3><table class="result"><tr class="param"><th>Parameter #1</th><th>Parameter #2</th></tr><tr class="param stripe"><td>&quot;Validate delete bank account&quot;</td><td>&quot;Validate bank tab&quot;</td></tr></table><p class="totop"><a href="#summary">back to summary</a></p>
<h3 id="m19">com.Capium365.RunnerFiles.Capium365_BankTab_Runner#runScenario</h3><table class="result"><tr class="param"><th>Parameter #1</th><th>Parameter #2</th></tr><tr class="param stripe"><td>&quot;Validate next arrow&quot;</td><td>&quot;Validate bank tab&quot;</td></tr></table><p class="totop"><a href="#summary">back to summary</a></p>
<h3 id="m20">com.Capium365.RunnerFiles.Capium365_BankTab_Runner#runScenario</h3><table class="result"><tr class="param"><th>Parameter #1</th><th>Parameter #2</th></tr><tr class="param stripe"><td>&quot;Validate date dropdown&quot;</td><td>&quot;Validate bank tab&quot;</td></tr></table><p class="totop"><a href="#summary">back to summary</a></p>
<h3 id="m21">com.Capium365.RunnerFiles.Capium365_BankTab_Runner#runScenario</h3><table class="result"><tr class="param"><th>Parameter #1</th><th>Parameter #2</th></tr><tr class="param stripe"><td>&quot;Validate bank accounts tab&quot;</td><td>&quot;Validate bank tab&quot;</td></tr></table><p class="totop"><a href="#summary">back to summary</a></p>
<h3 id="m22">com.Capium365.RunnerFiles.Capium365_BankTab_Runner#runScenario</h3><table class="result"><tr class="param"><th>Parameter #1</th><th>Parameter #2</th></tr><tr class="param stripe"><td>&quot;Validate page numbers&quot;</td><td>&quot;Validate bank tab&quot;</td></tr></table><p class="totop"><a href="#summary">back to summary</a></p>
<h3 id="m23">com.Capium365.RunnerFiles.Capium365_BankTab_Runner#runScenario</h3><table class="result"><tr class="param"><th>Parameter #1</th><th>Parameter #2</th></tr><tr class="param stripe"><td>&quot;Verify cross mark on down right side after clicking on ID check box&quot;</td><td>&quot;Validate bank tab&quot;</td></tr></table><p class="totop"><a href="#summary">back to summary</a></p>
<h3 id="m24">com.Capium365.RunnerFiles.Capium365_BankTab_Runner#runScenario</h3><table class="result"><tr class="param"><th>Parameter #1</th><th>Parameter #2</th></tr><tr class="param stripe"><td>&quot;Validate export excel option in the down&quot;</td><td>&quot;Validate bank tab&quot;</td></tr></table><p class="totop"><a href="#summary">back to summary</a></p>
<h3 id="m25">com.Capium365.RunnerFiles.Capium365_BankTab_Runner#runScenario</h3><table class="result"><tr class="param"><th>Parameter #1</th><th>Parameter #2</th></tr><tr class="param stripe"><td>&quot;Validate add new account&quot;</td><td>&quot;Validate bank tab&quot;</td></tr></table><p class="totop"><a href="#summary">back to summary</a></p>
<h3 id="m26">com.Capium365.RunnerFiles.Capium365_BankTab_Runner#runScenario</h3><table class="result"><tr class="param"><th>Parameter #1</th><th>Parameter #2</th></tr><tr class="param stripe"><td>&quot;Validate search bar&quot;</td><td>&quot;Validate bank tab&quot;</td></tr></table><p class="totop"><a href="#summary">back to summary</a></p>
<h3 id="m27">com.Capium365.RunnerFiles.Capium365_BankTab_Runner#runScenario</h3><table class="result"><tr class="param"><th>Parameter #1</th><th>Parameter #2</th></tr><tr class="param stripe"><td>&quot;Validate bank tab&quot;</td><td>&quot;Validate bank tab&quot;</td></tr></table><p class="totop"><a href="#summary">back to summary</a></p>
<h3 id="m28">com.Capium365.RunnerFiles.Capium365_BankTab_Runner#runScenario</h3><table class="result"><tr class="param"><th>Parameter #1</th><th>Parameter #2</th></tr><tr class="param stripe"><td>&quot;Validate pagination&quot;</td><td>&quot;Validate bank tab&quot;</td></tr></table><p class="totop"><a href="#summary">back to summary</a></p>
<h3 id="m29">com.Capium365.RunnerFiles.Capium365_BankTab_Runner#runScenario</h3><table class="result"><tr class="param"><th>Parameter #1</th><th>Parameter #2</th></tr><tr class="param stripe"><td>&quot;Verify refresh account&quot;</td><td>&quot;Validate bank tab&quot;</td></tr></table><p class="totop"><a href="#summary">back to summary</a></p>
<h3 id="m30">com.Capium365.RunnerFiles.Capium365_BankTab_Runner#runScenario</h3><table class="result"><tr class="param"><th>Parameter #1</th><th>Parameter #2</th></tr><tr class="param stripe"><td>&quot;Validate Export to excel&quot;</td><td>&quot;Validate bank tab&quot;</td></tr></table><p class="totop"><a href="#summary">back to summary</a></p>
<h3 id="m31">com.Capium365.RunnerFiles.Capium365_BankTab_Runner#runScenario</h3><table class="result"><tr class="param"><th>Parameter #1</th><th>Parameter #2</th></tr><tr class="param stripe"><td>&quot;Validate previous arrow&quot;</td><td>&quot;Validate bank tab&quot;</td></tr></table><p class="totop"><a href="#summary">back to summary</a></p>
<h3 id="m32">com.Capium365.RunnerFiles.Capium365_BankTab_Runner#runScenario</h3><table class="result"><tr class="param"><th>Parameter #1</th><th>Parameter #2</th></tr><tr class="param stripe"><td>&quot;Verify headers in bank tab&quot;</td><td>&quot;Validate bank tab&quot;</td></tr></table><p class="totop"><a href="#summary">back to summary</a></p>
<h3 id="m33">com.Capium365.RunnerFiles.Capium365_Dashboard_Runner#runScenario</h3><table class="result"><tr class="param"><th>Parameter #1</th><th>Parameter #2</th></tr><tr class="param stripe"><td>&quot;Select a different theme color &quot;Dark Blue&quot;&quot;</td><td>&quot;Dashboard Chart Validation&quot;</td></tr></table><p class="totop"><a href="#summary">back to summary</a></p>
<h3 id="m34">com.Capium365.RunnerFiles.Capium365_Dashboard_Runner#runScenario</h3><table class="result"><tr class="param"><th>Parameter #1</th><th>Parameter #2</th></tr><tr class="param stripe"><td>&quot;Select a different theme color &quot;Blue&quot;&quot;</td><td>&quot;Dashboard Chart Validation&quot;</td></tr></table><p class="totop"><a href="#summary">back to summary</a></p>
<h3 id="m35">com.Capium365.RunnerFiles.Capium365_Dashboard_Runner#runScenario</h3><table class="result"><tr class="param"><th>Parameter #1</th><th>Parameter #2</th></tr><tr class="param stripe"><td>&quot;Select a different theme color &quot;Yellow&quot;&quot;</td><td>&quot;Dashboard Chart Validation&quot;</td></tr></table><p class="totop"><a href="#summary">back to summary</a></p>
<h3 id="m36">com.Capium365.RunnerFiles.Capium365_Dashboard_Runner#runScenario</h3><table class="result"><tr class="param"><th>Parameter #1</th><th>Parameter #2</th></tr><tr class="param stripe"><td>&quot;Select a different theme color &quot;Teal&quot;&quot;</td><td>&quot;Dashboard Chart Validation&quot;</td></tr></table><p class="totop"><a href="#summary">back to summary</a></p>
<h3 id="m37">com.Capium365.RunnerFiles.Capium365_Dashboard_Runner#runScenario</h3><table class="result"><tr class="param"><th>Parameter #1</th><th>Parameter #2</th></tr><tr class="param stripe"><td>&quot;Click + and Select &quot;Invoices&quot;&quot;</td><td>&quot;Dashboard Chart Validation&quot;</td></tr></table><p class="totop"><a href="#summary">back to summary</a></p>
<h3 id="m38">com.Capium365.RunnerFiles.Capium365_Dashboard_Runner#runScenario</h3><table class="result"><tr class="param"><th>Parameter #1</th><th>Parameter #2</th></tr><tr class="param stripe"><td>&quot;Select a different theme color &quot;Red&quot;&quot;</td><td>&quot;Dashboard Chart Validation&quot;</td></tr></table><p class="totop"><a href="#summary">back to summary</a></p>
<h3 id="m39">com.Capium365.RunnerFiles.Capium365_Dashboard_Runner#runScenario</h3><table class="result"><tr class="param"><th>Parameter #1</th><th>Parameter #2</th></tr><tr class="param stripe"><td>&quot;Default filter selection on Activity tab&quot;</td><td>&quot;Dashboard Chart Validation&quot;</td></tr></table><p class="totop"><a href="#summary">back to summary</a></p>
<h3 id="m40">com.Capium365.RunnerFiles.Capium365_Dashboard_Runner#runScenario</h3><table class="result"><tr class="param"><th>Parameter #1</th><th>Parameter #2</th></tr><tr class="param stripe"><td>&quot;Verify Help tab in dashboard&quot;</td><td>&quot;Dashboard Chart Validation&quot;</td></tr></table><p class="totop"><a href="#summary">back to summary</a></p>
<h3 id="m41">com.Capium365.RunnerFiles.Capium365_Dashboard_Runner#runScenario</h3><table class="result"><tr class="param"><th>Parameter #1</th><th>Parameter #2</th></tr><tr class="param stripe"><td>&quot;User selects each account from the dropdown and verifies transaction data&quot;</td><td>&quot;Dashboard Chart Validation&quot;</td></tr></table><p class="totop"><a href="#summary">back to summary</a></p>
<h3 id="m42">com.Capium365.RunnerFiles.Capium365_Dashboard_Runner#runScenario</h3><table class="result"><tr class="param"><th>Parameter #1</th><th>Parameter #2</th></tr><tr class="param stripe"><td>&quot;Verify Announcement tab in dashborad&quot;</td><td>&quot;Dashboard Chart Validation&quot;</td></tr></table><p class="totop"><a href="#summary">back to summary</a></p>
<h3 id="m43">com.Capium365.RunnerFiles.Capium365_Dashboard_Runner#runScenario</h3><table class="result"><tr class="param"><th>Parameter #1</th><th>Parameter #2</th></tr><tr class="param stripe"><td>&quot;Open profile popup&quot;</td><td>&quot;Dashboard Chart Validation&quot;</td></tr></table><p class="totop"><a href="#summary">back to summary</a></p>
<h3 id="m44">com.Capium365.RunnerFiles.Capium365_Dashboard_Runner#runScenario</h3><table class="result"><tr class="param"><th>Parameter #1</th><th>Parameter #2</th></tr><tr class="param stripe"><td>&quot;Verify Top Account Names &quot;&lt;Time Filter&gt;&quot; donut chart displays correct data for selected time filter&quot;</td><td>&quot;Dashboard Chart Validation&quot;</td></tr></table><p class="totop"><a href="#summary">back to summary</a></p>
<h3 id="m45">com.Capium365.RunnerFiles.Capium365_Dashboard_Runner#runScenario</h3><table class="result"><tr class="param"><th>Parameter #1</th><th>Parameter #2</th></tr><tr class="param stripe"><td>&quot;Validate Transactions dashboard chart for &apos;This Year&apos;&quot;</td><td>&quot;Dashboard Chart Validation&quot;</td></tr></table><p class="totop"><a href="#summary">back to summary</a></p>
<h3 id="m46">com.Capium365.RunnerFiles.Capium365_Dashboard_Runner#runScenario</h3><table class="result"><tr class="param"><th>Parameter #1</th><th>Parameter #2</th></tr><tr class="param stripe"><td>&quot;Verify activity logs are filtered correctly by time range&quot;</td><td>&quot;Dashboard Chart Validation&quot;</td></tr></table><p class="totop"><a href="#summary">back to summary</a></p>
<h3 id="m47">com.Capium365.RunnerFiles.Capium365_Dashboard_Runner#runScenario</h3><table class="result"><tr class="param"><th>Parameter #1</th><th>Parameter #2</th></tr><tr class="param stripe"><td>&quot;Select a different theme color &quot;Green&quot;&quot;</td><td>&quot;Dashboard Chart Validation&quot;</td></tr></table><p class="totop"><a href="#summary">back to summary</a></p>
<h3 id="m48">com.Capium365.RunnerFiles.Capium365_Dashboard_Runner#runScenario</h3><table class="result"><tr class="param"><th>Parameter #1</th><th>Parameter #2</th></tr><tr class="param stripe"><td>&quot;Sign out using the profile popup&quot;</td><td>&quot;Dashboard Chart Validation&quot;</td></tr></table><p class="totop"><a href="#summary">back to summary</a></p>
<h3 id="m49">com.Capium365.RunnerFiles.Capium365_Dashboard_Runner#runScenario</h3><table class="result"><tr class="param"><th>Parameter #1</th><th>Parameter #2</th></tr><tr class="param stripe"><td>&quot;Verify essential UI elements are present&quot;</td><td>&quot;Dashboard Chart Validation&quot;</td></tr></table><p class="totop"><a href="#summary">back to summary</a></p>
<h3 id="m50">com.Capium365.RunnerFiles.Capium365_Dashboard_Runner#runScenario</h3><table class="result"><tr class="param"><th>Parameter #1</th><th>Parameter #2</th></tr><tr class="param stripe"><td>&quot;Close profile popup by clicking outside&quot;</td><td>&quot;Dashboard Chart Validation&quot;</td></tr></table><p class="totop"><a href="#summary">back to summary</a></p>
<h3 id="m51">com.Capium365.RunnerFiles.Capium365_Dashboard_Runner#runScenario</h3><table class="result"><tr class="param"><th>Parameter #1</th><th>Parameter #2</th></tr><tr class="param stripe"><td>&quot;Select a different theme color &quot;Purple&quot;&quot;</td><td>&quot;Dashboard Chart Validation&quot;</td></tr></table><p class="totop"><a href="#summary">back to summary</a></p>
<h3 id="m52">com.Capium365.RunnerFiles.Capium365_Dashboard_Runner#runScenario</h3><table class="result"><tr class="param"><th>Parameter #1</th><th>Parameter #2</th></tr><tr class="param stripe"><td>&quot;Select a different theme color &quot;Black&quot;&quot;</td><td>&quot;Dashboard Chart Validation&quot;</td></tr></table><p class="totop"><a href="#summary">back to summary</a></p>
<h3 id="m53">com.Capium365.RunnerFiles.Capium365_Dashboard_Runner#runScenario</h3><table class="result"><tr class="param"><th>Parameter #1</th><th>Parameter #2</th></tr><tr class="param stripe"><td>&quot;Validate Invoice dashboard chart for &apos;Time Filter&apos;&quot;</td><td>&quot;Dashboard Chart Validation&quot;</td></tr></table><p class="totop"><a href="#summary">back to summary</a></p>
<h3 id="m54">com.Capium365.RunnerFiles.Capium365_Dashboard_Runner#runScenario</h3><table class="result"><tr class="param"><th>Parameter #1</th><th>Parameter #2</th></tr><tr class="param stripe"><td>&quot;Filter Activity by &quot;All Invoices&quot;&quot;</td><td>&quot;Dashboard Chart Validation&quot;</td></tr></table><p class="totop"><a href="#summary">back to summary</a></p>
<h3 id="m55">com.Capium365.RunnerFiles.Capium365_Dashboard_Runner#runScenario</h3><table class="result"><tr class="param"><th>Parameter #1</th><th>Parameter #2</th></tr><tr class="param stripe"><td>&quot;Verify Top Earners &quot;&lt;Time Filter&gt;&quot; donut chart displays correct data for selected time filter&quot;</td><td>&quot;Dashboard Chart Validation&quot;</td></tr></table><p class="totop"><a href="#summary">back to summary</a></p>
<h3 id="m56">com.Capium365.RunnerFiles.Capium365_Dashboard_Runner#runScenario</h3><table class="result"><tr class="param"><th>Parameter #1</th><th>Parameter #2</th></tr><tr class="param stripe"><td>&quot;Verify Sales Flow &quot;&lt;Time Filter&gt;&quot; donut chart displays correct data for selected time filter&quot;</td><td>&quot;Dashboard Chart Validation&quot;</td></tr></table><p class="totop"><a href="#summary">back to summary</a></p>
<h3 id="m57">com.Capium365.RunnerFiles.Capium365_Dashboard_Runner#runScenario</h3><table class="result"><tr class="param"><th>Parameter #1</th><th>Parameter #2</th></tr><tr class="param stripe"><td>&quot;Select a different theme color &quot;Sky Blue&quot;&quot;</td><td>&quot;Dashboard Chart Validation&quot;</td></tr></table><p class="totop"><a href="#summary">back to summary</a></p>
<h3 id="m58">com.Capium365.RunnerFiles.Capium365_Dashboard_Runner#runScenario</h3><table class="result"><tr class="param"><th>Parameter #1</th><th>Parameter #2</th></tr><tr class="param stripe"><td>&quot;Add a new bank under My Business settings&quot;</td><td>&quot;Dashboard Chart Validation&quot;</td></tr></table><p class="totop"><a href="#summary">back to summary</a></p>
<h3 id="m59">com.Capium365.RunnerFiles.Capium365_Receipts_CreditNotes_Runner#runScenario</h3><table class="result"><tr class="param"><th>Parameter #1</th><th>Parameter #2</th></tr><tr class="param stripe"><td>&quot;Validate Export to Excel&quot;</td><td>&quot;Capium365 Receipts under Credit Notes&quot;</td></tr></table><p class="totop"><a href="#summary">back to summary</a></p>
<h3 id="m60">com.Capium365.RunnerFiles.Capium365_Receipts_CreditNotes_Runner#runScenario</h3><table class="result"><tr class="param"><th>Parameter #1</th><th>Parameter #2</th></tr><tr class="param stripe"><td>&quot;Validate Confirm Delete button in CreditNote&quot;</td><td>&quot;Capium365 Receipts under Credit Notes&quot;</td></tr></table><p class="totop"><a href="#summary">back to summary</a></p>
<h3 id="m61">com.Capium365.RunnerFiles.Capium365_Receipts_CreditNotes_Runner#runScenario</h3><table class="result"><tr class="param"><th>Parameter #1</th><th>Parameter #2</th></tr><tr class="param stripe"><td>&quot;Validate File Icon In CreditNote Main Grid&quot;</td><td>&quot;Capium365 Receipts under Credit Notes&quot;</td></tr></table><p class="totop"><a href="#summary">back to summary</a></p>
<h3 id="m62">com.Capium365.RunnerFiles.Capium365_Receipts_CreditNotes_Runner#runScenario</h3><table class="result"><tr class="param"><th>Parameter #1</th><th>Parameter #2</th></tr><tr class="param stripe"><td>&quot;Validate GotoPage Purchase CreditNote Screen&quot;</td><td>&quot;Capium365 Receipts under Credit Notes&quot;</td></tr></table><p class="totop"><a href="#summary">back to summary</a></p>
<h3 id="m63">com.Capium365.RunnerFiles.Capium365_Receipts_CreditNotes_Runner#runScenario</h3><table class="result"><tr class="param"><th>Parameter #1</th><th>Parameter #2</th></tr><tr class="param stripe"><td>&quot;Validate History popup Closed button&quot;</td><td>&quot;Capium365 Receipts under Credit Notes&quot;</td></tr></table><p class="totop"><a href="#summary">back to summary</a></p>
<h3 id="m64">com.Capium365.RunnerFiles.Capium365_Receipts_CreditNotes_Runner#runScenario</h3><table class="result"><tr class="param"><th>Parameter #1</th><th>Parameter #2</th></tr><tr class="param stripe"><td>&quot;Validate Mousehover EditIcon&quot;</td><td>&quot;Capium365 Receipts under Credit Notes&quot;</td></tr></table><p class="totop"><a href="#summary">back to summary</a></p>
<h3 id="m65">com.Capium365.RunnerFiles.Capium365_Receipts_CreditNotes_Runner#runScenario</h3><table class="result"><tr class="param"><th>Parameter #1</th><th>Parameter #2</th></tr><tr class="param stripe"><td>&quot;Validate Confirm Restore button in CreditNote&quot;</td><td>&quot;Capium365 Receipts under Credit Notes&quot;</td></tr></table><p class="totop"><a href="#summary">back to summary</a></p>
<h3 id="m66">com.Capium365.RunnerFiles.Capium365_Receipts_CreditNotes_Runner#runScenario</h3><table class="result"><tr class="param"><th>Parameter #1</th><th>Parameter #2</th></tr><tr class="param stripe"><td>&quot;Validate SettingsIcon in Edit Purchase CreditNote Page&quot;</td><td>&quot;Capium365 Receipts under Credit Notes&quot;</td></tr></table><p class="totop"><a href="#summary">back to summary</a></p>
<h3 id="m67">com.Capium365.RunnerFiles.Capium365_Receipts_CreditNotes_Runner#runScenario</h3><table class="result"><tr class="param"><th>Parameter #1</th><th>Parameter #2</th></tr><tr class="param stripe"><td>&quot;Validate Confirm Delete button in CreditNote&quot;</td><td>&quot;Capium365 Receipts under Credit Notes&quot;</td></tr></table><p class="totop"><a href="#summary">back to summary</a></p>
<h3 id="m68">com.Capium365.RunnerFiles.Capium365_Receipts_CreditNotes_Runner#runScenario</h3><table class="result"><tr class="param"><th>Parameter #1</th><th>Parameter #2</th></tr><tr class="param stripe"><td>&quot;Validate NextButton Purchase CreditNote Menu&quot;</td><td>&quot;Capium365 Receipts under Credit Notes&quot;</td></tr></table><p class="totop"><a href="#summary">back to summary</a></p>
<h3 id="m69">com.Capium365.RunnerFiles.Capium365_Receipts_CreditNotes_Runner#runScenario</h3><table class="result"><tr class="param"><th>Parameter #1</th><th>Parameter #2</th></tr><tr class="param stripe"><td>&quot;Validating Export from Footer&quot;</td><td>&quot;Capium365 Receipts under Credit Notes&quot;</td></tr></table><p class="totop"><a href="#summary">back to summary</a></p>
<h3 id="m70">com.Capium365.RunnerFiles.Capium365_Receipts_CreditNotes_Runner#runScenario</h3><table class="result"><tr class="param"><th>Parameter #1</th><th>Parameter #2</th></tr><tr class="param stripe"><td>&quot;Validate Three dot in CreditNote MainGrid&quot;</td><td>&quot;Capium365 Receipts under Credit Notes&quot;</td></tr></table><p class="totop"><a href="#summary">back to summary</a></p>
<h3 id="m71">com.Capium365.RunnerFiles.Capium365_Receipts_CreditNotes_Runner#runScenario</h3><table class="result"><tr class="param"><th>Parameter #1</th><th>Parameter #2</th></tr><tr class="param stripe"><td>&quot;Validate plus Icon Edit Purchase CreditNote Page&quot;</td><td>&quot;Capium365 Receipts under Credit Notes&quot;</td></tr></table><p class="totop"><a href="#summary">back to summary</a></p>
<h3 id="m72">com.Capium365.RunnerFiles.Capium365_Receipts_CreditNotes_Runner#runScenario</h3><table class="result"><tr class="param"><th>Parameter #1</th><th>Parameter #2</th></tr><tr class="param stripe"><td>&quot;Validate VATRate Dropdown in Settings popup&quot;</td><td>&quot;Capium365 Receipts under Credit Notes&quot;</td></tr></table><p class="totop"><a href="#summary">back to summary</a></p>
<h3 id="m73">com.Capium365.RunnerFiles.Capium365_Receipts_CreditNotes_Runner#runScenario</h3><table class="result"><tr class="param"><th>Parameter #1</th><th>Parameter #2</th></tr><tr class="param stripe"><td>&quot;Validate Suplier Dropdown in Edit Purchase CreditNote Page&quot;</td><td>&quot;Capium365 Receipts under Credit Notes&quot;</td></tr></table><p class="totop"><a href="#summary">back to summary</a></p>
<h3 id="m74">com.Capium365.RunnerFiles.Capium365_Receipts_CreditNotes_Runner#runScenario</h3><table class="result"><tr class="param"><th>Parameter #1</th><th>Parameter #2</th></tr><tr class="param stripe"><td>&quot;Validate Three dot in CreditNote MainGrid History Button&quot;</td><td>&quot;Capium365 Receipts under Credit Notes&quot;</td></tr></table><p class="totop"><a href="#summary">back to summary</a></p>
<h3 id="m75">com.Capium365.RunnerFiles.Capium365_Receipts_CreditNotes_Runner#runScenario</h3><table class="result"><tr class="param"><th>Parameter #1</th><th>Parameter #2</th></tr><tr class="param stripe"><td>&quot;Validate EditSupplier button&quot;</td><td>&quot;Capium365 Receipts under Credit Notes&quot;</td></tr></table><p class="totop"><a href="#summary">back to summary</a></p>
<h3 id="m76">com.Capium365.RunnerFiles.Capium365_Receipts_CreditNotes_Runner#runScenario</h3><table class="result"><tr class="param"><th>Parameter #1</th><th>Parameter #2</th></tr><tr class="param stripe"><td>&quot;Verify All Status Dropdown&quot;</td><td>&quot;Capium365 Receipts under Credit Notes&quot;</td></tr></table><p class="totop"><a href="#summary">back to summary</a></p>
<h3 id="m77">com.Capium365.RunnerFiles.Capium365_Receipts_CreditNotes_Runner#runScenario</h3><table class="result"><tr class="param"><th>Parameter #1</th><th>Parameter #2</th></tr><tr class="param stripe"><td>&quot;Verify Date Dropdown&quot;</td><td>&quot;Capium365 Receipts under Credit Notes&quot;</td></tr></table><p class="totop"><a href="#summary">back to summary</a></p>
<h3 id="m78">com.Capium365.RunnerFiles.Capium365_Receipts_CreditNotes_Runner#runScenario</h3><table class="result"><tr class="param"><th>Parameter #1</th><th>Parameter #2</th></tr><tr class="param stripe"><td>&quot;Validate CreditNotes Main Grid&quot;</td><td>&quot;Capium365 Receipts under Credit Notes&quot;</td></tr></table><p class="totop"><a href="#summary">back to summary</a></p>
<h3 id="m79">com.Capium365.RunnerFiles.Capium365_Receipts_CreditNotes_Runner#runScenario</h3><table class="result"><tr class="param"><th>Parameter #1</th><th>Parameter #2</th></tr><tr class="param stripe"><td>&quot;Validate search bar&quot;</td><td>&quot;Capium365 Receipts under Credit Notes&quot;</td></tr></table><p class="totop"><a href="#summary">back to summary</a></p>
<h3 id="m80">com.Capium365.RunnerFiles.Capium365_Receipts_CreditNotes_Runner#runScenario</h3><table class="result"><tr class="param"><th>Parameter #1</th><th>Parameter #2</th></tr><tr class="param stripe"><td>&quot;Validate plus Icon Edit Purchase CreditNote Page&quot;</td><td>&quot;Capium365 Receipts under Credit Notes&quot;</td></tr></table><p class="totop"><a href="#summary">back to summary</a></p>
<h3 id="m81">com.Capium365.RunnerFiles.Capium365_Receipts_CreditNotes_Runner#runScenario</h3><table class="result"><tr class="param"><th>Parameter #1</th><th>Parameter #2</th></tr><tr class="param stripe"><td>&quot;Validate PreviousButton Purchase CreditNote Menu&quot;</td><td>&quot;Capium365 Receipts under Credit Notes&quot;</td></tr></table><p class="totop"><a href="#summary">back to summary</a></p>
<h3 id="m82">com.Capium365.RunnerFiles.Capium365_Receipts_CreditNotes_Runner#runScenario</h3><table class="result"><tr class="param"><th>Parameter #1</th><th>Parameter #2</th></tr><tr class="param stripe"><td>&quot;Valiate Edit CreditNote Page&quot;</td><td>&quot;Capium365 Receipts under Credit Notes&quot;</td></tr></table><p class="totop"><a href="#summary">back to summary</a></p>
<h3 id="m83">com.Capium365.RunnerFiles.Capium365_Receipts_CreditNotes_Runner#runScenario</h3><table class="result"><tr class="param"><th>Parameter #1</th><th>Parameter #2</th></tr><tr class="param stripe"><td>&quot;Validate Confirm Archive button in CreditNote&quot;</td><td>&quot;Capium365 Receipts under Credit Notes&quot;</td></tr></table><p class="totop"><a href="#summary">back to summary</a></p>
<h3 id="m84">com.Capium365.RunnerFiles.Capium365_Receipts_CreditNotes_Runner#runScenario</h3><table class="result"><tr class="param"><th>Parameter #1</th><th>Parameter #2</th></tr><tr class="param stripe"><td>&quot;Validate No of Suppliers in CreditNotes&quot;</td><td>&quot;Capium365 Receipts under Credit Notes&quot;</td></tr></table><p class="totop"><a href="#summary">back to summary</a></p>
<h3 id="m85">com.Capium365.RunnerFiles.Capium365_Receipts_PurchaseInvoice_Runner#runScenario</h3><table class="result"><tr class="param"><th>Parameter #1</th><th>Parameter #2</th></tr><tr class="param stripe"><td>&quot;Validate Supplier dropdown bulkEdit popup with save Button&quot;</td><td>&quot;Validating Purchase Invoice under Receipts tab&quot;</td></tr></table><p class="totop"><a href="#summary">back to summary</a></p>
<h3 id="m86">com.Capium365.RunnerFiles.Capium365_Receipts_PurchaseInvoice_Runner#runScenario</h3><table class="result"><tr class="param"><th>Parameter #1</th><th>Parameter #2</th></tr><tr class="param stripe"><td>&quot;Validate MousehoverEditIcon&quot;</td><td>&quot;Validating Purchase Invoice under Receipts tab&quot;</td></tr></table><p class="totop"><a href="#summary">back to summary</a></p>
<h3 id="m87">com.Capium365.RunnerFiles.Capium365_Receipts_PurchaseInvoice_Runner#runScenario</h3><table class="result"><tr class="param"><th>Parameter #1</th><th>Parameter #2</th></tr><tr class="param stripe"><td>&quot;Validate Archive button in Footer&quot;</td><td>&quot;Validating Purchase Invoice under Receipts tab&quot;</td></tr></table><p class="totop"><a href="#summary">back to summary</a></p>
<h3 id="m88">com.Capium365.RunnerFiles.Capium365_Receipts_PurchaseInvoice_Runner#runScenario</h3><table class="result"><tr class="param"><th>Parameter #1</th><th>Parameter #2</th></tr><tr class="param stripe"><td>&quot;Validate CofirmaArchiveButton with yes button&quot;</td><td>&quot;Validating Purchase Invoice under Receipts tab&quot;</td></tr></table><p class="totop"><a href="#summary">back to summary</a></p>
<h3 id="m89">com.Capium365.RunnerFiles.Capium365_Receipts_PurchaseInvoice_Runner#runScenario</h3><table class="result"><tr class="param"><th>Parameter #1</th><th>Parameter #2</th></tr><tr class="param stripe"><td>&quot;Validate CrossButton in Bulk Edit popup&quot;</td><td>&quot;Validating Purchase Invoice under Receipts tab&quot;</td></tr></table><p class="totop"><a href="#summary">back to summary</a></p>
<h3 id="m90">com.Capium365.RunnerFiles.Capium365_Receipts_PurchaseInvoice_Runner#runScenario</h3><table class="result"><tr class="param"><th>Parameter #1</th><th>Parameter #2</th></tr><tr class="param stripe"><td>&quot;Validate Footer Cancel button&quot;</td><td>&quot;Validating Purchase Invoice under Receipts tab&quot;</td></tr></table><p class="totop"><a href="#summary">back to summary</a></p>
<h3 id="m91">com.Capium365.RunnerFiles.Capium365_Receipts_PurchaseInvoice_Runner#runScenario</h3><table class="result"><tr class="param"><th>Parameter #1</th><th>Parameter #2</th></tr><tr class="param stripe"><td>&quot;Validate Export to Excel Functionlity&quot;</td><td>&quot;Validating Purchase Invoice under Receipts tab&quot;</td></tr></table><p class="totop"><a href="#summary">back to summary</a></p>
<h3 id="m92">com.Capium365.RunnerFiles.Capium365_Receipts_PurchaseInvoice_Runner#runScenario</h3><table class="result"><tr class="param"><th>Parameter #1</th><th>Parameter #2</th></tr><tr class="param stripe"><td>&quot;Validate search bar&quot;</td><td>&quot;Validating Purchase Invoice under Receipts tab&quot;</td></tr></table><p class="totop"><a href="#summary">back to summary</a></p>
<h3 id="m93">com.Capium365.RunnerFiles.Capium365_Receipts_PurchaseInvoice_Runner#runScenario</h3><table class="result"><tr class="param"><th>Parameter #1</th><th>Parameter #2</th></tr><tr class="param stripe"><td>&quot;Validate Confirm Delete No button in Popup&quot;</td><td>&quot;Validating Purchase Invoice under Receipts tab&quot;</td></tr></table><p class="totop"><a href="#summary">back to summary</a></p>
<h3 id="m94">com.Capium365.RunnerFiles.Capium365_Receipts_PurchaseInvoice_Runner#runScenario</h3><table class="result"><tr class="param"><th>Parameter #1</th><th>Parameter #2</th></tr><tr class="param stripe"><td>&quot;Validate Mousehover Three dot in purchaseInvoice&quot;</td><td>&quot;Validating Purchase Invoice under Receipts tab&quot;</td></tr></table><p class="totop"><a href="#summary">back to summary</a></p>
<h3 id="m95">com.Capium365.RunnerFiles.Capium365_Receipts_PurchaseInvoice_Runner#runScenario</h3><table class="result"><tr class="param"><th>Parameter #1</th><th>Parameter #2</th></tr><tr class="param stripe"><td>&quot;Valdiate Footer Options&quot;</td><td>&quot;Validating Purchase Invoice under Receipts tab&quot;</td></tr></table><p class="totop"><a href="#summary">back to summary</a></p>
<h3 id="m96">com.Capium365.RunnerFiles.Capium365_Receipts_PurchaseInvoice_Runner#runScenario</h3><table class="result"><tr class="param"><th>Parameter #1</th><th>Parameter #2</th></tr><tr class="param stripe"><td>&quot;Validate File Icon Donwload Logo&quot;</td><td>&quot;Validating Purchase Invoice under Receipts tab&quot;</td></tr></table><p class="totop"><a href="#summary">back to summary</a></p>
<h3 id="m97">com.Capium365.RunnerFiles.Capium365_Receipts_PurchaseInvoice_Runner#runScenario</h3><table class="result"><tr class="param"><th>Parameter #1</th><th>Parameter #2</th></tr><tr class="param stripe"><td>&quot;Validate Confirm Delete button in Purchase Invoice&quot;</td><td>&quot;Validating Purchase Invoice under Receipts tab&quot;</td></tr></table><p class="totop"><a href="#summary">back to summary</a></p>
<h3 id="m98">com.Capium365.RunnerFiles.Capium365_Receipts_PurchaseInvoice_Runner#runScenario</h3><table class="result"><tr class="param"><th>Parameter #1</th><th>Parameter #2</th></tr><tr class="param stripe"><td>&quot;Validate File Icon&quot;</td><td>&quot;Validating Purchase Invoice under Receipts tab&quot;</td></tr></table><p class="totop"><a href="#summary">back to summary</a></p>
<h3 id="m99">com.Capium365.RunnerFiles.Capium365_Receipts_PurchaseInvoice_Runner#runScenario</h3><table class="result"><tr class="param"><th>Parameter #1</th><th>Parameter #2</th></tr><tr class="param stripe"><td>&quot;Validate VAT Rate Dropdown bulkEdit popup with Save button&quot;</td><td>&quot;Validating Purchase Invoice under Receipts tab&quot;</td></tr></table><p class="totop"><a href="#summary">back to summary</a></p>
<h3 id="m100">com.Capium365.RunnerFiles.Capium365_Receipts_PurchaseInvoice_Runner#runScenario</h3><table class="result"><tr class="param"><th>Parameter #1</th><th>Parameter #2</th></tr><tr class="param stripe"><td>&quot;Validate Currency dropdown EditPurchaseInvoice Page using save button&quot;</td><td>&quot;Validating Purchase Invoice under Receipts tab&quot;</td></tr></table><p class="totop"><a href="#summary">back to summary</a></p>
<h3 id="m101">com.Capium365.RunnerFiles.Capium365_Receipts_PurchaseInvoice_Runner#runScenario</h3><table class="result"><tr class="param"><th>Parameter #1</th><th>Parameter #2</th></tr><tr class="param stripe"><td>&quot;Validate Edit Supplier button in Edit Purchase Invoice Page&quot;</td><td>&quot;Validating Purchase Invoice under Receipts tab&quot;</td></tr></table><p class="totop"><a href="#summary">back to summary</a></p>
<h3 id="m102">com.Capium365.RunnerFiles.Capium365_Receipts_PurchaseInvoice_Runner#runScenario</h3><table class="result"><tr class="param"><th>Parameter #1</th><th>Parameter #2</th></tr><tr class="param stripe"><td>&quot;Validate HisroryTab Close button in Edit supplier Page&quot;</td><td>&quot;Validating Purchase Invoice under Receipts tab&quot;</td></tr></table><p class="totop"><a href="#summary">back to summary</a></p>
<h3 id="m103">com.Capium365.RunnerFiles.Capium365_Receipts_PurchaseInvoice_Runner#runScenario</h3><table class="result"><tr class="param"><th>Parameter #1</th><th>Parameter #2</th></tr><tr class="param stripe"><td>&quot;Validate Confirm Delete Popup&quot;</td><td>&quot;Validating Purchase Invoice under Receipts tab&quot;</td></tr></table><p class="totop"><a href="#summary">back to summary</a></p>
<h3 id="m104">com.Capium365.RunnerFiles.Capium365_Receipts_PurchaseInvoice_Runner#runScenario</h3><table class="result"><tr class="param"><th>Parameter #1</th><th>Parameter #2</th></tr><tr class="param stripe"><td>&quot;Validate Restore button in Footer&quot;</td><td>&quot;Validating Purchase Invoice under Receipts tab&quot;</td></tr></table><p class="totop"><a href="#summary">back to summary</a></p>
<h3 id="m105">com.Capium365.RunnerFiles.Capium365_Receipts_PurchaseInvoice_Runner#runScenario</h3><table class="result"><tr class="param"><th>Parameter #1</th><th>Parameter #2</th></tr><tr class="param stripe"><td>&quot;Validate Add Suplier EditPurchaseInvoicePage cancel changes&quot;</td><td>&quot;Validating Purchase Invoice under Receipts tab&quot;</td></tr></table><p class="totop"><a href="#summary">back to summary</a></p>
<h3 id="m106">com.Capium365.RunnerFiles.Capium365_Receipts_PurchaseInvoice_Runner#runScenario</h3><table class="result"><tr class="param"><th>Parameter #1</th><th>Parameter #2</th></tr><tr class="param stripe"><td>&quot;Validate Back to Purchase Invoices link Edit Supplier Page&quot;</td><td>&quot;Validating Purchase Invoice under Receipts tab&quot;</td></tr></table><p class="totop"><a href="#summary">back to summary</a></p>
<h3 id="m107">com.Capium365.RunnerFiles.Capium365_Receipts_PurchaseInvoice_Runner#runScenario</h3><table class="result"><tr class="param"><th>Parameter #1</th><th>Parameter #2</th></tr><tr class="param stripe"><td>&quot;Valdiate Edit Purchase Invoice Page Through ID&quot;</td><td>&quot;Validating Purchase Invoice under Receipts tab&quot;</td></tr></table><p class="totop"><a href="#summary">back to summary</a></p>
<h3 id="m108">com.Capium365.RunnerFiles.Capium365_Receipts_PurchaseInvoice_Runner#runScenario</h3><table class="result"><tr class="param"><th>Parameter #1</th><th>Parameter #2</th></tr><tr class="param stripe"><td>&quot;Validate Confirm Archive button in PurchaseInvoice&quot;</td><td>&quot;Validating Purchase Invoice under Receipts tab&quot;</td></tr></table><p class="totop"><a href="#summary">back to summary</a></p>
<h3 id="m109">com.Capium365.RunnerFiles.Capium365_Receipts_PurchaseInvoice_Runner#runScenario</h3><table class="result"><tr class="param"><th>Parameter #1</th><th>Parameter #2</th></tr><tr class="param stripe"><td>&quot;Validate Statusdropdown and Verify Column&quot;</td><td>&quot;Validating Purchase Invoice under Receipts tab&quot;</td></tr></table><p class="totop"><a href="#summary">back to summary</a></p>
<h3 id="m110">com.Capium365.RunnerFiles.Capium365_Receipts_PurchaseInvoice_Runner#runScenario</h3><table class="result"><tr class="param"><th>Parameter #1</th><th>Parameter #2</th></tr><tr class="param stripe"><td>&quot;Validate Close Supplier button in Edit Purchase Invoice Page&quot;</td><td>&quot;Validating Purchase Invoice under Receipts tab&quot;</td></tr></table><p class="totop"><a href="#summary">back to summary</a></p>
<h3 id="m111">com.Capium365.RunnerFiles.Capium365_Receipts_PurchaseInvoice_Runner#runScenario</h3><table class="result"><tr class="param"><th>Parameter #1</th><th>Parameter #2</th></tr><tr class="param stripe"><td>&quot;Valdiate Discount type Edit Purchase Invoice Page&quot;</td><td>&quot;Validating Purchase Invoice under Receipts tab&quot;</td></tr></table><p class="totop"><a href="#summary">back to summary</a></p>
<h3 id="m112">com.Capium365.RunnerFiles.Capium365_Receipts_PurchaseInvoice_Runner#runScenario</h3><table class="result"><tr class="param"><th>Parameter #1</th><th>Parameter #2</th></tr><tr class="param stripe"><td>&quot;Validate Add Suplier EditPurchaseInvoicePage&quot;</td><td>&quot;Validating Purchase Invoice under Receipts tab&quot;</td></tr></table><p class="totop"><a href="#summary">back to summary</a></p>
<h3 id="m113">com.Capium365.RunnerFiles.Capium365_Receipts_PurchaseInvoice_Runner#runScenario</h3><table class="result"><tr class="param"><th>Parameter #1</th><th>Parameter #2</th></tr><tr class="param stripe"><td>&quot;Validate File without Change any data and Save&quot;</td><td>&quot;Validating Purchase Invoice under Receipts tab&quot;</td></tr></table><p class="totop"><a href="#summary">back to summary</a></p>
<h3 id="m114">com.Capium365.RunnerFiles.Capium365_Receipts_PurchaseInvoice_Runner#runScenario</h3><table class="result"><tr class="param"><th>Parameter #1</th><th>Parameter #2</th></tr><tr class="param stripe"><td>&quot;Validate Cross button in Add new Supplier in Edit Purchase Invoice Screen&quot;</td><td>&quot;Validating Purchase Invoice under Receipts tab&quot;</td></tr></table><p class="totop"><a href="#summary">back to summary</a></p>
<h3 id="m115">com.Capium365.RunnerFiles.Capium365_Receipts_PurchaseInvoice_Runner#runScenario</h3><table class="result"><tr class="param"><th>Parameter #1</th><th>Parameter #2</th></tr><tr class="param stripe"><td>&quot;Validate NoofSuppliers&quot;</td><td>&quot;Validating Purchase Invoice under Receipts tab&quot;</td></tr></table><p class="totop"><a href="#summary">back to summary</a></p>
<h3 id="m116">com.Capium365.RunnerFiles.Capium365_Receipts_PurchaseInvoice_Runner#runScenario</h3><table class="result"><tr class="param"><th>Parameter #1</th><th>Parameter #2</th></tr><tr class="param stripe"><td>&quot;Validate Footer Delete button&quot;</td><td>&quot;Validating Purchase Invoice under Receipts tab&quot;</td></tr></table><p class="totop"><a href="#summary">back to summary</a></p>
<h3 id="m117">com.Capium365.RunnerFiles.Capium365_Receipts_PurchaseInvoice_Runner#runScenario</h3><table class="result"><tr class="param"><th>Parameter #1</th><th>Parameter #2</th></tr><tr class="param stripe"><td>&quot;Validate settings icon in Edit purchase Invoices page&quot;</td><td>&quot;Validating Purchase Invoice under Receipts tab&quot;</td></tr></table><p class="totop"><a href="#summary">back to summary</a></p>
<h3 id="m118">com.Capium365.RunnerFiles.Capium365_Receipts_PurchaseInvoice_Runner#runScenario</h3><table class="result"><tr class="param"><th>Parameter #1</th><th>Parameter #2</th></tr><tr class="param stripe"><td>&quot;Validate Date Dropdown&quot;</td><td>&quot;Validating Purchase Invoice under Receipts tab&quot;</td></tr></table><p class="totop"><a href="#summary">back to summary</a></p>
<h3 id="m119">com.Capium365.RunnerFiles.Capium365_Receipts_PurchaseInvoice_Runner#runScenario</h3><table class="result"><tr class="param"><th>Parameter #1</th><th>Parameter #2</th></tr><tr class="param stripe"><td>&quot;Validate Footer Excel button&quot;</td><td>&quot;Validating Purchase Invoice under Receipts tab&quot;</td></tr></table><p class="totop"><a href="#summary">back to summary</a></p>
<h3 id="m120">com.Capium365.RunnerFiles.Capium365_Receipts_PurchaseInvoice_Runner#runScenario</h3><table class="result"><tr class="param"><th>Parameter #1</th><th>Parameter #2</th></tr><tr class="param stripe"><td>&quot;Validate Add AnotherItem without product and Sercice Name in Edit Purchase Invoices&quot;</td><td>&quot;Validating Purchase Invoice under Receipts tab&quot;</td></tr></table><p class="totop"><a href="#summary">back to summary</a></p>
<h3 id="m121">com.Capium365.RunnerFiles.Capium365_Receipts_PurchaseInvoice_Runner#runScenario</h3><table class="result"><tr class="param"><th>Parameter #1</th><th>Parameter #2</th></tr><tr class="param stripe"><td>&quot;Validate NextButton Purchase Invoice Menu&quot;</td><td>&quot;Validating Purchase Invoice under Receipts tab&quot;</td></tr></table><p class="totop"><a href="#summary">back to summary</a></p>
<h3 id="m122">com.Capium365.RunnerFiles.Capium365_Receipts_PurchaseInvoice_Runner#runScenario</h3><table class="result"><tr class="param"><th>Parameter #1</th><th>Parameter #2</th></tr><tr class="param stripe"><td>&quot;Validate Back to Purchase Invoice Link&quot;</td><td>&quot;Validating Purchase Invoice under Receipts tab&quot;</td></tr></table><p class="totop"><a href="#summary">back to summary</a></p>
<h3 id="m123">com.Capium365.RunnerFiles.Capium365_Receipts_PurchaseInvoice_Runner#runScenario</h3><table class="result"><tr class="param"><th>Parameter #1</th><th>Parameter #2</th></tr><tr class="param stripe"><td>&quot;Validate Restore button in Footer with Yes button&quot;</td><td>&quot;Validating Purchase Invoice under Receipts tab&quot;</td></tr></table><p class="totop"><a href="#summary">back to summary</a></p>
<h3 id="m124">com.Capium365.RunnerFiles.Capium365_Receipts_PurchaseInvoice_Runner#runScenario</h3><table class="result"><tr class="param"><th>Parameter #1</th><th>Parameter #2</th></tr><tr class="param stripe"><td>&quot;Validate History button in Edit Supplier Page&quot;</td><td>&quot;Validating Purchase Invoice under Receipts tab&quot;</td></tr></table><p class="totop"><a href="#summary">back to summary</a></p>
<h3 id="m125">com.Capium365.RunnerFiles.Capium365_Receipts_PurchaseInvoice_Runner#runScenario</h3><table class="result"><tr class="param"><th>Parameter #1</th><th>Parameter #2</th></tr><tr class="param stripe"><td>&quot;Validate BukEdit in Footer Options&quot;</td><td>&quot;Validating Purchase Invoice under Receipts tab&quot;</td></tr></table><p class="totop"><a href="#summary">back to summary</a></p>
<h3 id="m126">com.Capium365.RunnerFiles.Capium365_Receipts_Receipts_Runner#runScenario</h3><table class="result"><tr class="param"><th>Parameter #1</th><th>Parameter #2</th></tr><tr class="param stripe"><td>&quot;Validate Export functionality in Receipts Tab&quot;</td><td>&quot;Receipts&quot;</td></tr></table><p class="totop"><a href="#summary">back to summary</a></p>
<h3 id="m127">com.Capium365.RunnerFiles.Capium365_Receipts_Receipts_Runner#runScenario</h3><table class="result"><tr class="param"><th>Parameter #1</th><th>Parameter #2</th></tr><tr class="param stripe"><td>&quot;User clicks on three dots for a receipt and selects history option&quot;</td><td>&quot;Receipts&quot;</td></tr></table><p class="totop"><a href="#summary">back to summary</a></p>
<h3 id="m128">com.Capium365.RunnerFiles.Capium365_Receipts_Receipts_Runner#runScenario</h3><table class="result"><tr class="param"><th>Parameter #1</th><th>Parameter #2</th></tr><tr class="param stripe"><td>&quot;User clicks the Delete button for a receipt&quot;</td><td>&quot;Receipts&quot;</td></tr></table><p class="totop"><a href="#summary">back to summary</a></p>
<h3 id="m129">com.Capium365.RunnerFiles.Capium365_Receipts_Receipts_Runner#runScenario</h3><table class="result"><tr class="param"><th>Parameter #1</th><th>Parameter #2</th></tr><tr class="param stripe"><td>&quot;Edit selected invoice using Bulk Edit&quot;</td><td>&quot;Receipts&quot;</td></tr></table><p class="totop"><a href="#summary">back to summary</a></p>
<h3 id="m130">com.Capium365.RunnerFiles.Capium365_Receipts_Receipts_Runner#runScenario</h3><table class="result"><tr class="param"><th>Parameter #1</th><th>Parameter #2</th></tr><tr class="param stripe"><td>&quot;Verify Receipts Tab data displays correct data for selected &quot;&lt;Time Filter&gt;&quot;&quot;</td><td>&quot;Receipts&quot;</td></tr></table><p class="totop"><a href="#summary">back to summary</a></p>
<h3 id="m131">com.Capium365.RunnerFiles.Capium365_Receipts_Receipts_Runner#runScenario</h3><table class="result"><tr class="param"><th>Parameter #1</th><th>Parameter #2</th></tr><tr class="param stripe"><td>&quot;Action buttons appear on row hover&quot;</td><td>&quot;Receipts&quot;</td></tr></table><p class="totop"><a href="#summary">back to summary</a></p>
<h3 id="m132">com.Capium365.RunnerFiles.Capium365_Receipts_Receipts_Runner#runScenario</h3><table class="result"><tr class="param"><th>Parameter #1</th><th>Parameter #2</th></tr><tr class="param stripe"><td>&quot;Delete selected invoice using Delete action&quot;</td><td>&quot;Receipts&quot;</td></tr></table><p class="totop"><a href="#summary">back to summary</a></p>
<h3 id="m133">com.Capium365.RunnerFiles.Capium365_Receipts_Receipts_Runner#runScenario</h3><table class="result"><tr class="param"><th>Parameter #1</th><th>Parameter #2</th></tr><tr class="param stripe"><td>&quot;Restore an archived invoice&quot;</td><td>&quot;Receipts&quot;</td></tr></table><p class="totop"><a href="#summary">back to summary</a></p>
<h3 id="m134">com.Capium365.RunnerFiles.Capium365_Receipts_Receipts_Runner#runScenario</h3><table class="result"><tr class="param"><th>Parameter #1</th><th>Parameter #2</th></tr><tr class="param stripe"><td>&quot;Archive selected invoice&quot;</td><td>&quot;Receipts&quot;</td></tr></table><p class="totop"><a href="#summary">back to summary</a></p>
<h3 id="m135">com.Capium365.RunnerFiles.Capium365_Receipts_Receipts_Runner#runScenario</h3><table class="result"><tr class="param"><th>Parameter #1</th><th>Parameter #2</th></tr><tr class="param stripe"><td>&quot;User clicks the Edit button for a receipt&quot;</td><td>&quot;Receipts&quot;</td></tr></table><p class="totop"><a href="#summary">back to summary</a></p>
<h3 id="m136">com.Capium365.RunnerFiles.Capium365_Receipts_Receipts_Runner#runScenario</h3><table class="result"><tr class="param"><th>Parameter #1</th><th>Parameter #2</th></tr><tr class="param stripe"><td>&quot;User clicks the View button for a receipt&quot;</td><td>&quot;Receipts&quot;</td></tr></table><p class="totop"><a href="#summary">back to summary</a></p>
<h3 id="m137">com.Capium365.RunnerFiles.Capium365_Receipts_Receipts_Runner#runScenario</h3><table class="result"><tr class="param"><th>Parameter #1</th><th>Parameter #2</th></tr><tr class="param stripe"><td>&quot;Action panel should appear on selecting a row checkbox&quot;</td><td>&quot;Receipts&quot;</td></tr></table><p class="totop"><a href="#summary">back to summary</a></p>
<h3 id="m138">com.Capium365.RunnerFiles.Capium365_Receipts_Receipts_Runner#runScenario</h3><table class="result"><tr class="param"><th>Parameter #1</th><th>Parameter #2</th></tr><tr class="param stripe"><td>&quot;Verify All Status dropdown under receipts&quot;</td><td>&quot;Receipts&quot;</td></tr></table><p class="totop"><a href="#summary">back to summary</a></p>
<h3 id="m139">com.Capium365.RunnerFiles.Capium365_Receipts_Receipts_Runner#runScenario</h3><table class="result"><tr class="param"><th>Parameter #1</th><th>Parameter #2</th></tr><tr class="param stripe"><td>&quot;Receipts under receipts&quot;</td><td>&quot;Receipts&quot;</td></tr></table><p class="totop"><a href="#summary">back to summary</a></p>
<h3 id="m140">com.Capium365.RunnerFiles.Capium365_Receipts_Receipts_Runner#runScenario</h3><table class="result"><tr class="param"><th>Parameter #1</th><th>Parameter #2</th></tr><tr class="param stripe"><td>&quot;Export selected invoice data to &quot;&lt;Format&gt;&quot;&quot;</td><td>&quot;Receipts&quot;</td></tr></table><p class="totop"><a href="#summary">back to summary</a></p>
<h3 id="m141">com.Capium365.RunnerFiles.Capium365_Receipts_Receipts_Runner#runScenario</h3><table class="result"><tr class="param"><th>Parameter #1</th><th>Parameter #2</th></tr><tr class="param stripe"><td>&quot;User clicks on three dots for a receipt and selects Preview option&quot;</td><td>&quot;Receipts&quot;</td></tr></table><p class="totop"><a href="#summary">back to summary</a></p>
<h3 id="m142">com.Capium365.RunnerFiles.Capium365_Receipts_Receipts_Runner#runScenario</h3><table class="result"><tr class="param"><th>Parameter #1</th><th>Parameter #2</th></tr><tr class="param stripe"><td>&quot;Validate invoices filtered by &quot;&lt;Status&gt;&quot; match the displayed count&quot;</td><td>&quot;Receipts&quot;</td></tr></table><p class="totop"><a href="#summary">back to summary</a></p>
<h3 id="m143">com.Capium365.RunnerFiles.Capium365_Receipts_Suppliers_Runner#runScenario</h3><table class="result"><tr class="param"><th>Parameter #1</th><th>Parameter #2</th></tr><tr class="param stripe"><td>&quot;Validate PaymentAccountDropdown In Add New Supplier Page&quot;</td><td>&quot;Verify Suppliers in Receipts tab&quot;</td></tr></table><p class="totop"><a href="#summary">back to summary</a></p>
<h3 id="m144">com.Capium365.RunnerFiles.Capium365_Users_Runner#runScenario</h3><table class="result"><tr class="param"><th>Parameter #1</th><th>Parameter #2</th></tr><tr class="param stripe"><td>&quot;Validate Export to excel&quot;</td><td>&quot;Validate users tab&quot;</td></tr></table><p class="totop"><a href="#summary">back to summary</a></p>
<h3 id="m145">com.Capium365.RunnerFiles.Capium365_Users_Runner#runScenario</h3><table class="result"><tr class="param"><th>Parameter #1</th><th>Parameter #2</th></tr><tr class="param stripe"><td>&quot;Validate status dropdown&quot;</td><td>&quot;Validate users tab&quot;</td></tr></table><p class="totop"><a href="#summary">back to summary</a></p>
<h3 id="m146">com.Capium365.RunnerFiles.Capium365_Users_Runner#runScenario</h3><table class="result"><tr class="param"><th>Parameter #1</th><th>Parameter #2</th></tr><tr class="param stripe"><td>&quot;Validate add user button with unmandatory fields&quot;</td><td>&quot;Validate users tab&quot;</td></tr></table><p class="totop"><a href="#summary">back to summary</a></p>
<h3 id="m147">com.Capium365.RunnerFiles.Capium365_Users_Runner#runScenario</h3><table class="result"><tr class="param"><th>Parameter #1</th><th>Parameter #2</th></tr><tr class="param stripe"><td>&quot;Validate edit icon in the row&quot;</td><td>&quot;Validate users tab&quot;</td></tr></table><p class="totop"><a href="#summary">back to summary</a></p>
<h3 id="m148">com.Capium365.RunnerFiles.Capium365_Users_Runner#runScenario</h3><table class="result"><tr class="param"><th>Parameter #1</th><th>Parameter #2</th></tr><tr class="param stripe"><td>&quot;Validate add user button with mandatory fields&quot;</td><td>&quot;Validate users tab&quot;</td></tr></table><p class="totop"><a href="#summary">back to summary</a></p>
<h3 id="m149">com.Capium365.RunnerFiles.Capium365_Users_Runner#runScenario</h3><table class="result"><tr class="param"><th>Parameter #1</th><th>Parameter #2</th></tr><tr class="param stripe"><td>&quot;Validate the edit user page&quot;</td><td>&quot;Validate users tab&quot;</td></tr></table><p class="totop"><a href="#summary">back to summary</a></p>
<h3 id="m150">com.Capium365.RunnerFiles.Capium365_Users_Runner#runScenario</h3><table class="result"><tr class="param"><th>Parameter #1</th><th>Parameter #2</th></tr><tr class="param stripe"><td>&quot;Validate the excel export by clicking the check box&quot;</td><td>&quot;Validate users tab&quot;</td></tr></table><p class="totop"><a href="#summary">back to summary</a></p>
<h3 id="m151">com.Capium365.RunnerFiles.Capium365_Users_Runner#runScenario</h3><table class="result"><tr class="param"><th>Parameter #1</th><th>Parameter #2</th></tr><tr class="param stripe"><td>&quot;Validate search bar&quot;</td><td>&quot;Validate users tab&quot;</td></tr></table><p class="totop"><a href="#summary">back to summary</a></p>
<h3 id="m152">com.Capium365.RunnerFiles.Capium365_Users_Runner#runScenario</h3><table class="result"><tr class="param"><th>Parameter #1</th><th>Parameter #2</th></tr><tr class="param stripe"><td>&quot;Validate Ckeck box&quot;</td><td>&quot;Validate users tab&quot;</td></tr></table><p class="totop"><a href="#summary">back to summary</a></p>
<h3 id="m153">com.Capium365.RunnerFiles.Capium365_Users_Runner#runScenario</h3><table class="result"><tr class="param"><th>Parameter #1</th><th>Parameter #2</th></tr><tr class="param stripe"><td>&quot;Validate users tab&quot;</td><td>&quot;Validate users tab&quot;</td></tr></table><p class="totop"><a href="#summary">back to summary</a></p>
</body>
</html>
