<?xml version="1.0" encoding="UTF-8"?>
<!-- Generated by org.testng.reporters.JUnitReportReporter -->
<testsuite hostname="DESKTOP-3PKNHUN" failures="0" tests="30" name="com.Capium365.RunnerFiles.Capium365_InvoicesTab_Invoices_Runner" time="1713.520" errors="1" timestamp="2025-08-17T23:52:25 IST" skipped="0">
  <testcase classname="com.Capium365.RunnerFiles.Capium365_InvoicesTab_Invoices_Runner" name="runScenario" time="64.917"/>
  <testcase classname="com.Capium365.RunnerFiles.Capium365_InvoicesTab_Invoices_Runner" name="runScenario" time="41.397"/>
  <testcase classname="com.Capium365.RunnerFiles.Capium365_InvoicesTab_Invoices_Runner" name="runScenario" time="80.157"/>
  <testcase classname="com.Capium365.RunnerFiles.Capium365_InvoicesTab_Invoices_Runner" name="runScenario" time="61.831"/>
  <testcase classname="com.Capium365.RunnerFiles.Capium365_InvoicesTab_Invoices_Runner" name="runScenario" time="42.873"/>
  <testcase classname="com.Capium365.RunnerFiles.Capium365_InvoicesTab_Invoices_Runner" name="runScenario" time="51.920"/>
  <testcase classname="com.Capium365.RunnerFiles.Capium365_InvoicesTab_Invoices_Runner" name="runScenario" time="42.867"/>
  <testcase classname="com.Capium365.RunnerFiles.Capium365_InvoicesTab_Invoices_Runner" name="runScenario" time="46.557"/>
  <testcase classname="com.Capium365.RunnerFiles.Capium365_InvoicesTab_Invoices_Runner" name="runScenario" time="64.039"/>
  <testcase classname="com.Capium365.RunnerFiles.Capium365_InvoicesTab_Invoices_Runner" name="runScenario" time="53.744"/>
  <testcase classname="com.Capium365.RunnerFiles.Capium365_InvoicesTab_Invoices_Runner" name="runScenario" time="55.772"/>
  <testcase classname="com.Capium365.RunnerFiles.Capium365_InvoicesTab_Invoices_Runner" name="runScenario" time="45.666"/>
  <testcase classname="com.Capium365.RunnerFiles.Capium365_InvoicesTab_Invoices_Runner" name="runScenario" time="55.573"/>
  <testcase classname="com.Capium365.RunnerFiles.Capium365_InvoicesTab_Invoices_Runner" name="runScenario" time="51.181"/>
  <testcase classname="com.Capium365.RunnerFiles.Capium365_InvoicesTab_Invoices_Runner" name="runScenario" time="50.767"/>
  <testcase classname="com.Capium365.RunnerFiles.Capium365_InvoicesTab_Invoices_Runner" name="runScenario" time="52.344"/>
  <testcase classname="com.Capium365.RunnerFiles.Capium365_InvoicesTab_Invoices_Runner" name="runScenario" time="58.018"/>
  <testcase classname="com.Capium365.RunnerFiles.Capium365_InvoicesTab_Invoices_Runner" name="runScenario" time="59.758"/>
  <testcase classname="com.Capium365.RunnerFiles.Capium365_InvoicesTab_Invoices_Runner" name="runScenario" time="48.855"/>
  <testcase classname="com.Capium365.RunnerFiles.Capium365_InvoicesTab_Invoices_Runner" name="runScenario" time="59.621"/>
  <testcase classname="com.Capium365.RunnerFiles.Capium365_InvoicesTab_Invoices_Runner" name="runScenario" time="49.931"/>
  <testcase classname="com.Capium365.RunnerFiles.Capium365_InvoicesTab_Invoices_Runner" name="runScenario" time="56.531"/>
  <testcase classname="com.Capium365.RunnerFiles.Capium365_InvoicesTab_Invoices_Runner" name="runScenario" time="52.316"/>
  <testcase classname="com.Capium365.RunnerFiles.Capium365_InvoicesTab_Invoices_Runner" name="runScenario" time="76.163"/>
  <testcase classname="com.Capium365.RunnerFiles.Capium365_InvoicesTab_Invoices_Runner" name="runScenario" time="74.136"/>
  <testcase classname="com.Capium365.RunnerFiles.Capium365_InvoicesTab_Invoices_Runner" name="runScenario" time="72.720"/>
  <testcase classname="com.Capium365.RunnerFiles.Capium365_InvoicesTab_Invoices_Runner" name="runScenario" time="48.226">
    <error message="The step &#039;Fill the mandatory details and click add row and save&#039; is undefined.
You can implement this step using the snippet(s) below:

@Then(&quot;Fill the mandatory details and click add row and save&quot;)
public void fill_the_mandatory_details_and_click_add_row_and_save() {
    // Write code here that turns the phrase above into concrete actions
    throw new io.cucumber.java.PendingException();
}
" type="io.cucumber.testng.UndefinedStepException">
      <![CDATA[io.cucumber.testng.UndefinedStepException: The step 'Fill the mandatory details and click add row and save' is undefined.
You can implement this step using the snippet(s) below:

@Then("Fill the mandatory details and click add row and save")
public void fill_the_mandatory_details_and_click_add_row_and_save() {
    // Write code here that turns the phrase above into concrete actions
    throw new io.cucumber.java.PendingException();
}

at io.cucumber.core.runtime.TestCaseResultObserver.assertTestCasePassed(TestCaseResultObserver.java:69)
at io.cucumber.testng.TestCaseResultObserver.assertTestCasePassed(TestCaseResultObserver.java:23)
at io.cucumber.testng.TestNGCucumberRunner.lambda$runScenario$1(TestNGCucumberRunner.java:133)
at io.cucumber.core.runtime.CucumberExecutionContext.lambda$runTestCase$5(CucumberExecutionContext.java:136)
at io.cucumber.core.runtime.RethrowingThrowableCollector.executeAndThrow(RethrowingThrowableCollector.java:23)
at io.cucumber.core.runtime.CucumberExecutionContext.runTestCase(CucumberExecutionContext.java:136)
at io.cucumber.testng.TestNGCucumberRunner.runScenario(TestNGCucumberRunner.java:129)
at io.cucumber.testng.AbstractTestNGCucumberTests.runScenario(AbstractTestNGCucumberTests.java:35)
at jdk.internal.reflect.GeneratedMethodAccessor94.invoke(Unknown Source)
at java.base/jdk.internal.reflect.DelegatingMethodAccessorImpl.invoke(DelegatingMethodAccessorImpl.java:43)
at java.base/java.lang.reflect.Method.invoke(Method.java:568)
at org.testng.internal.invokers.MethodInvocationHelper.invokeMethod(MethodInvocationHelper.java:141)
at org.testng.internal.invokers.TestInvoker.invokeMethod(TestInvoker.java:686)
at org.testng.internal.invokers.TestInvoker.invokeTestMethod(TestInvoker.java:230)
at org.testng.internal.invokers.MethodRunner.runInSequence(MethodRunner.java:63)
at org.testng.internal.invokers.TestInvoker$MethodInvocationAgent.invoke(TestInvoker.java:992)
at org.testng.internal.invokers.TestInvoker.invokeTestMethods(TestInvoker.java:203)
at org.testng.internal.invokers.TestMethodWorker.invokeTestMethods(TestMethodWorker.java:154)
at org.testng.internal.invokers.TestMethodWorker.run(TestMethodWorker.java:134)
at java.base/java.util.ArrayList.forEach(ArrayList.java:1511)
at org.testng.TestRunner.privateRun(TestRunner.java:739)
at org.testng.TestRunner.run(TestRunner.java:614)
at org.testng.SuiteRunner.runTest(SuiteRunner.java:421)
at org.testng.SuiteRunner.runSequentially(SuiteRunner.java:413)
at org.testng.SuiteRunner.privateRun(SuiteRunner.java:373)
at org.testng.SuiteRunner.run(SuiteRunner.java:312)
at org.testng.SuiteRunnerWorker.runSuite(SuiteRunnerWorker.java:52)
at org.testng.SuiteRunnerWorker.run(SuiteRunnerWorker.java:95)
at org.testng.TestNG.runSuitesSequentially(TestNG.java:1274)
at org.testng.TestNG.runSuitesLocally(TestNG.java:1208)
at org.testng.TestNG.runSuites(TestNG.java:1112)
at org.testng.TestNG.run(TestNG.java:1079)
at org.testng.remote.AbstractRemoteTestNG.run(AbstractRemoteTestNG.java:115)
at org.testng.remote.RemoteTestNG.initAndRun(RemoteTestNG.java:293)
at org.testng.remote.RemoteTestNG.main(RemoteTestNG.java:91)
]]>
    </error>
  </testcase> <!-- runScenario -->
  <testcase classname="com.Capium365.RunnerFiles.Capium365_InvoicesTab_Invoices_Runner" name="runScenario" time="48.088"/>
  <testcase classname="com.Capium365.RunnerFiles.Capium365_InvoicesTab_Invoices_Runner" name="runScenario" time="69.446"/>
  <testcase classname="com.Capium365.RunnerFiles.Capium365_InvoicesTab_Invoices_Runner" name="runScenario" time="78.106"/>
</testsuite> <!-- com.Capium365.RunnerFiles.Capium365_InvoicesTab_Invoices_Runner -->
