<?xml version="1.0" encoding="UTF-8"?>
<!-- Generated by org.testng.reporters.JUnitReportReporter -->
<testsuite hostname="DESKTOP-3PKNHUN" failures="3" tests="40" name="com.Capium365.RunnerFiles.Capium365_InvoicesTab_recurringInvoice_Runner" time="2329.546" errors="8" timestamp="2025-08-17T23:52:24 IST" skipped="0">
  <testcase classname="com.Capium365.RunnerFiles.Capium365_InvoicesTab_recurringInvoice_Runner" name="runScenario" time="57.363"/>
  <testcase classname="com.Capium365.RunnerFiles.Capium365_InvoicesTab_recurringInvoice_Runner" name="runScenario" time="43.974"/>
  <testcase classname="com.Capium365.RunnerFiles.Capium365_InvoicesTab_recurringInvoice_Runner" name="runScenario" time="72.093">
    <error message="no such element: Unable to locate element: {&quot;method&quot;:&quot;xpath&quot;,&quot;selector&quot;:&quot;//h6[normalize-space()=&#039;365&#039;]&quot;}
  (Session info: chrome=138.0.7204.101)
For documentation on this error, please visit: https://www.selenium.dev/documentation/webdriver/troubleshooting/errors#no-such-element-exception
Build info: version: &#039;4.23.0&#039;, revision: &#039;4df0a231af&#039;
System info: os.name: &#039;Windows 10&#039;, os.arch: &#039;amd64&#039;, os.version: &#039;10.0&#039;, java.version: &#039;17.0.12&#039;
Driver info: org.openqa.selenium.chrome.ChromeDriver
Command: [c473e58e4d8a7c1e7c53f2024e07d05e, findElement {using=xpath, value=//h6[normalize-space()=&#039;365&#039;]}]
Capabilities {acceptInsecureCerts: false, browserName: chrome, browserVersion: 138.0.7204.101, chrome: {chromedriverVersion: 138.0.7204.183 (e90faf484dd..., userDataDir: C:\Users\user\AppData\Local...}, fedcm:accounts: true, goog:chromeOptions: {debuggerAddress: localhost:58085}, networkConnectionEnabled: false, pageLoadStrategy: normal, platformName: windows, proxy: Proxy(), se:cdp: ws://localhost:58085/devtoo..., se:cdpVersion: 138.0.7204.101, setWindowRect: true, strictFileInteractability: false, timeouts: {implicit: 0, pageLoad: 300000, script: 30000}, unhandledPromptBehavior: dismiss and notify, webauthn:extension:credBlob: true, webauthn:extension:largeBlob: true, webauthn:extension:minPinLength: true, webauthn:extension:prf: true, webauthn:virtualAuthenticators: true}
Session ID: c473e58e4d8a7c1e7c53f2024e07d05e" type="org.openqa.selenium.NoSuchElementException">
      <![CDATA[org.openqa.selenium.NoSuchElementException: no such element: Unable to locate element: {"method":"xpath","selector":"//h6[normalize-space()='365']"}
  (Session info: chrome=138.0.7204.101)
For documentation on this error, please visit: https://www.selenium.dev/documentation/webdriver/troubleshooting/errors#no-such-element-exception
Build info: version: '4.23.0', revision: '4df0a231af'
System info: os.name: 'Windows 10', os.arch: 'amd64', os.version: '10.0', java.version: '17.0.12'
Driver info: org.openqa.selenium.chrome.ChromeDriver
Command: [c473e58e4d8a7c1e7c53f2024e07d05e, findElement {using=xpath, value=//h6[normalize-space()='365']}]
Capabilities {acceptInsecureCerts: false, browserName: chrome, browserVersion: 138.0.7204.101, chrome: {chromedriverVersion: 138.0.7204.183 (e90faf484dd..., userDataDir: C:\Users\user\AppData\Local...}, fedcm:accounts: true, goog:chromeOptions: {debuggerAddress: localhost:58085}, networkConnectionEnabled: false, pageLoadStrategy: normal, platformName: windows, proxy: Proxy(), se:cdp: ws://localhost:58085/devtoo..., se:cdpVersion: 138.0.7204.101, setWindowRect: true, strictFileInteractability: false, timeouts: {implicit: 0, pageLoad: 300000, script: 30000}, unhandledPromptBehavior: dismiss and notify, webauthn:extension:credBlob: true, webauthn:extension:largeBlob: true, webauthn:extension:minPinLength: true, webauthn:extension:prf: true, webauthn:virtualAuthenticators: true}
Session ID: c473e58e4d8a7c1e7c53f2024e07d05e
at jdk.internal.reflect.GeneratedConstructorAccessor28.newInstance(Unknown Source)
at java.base/jdk.internal.reflect.DelegatingConstructorAccessorImpl.newInstance(DelegatingConstructorAccessorImpl.java:45)
at java.base/java.lang.reflect.Constructor.newInstanceWithCaller(Constructor.java:499)
at java.base/java.lang.reflect.Constructor.newInstance(Constructor.java:480)
at org.openqa.selenium.remote.ErrorCodec.decode(ErrorCodec.java:167)
at org.openqa.selenium.remote.codec.w3c.W3CHttpResponseCodec.decode(W3CHttpResponseCodec.java:138)
at org.openqa.selenium.remote.codec.w3c.W3CHttpResponseCodec.decode(W3CHttpResponseCodec.java:50)
at org.openqa.selenium.remote.HttpCommandExecutor.execute(HttpCommandExecutor.java:190)
at org.openqa.selenium.remote.service.DriverCommandExecutor.invokeExecute(DriverCommandExecutor.java:216)
at org.openqa.selenium.remote.service.DriverCommandExecutor.execute(DriverCommandExecutor.java:174)
at org.openqa.selenium.remote.RemoteWebDriver.execute(RemoteWebDriver.java:527)
at org.openqa.selenium.remote.ElementLocation$ElementFinder$2.findElement(ElementLocation.java:165)
at org.openqa.selenium.remote.ElementLocation.findElement(ElementLocation.java:59)
at org.openqa.selenium.remote.RemoteWebDriver.findElement(RemoteWebDriver.java:357)
at org.openqa.selenium.remote.RemoteWebDriver.findElement(RemoteWebDriver.java:351)
at com.Capium.Utilites.HelperClass.isElementPresent(HelperClass.java:244)
at com.Capium365.Actions.LoginActions.clickCapium365ClientLogin(LoginActions.java:104)
at com.Capium365.StepDefination.LoginStepDefination.click_on_capium365_client_login(LoginStepDefination.java:34)
at ✽.Click on Capium365 Client login(file:///D:/Core%20Modules/Capium365/src/test/resources/Capium365FeatureFiles/Capium365_InvoicesTab_recurringInvoice.feature:6)
]]>
    </error>
  </testcase> <!-- runScenario -->
  <testcase classname="com.Capium365.RunnerFiles.Capium365_InvoicesTab_recurringInvoice_Runner" name="runScenario" time="67.287"/>
  <testcase classname="com.Capium365.RunnerFiles.Capium365_InvoicesTab_recurringInvoice_Runner" name="runScenario" time="55.719">
    <error message="Expected condition failed: waiting for element to be clickable: By.xpath: //a[@mattooltip=&#039;Recurring&#039;] (tried for 10 second(s) with 500 milliseconds interval)
Build info: version: &#039;4.23.0&#039;, revision: &#039;4df0a231af&#039;
System info: os.name: &#039;Windows 10&#039;, os.arch: &#039;amd64&#039;, os.version: &#039;10.0&#039;, java.version: &#039;17.0.12&#039;
Driver info: org.openqa.selenium.chrome.ChromeDriver
Capabilities {acceptInsecureCerts: false, browserName: chrome, browserVersion: 138.0.7204.101, chrome: {chromedriverVersion: 138.0.7204.183 (e90faf484dd..., userDataDir: C:\Users\user\AppData\Local...}, fedcm:accounts: true, goog:chromeOptions: {debuggerAddress: localhost:58085}, networkConnectionEnabled: false, pageLoadStrategy: normal, platformName: windows, proxy: Proxy(), se:cdp: ws://localhost:58085/devtoo..., se:cdpVersion: 138.0.7204.101, setWindowRect: true, strictFileInteractability: false, timeouts: {implicit: 0, pageLoad: 300000, script: 30000}, unhandledPromptBehavior: dismiss and notify, webauthn:extension:credBlob: true, webauthn:extension:largeBlob: true, webauthn:extension:minPinLength: true, webauthn:extension:prf: true, webauthn:virtualAuthenticators: true}
Session ID: c473e58e4d8a7c1e7c53f2024e07d05e" type="org.openqa.selenium.TimeoutException">
      <![CDATA[org.openqa.selenium.TimeoutException: Expected condition failed: waiting for element to be clickable: By.xpath: //a[@mattooltip='Recurring'] (tried for 10 second(s) with 500 milliseconds interval)
Build info: version: '4.23.0', revision: '4df0a231af'
System info: os.name: 'Windows 10', os.arch: 'amd64', os.version: '10.0', java.version: '17.0.12'
Driver info: org.openqa.selenium.chrome.ChromeDriver
Capabilities {acceptInsecureCerts: false, browserName: chrome, browserVersion: 138.0.7204.101, chrome: {chromedriverVersion: 138.0.7204.183 (e90faf484dd..., userDataDir: C:\Users\user\AppData\Local...}, fedcm:accounts: true, goog:chromeOptions: {debuggerAddress: localhost:58085}, networkConnectionEnabled: false, pageLoadStrategy: normal, platformName: windows, proxy: Proxy(), se:cdp: ws://localhost:58085/devtoo..., se:cdpVersion: 138.0.7204.101, setWindowRect: true, strictFileInteractability: false, timeouts: {implicit: 0, pageLoad: 300000, script: 30000}, unhandledPromptBehavior: dismiss and notify, webauthn:extension:credBlob: true, webauthn:extension:largeBlob: true, webauthn:extension:minPinLength: true, webauthn:extension:prf: true, webauthn:virtualAuthenticators: true}
Session ID: c473e58e4d8a7c1e7c53f2024e07d05e
at org.openqa.selenium.support.ui.WebDriverWait.timeoutException(WebDriverWait.java:84)
at org.openqa.selenium.support.ui.FluentWait.until(FluentWait.java:228)
at com.Capium.Utilites.HelperClass.waitUntilClickable(HelperClass.java:117)
at com.Capium365.Actions.Capium365_InvoicesTab_recurringInvoice_Actions.recurringinvoicetab(Capium365_InvoicesTab_recurringInvoice_Actions.java:65)
at com.Capium365.StepDefination.Capium365_InvoicesTab_recurringInvoice_Stepdefination.click_on_recurring_invoice_and_verify_page(Capium365_InvoicesTab_recurringInvoice_Stepdefination.java:31)
at ✽.Click on recurring invoice and verify page(file:///D:/Core%20Modules/Capium365/src/test/resources/Capium365FeatureFiles/Capium365_InvoicesTab_recurringInvoice.feature:361)
]]>
    </error>
  </testcase> <!-- runScenario -->
  <testcase classname="com.Capium365.RunnerFiles.Capium365_InvoicesTab_recurringInvoice_Runner" name="runScenario" time="69.981"/>
  <testcase classname="com.Capium365.RunnerFiles.Capium365_InvoicesTab_recurringInvoice_Runner" name="runScenario" time="55.122"/>
  <testcase classname="com.Capium365.RunnerFiles.Capium365_InvoicesTab_recurringInvoice_Runner" name="runScenario" time="41.874"/>
  <testcase classname="com.Capium365.RunnerFiles.Capium365_InvoicesTab_recurringInvoice_Runner" name="runScenario" time="56.033"/>
  <testcase classname="com.Capium365.RunnerFiles.Capium365_InvoicesTab_recurringInvoice_Runner" name="runScenario" time="75.020"/>
  <testcase classname="com.Capium365.RunnerFiles.Capium365_InvoicesTab_recurringInvoice_Runner" name="runScenario" time="62.974"/>
  <testcase classname="com.Capium365.RunnerFiles.Capium365_InvoicesTab_recurringInvoice_Runner" name="runScenario" time="46.442"/>
  <testcase classname="com.Capium365.RunnerFiles.Capium365_InvoicesTab_recurringInvoice_Runner" name="runScenario" time="49.014">
    <failure message="expected: &lt;true&gt; but was: &lt;false&gt;" type="org.opentest4j.AssertionFailedError">
      <![CDATA[org.opentest4j.AssertionFailedError: expected: <true> but was: <false>
at org.junit.jupiter.api.AssertionFailureBuilder.build(AssertionFailureBuilder.java:151)
at org.junit.jupiter.api.AssertionFailureBuilder.buildAndThrow(AssertionFailureBuilder.java:132)
at org.junit.jupiter.api.AssertTrue.failNotTrue(AssertTrue.java:63)
at org.junit.jupiter.api.AssertTrue.assertTrue(AssertTrue.java:36)
at org.junit.jupiter.api.AssertTrue.assertTrue(AssertTrue.java:31)
at org.junit.jupiter.api.Assertions.assertTrue(Assertions.java:183)
at com.Capium365.Actions.Capium365_InvoicesTab_recurringInvoice_Actions.checkthecheckboxandverifyoptionsareenabling(Capium365_InvoicesTab_recurringInvoice_Actions.java:649)
at com.Capium365.StepDefination.Capium365_InvoicesTab_recurringInvoice_Stepdefination.check_the_checkbox_and_verify_options_are_enabling(Capium365_InvoicesTab_recurringInvoice_Stepdefination.java:182)
at ✽.Check the checkbox and verify options are enabling(file:///D:/Core%20Modules/Capium365/src/test/resources/Capium365FeatureFiles/Capium365_InvoicesTab_recurringInvoice.feature:268)
]]>
    </failure>
  </testcase> <!-- runScenario -->
  <testcase classname="com.Capium365.RunnerFiles.Capium365_InvoicesTab_recurringInvoice_Runner" name="runScenario" time="70.480"/>
  <testcase classname="com.Capium365.RunnerFiles.Capium365_InvoicesTab_recurringInvoice_Runner" name="runScenario" time="56.366"/>
  <testcase classname="com.Capium365.RunnerFiles.Capium365_InvoicesTab_recurringInvoice_Runner" name="runScenario" time="35.869"/>
  <testcase classname="com.Capium365.RunnerFiles.Capium365_InvoicesTab_recurringInvoice_Runner" name="runScenario" time="72.467">
    <error message="element click intercepted: Element &lt;a _ngcontent-dks-c343=&quot;&quot; routerlink=&quot;recurringInvoices&quot; mattooltipposition=&quot;right&quot; mattooltip=&quot;Recurring&quot; class=&quot;mat-tooltip-trigger menu-link&quot; aria-describedby=&quot;cdk-describedby-message-dks-1-3&quot; cdk-describedby-host=&quot;dks-1&quot; href=&quot;/invoicestype/recurringInvoices&quot;&gt;...&lt;/a&gt; is not clickable at point (37, 141). Other element would receive the click: &lt;div _ngcontent-dks-c77=&quot;&quot; class=&quot;ngx-spinner-overlay ng-tns-c77-0 ng-trigger ng-trigger-fadeIn ng-star-inserted&quot; style=&quot;background-color: rgba(51, 51, 51, 0.8); z-index: 99999; position: fixed; opacity: 1;&quot;&gt;...&lt;/div&gt;
  (Session info: chrome=138.0.7204.101)
Build info: version: &#039;4.23.0&#039;, revision: &#039;4df0a231af&#039;
System info: os.name: &#039;Windows 10&#039;, os.arch: &#039;amd64&#039;, os.version: &#039;10.0&#039;, java.version: &#039;17.0.12&#039;
Driver info: org.openqa.selenium.chrome.ChromeDriver
Command: [c473e58e4d8a7c1e7c53f2024e07d05e, clickElement {id=f.9861A6E55933D24FDC97497E9D90CCC3.d.A370642FD555489323937DB3BB263D5F.e.11040}]
Capabilities {acceptInsecureCerts: false, browserName: chrome, browserVersion: 138.0.7204.101, chrome: {chromedriverVersion: 138.0.7204.183 (e90faf484dd..., userDataDir: C:\Users\user\AppData\Local...}, fedcm:accounts: true, goog:chromeOptions: {debuggerAddress: localhost:58085}, networkConnectionEnabled: false, pageLoadStrategy: normal, platformName: windows, proxy: Proxy(), se:cdp: ws://localhost:58085/devtoo..., se:cdpVersion: 138.0.7204.101, setWindowRect: true, strictFileInteractability: false, timeouts: {implicit: 0, pageLoad: 300000, script: 30000}, unhandledPromptBehavior: dismiss and notify, webauthn:extension:credBlob: true, webauthn:extension:largeBlob: true, webauthn:extension:minPinLength: true, webauthn:extension:prf: true, webauthn:virtualAuthenticators: true}
Element: [[ChromeDriver: chrome on windows (c473e58e4d8a7c1e7c53f2024e07d05e)] -&gt; xpath: //a[@mattooltip=&#039;Recurring&#039;]]
Session ID: c473e58e4d8a7c1e7c53f2024e07d05e" type="org.openqa.selenium.ElementClickInterceptedException">
      <![CDATA[org.openqa.selenium.ElementClickInterceptedException: element click intercepted: Element <a _ngcontent-dks-c343="" routerlink="recurringInvoices" mattooltipposition="right" mattooltip="Recurring" class="mat-tooltip-trigger menu-link" aria-describedby="cdk-describedby-message-dks-1-3" cdk-describedby-host="dks-1" href="/invoicestype/recurringInvoices">...</a> is not clickable at point (37, 141). Other element would receive the click: <div _ngcontent-dks-c77="" class="ngx-spinner-overlay ng-tns-c77-0 ng-trigger ng-trigger-fadeIn ng-star-inserted" style="background-color: rgba(51, 51, 51, 0.8); z-index: 99999; position: fixed; opacity: 1;">...</div>
  (Session info: chrome=138.0.7204.101)
Build info: version: '4.23.0', revision: '4df0a231af'
System info: os.name: 'Windows 10', os.arch: 'amd64', os.version: '10.0', java.version: '17.0.12'
Driver info: org.openqa.selenium.chrome.ChromeDriver
Command: [c473e58e4d8a7c1e7c53f2024e07d05e, clickElement {id=f.9861A6E55933D24FDC97497E9D90CCC3.d.A370642FD555489323937DB3BB263D5F.e.11040}]
Capabilities {acceptInsecureCerts: false, browserName: chrome, browserVersion: 138.0.7204.101, chrome: {chromedriverVersion: 138.0.7204.183 (e90faf484dd..., userDataDir: C:\Users\user\AppData\Local...}, fedcm:accounts: true, goog:chromeOptions: {debuggerAddress: localhost:58085}, networkConnectionEnabled: false, pageLoadStrategy: normal, platformName: windows, proxy: Proxy(), se:cdp: ws://localhost:58085/devtoo..., se:cdpVersion: 138.0.7204.101, setWindowRect: true, strictFileInteractability: false, timeouts: {implicit: 0, pageLoad: 300000, script: 30000}, unhandledPromptBehavior: dismiss and notify, webauthn:extension:credBlob: true, webauthn:extension:largeBlob: true, webauthn:extension:minPinLength: true, webauthn:extension:prf: true, webauthn:virtualAuthenticators: true}
Element: [[ChromeDriver: chrome on windows (c473e58e4d8a7c1e7c53f2024e07d05e)] -> xpath: //a[@mattooltip='Recurring']]
Session ID: c473e58e4d8a7c1e7c53f2024e07d05e
at jdk.internal.reflect.GeneratedConstructorAccessor37.newInstance(Unknown Source)
at java.base/jdk.internal.reflect.DelegatingConstructorAccessorImpl.newInstance(DelegatingConstructorAccessorImpl.java:45)
at java.base/java.lang.reflect.Constructor.newInstanceWithCaller(Constructor.java:499)
at java.base/java.lang.reflect.Constructor.newInstance(Constructor.java:480)
at org.openqa.selenium.remote.ErrorCodec.decode(ErrorCodec.java:167)
at org.openqa.selenium.remote.codec.w3c.W3CHttpResponseCodec.decode(W3CHttpResponseCodec.java:138)
at org.openqa.selenium.remote.codec.w3c.W3CHttpResponseCodec.decode(W3CHttpResponseCodec.java:50)
at org.openqa.selenium.remote.HttpCommandExecutor.execute(HttpCommandExecutor.java:190)
at org.openqa.selenium.remote.service.DriverCommandExecutor.invokeExecute(DriverCommandExecutor.java:216)
at org.openqa.selenium.remote.service.DriverCommandExecutor.execute(DriverCommandExecutor.java:174)
at org.openqa.selenium.remote.RemoteWebDriver.execute(RemoteWebDriver.java:527)
at org.openqa.selenium.remote.RemoteWebElement.execute(RemoteWebElement.java:223)
at org.openqa.selenium.remote.RemoteWebElement.click(RemoteWebElement.java:76)
at com.Capium365.Actions.Capium365_InvoicesTab_recurringInvoice_Actions.recurringinvoicetab(Capium365_InvoicesTab_recurringInvoice_Actions.java:66)
at com.Capium365.StepDefination.Capium365_InvoicesTab_recurringInvoice_Stepdefination.click_on_recurring_invoice_and_verify_page(Capium365_InvoicesTab_recurringInvoice_Stepdefination.java:31)
at ✽.Click on recurring invoice and verify page(file:///D:/Core%20Modules/Capium365/src/test/resources/Capium365FeatureFiles/Capium365_InvoicesTab_recurringInvoice.feature:284)
]]>
    </error>
  </testcase> <!-- runScenario -->
  <testcase classname="com.Capium365.RunnerFiles.Capium365_InvoicesTab_recurringInvoice_Runner" name="runScenario" time="42.663"/>
  <testcase classname="com.Capium365.RunnerFiles.Capium365_InvoicesTab_recurringInvoice_Runner" name="runScenario" time="48.256"/>
  <testcase classname="com.Capium365.RunnerFiles.Capium365_InvoicesTab_recurringInvoice_Runner" name="runScenario" time="43.194"/>
  <testcase classname="com.Capium365.RunnerFiles.Capium365_InvoicesTab_recurringInvoice_Runner" name="runScenario" time="45.234">
    <error message="element click intercepted: Element &lt;span class=&quot;mat-button-wrapper&quot;&gt;...&lt;/span&gt; is not clickable at point (698, 321). Other element would receive the click: &lt;div _ngcontent-wdi-c77=&quot;&quot; class=&quot;ngx-spinner-overlay ng-tns-c77-0 ng-trigger ng-trigger-fadeIn ng-star-inserted ng-animating&quot; style=&quot;background-color: rgba(51, 51, 51, 0.8); z-index: 99999; position: fixed;&quot;&gt;...&lt;/div&gt;
  (Session info: chrome=138.0.7204.101)
Build info: version: &#039;4.23.0&#039;, revision: &#039;4df0a231af&#039;
System info: os.name: &#039;Windows 10&#039;, os.arch: &#039;amd64&#039;, os.version: &#039;10.0&#039;, java.version: &#039;17.0.12&#039;
Driver info: org.openqa.selenium.chrome.ChromeDriver
Command: [c473e58e4d8a7c1e7c53f2024e07d05e, clickElement {id=f.9861A6E55933D24FDC97497E9D90CCC3.d.3A125790282BFA39D641976ABC0DFE60.e.4807}]
Capabilities {acceptInsecureCerts: false, browserName: chrome, browserVersion: 138.0.7204.101, chrome: {chromedriverVersion: 138.0.7204.183 (e90faf484dd..., userDataDir: C:\Users\user\AppData\Local...}, fedcm:accounts: true, goog:chromeOptions: {debuggerAddress: localhost:58085}, networkConnectionEnabled: false, pageLoadStrategy: normal, platformName: windows, proxy: Proxy(), se:cdp: ws://localhost:58085/devtoo..., se:cdpVersion: 138.0.7204.101, setWindowRect: true, strictFileInteractability: false, timeouts: {implicit: 0, pageLoad: 300000, script: 30000}, unhandledPromptBehavior: dismiss and notify, webauthn:extension:credBlob: true, webauthn:extension:largeBlob: true, webauthn:extension:minPinLength: true, webauthn:extension:prf: true, webauthn:virtualAuthenticators: true}
Element: [[ChromeDriver: chrome on windows (c473e58e4d8a7c1e7c53f2024e07d05e)] -&gt; xpath: //span[normalize-space()=&#039;add_circle&#039;]]
Session ID: c473e58e4d8a7c1e7c53f2024e07d05e" type="org.openqa.selenium.ElementClickInterceptedException">
      <![CDATA[org.openqa.selenium.ElementClickInterceptedException: element click intercepted: Element <span class="mat-button-wrapper">...</span> is not clickable at point (698, 321). Other element would receive the click: <div _ngcontent-wdi-c77="" class="ngx-spinner-overlay ng-tns-c77-0 ng-trigger ng-trigger-fadeIn ng-star-inserted ng-animating" style="background-color: rgba(51, 51, 51, 0.8); z-index: 99999; position: fixed;">...</div>
  (Session info: chrome=138.0.7204.101)
Build info: version: '4.23.0', revision: '4df0a231af'
System info: os.name: 'Windows 10', os.arch: 'amd64', os.version: '10.0', java.version: '17.0.12'
Driver info: org.openqa.selenium.chrome.ChromeDriver
Command: [c473e58e4d8a7c1e7c53f2024e07d05e, clickElement {id=f.9861A6E55933D24FDC97497E9D90CCC3.d.3A125790282BFA39D641976ABC0DFE60.e.4807}]
Capabilities {acceptInsecureCerts: false, browserName: chrome, browserVersion: 138.0.7204.101, chrome: {chromedriverVersion: 138.0.7204.183 (e90faf484dd..., userDataDir: C:\Users\user\AppData\Local...}, fedcm:accounts: true, goog:chromeOptions: {debuggerAddress: localhost:58085}, networkConnectionEnabled: false, pageLoadStrategy: normal, platformName: windows, proxy: Proxy(), se:cdp: ws://localhost:58085/devtoo..., se:cdpVersion: 138.0.7204.101, setWindowRect: true, strictFileInteractability: false, timeouts: {implicit: 0, pageLoad: 300000, script: 30000}, unhandledPromptBehavior: dismiss and notify, webauthn:extension:credBlob: true, webauthn:extension:largeBlob: true, webauthn:extension:minPinLength: true, webauthn:extension:prf: true, webauthn:virtualAuthenticators: true}
Element: [[ChromeDriver: chrome on windows (c473e58e4d8a7c1e7c53f2024e07d05e)] -> xpath: //span[normalize-space()='add_circle']]
Session ID: c473e58e4d8a7c1e7c53f2024e07d05e
at jdk.internal.reflect.GeneratedConstructorAccessor37.newInstance(Unknown Source)
at java.base/jdk.internal.reflect.DelegatingConstructorAccessorImpl.newInstance(DelegatingConstructorAccessorImpl.java:45)
at java.base/java.lang.reflect.Constructor.newInstanceWithCaller(Constructor.java:499)
at java.base/java.lang.reflect.Constructor.newInstance(Constructor.java:480)
at org.openqa.selenium.remote.ErrorCodec.decode(ErrorCodec.java:167)
at org.openqa.selenium.remote.codec.w3c.W3CHttpResponseCodec.decode(W3CHttpResponseCodec.java:138)
at org.openqa.selenium.remote.codec.w3c.W3CHttpResponseCodec.decode(W3CHttpResponseCodec.java:50)
at org.openqa.selenium.remote.HttpCommandExecutor.execute(HttpCommandExecutor.java:190)
at org.openqa.selenium.remote.service.DriverCommandExecutor.invokeExecute(DriverCommandExecutor.java:216)
at org.openqa.selenium.remote.service.DriverCommandExecutor.execute(DriverCommandExecutor.java:174)
at org.openqa.selenium.remote.RemoteWebDriver.execute(RemoteWebDriver.java:527)
at org.openqa.selenium.remote.RemoteWebElement.execute(RemoteWebElement.java:223)
at org.openqa.selenium.remote.RemoteWebElement.click(RemoteWebElement.java:76)
at jdk.internal.reflect.GeneratedMethodAccessor91.invoke(Unknown Source)
at java.base/jdk.internal.reflect.DelegatingMethodAccessorImpl.invoke(DelegatingMethodAccessorImpl.java:43)
at java.base/java.lang.reflect.Method.invoke(Method.java:568)
at org.openqa.selenium.support.pagefactory.internal.LocatingElementHandler.invoke(LocatingElementHandler.java:51)
at jdk.proxy2/jdk.proxy2.$Proxy43.click(Unknown Source)
at com.Capium365.Actions.Capium365_InvoicesTab_recurringInvoice_Actions.customernameaddbutton(Capium365_InvoicesTab_recurringInvoice_Actions.java:146)
at com.Capium365.StepDefination.Capium365_InvoicesTab_recurringInvoice_Stepdefination.click_customer_name_add_button(Capium365_InvoicesTab_recurringInvoice_Stepdefination.java:61)
at ✽.Click customer name add button(file:///D:/Core%20Modules/Capium365/src/test/resources/Capium365FeatureFiles/Capium365_InvoicesTab_recurringInvoice.feature:140)
]]>
    </error>
  </testcase> <!-- runScenario -->
  <testcase classname="com.Capium365.RunnerFiles.Capium365_InvoicesTab_recurringInvoice_Runner" name="runScenario" time="101.006">
    <error message="Expected condition failed: waiting for element to be clickable: By.xpath: //span[text()=&#039;Invoices&#039;]//parent::a (tried for 10 second(s) with 500 milliseconds interval)
Build info: version: &#039;4.23.0&#039;, revision: &#039;4df0a231af&#039;
System info: os.name: &#039;Windows 10&#039;, os.arch: &#039;amd64&#039;, os.version: &#039;10.0&#039;, java.version: &#039;17.0.12&#039;
Driver info: org.openqa.selenium.chrome.ChromeDriver
Capabilities {acceptInsecureCerts: false, browserName: chrome, browserVersion: 138.0.7204.101, chrome: {chromedriverVersion: 138.0.7204.183 (e90faf484dd..., userDataDir: C:\Users\user\AppData\Local...}, fedcm:accounts: true, goog:chromeOptions: {debuggerAddress: localhost:58085}, networkConnectionEnabled: false, pageLoadStrategy: normal, platformName: windows, proxy: Proxy(), se:cdp: ws://localhost:58085/devtoo..., se:cdpVersion: 138.0.7204.101, setWindowRect: true, strictFileInteractability: false, timeouts: {implicit: 0, pageLoad: 300000, script: 30000}, unhandledPromptBehavior: dismiss and notify, webauthn:extension:credBlob: true, webauthn:extension:largeBlob: true, webauthn:extension:minPinLength: true, webauthn:extension:prf: true, webauthn:virtualAuthenticators: true}
Session ID: c473e58e4d8a7c1e7c53f2024e07d05e" type="org.openqa.selenium.TimeoutException">
      <![CDATA[org.openqa.selenium.TimeoutException: Expected condition failed: waiting for element to be clickable: By.xpath: //span[text()='Invoices']//parent::a (tried for 10 second(s) with 500 milliseconds interval)
Build info: version: '4.23.0', revision: '4df0a231af'
System info: os.name: 'Windows 10', os.arch: 'amd64', os.version: '10.0', java.version: '17.0.12'
Driver info: org.openqa.selenium.chrome.ChromeDriver
Capabilities {acceptInsecureCerts: false, browserName: chrome, browserVersion: 138.0.7204.101, chrome: {chromedriverVersion: 138.0.7204.183 (e90faf484dd..., userDataDir: C:\Users\user\AppData\Local...}, fedcm:accounts: true, goog:chromeOptions: {debuggerAddress: localhost:58085}, networkConnectionEnabled: false, pageLoadStrategy: normal, platformName: windows, proxy: Proxy(), se:cdp: ws://localhost:58085/devtoo..., se:cdpVersion: 138.0.7204.101, setWindowRect: true, strictFileInteractability: false, timeouts: {implicit: 0, pageLoad: 300000, script: 30000}, unhandledPromptBehavior: dismiss and notify, webauthn:extension:credBlob: true, webauthn:extension:largeBlob: true, webauthn:extension:minPinLength: true, webauthn:extension:prf: true, webauthn:virtualAuthenticators: true}
Session ID: c473e58e4d8a7c1e7c53f2024e07d05e
at org.openqa.selenium.support.ui.WebDriverWait.timeoutException(WebDriverWait.java:84)
at org.openqa.selenium.support.ui.FluentWait.until(FluentWait.java:228)
at com.Capium.Utilites.HelperClass.waitUntilClickable(HelperClass.java:117)
at com.Capium365.Actions.Capium365_InvoicesTab_recurringInvoice_Actions.invoicestab(Capium365_InvoicesTab_recurringInvoice_Actions.java:44)
at com.Capium365.StepDefination.Capium365_InvoicesTab_recurringInvoice_Stepdefination.click_on_invoices_tab(Capium365_InvoicesTab_recurringInvoice_Stepdefination.java:21)
at ✽.Click on invoices tab(file:///D:/Core%20Modules/Capium365/src/test/resources/Capium365FeatureFiles/Capium365_InvoicesTab_recurringInvoice.feature:89)
]]>
    </error>
  </testcase> <!-- runScenario -->
  <testcase classname="com.Capium365.RunnerFiles.Capium365_InvoicesTab_recurringInvoice_Runner" name="runScenario" time="65.993"/>
  <testcase classname="com.Capium365.RunnerFiles.Capium365_InvoicesTab_recurringInvoice_Runner" name="runScenario" time="74.510"/>
  <testcase classname="com.Capium365.RunnerFiles.Capium365_InvoicesTab_recurringInvoice_Runner" name="runScenario" time="45.558"/>
  <testcase classname="com.Capium365.RunnerFiles.Capium365_InvoicesTab_recurringInvoice_Runner" name="runScenario" time="60.388"/>
  <testcase classname="com.Capium365.RunnerFiles.Capium365_InvoicesTab_recurringInvoice_Runner" name="runScenario" time="46.512"/>
  <testcase classname="com.Capium365.RunnerFiles.Capium365_InvoicesTab_recurringInvoice_Runner" name="runScenario" time="54.344"/>
  <testcase classname="com.Capium365.RunnerFiles.Capium365_InvoicesTab_recurringInvoice_Runner" name="runScenario" time="60.799"/>
  <testcase classname="com.Capium365.RunnerFiles.Capium365_InvoicesTab_recurringInvoice_Runner" name="runScenario" time="59.068"/>
  <testcase classname="com.Capium365.RunnerFiles.Capium365_InvoicesTab_recurringInvoice_Runner" name="runScenario" time="55.894">
    <error message="Expected condition failed: waiting for element to be clickable: By.xpath: //a[@mattooltip=&#039;Recurring&#039;] (tried for 10 second(s) with 500 milliseconds interval)
Build info: version: &#039;4.23.0&#039;, revision: &#039;4df0a231af&#039;
System info: os.name: &#039;Windows 10&#039;, os.arch: &#039;amd64&#039;, os.version: &#039;10.0&#039;, java.version: &#039;17.0.12&#039;
Driver info: org.openqa.selenium.chrome.ChromeDriver
Capabilities {acceptInsecureCerts: false, browserName: chrome, browserVersion: 138.0.7204.101, chrome: {chromedriverVersion: 138.0.7204.183 (e90faf484dd..., userDataDir: C:\Users\user\AppData\Local...}, fedcm:accounts: true, goog:chromeOptions: {debuggerAddress: localhost:58085}, networkConnectionEnabled: false, pageLoadStrategy: normal, platformName: windows, proxy: Proxy(), se:cdp: ws://localhost:58085/devtoo..., se:cdpVersion: 138.0.7204.101, setWindowRect: true, strictFileInteractability: false, timeouts: {implicit: 0, pageLoad: 300000, script: 30000}, unhandledPromptBehavior: dismiss and notify, webauthn:extension:credBlob: true, webauthn:extension:largeBlob: true, webauthn:extension:minPinLength: true, webauthn:extension:prf: true, webauthn:virtualAuthenticators: true}
Session ID: c473e58e4d8a7c1e7c53f2024e07d05e" type="org.openqa.selenium.TimeoutException">
      <![CDATA[org.openqa.selenium.TimeoutException: Expected condition failed: waiting for element to be clickable: By.xpath: //a[@mattooltip='Recurring'] (tried for 10 second(s) with 500 milliseconds interval)
Build info: version: '4.23.0', revision: '4df0a231af'
System info: os.name: 'Windows 10', os.arch: 'amd64', os.version: '10.0', java.version: '17.0.12'
Driver info: org.openqa.selenium.chrome.ChromeDriver
Capabilities {acceptInsecureCerts: false, browserName: chrome, browserVersion: 138.0.7204.101, chrome: {chromedriverVersion: 138.0.7204.183 (e90faf484dd..., userDataDir: C:\Users\user\AppData\Local...}, fedcm:accounts: true, goog:chromeOptions: {debuggerAddress: localhost:58085}, networkConnectionEnabled: false, pageLoadStrategy: normal, platformName: windows, proxy: Proxy(), se:cdp: ws://localhost:58085/devtoo..., se:cdpVersion: 138.0.7204.101, setWindowRect: true, strictFileInteractability: false, timeouts: {implicit: 0, pageLoad: 300000, script: 30000}, unhandledPromptBehavior: dismiss and notify, webauthn:extension:credBlob: true, webauthn:extension:largeBlob: true, webauthn:extension:minPinLength: true, webauthn:extension:prf: true, webauthn:virtualAuthenticators: true}
Session ID: c473e58e4d8a7c1e7c53f2024e07d05e
at org.openqa.selenium.support.ui.WebDriverWait.timeoutException(WebDriverWait.java:84)
at org.openqa.selenium.support.ui.FluentWait.until(FluentWait.java:228)
at com.Capium.Utilites.HelperClass.waitUntilClickable(HelperClass.java:117)
at com.Capium365.Actions.Capium365_InvoicesTab_recurringInvoice_Actions.recurringinvoicetab(Capium365_InvoicesTab_recurringInvoice_Actions.java:65)
at com.Capium365.StepDefination.Capium365_InvoicesTab_recurringInvoice_Stepdefination.click_on_recurring_invoice_and_verify_page(Capium365_InvoicesTab_recurringInvoice_Stepdefination.java:31)
at ✽.Click on recurring invoice and verify page(file:///D:/Core%20Modules/Capium365/src/test/resources/Capium365FeatureFiles/Capium365_InvoicesTab_recurringInvoice.feature:337)
]]>
    </error>
  </testcase> <!-- runScenario -->
  <testcase classname="com.Capium365.RunnerFiles.Capium365_InvoicesTab_recurringInvoice_Runner" name="runScenario" time="60.485">
    <error message="element click intercepted: Element &lt;a _ngcontent-ptq-c343=&quot;&quot; routerlink=&quot;recurringInvoices&quot; mattooltipposition=&quot;right&quot; mattooltip=&quot;Recurring&quot; class=&quot;mat-tooltip-trigger menu-link&quot; aria-describedby=&quot;cdk-describedby-message-ptq-1-3&quot; cdk-describedby-host=&quot;ptq-1&quot; href=&quot;/invoicestype/recurringInvoices&quot;&gt;...&lt;/a&gt; is not clickable at point (37, 141). Other element would receive the click: &lt;div _ngcontent-ptq-c77=&quot;&quot; class=&quot;ngx-spinner-overlay ng-tns-c77-0 ng-trigger ng-trigger-fadeIn ng-star-inserted&quot; style=&quot;background-color: rgba(51, 51, 51, 0.8); z-index: 99999; position: fixed; opacity: 1;&quot;&gt;...&lt;/div&gt;
  (Session info: chrome=138.0.7204.101)
Build info: version: &#039;4.23.0&#039;, revision: &#039;4df0a231af&#039;
System info: os.name: &#039;Windows 10&#039;, os.arch: &#039;amd64&#039;, os.version: &#039;10.0&#039;, java.version: &#039;17.0.12&#039;
Driver info: org.openqa.selenium.chrome.ChromeDriver
Command: [c473e58e4d8a7c1e7c53f2024e07d05e, clickElement {id=f.9861A6E55933D24FDC97497E9D90CCC3.d.CAF55F9E31E36FA037F8B3F89D0D2B62.e.10776}]
Capabilities {acceptInsecureCerts: false, browserName: chrome, browserVersion: 138.0.7204.101, chrome: {chromedriverVersion: 138.0.7204.183 (e90faf484dd..., userDataDir: C:\Users\user\AppData\Local...}, fedcm:accounts: true, goog:chromeOptions: {debuggerAddress: localhost:58085}, networkConnectionEnabled: false, pageLoadStrategy: normal, platformName: windows, proxy: Proxy(), se:cdp: ws://localhost:58085/devtoo..., se:cdpVersion: 138.0.7204.101, setWindowRect: true, strictFileInteractability: false, timeouts: {implicit: 0, pageLoad: 300000, script: 30000}, unhandledPromptBehavior: dismiss and notify, webauthn:extension:credBlob: true, webauthn:extension:largeBlob: true, webauthn:extension:minPinLength: true, webauthn:extension:prf: true, webauthn:virtualAuthenticators: true}
Element: [[ChromeDriver: chrome on windows (c473e58e4d8a7c1e7c53f2024e07d05e)] -&gt; xpath: //a[@mattooltip=&#039;Recurring&#039;]]
Session ID: c473e58e4d8a7c1e7c53f2024e07d05e" type="org.openqa.selenium.ElementClickInterceptedException">
      <![CDATA[org.openqa.selenium.ElementClickInterceptedException: element click intercepted: Element <a _ngcontent-ptq-c343="" routerlink="recurringInvoices" mattooltipposition="right" mattooltip="Recurring" class="mat-tooltip-trigger menu-link" aria-describedby="cdk-describedby-message-ptq-1-3" cdk-describedby-host="ptq-1" href="/invoicestype/recurringInvoices">...</a> is not clickable at point (37, 141). Other element would receive the click: <div _ngcontent-ptq-c77="" class="ngx-spinner-overlay ng-tns-c77-0 ng-trigger ng-trigger-fadeIn ng-star-inserted" style="background-color: rgba(51, 51, 51, 0.8); z-index: 99999; position: fixed; opacity: 1;">...</div>
  (Session info: chrome=138.0.7204.101)
Build info: version: '4.23.0', revision: '4df0a231af'
System info: os.name: 'Windows 10', os.arch: 'amd64', os.version: '10.0', java.version: '17.0.12'
Driver info: org.openqa.selenium.chrome.ChromeDriver
Command: [c473e58e4d8a7c1e7c53f2024e07d05e, clickElement {id=f.9861A6E55933D24FDC97497E9D90CCC3.d.CAF55F9E31E36FA037F8B3F89D0D2B62.e.10776}]
Capabilities {acceptInsecureCerts: false, browserName: chrome, browserVersion: 138.0.7204.101, chrome: {chromedriverVersion: 138.0.7204.183 (e90faf484dd..., userDataDir: C:\Users\user\AppData\Local...}, fedcm:accounts: true, goog:chromeOptions: {debuggerAddress: localhost:58085}, networkConnectionEnabled: false, pageLoadStrategy: normal, platformName: windows, proxy: Proxy(), se:cdp: ws://localhost:58085/devtoo..., se:cdpVersion: 138.0.7204.101, setWindowRect: true, strictFileInteractability: false, timeouts: {implicit: 0, pageLoad: 300000, script: 30000}, unhandledPromptBehavior: dismiss and notify, webauthn:extension:credBlob: true, webauthn:extension:largeBlob: true, webauthn:extension:minPinLength: true, webauthn:extension:prf: true, webauthn:virtualAuthenticators: true}
Element: [[ChromeDriver: chrome on windows (c473e58e4d8a7c1e7c53f2024e07d05e)] -> xpath: //a[@mattooltip='Recurring']]
Session ID: c473e58e4d8a7c1e7c53f2024e07d05e
at jdk.internal.reflect.GeneratedConstructorAccessor37.newInstance(Unknown Source)
at java.base/jdk.internal.reflect.DelegatingConstructorAccessorImpl.newInstance(DelegatingConstructorAccessorImpl.java:45)
at java.base/java.lang.reflect.Constructor.newInstanceWithCaller(Constructor.java:499)
at java.base/java.lang.reflect.Constructor.newInstance(Constructor.java:480)
at org.openqa.selenium.remote.ErrorCodec.decode(ErrorCodec.java:167)
at org.openqa.selenium.remote.codec.w3c.W3CHttpResponseCodec.decode(W3CHttpResponseCodec.java:138)
at org.openqa.selenium.remote.codec.w3c.W3CHttpResponseCodec.decode(W3CHttpResponseCodec.java:50)
at org.openqa.selenium.remote.HttpCommandExecutor.execute(HttpCommandExecutor.java:190)
at org.openqa.selenium.remote.service.DriverCommandExecutor.invokeExecute(DriverCommandExecutor.java:216)
at org.openqa.selenium.remote.service.DriverCommandExecutor.execute(DriverCommandExecutor.java:174)
at org.openqa.selenium.remote.RemoteWebDriver.execute(RemoteWebDriver.java:527)
at org.openqa.selenium.remote.RemoteWebElement.execute(RemoteWebElement.java:223)
at org.openqa.selenium.remote.RemoteWebElement.click(RemoteWebElement.java:76)
at com.Capium365.Actions.Capium365_InvoicesTab_recurringInvoice_Actions.recurringinvoicetab(Capium365_InvoicesTab_recurringInvoice_Actions.java:66)
at com.Capium365.StepDefination.Capium365_InvoicesTab_recurringInvoice_Stepdefination.click_on_recurring_invoice_and_verify_page(Capium365_InvoicesTab_recurringInvoice_Stepdefination.java:31)
at ✽.Click on recurring invoice and verify page(file:///D:/Core%20Modules/Capium365/src/test/resources/Capium365FeatureFiles/Capium365_InvoicesTab_recurringInvoice.feature:275)
]]>
    </error>
  </testcase> <!-- runScenario -->
  <testcase classname="com.Capium365.RunnerFiles.Capium365_InvoicesTab_recurringInvoice_Runner" name="runScenario" time="37.373"/>
  <testcase classname="com.Capium365.RunnerFiles.Capium365_InvoicesTab_recurringInvoice_Runner" name="runScenario" time="71.743"/>
  <testcase classname="com.Capium365.RunnerFiles.Capium365_InvoicesTab_recurringInvoice_Runner" name="runScenario" time="59.356"/>
  <testcase classname="com.Capium365.RunnerFiles.Capium365_InvoicesTab_recurringInvoice_Runner" name="runScenario" time="59.293">
    <failure message="expected: &lt;true&gt; but was: &lt;false&gt;" type="org.opentest4j.AssertionFailedError">
      <![CDATA[org.opentest4j.AssertionFailedError: expected: <true> but was: <false>
at org.junit.jupiter.api.AssertionFailureBuilder.build(AssertionFailureBuilder.java:151)
at org.junit.jupiter.api.AssertionFailureBuilder.buildAndThrow(AssertionFailureBuilder.java:132)
at org.junit.jupiter.api.AssertTrue.failNotTrue(AssertTrue.java:63)
at org.junit.jupiter.api.AssertTrue.assertTrue(AssertTrue.java:36)
at org.junit.jupiter.api.AssertTrue.assertTrue(AssertTrue.java:31)
at org.junit.jupiter.api.Assertions.assertTrue(Assertions.java:183)
at com.Capium365.Actions.Capium365_InvoicesTab_recurringInvoice_Actions.clickoninvoicecheckboxandverifyenablingoptions(Capium365_InvoicesTab_recurringInvoice_Actions.java:792)
at com.Capium365.StepDefination.Capium365_InvoicesTab_recurringInvoice_Stepdefination.click_on_recurring_invoice_checkbox_and_verify_enabling_options(Capium365_InvoicesTab_recurringInvoice_Stepdefination.java:217)
at ✽.Click on recurring invoice check box and verify enabling options(file:///D:/Core%20Modules/Capium365/src/test/resources/Capium365FeatureFiles/Capium365_InvoicesTab_recurringInvoice.feature:315)
]]>
    </failure>
  </testcase> <!-- runScenario -->
  <testcase classname="com.Capium365.RunnerFiles.Capium365_InvoicesTab_recurringInvoice_Runner" name="runScenario" time="54.107"/>
  <testcase classname="com.Capium365.RunnerFiles.Capium365_InvoicesTab_recurringInvoice_Runner" name="runScenario" time="45.902">
    <failure message="expected: &lt;true&gt; but was: &lt;false&gt;" type="org.opentest4j.AssertionFailedError">
      <![CDATA[org.opentest4j.AssertionFailedError: expected: <true> but was: <false>
at org.junit.jupiter.api.AssertionFailureBuilder.build(AssertionFailureBuilder.java:151)
at org.junit.jupiter.api.AssertionFailureBuilder.buildAndThrow(AssertionFailureBuilder.java:132)
at org.junit.jupiter.api.AssertTrue.failNotTrue(AssertTrue.java:63)
at org.junit.jupiter.api.AssertTrue.assertTrue(AssertTrue.java:36)
at org.junit.jupiter.api.AssertTrue.assertTrue(AssertTrue.java:31)
at org.junit.jupiter.api.Assertions.assertTrue(Assertions.java:183)
at com.Capium365.Actions.Capium365_InvoicesTab_recurringInvoice_Actions.checkthecheckboxandverifyoptionsareenabling(Capium365_InvoicesTab_recurringInvoice_Actions.java:649)
at com.Capium365.StepDefination.Capium365_InvoicesTab_recurringInvoice_Stepdefination.check_the_checkbox_and_verify_options_are_enabling(Capium365_InvoicesTab_recurringInvoice_Stepdefination.java:182)
at ✽.Check the checkbox and verify options are enabling(file:///D:/Core%20Modules/Capium365/src/test/resources/Capium365FeatureFiles/Capium365_InvoicesTab_recurringInvoice.feature:260)
]]>
    </failure>
  </testcase> <!-- runScenario -->
  <testcase classname="com.Capium365.RunnerFiles.Capium365_InvoicesTab_recurringInvoice_Runner" name="runScenario" time="44.003"/>
  <testcase classname="com.Capium365.RunnerFiles.Capium365_InvoicesTab_recurringInvoice_Runner" name="runScenario" time="105.787">
    <error message="element click intercepted: Element &lt;ng-select _ngcontent-mlv-c178=&quot;&quot; panelclass=&quot;myPanelClass&quot; class=&quot;w-170 ng-select-searchable ng-select-clearable ng-select ng-select-single ng-valid ng-select-focused ng-touched ng-dirty ng-select-bottom&quot;&gt;...&lt;/ng-select&gt; is not clickable at point (1130, 86). Other element would receive the click: &lt;div _ngcontent-mlv-c77=&quot;&quot; class=&quot;ngx-spinner-overlay ng-tns-c77-0 ng-trigger ng-trigger-fadeIn ng-star-inserted&quot; style=&quot;background-color: rgba(51, 51, 51, 0.8); z-index: 99999; position: fixed; opacity: 1;&quot;&gt;...&lt;/div&gt;
  (Session info: chrome=138.0.7204.101)
Build info: version: &#039;4.23.0&#039;, revision: &#039;4df0a231af&#039;
System info: os.name: &#039;Windows 10&#039;, os.arch: &#039;amd64&#039;, os.version: &#039;10.0&#039;, java.version: &#039;17.0.12&#039;
Driver info: org.openqa.selenium.chrome.ChromeDriver
Command: [c473e58e4d8a7c1e7c53f2024e07d05e, clickElement {id=f.9861A6E55933D24FDC97497E9D90CCC3.d.65E3928A4F2174F6448940F14D018B7B.e.11948}]
Capabilities {acceptInsecureCerts: false, browserName: chrome, browserVersion: 138.0.7204.101, chrome: {chromedriverVersion: 138.0.7204.183 (e90faf484dd..., userDataDir: C:\Users\user\AppData\Local...}, fedcm:accounts: true, goog:chromeOptions: {debuggerAddress: localhost:58085}, networkConnectionEnabled: false, pageLoadStrategy: normal, platformName: windows, proxy: Proxy(), se:cdp: ws://localhost:58085/devtoo..., se:cdpVersion: 138.0.7204.101, setWindowRect: true, strictFileInteractability: false, timeouts: {implicit: 0, pageLoad: 300000, script: 30000}, unhandledPromptBehavior: dismiss and notify, webauthn:extension:credBlob: true, webauthn:extension:largeBlob: true, webauthn:extension:minPinLength: true, webauthn:extension:prf: true, webauthn:virtualAuthenticators: true}
Element: [[ChromeDriver: chrome on windows (c473e58e4d8a7c1e7c53f2024e07d05e)] -&gt; xpath: (//ng-select[normalize-space(@panelclass)=&#039;myPanelClass&#039;])[1]]
Session ID: c473e58e4d8a7c1e7c53f2024e07d05e" type="org.openqa.selenium.ElementClickInterceptedException">
      <![CDATA[org.openqa.selenium.ElementClickInterceptedException: element click intercepted: Element <ng-select _ngcontent-mlv-c178="" panelclass="myPanelClass" class="w-170 ng-select-searchable ng-select-clearable ng-select ng-select-single ng-valid ng-select-focused ng-touched ng-dirty ng-select-bottom">...</ng-select> is not clickable at point (1130, 86). Other element would receive the click: <div _ngcontent-mlv-c77="" class="ngx-spinner-overlay ng-tns-c77-0 ng-trigger ng-trigger-fadeIn ng-star-inserted" style="background-color: rgba(51, 51, 51, 0.8); z-index: 99999; position: fixed; opacity: 1;">...</div>
  (Session info: chrome=138.0.7204.101)
Build info: version: '4.23.0', revision: '4df0a231af'
System info: os.name: 'Windows 10', os.arch: 'amd64', os.version: '10.0', java.version: '17.0.12'
Driver info: org.openqa.selenium.chrome.ChromeDriver
Command: [c473e58e4d8a7c1e7c53f2024e07d05e, clickElement {id=f.9861A6E55933D24FDC97497E9D90CCC3.d.65E3928A4F2174F6448940F14D018B7B.e.11948}]
Capabilities {acceptInsecureCerts: false, browserName: chrome, browserVersion: 138.0.7204.101, chrome: {chromedriverVersion: 138.0.7204.183 (e90faf484dd..., userDataDir: C:\Users\user\AppData\Local...}, fedcm:accounts: true, goog:chromeOptions: {debuggerAddress: localhost:58085}, networkConnectionEnabled: false, pageLoadStrategy: normal, platformName: windows, proxy: Proxy(), se:cdp: ws://localhost:58085/devtoo..., se:cdpVersion: 138.0.7204.101, setWindowRect: true, strictFileInteractability: false, timeouts: {implicit: 0, pageLoad: 300000, script: 30000}, unhandledPromptBehavior: dismiss and notify, webauthn:extension:credBlob: true, webauthn:extension:largeBlob: true, webauthn:extension:minPinLength: true, webauthn:extension:prf: true, webauthn:virtualAuthenticators: true}
Element: [[ChromeDriver: chrome on windows (c473e58e4d8a7c1e7c53f2024e07d05e)] -> xpath: (//ng-select[normalize-space(@panelclass)='myPanelClass'])[1]]
Session ID: c473e58e4d8a7c1e7c53f2024e07d05e
at jdk.internal.reflect.GeneratedConstructorAccessor37.newInstance(Unknown Source)
at java.base/jdk.internal.reflect.DelegatingConstructorAccessorImpl.newInstance(DelegatingConstructorAccessorImpl.java:45)
at java.base/java.lang.reflect.Constructor.newInstanceWithCaller(Constructor.java:499)
at java.base/java.lang.reflect.Constructor.newInstance(Constructor.java:480)
at org.openqa.selenium.remote.ErrorCodec.decode(ErrorCodec.java:167)
at org.openqa.selenium.remote.codec.w3c.W3CHttpResponseCodec.decode(W3CHttpResponseCodec.java:138)
at org.openqa.selenium.remote.codec.w3c.W3CHttpResponseCodec.decode(W3CHttpResponseCodec.java:50)
at org.openqa.selenium.remote.HttpCommandExecutor.execute(HttpCommandExecutor.java:190)
at org.openqa.selenium.remote.service.DriverCommandExecutor.invokeExecute(DriverCommandExecutor.java:216)
at org.openqa.selenium.remote.service.DriverCommandExecutor.execute(DriverCommandExecutor.java:174)
at org.openqa.selenium.remote.RemoteWebDriver.execute(RemoteWebDriver.java:527)
at org.openqa.selenium.remote.RemoteWebElement.execute(RemoteWebElement.java:223)
at org.openqa.selenium.remote.RemoteWebElement.click(RemoteWebElement.java:76)
at com.Capium.Utilites.HelperClass.selectFromCustomDropdown(HelperClass.java:958)
at com.Capium365.Actions.Capium365_InvoicesTab_recurringInvoice_Actions.clickonalltimestatusandverify(Capium365_InvoicesTab_recurringInvoice_Actions.java:767)
at com.Capium365.StepDefination.Capium365_InvoicesTab_recurringInvoice_Stepdefination.click_on_all_time_status_and_verify(Capium365_InvoicesTab_recurringInvoice_Stepdefination.java:212)
at ✽.Click on all time status and verify(file:///D:/Core%20Modules/Capium365/src/test/resources/Capium365FeatureFiles/Capium365_InvoicesTab_recurringInvoice.feature:308)
]]>
    </error>
  </testcase> <!-- runScenario -->
</testsuite> <!-- com.Capium365.RunnerFiles.Capium365_InvoicesTab_recurringInvoice_Runner -->
