<?xml version="1.0" encoding="UTF-8"?>
<!-- Generated by org.testng.reporters.JUnitReportReporter -->
<testsuite hostname="vmautoqa-0" failures="0" tests="18" name="com.Capium365.RunnerFiles.Capium365_BankTab_Runner" time="724.584" errors="2" timestamp="2025-08-21T21:32:32 IST" skipped="0">
  <testcase classname="com.Capium365.RunnerFiles.Capium365_BankTab_Runner" name="runScenario" time="37.631"/>
  <testcase classname="com.Capium365.RunnerFiles.Capium365_BankTab_Runner" name="runScenario" time="35.770"/>
  <testcase classname="com.Capium365.RunnerFiles.Capium365_BankTab_Runner" name="runScenario" time="36.464"/>
  <testcase classname="com.Capium365.RunnerFiles.Capium365_BankTab_Runner" name="runScenario" time="45.957">
    <error message="Expected condition failed: waiting for visibility of element located by By.xpath: //span[@title=&#039;TRANSACTION ACCOUNT 1 (0000)&#039;] (tried for 10 second(s) with 500 milliseconds interval)
Build info: version: &#039;4.23.0&#039;, revision: &#039;4df0a231af&#039;
System info: os.name: &#039;Windows Server 2019&#039;, os.arch: &#039;amd64&#039;, os.version: &#039;10.0&#039;, java.version: &#039;17.0.12&#039;
Driver info: org.openqa.selenium.chrome.ChromeDriver
Capabilities {acceptInsecureCerts: false, browserName: chrome, browserVersion: 138.0.7204.184, chrome: {chromedriverVersion: 138.0.7204.183 (e90faf484dd..., userDataDir: C:\Users\LOCAL_~1.SIL\Temp\...}, fedcm:accounts: true, goog:chromeOptions: {debuggerAddress: localhost:62325}, networkConnectionEnabled: false, pageLoadStrategy: normal, platformName: windows, proxy: Proxy(), se:cdp: ws://localhost:62325/devtoo..., se:cdpVersion: 138.0.7204.184, setWindowRect: true, strictFileInteractability: false, timeouts: {implicit: 0, pageLoad: 300000, script: 30000}, unhandledPromptBehavior: dismiss and notify, webauthn:extension:credBlob: true, webauthn:extension:largeBlob: true, webauthn:extension:minPinLength: true, webauthn:extension:prf: true, webauthn:virtualAuthenticators: true}
Session ID: 48c85357cc8a410b27498b5a216b5593" type="org.openqa.selenium.TimeoutException">
      <![CDATA[org.openqa.selenium.TimeoutException: Expected condition failed: waiting for visibility of element located by By.xpath: //span[@title='TRANSACTION ACCOUNT 1 (0000)'] (tried for 10 second(s) with 500 milliseconds interval)
Build info: version: '4.23.0', revision: '4df0a231af'
System info: os.name: 'Windows Server 2019', os.arch: 'amd64', os.version: '10.0', java.version: '17.0.12'
Driver info: org.openqa.selenium.chrome.ChromeDriver
Capabilities {acceptInsecureCerts: false, browserName: chrome, browserVersion: 138.0.7204.184, chrome: {chromedriverVersion: 138.0.7204.183 (e90faf484dd..., userDataDir: C:\Users\LOCAL_~1.SIL\Temp\...}, fedcm:accounts: true, goog:chromeOptions: {debuggerAddress: localhost:62325}, networkConnectionEnabled: false, pageLoadStrategy: normal, platformName: windows, proxy: Proxy(), se:cdp: ws://localhost:62325/devtoo..., se:cdpVersion: 138.0.7204.184, setWindowRect: true, strictFileInteractability: false, timeouts: {implicit: 0, pageLoad: 300000, script: 30000}, unhandledPromptBehavior: dismiss and notify, webauthn:extension:credBlob: true, webauthn:extension:largeBlob: true, webauthn:extension:minPinLength: true, webauthn:extension:prf: true, webauthn:virtualAuthenticators: true}
Session ID: 48c85357cc8a410b27498b5a216b5593
at org.openqa.selenium.support.ui.WebDriverWait.timeoutException(WebDriverWait.java:84)
at org.openqa.selenium.support.ui.FluentWait.until(FluentWait.java:228)
at com.Capium365.Actions.Capium365_BankTab_Actions.entertextinsearchtextfieldandverify(Capium365_BankTab_Actions.java:390)
at com.Capium365.StepDefination.Capium365_BankTab_Stepdefination.enter_in_text_in_search_text_field_and_verify(Capium365_BankTab_Stepdefination.java:175)
at ✽.enter text in search text field and verify(file:///C:/Users/satishkumar.silphoz/Documents/2024Automation/2025/Capium365/src/test/resources/Capium365FeatureFiles/Capium365_BankTab.feature:106)
]]>
    </error>
  </testcase> <!-- runScenario -->
  <testcase classname="com.Capium365.RunnerFiles.Capium365_BankTab_Runner" name="runScenario" time="51.134"/>
  <testcase classname="com.Capium365.RunnerFiles.Capium365_BankTab_Runner" name="runScenario" time="36.208"/>
  <testcase classname="com.Capium365.RunnerFiles.Capium365_BankTab_Runner" name="runScenario" time="48.481">
    <error message="Expected condition failed: waiting for visibility of element located by By.xpath: //span[@title=&#039;TRANSACTION ACCOUNT 1 (0000)&#039;] (tried for 10 second(s) with 500 milliseconds interval)
Build info: version: &#039;4.23.0&#039;, revision: &#039;4df0a231af&#039;
System info: os.name: &#039;Windows Server 2019&#039;, os.arch: &#039;amd64&#039;, os.version: &#039;10.0&#039;, java.version: &#039;17.0.12&#039;
Driver info: org.openqa.selenium.chrome.ChromeDriver
Capabilities {acceptInsecureCerts: false, browserName: chrome, browserVersion: 138.0.7204.184, chrome: {chromedriverVersion: 138.0.7204.183 (e90faf484dd..., userDataDir: C:\Users\LOCAL_~1.SIL\Temp\...}, fedcm:accounts: true, goog:chromeOptions: {debuggerAddress: localhost:61874}, networkConnectionEnabled: false, pageLoadStrategy: normal, platformName: windows, proxy: Proxy(), se:cdp: ws://localhost:61874/devtoo..., se:cdpVersion: 138.0.7204.184, setWindowRect: true, strictFileInteractability: false, timeouts: {implicit: 0, pageLoad: 300000, script: 30000}, unhandledPromptBehavior: dismiss and notify, webauthn:extension:credBlob: true, webauthn:extension:largeBlob: true, webauthn:extension:minPinLength: true, webauthn:extension:prf: true, webauthn:virtualAuthenticators: true}
Session ID: 94226ac5e9453e1e529929692b552d8c" type="org.openqa.selenium.TimeoutException">
      <![CDATA[org.openqa.selenium.TimeoutException: Expected condition failed: waiting for visibility of element located by By.xpath: //span[@title='TRANSACTION ACCOUNT 1 (0000)'] (tried for 10 second(s) with 500 milliseconds interval)
Build info: version: '4.23.0', revision: '4df0a231af'
System info: os.name: 'Windows Server 2019', os.arch: 'amd64', os.version: '10.0', java.version: '17.0.12'
Driver info: org.openqa.selenium.chrome.ChromeDriver
Capabilities {acceptInsecureCerts: false, browserName: chrome, browserVersion: 138.0.7204.184, chrome: {chromedriverVersion: 138.0.7204.183 (e90faf484dd..., userDataDir: C:\Users\LOCAL_~1.SIL\Temp\...}, fedcm:accounts: true, goog:chromeOptions: {debuggerAddress: localhost:61874}, networkConnectionEnabled: false, pageLoadStrategy: normal, platformName: windows, proxy: Proxy(), se:cdp: ws://localhost:61874/devtoo..., se:cdpVersion: 138.0.7204.184, setWindowRect: true, strictFileInteractability: false, timeouts: {implicit: 0, pageLoad: 300000, script: 30000}, unhandledPromptBehavior: dismiss and notify, webauthn:extension:credBlob: true, webauthn:extension:largeBlob: true, webauthn:extension:minPinLength: true, webauthn:extension:prf: true, webauthn:virtualAuthenticators: true}
Session ID: 94226ac5e9453e1e529929692b552d8c
at org.openqa.selenium.support.ui.WebDriverWait.timeoutException(WebDriverWait.java:84)
at org.openqa.selenium.support.ui.FluentWait.until(FluentWait.java:228)
at com.Capium365.Actions.Capium365_BankTab_Actions.Comparethebankaccountsinbanktabandbussinesstab(Capium365_BankTab_Actions.java:302)
at com.Capium365.StepDefination.Capium365_BankTab_Stepdefination.get_the_data_of_bank_account_and_store(Capium365_BankTab_Stepdefination.java:144)
at ✽.Compare the bank accounts in bank tab and bussiness tab(file:///C:/Users/satishkumar.silphoz/Documents/2024Automation/2025/Capium365/src/test/resources/Capium365FeatureFiles/Capium365_BankTab.feature:78)
]]>
    </error>
  </testcase> <!-- runScenario -->
  <testcase classname="com.Capium365.RunnerFiles.Capium365_BankTab_Runner" name="runScenario" time="42.441"/>
  <testcase classname="com.Capium365.RunnerFiles.Capium365_BankTab_Runner" name="runScenario" time="37.482"/>
  <testcase classname="com.Capium365.RunnerFiles.Capium365_BankTab_Runner" name="runScenario" time="39.992"/>
  <testcase classname="com.Capium365.RunnerFiles.Capium365_BankTab_Runner" name="runScenario" time="35.324"/>
  <testcase classname="com.Capium365.RunnerFiles.Capium365_BankTab_Runner" name="runScenario" time="36.583"/>
  <testcase classname="com.Capium365.RunnerFiles.Capium365_BankTab_Runner" name="runScenario" time="42.379"/>
  <testcase classname="com.Capium365.RunnerFiles.Capium365_BankTab_Runner" name="runScenario" time="38.106"/>
  <testcase classname="com.Capium365.RunnerFiles.Capium365_BankTab_Runner" name="runScenario" time="35.257"/>
  <testcase classname="com.Capium365.RunnerFiles.Capium365_BankTab_Runner" name="runScenario" time="55.080"/>
  <testcase classname="com.Capium365.RunnerFiles.Capium365_BankTab_Runner" name="runScenario" time="35.095"/>
  <testcase classname="com.Capium365.RunnerFiles.Capium365_BankTab_Runner" name="runScenario" time="35.200"/>
</testsuite> <!-- com.Capium365.RunnerFiles.Capium365_BankTab_Runner -->
