<?xml version="1.0" encoding="UTF-8"?>
<!-- Generated by org.testng.reporters.JUnitReportReporter -->
<testsuite hostname="DESKTOP-3PKNHUN" failures="0" tests="23" name="com.Capium365.RunnerFiles.Capium365_InvoicesTab_Estimates_Runner" time="1648.954" errors="4" timestamp="2025-08-17T23:52:25 IST" skipped="0">
  <testcase classname="com.Capium365.RunnerFiles.Capium365_InvoicesTab_Estimates_Runner" name="runScenario" time="57.271">
    <error message="Expected condition failed: waiting for visibility of element located by By.xpath: //a[normalize-space(@routerlink)=&#039;estimates&#039;] (tried for 10 second(s) with 500 milliseconds interval)
Build info: version: &#039;4.23.0&#039;, revision: &#039;4df0a231af&#039;
System info: os.name: &#039;Windows 10&#039;, os.arch: &#039;amd64&#039;, os.version: &#039;10.0&#039;, java.version: &#039;17.0.12&#039;
Driver info: org.openqa.selenium.chrome.ChromeDriver
Capabilities {acceptInsecureCerts: false, browserName: chrome, browserVersion: 138.0.7204.101, chrome: {chromedriverVersion: 138.0.7204.183 (e90faf484dd..., userDataDir: C:\Users\user\AppData\Local...}, fedcm:accounts: true, goog:chromeOptions: {debuggerAddress: localhost:52748}, networkConnectionEnabled: false, pageLoadStrategy: normal, platformName: windows, proxy: Proxy(), se:cdp: ws://localhost:52748/devtoo..., se:cdpVersion: 138.0.7204.101, setWindowRect: true, strictFileInteractability: false, timeouts: {implicit: 0, pageLoad: 300000, script: 30000}, unhandledPromptBehavior: dismiss and notify, webauthn:extension:credBlob: true, webauthn:extension:largeBlob: true, webauthn:extension:minPinLength: true, webauthn:extension:prf: true, webauthn:virtualAuthenticators: true}
Session ID: 4086bc70e97caeaacd0dcf46c5e8f505" type="org.openqa.selenium.TimeoutException">
      <![CDATA[org.openqa.selenium.TimeoutException: Expected condition failed: waiting for visibility of element located by By.xpath: //a[normalize-space(@routerlink)='estimates'] (tried for 10 second(s) with 500 milliseconds interval)
Build info: version: '4.23.0', revision: '4df0a231af'
System info: os.name: 'Windows 10', os.arch: 'amd64', os.version: '10.0', java.version: '17.0.12'
Driver info: org.openqa.selenium.chrome.ChromeDriver
Capabilities {acceptInsecureCerts: false, browserName: chrome, browserVersion: 138.0.7204.101, chrome: {chromedriverVersion: 138.0.7204.183 (e90faf484dd..., userDataDir: C:\Users\user\AppData\Local...}, fedcm:accounts: true, goog:chromeOptions: {debuggerAddress: localhost:52748}, networkConnectionEnabled: false, pageLoadStrategy: normal, platformName: windows, proxy: Proxy(), se:cdp: ws://localhost:52748/devtoo..., se:cdpVersion: 138.0.7204.101, setWindowRect: true, strictFileInteractability: false, timeouts: {implicit: 0, pageLoad: 300000, script: 30000}, unhandledPromptBehavior: dismiss and notify, webauthn:extension:credBlob: true, webauthn:extension:largeBlob: true, webauthn:extension:minPinLength: true, webauthn:extension:prf: true, webauthn:virtualAuthenticators: true}
Session ID: 4086bc70e97caeaacd0dcf46c5e8f505
at org.openqa.selenium.support.ui.WebDriverWait.timeoutException(WebDriverWait.java:84)
at org.openqa.selenium.support.ui.FluentWait.until(FluentWait.java:228)
at com.Capium.Utilites.HelperClass.waitUntilVisible(HelperClass.java:112)
at com.Capium.Utilites.HelperClass.clickUsingJS(HelperClass.java:269)
at com.Capium365.Actions.Capium365_InvoicesTab_Estimates_Actions.Clickoninvoiceandsidebarandestimateoptionandverify(Capium365_InvoicesTab_Estimates_Actions.java:29)
at com.Capium365.StepDefination.Capium365_InvoicesTab_Estimates_Stepdefination.click_on_invoice_and_side_bar_and_estimate_option_and_verify(Capium365_InvoicesTab_Estimates_Stepdefination.java:19)
at ✽.Click on invoice and side bar and estimate option and verify(file:///D:/Core%20Modules/Capium365/src/test/resources/Capium365FeatureFiles/Capium365_InvoicesTab_Estimates.feature:83)
]]>
    </error>
  </testcase> <!-- runScenario -->
  <testcase classname="com.Capium365.RunnerFiles.Capium365_InvoicesTab_Estimates_Runner" name="runScenario" time="52.503"/>
  <testcase classname="com.Capium365.RunnerFiles.Capium365_InvoicesTab_Estimates_Runner" name="runScenario" time="51.812"/>
  <testcase classname="com.Capium365.RunnerFiles.Capium365_InvoicesTab_Estimates_Runner" name="runScenario" time="65.204"/>
  <testcase classname="com.Capium365.RunnerFiles.Capium365_InvoicesTab_Estimates_Runner" name="runScenario" time="54.186"/>
  <testcase classname="com.Capium365.RunnerFiles.Capium365_InvoicesTab_Estimates_Runner" name="runScenario" time="51.747"/>
  <testcase classname="com.Capium365.RunnerFiles.Capium365_InvoicesTab_Estimates_Runner" name="runScenario" time="58.612"/>
  <testcase classname="com.Capium365.RunnerFiles.Capium365_InvoicesTab_Estimates_Runner" name="runScenario" time="71.467"/>
  <testcase classname="com.Capium365.RunnerFiles.Capium365_InvoicesTab_Estimates_Runner" name="runScenario" time="213.888"/>
  <testcase classname="com.Capium365.RunnerFiles.Capium365_InvoicesTab_Estimates_Runner" name="runScenario" time="122.195"/>
  <testcase classname="com.Capium365.RunnerFiles.Capium365_InvoicesTab_Estimates_Runner" name="runScenario" time="64.835"/>
  <testcase classname="com.Capium365.RunnerFiles.Capium365_InvoicesTab_Estimates_Runner" name="runScenario" time="52.042"/>
  <testcase classname="com.Capium365.RunnerFiles.Capium365_InvoicesTab_Estimates_Runner" name="runScenario" time="68.162"/>
  <testcase classname="com.Capium365.RunnerFiles.Capium365_InvoicesTab_Estimates_Runner" name="runScenario" time="50.704"/>
  <testcase classname="com.Capium365.RunnerFiles.Capium365_InvoicesTab_Estimates_Runner" name="runScenario" time="52.682"/>
  <testcase classname="com.Capium365.RunnerFiles.Capium365_InvoicesTab_Estimates_Runner" name="runScenario" time="133.541"/>
  <testcase classname="com.Capium365.RunnerFiles.Capium365_InvoicesTab_Estimates_Runner" name="runScenario" time="79.610"/>
  <testcase classname="com.Capium365.RunnerFiles.Capium365_InvoicesTab_Estimates_Runner" name="runScenario" time="60.447">
    <error message="Expected condition failed: waiting for visibility of element located by By.xpath: (//mat-icon[normalize-space(text())=&#039;more_vert&#039;])[5] (tried for 10 second(s) with 500 milliseconds interval)
Build info: version: &#039;4.23.0&#039;, revision: &#039;4df0a231af&#039;
System info: os.name: &#039;Windows 10&#039;, os.arch: &#039;amd64&#039;, os.version: &#039;10.0&#039;, java.version: &#039;17.0.12&#039;
Driver info: org.openqa.selenium.chrome.ChromeDriver
Capabilities {acceptInsecureCerts: false, browserName: chrome, browserVersion: 138.0.7204.101, chrome: {chromedriverVersion: 138.0.7204.183 (e90faf484dd..., userDataDir: C:\Users\user\AppData\Local...}, fedcm:accounts: true, goog:chromeOptions: {debuggerAddress: localhost:52748}, networkConnectionEnabled: false, pageLoadStrategy: normal, platformName: windows, proxy: Proxy(), se:cdp: ws://localhost:52748/devtoo..., se:cdpVersion: 138.0.7204.101, setWindowRect: true, strictFileInteractability: false, timeouts: {implicit: 0, pageLoad: 300000, script: 30000}, unhandledPromptBehavior: dismiss and notify, webauthn:extension:credBlob: true, webauthn:extension:largeBlob: true, webauthn:extension:minPinLength: true, webauthn:extension:prf: true, webauthn:virtualAuthenticators: true}
Session ID: 4086bc70e97caeaacd0dcf46c5e8f505" type="org.openqa.selenium.TimeoutException">
      <![CDATA[org.openqa.selenium.TimeoutException: Expected condition failed: waiting for visibility of element located by By.xpath: (//mat-icon[normalize-space(text())='more_vert'])[5] (tried for 10 second(s) with 500 milliseconds interval)
Build info: version: '4.23.0', revision: '4df0a231af'
System info: os.name: 'Windows 10', os.arch: 'amd64', os.version: '10.0', java.version: '17.0.12'
Driver info: org.openqa.selenium.chrome.ChromeDriver
Capabilities {acceptInsecureCerts: false, browserName: chrome, browserVersion: 138.0.7204.101, chrome: {chromedriverVersion: 138.0.7204.183 (e90faf484dd..., userDataDir: C:\Users\user\AppData\Local...}, fedcm:accounts: true, goog:chromeOptions: {debuggerAddress: localhost:52748}, networkConnectionEnabled: false, pageLoadStrategy: normal, platformName: windows, proxy: Proxy(), se:cdp: ws://localhost:52748/devtoo..., se:cdpVersion: 138.0.7204.101, setWindowRect: true, strictFileInteractability: false, timeouts: {implicit: 0, pageLoad: 300000, script: 30000}, unhandledPromptBehavior: dismiss and notify, webauthn:extension:credBlob: true, webauthn:extension:largeBlob: true, webauthn:extension:minPinLength: true, webauthn:extension:prf: true, webauthn:virtualAuthenticators: true}
Session ID: 4086bc70e97caeaacd0dcf46c5e8f505
at org.openqa.selenium.support.ui.WebDriverWait.timeoutException(WebDriverWait.java:84)
at org.openqa.selenium.support.ui.FluentWait.until(FluentWait.java:228)
at com.Capium.Utilites.HelperClass.waitUntilVisible(HelperClass.java:112)
at com.Capium.Utilites.HelperClass.clickUsingJS(HelperClass.java:269)
at com.Capium365.Actions.Capium365_InvoicesTab_Estimates_Actions.verifymarkasdeciplaineinmainestimatedashboard(Capium365_InvoicesTab_Estimates_Actions.java:506)
at com.Capium365.StepDefination.Capium365_InvoicesTab_Estimates_Stepdefination.verify_markasdeciplaine_in_main_estimate_dashboard(Capium365_InvoicesTab_Estimates_Stepdefination.java:222)
at ✽.verify markasdeciplaine in main estimate dashboard(file:///D:/Core%20Modules/Capium365/src/test/resources/Capium365FeatureFiles/Capium365_InvoicesTab_Estimates.feature:141)
]]>
    </error>
  </testcase> <!-- runScenario -->
  <testcase classname="com.Capium365.RunnerFiles.Capium365_InvoicesTab_Estimates_Runner" name="runScenario" time="51.145"/>
  <testcase classname="com.Capium365.RunnerFiles.Capium365_InvoicesTab_Estimates_Runner" name="runScenario" time="58.838">
    <error message="Expected condition failed: waiting for visibility of element located by By.xpath: //a[normalize-space(@routerlink)=&#039;estimates&#039;] (tried for 10 second(s) with 500 milliseconds interval)
Build info: version: &#039;4.23.0&#039;, revision: &#039;4df0a231af&#039;
System info: os.name: &#039;Windows 10&#039;, os.arch: &#039;amd64&#039;, os.version: &#039;10.0&#039;, java.version: &#039;17.0.12&#039;
Driver info: org.openqa.selenium.chrome.ChromeDriver
Capabilities {acceptInsecureCerts: false, browserName: chrome, browserVersion: 138.0.7204.101, chrome: {chromedriverVersion: 138.0.7204.183 (e90faf484dd..., userDataDir: C:\Users\user\AppData\Local...}, fedcm:accounts: true, goog:chromeOptions: {debuggerAddress: localhost:52748}, networkConnectionEnabled: false, pageLoadStrategy: normal, platformName: windows, proxy: Proxy(), se:cdp: ws://localhost:52748/devtoo..., se:cdpVersion: 138.0.7204.101, setWindowRect: true, strictFileInteractability: false, timeouts: {implicit: 0, pageLoad: 300000, script: 30000}, unhandledPromptBehavior: dismiss and notify, webauthn:extension:credBlob: true, webauthn:extension:largeBlob: true, webauthn:extension:minPinLength: true, webauthn:extension:prf: true, webauthn:virtualAuthenticators: true}
Session ID: 4086bc70e97caeaacd0dcf46c5e8f505" type="org.openqa.selenium.TimeoutException">
      <![CDATA[org.openqa.selenium.TimeoutException: Expected condition failed: waiting for visibility of element located by By.xpath: //a[normalize-space(@routerlink)='estimates'] (tried for 10 second(s) with 500 milliseconds interval)
Build info: version: '4.23.0', revision: '4df0a231af'
System info: os.name: 'Windows 10', os.arch: 'amd64', os.version: '10.0', java.version: '17.0.12'
Driver info: org.openqa.selenium.chrome.ChromeDriver
Capabilities {acceptInsecureCerts: false, browserName: chrome, browserVersion: 138.0.7204.101, chrome: {chromedriverVersion: 138.0.7204.183 (e90faf484dd..., userDataDir: C:\Users\user\AppData\Local...}, fedcm:accounts: true, goog:chromeOptions: {debuggerAddress: localhost:52748}, networkConnectionEnabled: false, pageLoadStrategy: normal, platformName: windows, proxy: Proxy(), se:cdp: ws://localhost:52748/devtoo..., se:cdpVersion: 138.0.7204.101, setWindowRect: true, strictFileInteractability: false, timeouts: {implicit: 0, pageLoad: 300000, script: 30000}, unhandledPromptBehavior: dismiss and notify, webauthn:extension:credBlob: true, webauthn:extension:largeBlob: true, webauthn:extension:minPinLength: true, webauthn:extension:prf: true, webauthn:virtualAuthenticators: true}
Session ID: 4086bc70e97caeaacd0dcf46c5e8f505
at org.openqa.selenium.support.ui.WebDriverWait.timeoutException(WebDriverWait.java:84)
at org.openqa.selenium.support.ui.FluentWait.until(FluentWait.java:228)
at com.Capium.Utilites.HelperClass.waitUntilVisible(HelperClass.java:112)
at com.Capium.Utilites.HelperClass.clickUsingJS(HelperClass.java:269)
at com.Capium365.Actions.Capium365_InvoicesTab_Estimates_Actions.Clickoninvoiceandsidebarandestimateoptionandverify(Capium365_InvoicesTab_Estimates_Actions.java:29)
at com.Capium365.StepDefination.Capium365_InvoicesTab_Estimates_Stepdefination.click_on_invoice_and_side_bar_and_estimate_option_and_verify(Capium365_InvoicesTab_Estimates_Stepdefination.java:19)
at ✽.Click on invoice and side bar and estimate option and verify(file:///D:/Core%20Modules/Capium365/src/test/resources/Capium365FeatureFiles/Capium365_InvoicesTab_Estimates.feature:98)
]]>
    </error>
  </testcase> <!-- runScenario -->
  <testcase classname="com.Capium365.RunnerFiles.Capium365_InvoicesTab_Estimates_Runner" name="runScenario" time="70.482"/>
  <testcase classname="com.Capium365.RunnerFiles.Capium365_InvoicesTab_Estimates_Runner" name="runScenario" time="53.655"/>
  <testcase classname="com.Capium365.RunnerFiles.Capium365_InvoicesTab_Estimates_Runner" name="runScenario" time="53.926">
    <error message="Expected condition failed: waiting for visibility of element located by By.xpath: //a[normalize-space(@routerlink)=&#039;estimates&#039;] (tried for 10 second(s) with 500 milliseconds interval)
Build info: version: &#039;4.23.0&#039;, revision: &#039;4df0a231af&#039;
System info: os.name: &#039;Windows 10&#039;, os.arch: &#039;amd64&#039;, os.version: &#039;10.0&#039;, java.version: &#039;17.0.12&#039;
Driver info: org.openqa.selenium.chrome.ChromeDriver
Capabilities {acceptInsecureCerts: false, browserName: chrome, browserVersion: 138.0.7204.101, chrome: {chromedriverVersion: 138.0.7204.183 (e90faf484dd..., userDataDir: C:\Users\user\AppData\Local...}, fedcm:accounts: true, goog:chromeOptions: {debuggerAddress: localhost:52748}, networkConnectionEnabled: false, pageLoadStrategy: normal, platformName: windows, proxy: Proxy(), se:cdp: ws://localhost:52748/devtoo..., se:cdpVersion: 138.0.7204.101, setWindowRect: true, strictFileInteractability: false, timeouts: {implicit: 0, pageLoad: 300000, script: 30000}, unhandledPromptBehavior: dismiss and notify, webauthn:extension:credBlob: true, webauthn:extension:largeBlob: true, webauthn:extension:minPinLength: true, webauthn:extension:prf: true, webauthn:virtualAuthenticators: true}
Session ID: 4086bc70e97caeaacd0dcf46c5e8f505" type="org.openqa.selenium.TimeoutException">
      <![CDATA[org.openqa.selenium.TimeoutException: Expected condition failed: waiting for visibility of element located by By.xpath: //a[normalize-space(@routerlink)='estimates'] (tried for 10 second(s) with 500 milliseconds interval)
Build info: version: '4.23.0', revision: '4df0a231af'
System info: os.name: 'Windows 10', os.arch: 'amd64', os.version: '10.0', java.version: '17.0.12'
Driver info: org.openqa.selenium.chrome.ChromeDriver
Capabilities {acceptInsecureCerts: false, browserName: chrome, browserVersion: 138.0.7204.101, chrome: {chromedriverVersion: 138.0.7204.183 (e90faf484dd..., userDataDir: C:\Users\user\AppData\Local...}, fedcm:accounts: true, goog:chromeOptions: {debuggerAddress: localhost:52748}, networkConnectionEnabled: false, pageLoadStrategy: normal, platformName: windows, proxy: Proxy(), se:cdp: ws://localhost:52748/devtoo..., se:cdpVersion: 138.0.7204.101, setWindowRect: true, strictFileInteractability: false, timeouts: {implicit: 0, pageLoad: 300000, script: 30000}, unhandledPromptBehavior: dismiss and notify, webauthn:extension:credBlob: true, webauthn:extension:largeBlob: true, webauthn:extension:minPinLength: true, webauthn:extension:prf: true, webauthn:virtualAuthenticators: true}
Session ID: 4086bc70e97caeaacd0dcf46c5e8f505
at org.openqa.selenium.support.ui.WebDriverWait.timeoutException(WebDriverWait.java:84)
at org.openqa.selenium.support.ui.FluentWait.until(FluentWait.java:228)
at com.Capium.Utilites.HelperClass.waitUntilVisible(HelperClass.java:112)
at com.Capium.Utilites.HelperClass.clickUsingJS(HelperClass.java:269)
at com.Capium365.Actions.Capium365_InvoicesTab_Estimates_Actions.Clickoninvoiceandsidebarandestimateoptionandverify(Capium365_InvoicesTab_Estimates_Actions.java:29)
at com.Capium365.StepDefination.Capium365_InvoicesTab_Estimates_Stepdefination.click_on_invoice_and_side_bar_and_estimate_option_and_verify(Capium365_InvoicesTab_Estimates_Stepdefination.java:19)
at ✽.Click on invoice and side bar and estimate option and verify(file:///D:/Core%20Modules/Capium365/src/test/resources/Capium365FeatureFiles/Capium365_InvoicesTab_Estimates.feature:19)
]]>
    </error>
  </testcase> <!-- runScenario -->
</testsuite> <!-- com.Capium365.RunnerFiles.Capium365_InvoicesTab_Estimates_Runner -->
